{ timestamp:2023-11-24T02:20:41.265+0900, tid:a0780520-8a24-11ee-97e2-d31c2aec0c4c, payload:{
  type: 'RES',
  code: 200,
  req: '{"type":"REQ","method":"GET","url":"/v1/memos/","tid":"a0780520-8a24-11ee-97e2-d31c2aec0c4c","params":{},"query":{},"body":"{\\"title\\":\\"테스트 메모\\",\\"content\\":\\"테스트 메모 내용\\"}"}',
  elapsed: undefined,
  response: '{"code":2000,"message":"OK","result":[]}'
} }
{ timestamp:2023-11-24T02:21:39.095+0900, tid:c308e5a0-8a24-11ee-97e2-d31c2aec0c4c, payload:{
  type: 'RES',
  code: 200,
  req: '{"type":"REQ","method":"GET","url":"/v1/memos/","tid":"c308e5a0-8a24-11ee-97e2-d31c2aec0c4c","params":{},"query":{},"body":"{\\"title\\":\\"테스트 메모\\",\\"content\\":\\"테스트 메모 내용\\",\\"asd\\":\\"asd\\"}"}',
  elapsed: undefined,
  response: '{"code":2000,"message":"OK","result":[]}'
} }
{ timestamp:2023-11-24T02:21:39.838+0900, tid:c37d5250-8a24-11ee-97e2-d31c2aec0c4c, payload:{
  type: 'RES',
  code: 200,
  req: '{"type":"REQ","method":"GET","url":"/v1/memos/","tid":"c37d5250-8a24-11ee-97e2-d31c2aec0c4c","params":{},"query":{},"body":"{\\"title\\":\\"테스트 메모\\",\\"content\\":\\"테스트 메모 내용\\",\\"asd\\":\\"asd\\"}"}',
  elapsed: undefined,
  response: '{"code":2000,"message":"OK","result":[]}'
} }
{ timestamp:2023-11-24T02:22:01.077+0900, tid:d01ef6d0-8a24-11ee-97e2-d31c2aec0c4c, payload:{
  type: 'RES',
  code: 200,
  req: '{"type":"REQ","method":"GET","url":"/v1/memos/","tid":"d01ef6d0-8a24-11ee-97e2-d31c2aec0c4c","params":{},"query":{},"body":"{\\"name\\":\\"테스트\\",\\"title\\":\\"테스트 메모\\",\\"content\\":\\"테스트 메모 내용\\"}"}',
  elapsed: undefined,
  response: '{"code":2000,"message":"OK","result":[]}'
} }
{ timestamp:2023-11-24T02:22:15.910+0900, tid:d8f86fc0-8a24-11ee-97e2-d31c2aec0c4c, payload:{
  type: 'RES',
  code: 200,
  req: '{"type":"REQ","method":"POST","url":"/v1/memos/","tid":"d8f86fc0-8a24-11ee-97e2-d31c2aec0c4c","params":{},"query":{},"body":"{\\"name\\":\\"테스트\\",\\"title\\":\\"테스트 메모\\",\\"content\\":\\"테스트 메모 내용\\"}"}',
  elapsed: undefined,
  response: '{"code":2000,"message":"OK","result":{"id":243,"name":"테스트","title":"테스트 메모","content":"테스트 메모 내용","userId":379}}'
} }
{ timestamp:2023-11-24T02:22:27.317+0900, tid:dfc88420-8a24-11ee-97e2-d31c2aec0c4c, payload:{
  type: 'RES',
  code: 200,
  req: '{"type":"REQ","method":"POST","url":"/v1/memos/","tid":"dfc88420-8a24-11ee-97e2-d31c2aec0c4c","params":{},"query":{},"body":"{\\"name\\":\\"테스트\\",\\"title\\":\\"테스트 메모\\",\\"content\\":\\"테스트 메모 내용\\"}"}',
  elapsed: undefined,
  response: '{"code":2000,"message":"OK","result":{"id":244,"name":"테스트","title":"테스트 메모","content":"테스트 메모 내용","userId":379}}'
} }
{ timestamp:2023-11-24T02:24:13.678+0900, tid:1f26bec0-8a25-11ee-8167-c91fca0641b1, payload:{
  type: 'RES',
  code: 200,
  req: '{"type":"REQ","method":"GET","url":"/v1/memos/","tid":"1f26bec0-8a25-11ee-8167-c91fca0641b1","params":{},"query":{},"body":"{}"}',
  elapsed: undefined,
  response: '{"code":2000,"message":"OK","result":[{"id":243,"name":"테스트","title":"테스트 메모","content":"테스트 메모 내용","userId":379,"comments":[]},{"id":244,"name":"테스트","title":"테스트 메모","content":"테스트 메모 내용","userId":379,"comments":[]}]}'
} }
{ timestamp:2023-11-24T02:26:05.491+0900, tid:61d38820-8a25-11ee-8167-c91fca0641b1, payload:{
  type: 'RES',
  code: 200,
  req: '{"type":"REQ","method":"POST","url":"/v1/memos/","tid":"61d38820-8a25-11ee-8167-c91fca0641b1","params":{},"query":{},"body":"{\\"name\\":\\"변경 테스트\\",\\"title\\":\\"변경 테스트 메모\\",\\"content\\":\\"변경 테스트 메모 내용\\"}"}',
  elapsed: undefined,
  response: '{"code":2000,"message":"OK","result":{"id":245,"name":"변경 테스트","title":"변경 테스트 메모","content":"변경 테스트 메모 내용","userId":379}}'
} }
{ timestamp:2023-11-24T02:26:45.380+0900, tid:798c6090-8a25-11ee-8167-c91fca0641b1, payload:{
  type: 'RES',
  code: 200,
  req: '{"type":"REQ","method":"PUT","url":"/v1/memos/244","tid":"798c6090-8a25-11ee-8167-c91fca0641b1","params":{"id":"244"},"query":{},"body":"{\\"name\\":\\"변경 테스트\\",\\"title\\":\\"변경 테스트 메모\\",\\"content\\":\\"변경 테스트 메모 내용\\"}"}',
  elapsed: undefined,
  response: '{"code":2000,"message":"OK","result":{"id":244,"name":"변경 테스트","title":"변경 테스트 메모","content":"변경 테스트 메모 내용","userId":379}}'
} }
{ timestamp:2023-11-24T02:26:50.645+0900, tid:7cbe1880-8a25-11ee-8167-c91fca0641b1, payload:{
  type: 'RES',
  code: 200,
  req: '{"type":"REQ","method":"GET","url":"/v1/memos/","tid":"7cbe1880-8a25-11ee-8167-c91fca0641b1","params":{},"query":{},"body":"{}"}',
  elapsed: undefined,
  response: '{"code":2000,"message":"OK","result":[{"id":243,"name":"테스트","title":"테스트 메모","content":"테스트 메모 내용","userId":379,"comments":[]},{"id":244,"name":"변경 테스트","title":"변경 테스트 메모","content":"변경 테스트 메모 내용","userId":379,"comments":[]},{"id":245,"name":"변경 테스트","title":"변경 테스트 메모","content":"변경 테스트 메모 내용","userId":379,"comments":[]}]}'
} }
{ timestamp:2023-11-24T02:27:40.317+0900, tid:9a55c780-8a25-11ee-8167-c91fca0641b1, payload:{
  type: 'RES',
  code: 200,
  req: '{"type":"REQ","method":"DELETE","url":"/v1/memos/244","tid":"9a55c780-8a25-11ee-8167-c91fca0641b1","params":{"id":"244"},"query":{},"body":"{}"}',
  elapsed: undefined,
  response: '{"code":2000,"message":"OK","result":{"id":244,"name":"변경 테스트","title":"변경 테스트 메모","content":"변경 테스트 메모 내용","userId":379}}'
} }
{ timestamp:2023-11-24T02:27:46.612+0900, tid:9e1ae5d0-8a25-11ee-8167-c91fca0641b1, payload:{
  type: 'RES',
  code: 200,
  req: '{"type":"REQ","method":"GET","url":"/v1/memos/","tid":"9e1ae5d0-8a25-11ee-8167-c91fca0641b1","params":{},"query":{},"body":"{}"}',
  elapsed: undefined,
  response: '{"code":2000,"message":"OK","result":[{"id":243,"name":"테스트","title":"테스트 메모","content":"테스트 메모 내용","userId":379,"comments":[]},{"id":245,"name":"변경 테스트","title":"변경 테스트 메모","content":"변경 테스트 메모 내용","userId":379,"comments":[]}]}'
} }
{ timestamp:2023-11-24T02:37:21.401+0900, tid:f4ab2030-8a26-11ee-a6ec-332ea8cbf058, payload:{
  type: 'RES',
  code: 200,
  req: '{"type":"REQ","method":"GET","url":"/v1/memos/","tid":"f4ab2030-8a26-11ee-a6ec-332ea8cbf058","params":{},"query":{},"body":"{}"}',
  elapsed: undefined,
  response: '{"code":2000,"message":"OK","result":[{"id":243,"name":"테스트","title":"테스트 메모","content":"테스트 메모 내용","userId":379,"comments":[]},{"id":245,"name":"변경 테스트","title":"변경 테스트 메모","content":"변경 테스트 메모 내용","userId":379,"comments":[]}]}'
} }
{ timestamp:2023-11-24T02:45:55.495+0900, tid:271f1f20-8a28-11ee-bb86-5588e81f4d59, payload:{
  type: 'RES',
  code: 200,
  req: '{"type":"REQ","method":"GET","url":"/v1/memos/","tid":"271f1f20-8a28-11ee-bb86-5588e81f4d59","params":{},"query":{},"body":"{}"}',
  elapsed: undefined,
  response: '{"code":2000,"message":"OK","result":[{"id":243,"name":"테스트","title":"테스트 메모","content":"테스트 메모 내용","userId":379,"comments":[]},{"id":245,"name":"변경 테스트","title":"변경 테스트 메모","content":"변경 테스트 메모 내용","userId":379,"comments":[{"id":153,"content":"테스트 댓글","memoId":245,"userId":379}]}]}'
} }
{ timestamp:2023-11-24T02:46:26.660+0900, tid:39b17480-8a28-11ee-b883-0b4a4ee681cf, payload:{
  type: 'RES',
  code: 200,
  req: '{"type":"REQ","method":"GET","url":"/v1/memos/","tid":"39b17480-8a28-11ee-b883-0b4a4ee681cf","params":{},"query":{},"body":"{}"}',
  elapsed: undefined,
  response: '{"code":2000,"message":"OK","result":[{"id":243,"name":"테스트","title":"테스트 메모","content":"테스트 메모 내용","userId":379,"comments":[]},{"id":245,"name":"변경 테스트","title":"변경 테스트 메모","content":"변경 테스트 메모 내용","userId":379,"comments":[{"id":153,"content":"테스트 댓글"}]}]}'
} }
{ timestamp:2023-11-24T02:46:27.536+0900, tid:3a39b750-8a28-11ee-b883-0b4a4ee681cf, payload:{
  type: 'RES',
  code: 200,
  req: '{"type":"REQ","method":"GET","url":"/v1/memos/","tid":"3a39b750-8a28-11ee-b883-0b4a4ee681cf","params":{},"query":{},"body":"{}"}',
  elapsed: undefined,
  response: '{"code":2000,"message":"OK","result":[{"id":243,"name":"테스트","title":"테스트 메모","content":"테스트 메모 내용","userId":379,"comments":[]},{"id":245,"name":"변경 테스트","title":"변경 테스트 메모","content":"변경 테스트 메모 내용","userId":379,"comments":[{"id":153,"content":"테스트 댓글"}]}]}'
} }
{ timestamp:2023-11-24T02:48:56.346+0900, tid:92e54d10-8a28-11ee-83de-e1a133a82775, payload:{
  type: 'RES',
  code: 200,
  req: '{"type":"REQ","method":"DELETE","url":"/v1/memos/379/comments/153","tid":"92e54d10-8a28-11ee-83de-e1a133a82775","params":{"id":"153"},"query":{},"body":"{}"}',
  elapsed: undefined,
  response: '{"code":2000,"message":"OK","result":{"id":153,"memoId":245,"content":"테스트 댓글","userId":379}}'
} }
{ timestamp:2023-11-24T02:49:02.611+0900, tid:96a73710-8a28-11ee-83de-e1a133a82775, payload:{
  type: 'RES',
  code: 200,
  req: '{"type":"REQ","method":"GET","url":"/v1/memos/","tid":"96a73710-8a28-11ee-83de-e1a133a82775","params":{},"query":{},"body":"{}"}',
  elapsed: undefined,
  response: '{"code":2000,"message":"OK","result":[{"id":243,"name":"테스트","title":"테스트 메모","content":"테스트 메모 내용","userId":379,"comments":[]},{"id":245,"name":"변경 테스트","title":"변경 테스트 메모","content":"변경 테스트 메모 내용","userId":379,"comments":[]}]}'
} }
{ timestamp:2023-11-24T02:51:00.151+0900, tid:dcb776c0-8a28-11ee-83de-e1a133a82775, payload:{
  type: 'RES',
  code: 200,
  req: '{"type":"REQ","method":"GET","url":"/v1/memos/","tid":"dcb776c0-8a28-11ee-83de-e1a133a82775","params":{},"query":{},"body":"{}"}',
  elapsed: undefined,
  response: '{"code":2000,"message":"OK","result":[{"id":243,"name":"테스트","title":"테스트 메모","content":"테스트 메모 내용","userId":379,"comments":[]},{"id":245,"name":"변경 테스트","title":"변경 테스트 메모","content":"변경 테스트 메모 내용","userId":379,"comments":[]}]}'
} }
{ timestamp:2023-11-24T02:51:02.166+0900, tid:ddeac6a0-8a28-11ee-83de-e1a133a82775, payload:{
  type: 'RES',
  code: 200,
  req: '{"type":"REQ","method":"POST","url":"/v1/memos/","tid":"ddeac6a0-8a28-11ee-83de-e1a133a82775","params":{},"query":{},"body":"{\\"name\\":\\"테스트\\",\\"title\\":\\"테스트 메모\\",\\"content\\":\\"테스트 메모 내용\\"}"}',
  elapsed: undefined,
  response: '{"code":2000,"message":"OK","result":{"id":246,"name":"테스트","title":"테스트 메모","content":"테스트 메모 내용","userId":379}}'
} }
{ timestamp:2023-11-24T02:51:04.217+0900, tid:df2409f0-8a28-11ee-83de-e1a133a82775, payload:{
  type: 'RES',
  code: 200,
  req: '{"type":"REQ","method":"PUT","url":"/v1/memos/244","tid":"df2409f0-8a28-11ee-83de-e1a133a82775","params":{"id":"244"},"query":{},"body":"{\\"name\\":\\"변경 테스트\\",\\"title\\":\\"변경 테스트 메모\\",\\"content\\":\\"변경 테스트 메모 내용\\"}"}',
  elapsed: undefined,
  response: '{"code":2000,"message":"OK","result":null}'
} }
{ timestamp:2023-11-24T02:51:18.973+0900, tid:e7ee67b0-8a28-11ee-83de-e1a133a82775, payload:{
  type: 'RES',
  code: 200,
  req: '{"type":"REQ","method":"GET","url":"/v1/memos/","tid":"e7ee67b0-8a28-11ee-83de-e1a133a82775","params":{},"query":{},"body":"{}"}',
  elapsed: undefined,
  response: '{"code":2000,"message":"OK","result":[{"id":243,"name":"테스트","title":"테스트 메모","content":"테스트 메모 내용","userId":379,"comments":[]},{"id":245,"name":"변경 테스트","title":"변경 테스트 메모","content":"변경 테스트 메모 내용","userId":379,"comments":[]},{"id":246,"name":"테스트","title":"테스트 메모","content":"테스트 메모 내용","userId":379,"comments":[]}]}'
} }
{ timestamp:2023-11-24T02:51:21.156+0900, tid:e93a48a0-8a28-11ee-83de-e1a133a82775, payload:{
  type: 'RES',
  code: 200,
  req: '{"type":"REQ","method":"POST","url":"/v1/memos/","tid":"e93a48a0-8a28-11ee-83de-e1a133a82775","params":{},"query":{},"body":"{\\"name\\":\\"테스트\\",\\"title\\":\\"테스트 메모\\",\\"content\\":\\"테스트 메모 내용\\"}"}',
  elapsed: undefined,
  response: '{"code":2000,"message":"OK","result":{"id":247,"name":"테스트","title":"테스트 메모","content":"테스트 메모 내용","userId":379}}'
} }
{ timestamp:2023-11-24T02:51:45.745+0900, tid:f7df5e40-8a28-11ee-83de-e1a133a82775, payload:{
  type: 'RES',
  code: 200,
  req: '{"type":"REQ","method":"PUT","url":"/v1/memos/247","tid":"f7df5e40-8a28-11ee-83de-e1a133a82775","params":{"id":"247"},"query":{},"body":"{\\"name\\":\\"변경 테스트\\",\\"title\\":\\"변경 테스트 메모\\",\\"content\\":\\"변경 테스트 메모 내용\\"}"}',
  elapsed: undefined,
  response: '{"code":2000,"message":"OK","result":{"id":247,"name":"변경 테스트","title":"변경 테스트 메모","content":"변경 테스트 메모 내용","userId":379}}'
} }
{ timestamp:2023-11-24T02:51:55.754+0900, tid:fdd9ac10-8a28-11ee-83de-e1a133a82775, payload:{
  type: 'RES',
  code: 200,
  req: '{"type":"REQ","method":"DELETE","url":"/v1/memos/247","tid":"fdd9ac10-8a28-11ee-83de-e1a133a82775","params":{"id":"247"},"query":{},"body":"{}"}',
  elapsed: undefined,
  response: '{"code":2000,"message":"OK","result":{"id":247,"name":"변경 테스트","title":"변경 테스트 메모","content":"변경 테스트 메모 내용","userId":379}}'
} }
{ timestamp:2023-11-24T03:26:33.492+0900, tid:d441d670-8a2d-11ee-b9c3-0d57da8d412e, payload:{
  type: 'RES',
  code: 200,
  req: '{"type":"REQ","method":"GET","url":"/v1/memos/","tid":"d441d670-8a2d-11ee-b9c3-0d57da8d412e","params":{},"query":{},"body":"{}"}',
  elapsed: undefined,
  response: '{"code":2000,"message":"OK","result":[{"id":243,"name":"테스트","title":"테스트 메모","content":"테스트 메모 내용","userId":379,"comments":[]},{"id":245,"name":"변경 테스트","title":"변경 테스트 메모","content":"변경 테스트 메모 내용","userId":379,"comments":[]},{"id":246,"name":"테스트","title":"테스트 메모","content":"테스트 메모 내용","userId":379,"comments":[]}]}'
} }
{ timestamp:2023-11-24T03:27:34.594+0900, tid:f8b09eb0-8a2d-11ee-b9c3-0d57da8d412e, payload:{
  type: 'RES',
  code: 200,
  req: '{"type":"REQ","method":"GET","url":"/v1/memos/","tid":"f8b09eb0-8a2d-11ee-b9c3-0d57da8d412e","params":{},"query":{},"body":"{}"}',
  elapsed: undefined,
  response: '{"code":2000,"message":"OK","result":[]}'
} }
{ timestamp:2023-11-24T03:28:09.094+0900, tid:0d3e9d00-8a2e-11ee-b9c3-0d57da8d412e, payload:{
  type: 'RES',
  code: 200,
  req: '{"type":"REQ","method":"POST","url":"/v1/memos/","tid":"0d3e9d00-8a2e-11ee-b9c3-0d57da8d412e","params":{},"query":{},"body":"{\\"name\\":\\"테스트\\",\\"title\\":\\"테스트 메모\\",\\"content\\":\\"테스트 메모 내용\\"}"}',
  elapsed: undefined,
  response: '{"code":2000,"message":"OK","result":{"id":248,"name":"테스트","title":"테스트 메모","content":"테스트 메모 내용","userId":382}}'
} }
{ timestamp:2023-11-24T03:28:36.751+0900, tid:1dba4760-8a2e-11ee-b9c3-0d57da8d412e, payload:{
  type: 'RES',
  code: 200,
  req: '{"type":"REQ","method":"GET","url":"/v1/memos/","tid":"1dba4760-8a2e-11ee-b9c3-0d57da8d412e","params":{},"query":{},"body":"{}"}',
  elapsed: undefined,
  response: '{"code":2000,"message":"OK","result":[{"id":248,"name":"테스트","title":"테스트 메모","content":"테스트 메모 내용","userId":382,"comments":[]}]}'
} }
{ timestamp:2023-11-24T03:29:24.474+0900, tid:3a2b50b0-8a2e-11ee-b9c3-0d57da8d412e, payload:{
  type: 'RES',
  code: 200,
  req: '{"type":"REQ","method":"PUT","url":"/v1/memos/248","tid":"3a2b50b0-8a2e-11ee-b9c3-0d57da8d412e","params":{"id":"248"},"query":{},"body":"{\\"name\\":\\"변경 테스트\\",\\"title\\":\\"변경 테스트 메모\\",\\"content\\":\\"변경 테스트 메모 내용\\"}"}',
  elapsed: undefined,
  response: '{"code":2000,"message":"OK","result":{"id":248,"name":"변경 테스트","title":"변경 테스트 메모","content":"변경 테스트 메모 내용","userId":382}}'
} }
{ timestamp:2023-11-24T03:29:38.407+0900, tid:427f45f0-8a2e-11ee-b9c3-0d57da8d412e, payload:{
  type: 'RES',
  code: 200,
  req: '{"type":"REQ","method":"GET","url":"/v1/memos/","tid":"427f45f0-8a2e-11ee-b9c3-0d57da8d412e","params":{},"query":{},"body":"{}"}',
  elapsed: undefined,
  response: '{"code":2000,"message":"OK","result":[{"id":248,"name":"변경 테스트","title":"변경 테스트 메모","content":"변경 테스트 메모 내용","userId":382,"comments":[]}]}'
} }
{ timestamp:2023-11-24T03:30:40.088+0900, tid:673fd7b0-8a2e-11ee-b9c3-0d57da8d412e, payload:{
  type: 'RES',
  code: 200,
  req: '{"type":"REQ","method":"GET","url":"/v1/memos/","tid":"673fd7b0-8a2e-11ee-b9c3-0d57da8d412e","params":{},"query":{},"body":"{}"}',
  elapsed: undefined,
  response: '{"code":2000,"message":"OK","result":[{"id":248,"name":"변경 테스트","title":"변경 테스트 메모","content":"변경 테스트 메모 내용","userId":382,"comments":[{"id":154,"content":"테스트 댓글"}]}]}'
} }
{ timestamp:2023-11-24T03:31:20.811+0900, tid:7f85fc00-8a2e-11ee-b9c3-0d57da8d412e, payload:{
  type: 'RES',
  code: 200,
  req: '{"type":"REQ","method":"DELETE","url":"/v1/memos/379/comments/153","tid":"7f85fc00-8a2e-11ee-b9c3-0d57da8d412e","params":{"id":"153"},"query":{},"body":"{}"}',
  elapsed: undefined,
  response: '{"code":2000,"message":"OK","result":null}'
} }
{ timestamp:2023-11-24T03:31:32.090+0900, tid:8640dab0-8a2e-11ee-b9c3-0d57da8d412e, payload:{
  type: 'RES',
  code: 200,
  req: '{"type":"REQ","method":"GET","url":"/v1/memos/","tid":"8640dab0-8a2e-11ee-b9c3-0d57da8d412e","params":{},"query":{},"body":"{}"}',
  elapsed: undefined,
  response: '{"code":2000,"message":"OK","result":[{"id":248,"name":"변경 테스트","title":"변경 테스트 메모","content":"변경 테스트 메모 내용","userId":382,"comments":[{"id":154,"content":"테스트 댓글"}]}]}'
} }
{ timestamp:2023-11-24T03:31:45.105+0900, tid:8e022ce0-8a2e-11ee-b9c3-0d57da8d412e, payload:{
  type: 'RES',
  code: 200,
  req: '{"type":"REQ","method":"DELETE","url":"/v1/memos/379/comments/154","tid":"8e022ce0-8a2e-11ee-b9c3-0d57da8d412e","params":{"id":"154"},"query":{},"body":"{}"}',
  elapsed: undefined,
  response: '{"code":2000,"message":"OK","result":{"id":154,"memoId":248,"content":"테스트 댓글","userId":382}}'
} }
{ timestamp:2023-11-24T03:32:00.237+0900, tid:9709bab0-8a2e-11ee-b9c3-0d57da8d412e, payload:{
  type: 'RES',
  code: 200,
  req: '{"type":"REQ","method":"GET","url":"/v1/memos/","tid":"9709bab0-8a2e-11ee-b9c3-0d57da8d412e","params":{},"query":{},"body":"{}"}',
  elapsed: undefined,
  response: '{"code":2000,"message":"OK","result":[{"id":248,"name":"변경 테스트","title":"변경 테스트 메모","content":"변경 테스트 메모 내용","userId":382,"comments":[]}]}'
} }
{ timestamp:2023-11-24T03:32:26.464+0900, tid:a6a7d650-8a2e-11ee-b9c3-0d57da8d412e, payload:{
  type: 'RES',
  code: 200,
  req: '{"type":"REQ","method":"DELETE","url":"/v1/memos/248","tid":"a6a7d650-8a2e-11ee-b9c3-0d57da8d412e","params":{"id":"248"},"query":{},"body":"{}"}',
  elapsed: undefined,
  response: '{"code":2000,"message":"OK","result":{"id":248,"name":"변경 테스트","title":"변경 테스트 메모","content":"변경 테스트 메모 내용","userId":382}}'
} }
{ timestamp:2023-11-24T03:32:33.800+0900, tid:ab0c9000-8a2e-11ee-b9c3-0d57da8d412e, payload:{
  type: 'RES',
  code: 200,
  req: '{"type":"REQ","method":"GET","url":"/v1/memos/","tid":"ab0c9000-8a2e-11ee-b9c3-0d57da8d412e","params":{},"query":{},"body":"{}"}',
  elapsed: undefined,
  response: '{"code":2000,"message":"OK","result":[]}'
} }
{ timestamp:2023-11-24T03:32:52.160+0900, tid:b5fbc990-8a2e-11ee-b9c3-0d57da8d412e, payload:{
  type: 'RES',
  code: 200,
  req: '{"type":"REQ","method":"GET","url":"/v1/memos/","tid":"b5fbc990-8a2e-11ee-b9c3-0d57da8d412e","params":{},"query":{},"body":"{}"}',
  elapsed: undefined,
  response: '{"code":2000,"message":"OK","result":[]}'
} }
{ timestamp:2023-11-24T03:34:28.358+0900, tid:ef52be10-8a2e-11ee-9fcf-958c86d5de8b, payload:{
  type: 'RES',
  code: 200,
  req: '{"type":"REQ","method":"DELETE","url":"/v1/memos/246","tid":"ef52be10-8a2e-11ee-9fcf-958c86d5de8b","params":{"id":"246"},"query":{},"body":"{}"}',
  elapsed: undefined,
  response: '{"code":2000,"message":"OK","result":{"id":246,"name":"테스트","title":"테스트 메모","content":"테스트 메모 내용","userId":379}}'
} }
{ timestamp:2023-11-24T03:35:26.989+0900, tid:1240b2b0-8a2f-11ee-a2a8-cba766e1c103, payload:{
  type: 'RES',
  code: 200,
  req: '{"type":"REQ","method":"POST","url":"/v1/memos/","tid":"1240b2b0-8a2f-11ee-a2a8-cba766e1c103","params":{},"query":{},"body":"{\\"name\\":\\"테스트\\",\\"title\\":\\"테스트 메모\\",\\"content\\":\\"테스트 메모 내용\\"}"}',
  elapsed: undefined,
  response: '{"code":2000,"message":"OK","result":{"id":249,"name":"테스트","title":"테스트 메모","content":"테스트 메모 내용","userId":382}}'
} }
{ timestamp:2023-11-24T03:35:32.969+0900, tid:15d6d1c0-8a2f-11ee-a2a8-cba766e1c103, payload:{
  type: 'RES',
  code: 200,
  req: '{"type":"REQ","method":"DELETE","url":"/v1/memos/249","tid":"15d6d1c0-8a2f-11ee-a2a8-cba766e1c103","params":{"id":"249"},"query":{},"body":"{}"}',
  elapsed: undefined,
  response: '{"code":2000,"message":"OK","result":{"id":249,"name":"테스트","title":"테스트 메모","content":"테스트 메모 내용","userId":382}}'
} }
{ timestamp:2023-11-24T04:02:49.921+0900, tid:e56d2f80-8a32-11ee-a2a8-cba766e1c103, payload:{
  type: 'RES',
  code: 200,
  req: '{"type":"REQ","method":"GET","url":"/v1/memos/","tid":"e56d2f80-8a32-11ee-a2a8-cba766e1c103","params":{},"query":{},"body":"{}"}',
  elapsed: undefined,
  response: '{"code":2000,"message":"OK","result":[]}'
} }
{ timestamp:2023-11-24T04:04:07.415+0900, tid:13ba5d90-8a33-11ee-a2a8-cba766e1c103, payload:{
  type: 'RES',
  code: 200,
  req: '{"type":"REQ","method":"POST","url":"/v1/memos/","tid":"13ba5d90-8a33-11ee-a2a8-cba766e1c103","params":{},"query":{},"body":"{\\"name\\":\\"테스트\\",\\"title\\":\\"테스트 메모\\",\\"content\\":\\"테스트 메모 내용\\"}"}',
  elapsed: undefined,
  response: '{"code":2000,"message":"OK","result":{"id":250,"name":"테스트","title":"테스트 메모","content":"테스트 메모 내용","userId":382}}'
} }
{ timestamp:2023-11-24T04:04:08.089+0900, tid:14222010-8a33-11ee-a2a8-cba766e1c103, payload:{
  type: 'RES',
  code: 200,
  req: '{"type":"REQ","method":"POST","url":"/v1/memos/","tid":"14222010-8a33-11ee-a2a8-cba766e1c103","params":{},"query":{},"body":"{\\"name\\":\\"테스트\\",\\"title\\":\\"테스트 메모\\",\\"content\\":\\"테스트 메모 내용\\"}"}',
  elapsed: undefined,
  response: '{"code":2000,"message":"OK","result":{"id":251,"name":"테스트","title":"테스트 메모","content":"테스트 메모 내용","userId":382}}'
} }
{ timestamp:2023-11-24T04:04:10.284+0900, tid:156f87a0-8a33-11ee-a2a8-cba766e1c103, payload:{
  type: 'RES',
  code: 200,
  req: '{"type":"REQ","method":"POST","url":"/v1/memos/","tid":"156f87a0-8a33-11ee-a2a8-cba766e1c103","params":{},"query":{},"body":"{\\"name\\":\\"테스트\\",\\"title\\":\\"테스트 메모\\",\\"content\\":\\"테스트 메모 내용\\"}"}',
  elapsed: undefined,
  response: '{"code":2000,"message":"OK","result":{"id":252,"name":"테스트","title":"테스트 메모","content":"테스트 메모 내용","userId":382}}'
} }
{ timestamp:2023-11-24T04:04:13.909+0900, tid:1799e1b0-8a33-11ee-a2a8-cba766e1c103, payload:{
  type: 'RES',
  code: 200,
  req: '{"type":"REQ","method":"GET","url":"/v1/memos/","tid":"1799e1b0-8a33-11ee-a2a8-cba766e1c103","params":{},"query":{},"body":"{}"}',
  elapsed: undefined,
  response: '{"code":2000,"message":"OK","result":[{"id":250,"name":"테스트","title":"테스트 메모","content":"테스트 메모 내용","userId":382,"comments":[]},{"id":251,"name":"테스트","title":"테스트 메모","content":"테스트 메모 내용","userId":382,"comments":[]},{"id":252,"name":"테스트","title":"테스트 메모","content":"테스트 메모 내용","userId":382,"comments":[]}]}'
} }
{ timestamp:2023-11-24T04:04:55.620+0900, tid:30765290-8a33-11ee-a2a8-cba766e1c103, payload:{
  type: 'RES',
  code: 200,
  req: '{"type":"REQ","method":"GET","url":"/v1/memos/","tid":"30765290-8a33-11ee-a2a8-cba766e1c103","params":{},"query":{},"body":"{}"}',
  elapsed: undefined,
  response: '{"code":2000,"message":"OK","result":[{"id":250,"name":"테스트","title":"테스트 메모","content":"테스트 메모 내용","userId":382,"comments":[]},{"id":251,"name":"테스트","title":"테스트 메모","content":"테스트 메모 내용","userId":382,"comments":[]},{"id":252,"name":"테스트","title":"테스트 메모","content":"테스트 메모 내용","userId":382,"comments":[{"id":157,"content":"테스트 댓글"}]}]}'
} }
{ timestamp:2023-11-24T10:40:30.607+0900, tid:739c65a0-8a6a-11ee-ad9f-c3ea3fd919e6, payload:{
  type: 'RES',
  code: 200,
  req: '{"type":"REQ","method":"POST","url":"/v1/memos/","tid":"739c65a0-8a6a-11ee-ad9f-c3ea3fd919e6","params":{},"query":{},"body":"{\\"name\\":\\"테스트\\",\\"title\\":\\"테스트 메모\\",\\"content\\":\\"테스트 메모 내용\\"}"}',
  elapsed: undefined,
  response: '{"code":2000,"message":"OK","result":{"id":253,"name":"테스트","title":"테스트 메모","content":"테스트 메모 내용","userId":382}}'
} }
{ timestamp:2023-11-24T10:40:35.478+0900, tid:7681f960-8a6a-11ee-ad9f-c3ea3fd919e6, payload:{
  type: 'RES',
  code: 200,
  req: '{"type":"REQ","method":"GET","url":"/v1/memos/","tid":"7681f960-8a6a-11ee-ad9f-c3ea3fd919e6","params":{},"query":{},"body":"{}"}',
  elapsed: undefined,
  response: '{"code":2000,"message":"OK","result":[{"id":250,"name":"테스트","title":"테스트 메모","content":"테스트 메모 내용","userId":382,"comments":[]},{"id":251,"name":"테스트","title":"테스트 메모","content":"테스트 메모 내용","userId":382,"comments":[]},{"id":252,"name":"테스트","title":"테스트 메모","content":"테스트 메모 내용","userId":382,"comments":[{"id":157,"content":"테스트 댓글"}]},{"id":253,"name":"테스트","title":"테스트 메모","content":"테스트 메모 내용","userId":382,"comments":[]}]}'
} }
