{ timestamp:2023-07-27T08:57:20.480+0900, tid:287243a0-2c10-11ee-8539-298235886d7e, payload:{
  type: 'RES',
  code: 200,
  req: '{"type":"REQ","method":"POST","url":"/v1/memos/","tid":"287243a0-2c10-11ee-8539-298235886d7e","params":{},"query":{},"body":"{\\"name\\":\\"namee\\",\\"title\\":\\"titlee\\",\\"content\\":\\"conteent\\"}"}',
  elapsed: undefined,
  response: '{"code":2000,"message":"OK","result":{"id":218,"name":"namee","title":"titlee","content":"conteent","userId":168}}'
} }
{ timestamp:2023-07-27T08:57:20.553+0900, tid:287d8e40-2c10-11ee-8539-298235886d7e, payload:{
  type: 'RES',
  code: 200,
  req: '{"type":"REQ","method":"GET","url":"/v1/memos/","tid":"287d8e40-2c10-11ee-8539-298235886d7e","params":{},"query":{},"body":"{}"}',
  elapsed: undefined,
  response: '{"code":2000,"message":"OK","result":[{"id":147,"name":"hoax","title":"New Memo","content":"This is a new memo content.","userId":168},{"id":151,"name":"hdsaoax","title":"New Memo","content":"This is a new memo content.","userId":168},{"id":152,"name":"hdsaoax","title":"New Memo","content":"This is a new memo content.","userId":168},{"id":153,"name":"hdsaoax","title":"New Memo","content":"This is a new memo content.","userId":168},{"id":154,"name":"namee","title":"titlee","content":"conteent","userId":168},{"id":155,"name":"namee","title":"titlee","content":"conteent","userId":168},{"id":156,"name":"namee","title":"titlee","content":"conteent","userId":168},{"id":157,"name":"namee","title":"titlee","content":"conteent","userId":168},{"id":158,"name":"namee","title":"titlee","content":"conteent","userId":168},{"id":159,"name":"namee","title":"titlee","content":"conteent","userId":168},{"id":160,"name":"namee","title":"titlee","content":"conteent","userId":168},{"id":161,"name":"namee","title":"titlee","content":"conteent","userId":168},{"id":164,"name":"namee","title":"titlee","content":"conteent","userId":168},{"id":167,"name":"namee","title":"titlee","content":"conteent","userId":168},{"id":170,"name":"namee","title":"titlee","content":"conteent","userId":168},{"id":173,"name":"namee","title":"titlee","content":"conteent","userId":168},{"id":176,"name":"namee","title":"titlee","content":"conteent","userId":168},{"id":179,"name":"namee","title":"titlee","content":"conteent","userId":168},{"id":181,"name":"namee","title":"titlee","content":"conteent","userId":168},{"id":183,"name":"namee","title":"titlee","content":"conteent","userId":168},{"id":185,"name":"namee","title":"titlee","content":"conteent","userId":168},{"id":187,"name":"namee","title":"titlee","content":"conteent","userId":168},{"id":189,"name":"namee","title":"titlee","content":"conteent","userId":168},{"id":190,"name":"namee","title":"titlee","content":"conteent","userId":168},{"id":191,"name":"Memo1","title":"Test Memo 1","content":"This is a test memo 1","userId":168},{"id":192,"name":"namee","title":"titlee","content":"conteent","userId":168},{"id":193,"name":"Memo1","title":"Test Memo 1","content":"This is a test memo 1","userId":168},{"id":194,"name":"namee","title":"titlee","content":"conteent","userId":168},{"id":195,"name":"Memo1","title":"Test Memo 1","content":"This is a test memo 1","userId":168},{"id":196,"name":"namee","title":"titlee","content":"conteent","userId":168},{"id":197,"name":"Memo1","title":"Test Memo 1","content":"This is a test memo 1","userId":168},{"id":198,"name":"namee","title":"titlee","content":"conteent","userId":168},{"id":199,"name":"Memo1","title":"Test Memo 1","content":"This is a test memo 1","userId":168},{"id":200,"name":"namee","title":"titlee","content":"conteent","userId":168},{"id":201,"name":"Memo1","title":"Test Memo 1","content":"This is a test memo 1","userId":168},{"id":202,"name":"namee","title":"titlee","content":"conteent","userId":168},{"id":203,"name":"Memo1","title":"Test Memo 1","content":"This is a test memo 1","userId":168},{"id":205,"name":"namee","title":"titlee","content":"conteent","userId":168},{"id":206,"name":"Memo1","title":"Test Memo 1","content":"This is a test memo 1","userId":168},{"id":207,"name":"namee","title":"titlee","content":"conteent","userId":168},{"id":208,"name":"Memo1","title":"Test Memo 1","content":"This is a test memo 1","userId":168},{"id":209,"name":"namee","title":"titlee","content":"conteent","userId":168},{"id":210,"name":"Memo1","title":"Test Memo 1","content":"This is a test memo 1","userId":168},{"id":211,"name":"namee","title":"titlee","content":"conteent","userId":168},{"id":212,"name":"namee","title":"titlee","content":"conteent","userId":168},{"id":213,"name":"Memo1","title":"Test Memo 1","content":"This is a test memo 1","userId":168},{"id":215,"name":"namee","title":"titlee","content":"conteent","userId":168},{"id":216,"name":"Memo1","title":"Test Memo 1","content":"This is a test memo 1","userId":168},{"id":218,"name":"namee","title":"titlee","content":"conteent","userId":168},{"id":219,"name":"Memo1","title":"Test Memo 1","content":"This is a test memo 1","userId":168}]}'
} }
{ timestamp:2023-07-27T08:57:49.956+0900, tid:3a0418f0-2c10-11ee-b2dd-639aa7934fda, payload:{
  type: 'RES',
  code: 200,
  req: '{"type":"REQ","method":"POST","url":"/v1/memos/","tid":"3a0418f0-2c10-11ee-b2dd-639aa7934fda","params":{},"query":{},"body":"{\\"name\\":\\"namee\\",\\"title\\":\\"titlee\\",\\"content\\":\\"conteent\\"}"}',
  elapsed: undefined,
  response: '{"code":2000,"message":"OK","result":{"id":220,"name":"namee","title":"titlee","content":"conteent","userId":168}}'
} }
{ timestamp:2023-07-27T08:57:50.028+0900, tid:3a0f3c80-2c10-11ee-b2dd-639aa7934fda, payload:{
  type: 'RES',
  code: 200,
  req: '{"type":"REQ","method":"GET","url":"/v1/memos/","tid":"3a0f3c80-2c10-11ee-b2dd-639aa7934fda","params":{},"query":{},"body":"{}"}',
  elapsed: undefined,
  response: '{"code":2000,"message":"OK","result":[{"id":147,"name":"hoax","title":"New Memo","content":"This is a new memo content.","userId":168},{"id":151,"name":"hdsaoax","title":"New Memo","content":"This is a new memo content.","userId":168},{"id":152,"name":"hdsaoax","title":"New Memo","content":"This is a new memo content.","userId":168},{"id":153,"name":"hdsaoax","title":"New Memo","content":"This is a new memo content.","userId":168},{"id":154,"name":"namee","title":"titlee","content":"conteent","userId":168},{"id":155,"name":"namee","title":"titlee","content":"conteent","userId":168},{"id":156,"name":"namee","title":"titlee","content":"conteent","userId":168},{"id":157,"name":"namee","title":"titlee","content":"conteent","userId":168},{"id":158,"name":"namee","title":"titlee","content":"conteent","userId":168},{"id":159,"name":"namee","title":"titlee","content":"conteent","userId":168},{"id":160,"name":"namee","title":"titlee","content":"conteent","userId":168},{"id":161,"name":"namee","title":"titlee","content":"conteent","userId":168},{"id":164,"name":"namee","title":"titlee","content":"conteent","userId":168},{"id":167,"name":"namee","title":"titlee","content":"conteent","userId":168},{"id":170,"name":"namee","title":"titlee","content":"conteent","userId":168},{"id":173,"name":"namee","title":"titlee","content":"conteent","userId":168},{"id":176,"name":"namee","title":"titlee","content":"conteent","userId":168},{"id":179,"name":"namee","title":"titlee","content":"conteent","userId":168},{"id":181,"name":"namee","title":"titlee","content":"conteent","userId":168},{"id":183,"name":"namee","title":"titlee","content":"conteent","userId":168},{"id":185,"name":"namee","title":"titlee","content":"conteent","userId":168},{"id":187,"name":"namee","title":"titlee","content":"conteent","userId":168},{"id":189,"name":"namee","title":"titlee","content":"conteent","userId":168},{"id":190,"name":"namee","title":"titlee","content":"conteent","userId":168},{"id":191,"name":"Memo1","title":"Test Memo 1","content":"This is a test memo 1","userId":168},{"id":192,"name":"namee","title":"titlee","content":"conteent","userId":168},{"id":193,"name":"Memo1","title":"Test Memo 1","content":"This is a test memo 1","userId":168},{"id":194,"name":"namee","title":"titlee","content":"conteent","userId":168},{"id":195,"name":"Memo1","title":"Test Memo 1","content":"This is a test memo 1","userId":168},{"id":196,"name":"namee","title":"titlee","content":"conteent","userId":168},{"id":197,"name":"Memo1","title":"Test Memo 1","content":"This is a test memo 1","userId":168},{"id":198,"name":"namee","title":"titlee","content":"conteent","userId":168},{"id":199,"name":"Memo1","title":"Test Memo 1","content":"This is a test memo 1","userId":168},{"id":200,"name":"namee","title":"titlee","content":"conteent","userId":168},{"id":201,"name":"Memo1","title":"Test Memo 1","content":"This is a test memo 1","userId":168},{"id":202,"name":"namee","title":"titlee","content":"conteent","userId":168},{"id":203,"name":"Memo1","title":"Test Memo 1","content":"This is a test memo 1","userId":168},{"id":205,"name":"namee","title":"titlee","content":"conteent","userId":168},{"id":206,"name":"Memo1","title":"Test Memo 1","content":"This is a test memo 1","userId":168},{"id":207,"name":"namee","title":"titlee","content":"conteent","userId":168},{"id":208,"name":"Memo1","title":"Test Memo 1","content":"This is a test memo 1","userId":168},{"id":209,"name":"namee","title":"titlee","content":"conteent","userId":168},{"id":210,"name":"Memo1","title":"Test Memo 1","content":"This is a test memo 1","userId":168},{"id":211,"name":"namee","title":"titlee","content":"conteent","userId":168},{"id":212,"name":"namee","title":"titlee","content":"conteent","userId":168},{"id":213,"name":"Memo1","title":"Test Memo 1","content":"This is a test memo 1","userId":168},{"id":215,"name":"namee","title":"titlee","content":"conteent","userId":168},{"id":216,"name":"Memo1","title":"Test Memo 1","content":"This is a test memo 1","userId":168},{"id":218,"name":"namee","title":"titlee","content":"conteent","userId":168},{"id":219,"name":"Memo1","title":"Test Memo 1","content":"This is a test memo 1","userId":168},{"id":220,"name":"namee","title":"titlee","content":"conteent","userId":168},{"id":221,"name":"Memo1","title":"Test Memo 1","content":"This is a test memo 1","userId":168}]}'
} }
{ timestamp:2023-07-27T08:58:12.238+0900, tid:474c0f90-2c10-11ee-8403-b91d3387326f, payload:{
  type: 'RES',
  code: 200,
  req: '{"type":"REQ","method":"POST","url":"/v1/memos/","tid":"474c0f90-2c10-11ee-8403-b91d3387326f","params":{},"query":{},"body":"{\\"name\\":\\"namee\\",\\"title\\":\\"titlee\\",\\"content\\":\\"conteent\\"}"}',
  elapsed: undefined,
  response: '{"code":2000,"message":"OK","result":{"id":222,"name":"namee","title":"titlee","content":"conteent","userId":168}}'
} }
{ timestamp:2023-07-27T08:58:12.308+0900, tid:47570c10-2c10-11ee-8403-b91d3387326f, payload:{
  type: 'RES',
  code: 200,
  req: '{"type":"REQ","method":"GET","url":"/v1/memos/","tid":"47570c10-2c10-11ee-8403-b91d3387326f","params":{},"query":{},"body":"{}"}',
  elapsed: undefined,
  response: '{"code":2000,"message":"OK","result":[{"id":147,"name":"hoax","title":"New Memo","content":"This is a new memo content.","userId":168},{"id":151,"name":"hdsaoax","title":"New Memo","content":"This is a new memo content.","userId":168},{"id":152,"name":"hdsaoax","title":"New Memo","content":"This is a new memo content.","userId":168},{"id":153,"name":"hdsaoax","title":"New Memo","content":"This is a new memo content.","userId":168},{"id":154,"name":"namee","title":"titlee","content":"conteent","userId":168},{"id":155,"name":"namee","title":"titlee","content":"conteent","userId":168},{"id":156,"name":"namee","title":"titlee","content":"conteent","userId":168},{"id":157,"name":"namee","title":"titlee","content":"conteent","userId":168},{"id":158,"name":"namee","title":"titlee","content":"conteent","userId":168},{"id":159,"name":"namee","title":"titlee","content":"conteent","userId":168},{"id":160,"name":"namee","title":"titlee","content":"conteent","userId":168},{"id":161,"name":"namee","title":"titlee","content":"conteent","userId":168},{"id":164,"name":"namee","title":"titlee","content":"conteent","userId":168},{"id":167,"name":"namee","title":"titlee","content":"conteent","userId":168},{"id":170,"name":"namee","title":"titlee","content":"conteent","userId":168},{"id":173,"name":"namee","title":"titlee","content":"conteent","userId":168},{"id":176,"name":"namee","title":"titlee","content":"conteent","userId":168},{"id":179,"name":"namee","title":"titlee","content":"conteent","userId":168},{"id":181,"name":"namee","title":"titlee","content":"conteent","userId":168},{"id":183,"name":"namee","title":"titlee","content":"conteent","userId":168},{"id":185,"name":"namee","title":"titlee","content":"conteent","userId":168},{"id":187,"name":"namee","title":"titlee","content":"conteent","userId":168},{"id":189,"name":"namee","title":"titlee","content":"conteent","userId":168},{"id":190,"name":"namee","title":"titlee","content":"conteent","userId":168},{"id":191,"name":"Memo1","title":"Test Memo 1","content":"This is a test memo 1","userId":168},{"id":192,"name":"namee","title":"titlee","content":"conteent","userId":168},{"id":193,"name":"Memo1","title":"Test Memo 1","content":"This is a test memo 1","userId":168},{"id":194,"name":"namee","title":"titlee","content":"conteent","userId":168},{"id":195,"name":"Memo1","title":"Test Memo 1","content":"This is a test memo 1","userId":168},{"id":196,"name":"namee","title":"titlee","content":"conteent","userId":168},{"id":197,"name":"Memo1","title":"Test Memo 1","content":"This is a test memo 1","userId":168},{"id":198,"name":"namee","title":"titlee","content":"conteent","userId":168},{"id":199,"name":"Memo1","title":"Test Memo 1","content":"This is a test memo 1","userId":168},{"id":200,"name":"namee","title":"titlee","content":"conteent","userId":168},{"id":201,"name":"Memo1","title":"Test Memo 1","content":"This is a test memo 1","userId":168},{"id":202,"name":"namee","title":"titlee","content":"conteent","userId":168},{"id":203,"name":"Memo1","title":"Test Memo 1","content":"This is a test memo 1","userId":168},{"id":205,"name":"namee","title":"titlee","content":"conteent","userId":168},{"id":206,"name":"Memo1","title":"Test Memo 1","content":"This is a test memo 1","userId":168},{"id":207,"name":"namee","title":"titlee","content":"conteent","userId":168},{"id":208,"name":"Memo1","title":"Test Memo 1","content":"This is a test memo 1","userId":168},{"id":209,"name":"namee","title":"titlee","content":"conteent","userId":168},{"id":210,"name":"Memo1","title":"Test Memo 1","content":"This is a test memo 1","userId":168},{"id":211,"name":"namee","title":"titlee","content":"conteent","userId":168},{"id":212,"name":"namee","title":"titlee","content":"conteent","userId":168},{"id":213,"name":"Memo1","title":"Test Memo 1","content":"This is a test memo 1","userId":168},{"id":215,"name":"namee","title":"titlee","content":"conteent","userId":168},{"id":216,"name":"Memo1","title":"Test Memo 1","content":"This is a test memo 1","userId":168},{"id":218,"name":"namee","title":"titlee","content":"conteent","userId":168},{"id":219,"name":"Memo1","title":"Test Memo 1","content":"This is a test memo 1","userId":168},{"id":220,"name":"namee","title":"titlee","content":"conteent","userId":168},{"id":221,"name":"Memo1","title":"Test Memo 1","content":"This is a test memo 1","userId":168},{"id":222,"name":"namee","title":"titlee","content":"conteent","userId":168},{"id":223,"name":"Memo1","title":"Test Memo 1","content":"This is a test memo 1","userId":168}]}'
} }
{ timestamp:2023-07-27T08:58:21.760+0900, tid:4cf900b0-2c10-11ee-bda8-ed6606af3b29, payload:{
  type: 'RES',
  code: 200,
  req: '{"type":"REQ","method":"POST","url":"/v1/memos/","tid":"4cf900b0-2c10-11ee-bda8-ed6606af3b29","params":{},"query":{},"body":"{\\"name\\":\\"namee\\",\\"title\\":\\"titlee\\",\\"content\\":\\"conteent\\"}"}',
  elapsed: undefined,
  response: '{"code":2000,"message":"OK","result":{"id":224,"name":"namee","title":"titlee","content":"conteent","userId":168}}'
} }
{ timestamp:2023-07-27T08:58:21.830+0900, tid:4d03fd30-2c10-11ee-bda8-ed6606af3b29, payload:{
  type: 'RES',
  code: 200,
  req: '{"type":"REQ","method":"GET","url":"/v1/memos/","tid":"4d03fd30-2c10-11ee-bda8-ed6606af3b29","params":{},"query":{},"body":"{}"}',
  elapsed: undefined,
  response: '{"code":2000,"message":"OK","result":[{"id":147,"name":"hoax","title":"New Memo","content":"This is a new memo content.","userId":168},{"id":151,"name":"hdsaoax","title":"New Memo","content":"This is a new memo content.","userId":168},{"id":152,"name":"hdsaoax","title":"New Memo","content":"This is a new memo content.","userId":168},{"id":153,"name":"hdsaoax","title":"New Memo","content":"This is a new memo content.","userId":168},{"id":154,"name":"namee","title":"titlee","content":"conteent","userId":168},{"id":155,"name":"namee","title":"titlee","content":"conteent","userId":168},{"id":156,"name":"namee","title":"titlee","content":"conteent","userId":168},{"id":157,"name":"namee","title":"titlee","content":"conteent","userId":168},{"id":158,"name":"namee","title":"titlee","content":"conteent","userId":168},{"id":159,"name":"namee","title":"titlee","content":"conteent","userId":168},{"id":160,"name":"namee","title":"titlee","content":"conteent","userId":168},{"id":161,"name":"namee","title":"titlee","content":"conteent","userId":168},{"id":164,"name":"namee","title":"titlee","content":"conteent","userId":168},{"id":167,"name":"namee","title":"titlee","content":"conteent","userId":168},{"id":170,"name":"namee","title":"titlee","content":"conteent","userId":168},{"id":173,"name":"namee","title":"titlee","content":"conteent","userId":168},{"id":176,"name":"namee","title":"titlee","content":"conteent","userId":168},{"id":179,"name":"namee","title":"titlee","content":"conteent","userId":168},{"id":181,"name":"namee","title":"titlee","content":"conteent","userId":168},{"id":183,"name":"namee","title":"titlee","content":"conteent","userId":168},{"id":185,"name":"namee","title":"titlee","content":"conteent","userId":168},{"id":187,"name":"namee","title":"titlee","content":"conteent","userId":168},{"id":189,"name":"namee","title":"titlee","content":"conteent","userId":168},{"id":190,"name":"namee","title":"titlee","content":"conteent","userId":168},{"id":191,"name":"Memo1","title":"Test Memo 1","content":"This is a test memo 1","userId":168},{"id":192,"name":"namee","title":"titlee","content":"conteent","userId":168},{"id":193,"name":"Memo1","title":"Test Memo 1","content":"This is a test memo 1","userId":168},{"id":194,"name":"namee","title":"titlee","content":"conteent","userId":168},{"id":195,"name":"Memo1","title":"Test Memo 1","content":"This is a test memo 1","userId":168},{"id":196,"name":"namee","title":"titlee","content":"conteent","userId":168},{"id":197,"name":"Memo1","title":"Test Memo 1","content":"This is a test memo 1","userId":168},{"id":198,"name":"namee","title":"titlee","content":"conteent","userId":168},{"id":199,"name":"Memo1","title":"Test Memo 1","content":"This is a test memo 1","userId":168},{"id":200,"name":"namee","title":"titlee","content":"conteent","userId":168},{"id":201,"name":"Memo1","title":"Test Memo 1","content":"This is a test memo 1","userId":168},{"id":202,"name":"namee","title":"titlee","content":"conteent","userId":168},{"id":203,"name":"Memo1","title":"Test Memo 1","content":"This is a test memo 1","userId":168},{"id":205,"name":"namee","title":"titlee","content":"conteent","userId":168},{"id":206,"name":"Memo1","title":"Test Memo 1","content":"This is a test memo 1","userId":168},{"id":207,"name":"namee","title":"titlee","content":"conteent","userId":168},{"id":208,"name":"Memo1","title":"Test Memo 1","content":"This is a test memo 1","userId":168},{"id":209,"name":"namee","title":"titlee","content":"conteent","userId":168},{"id":210,"name":"Memo1","title":"Test Memo 1","content":"This is a test memo 1","userId":168},{"id":211,"name":"namee","title":"titlee","content":"conteent","userId":168},{"id":212,"name":"namee","title":"titlee","content":"conteent","userId":168},{"id":213,"name":"Memo1","title":"Test Memo 1","content":"This is a test memo 1","userId":168},{"id":215,"name":"namee","title":"titlee","content":"conteent","userId":168},{"id":216,"name":"Memo1","title":"Test Memo 1","content":"This is a test memo 1","userId":168},{"id":218,"name":"namee","title":"titlee","content":"conteent","userId":168},{"id":219,"name":"Memo1","title":"Test Memo 1","content":"This is a test memo 1","userId":168},{"id":220,"name":"namee","title":"titlee","content":"conteent","userId":168},{"id":221,"name":"Memo1","title":"Test Memo 1","content":"This is a test memo 1","userId":168},{"id":222,"name":"namee","title":"titlee","content":"conteent","userId":168},{"id":223,"name":"Memo1","title":"Test Memo 1","content":"This is a test memo 1","userId":168},{"id":224,"name":"namee","title":"titlee","content":"conteent","userId":168},{"id":225,"name":"Memo1","title":"Test Memo 1","content":"This is a test memo 1","userId":168}]}'
} }
{ timestamp:2023-07-27T10:03:45.827+0900, tid:6fe5f4d0-2c19-11ee-84fe-9bd72193c466, payload:{
  type: 'RES',
  code: 200,
  req: '{"type":"REQ","method":"POST","url":"/v1/memos/","tid":"6fe5f4d0-2c19-11ee-84fe-9bd72193c466","params":{},"query":{},"body":"{\\"name\\":\\"namee\\",\\"title\\":\\"titlee\\",\\"content\\":\\"conteent\\"}"}',
  elapsed: undefined,
  response: '{"code":2000,"message":"OK","result":{"id":226,"name":"namee","title":"titlee","content":"conteent","userId":168}}'
} }
{ timestamp:2023-07-27T10:03:45.899+0900, tid:6ff13f70-2c19-11ee-84fe-9bd72193c466, payload:{
  type: 'RES',
  code: 200,
  req: '{"type":"REQ","method":"GET","url":"/v1/memos/","tid":"6ff13f70-2c19-11ee-84fe-9bd72193c466","params":{},"query":{},"body":"{}"}',
  elapsed: undefined,
  response: '{"code":2000,"message":"OK","result":[{"id":147,"name":"hoax","title":"New Memo","content":"This is a new memo content.","userId":168},{"id":151,"name":"hdsaoax","title":"New Memo","content":"This is a new memo content.","userId":168},{"id":152,"name":"hdsaoax","title":"New Memo","content":"This is a new memo content.","userId":168},{"id":153,"name":"hdsaoax","title":"New Memo","content":"This is a new memo content.","userId":168},{"id":154,"name":"namee","title":"titlee","content":"conteent","userId":168},{"id":155,"name":"namee","title":"titlee","content":"conteent","userId":168},{"id":156,"name":"namee","title":"titlee","content":"conteent","userId":168},{"id":157,"name":"namee","title":"titlee","content":"conteent","userId":168},{"id":158,"name":"namee","title":"titlee","content":"conteent","userId":168},{"id":159,"name":"namee","title":"titlee","content":"conteent","userId":168},{"id":160,"name":"namee","title":"titlee","content":"conteent","userId":168},{"id":161,"name":"namee","title":"titlee","content":"conteent","userId":168},{"id":164,"name":"namee","title":"titlee","content":"conteent","userId":168},{"id":167,"name":"namee","title":"titlee","content":"conteent","userId":168},{"id":170,"name":"namee","title":"titlee","content":"conteent","userId":168},{"id":173,"name":"namee","title":"titlee","content":"conteent","userId":168},{"id":176,"name":"namee","title":"titlee","content":"conteent","userId":168},{"id":179,"name":"namee","title":"titlee","content":"conteent","userId":168},{"id":181,"name":"namee","title":"titlee","content":"conteent","userId":168},{"id":183,"name":"namee","title":"titlee","content":"conteent","userId":168},{"id":185,"name":"namee","title":"titlee","content":"conteent","userId":168},{"id":187,"name":"namee","title":"titlee","content":"conteent","userId":168},{"id":189,"name":"namee","title":"titlee","content":"conteent","userId":168},{"id":190,"name":"namee","title":"titlee","content":"conteent","userId":168},{"id":191,"name":"Memo1","title":"Test Memo 1","content":"This is a test memo 1","userId":168},{"id":192,"name":"namee","title":"titlee","content":"conteent","userId":168},{"id":193,"name":"Memo1","title":"Test Memo 1","content":"This is a test memo 1","userId":168},{"id":194,"name":"namee","title":"titlee","content":"conteent","userId":168},{"id":195,"name":"Memo1","title":"Test Memo 1","content":"This is a test memo 1","userId":168},{"id":196,"name":"namee","title":"titlee","content":"conteent","userId":168},{"id":197,"name":"Memo1","title":"Test Memo 1","content":"This is a test memo 1","userId":168},{"id":198,"name":"namee","title":"titlee","content":"conteent","userId":168},{"id":199,"name":"Memo1","title":"Test Memo 1","content":"This is a test memo 1","userId":168},{"id":200,"name":"namee","title":"titlee","content":"conteent","userId":168},{"id":201,"name":"Memo1","title":"Test Memo 1","content":"This is a test memo 1","userId":168},{"id":202,"name":"namee","title":"titlee","content":"conteent","userId":168},{"id":203,"name":"Memo1","title":"Test Memo 1","content":"This is a test memo 1","userId":168},{"id":205,"name":"namee","title":"titlee","content":"conteent","userId":168},{"id":206,"name":"Memo1","title":"Test Memo 1","content":"This is a test memo 1","userId":168},{"id":207,"name":"namee","title":"titlee","content":"conteent","userId":168},{"id":208,"name":"Memo1","title":"Test Memo 1","content":"This is a test memo 1","userId":168},{"id":209,"name":"namee","title":"titlee","content":"conteent","userId":168},{"id":210,"name":"Memo1","title":"Test Memo 1","content":"This is a test memo 1","userId":168},{"id":211,"name":"namee","title":"titlee","content":"conteent","userId":168},{"id":212,"name":"namee","title":"titlee","content":"conteent","userId":168},{"id":213,"name":"Memo1","title":"Test Memo 1","content":"This is a test memo 1","userId":168},{"id":215,"name":"namee","title":"titlee","content":"conteent","userId":168},{"id":216,"name":"Memo1","title":"Test Memo 1","content":"This is a test memo 1","userId":168},{"id":218,"name":"namee","title":"titlee","content":"conteent","userId":168},{"id":219,"name":"Memo1","title":"Test Memo 1","content":"This is a test memo 1","userId":168},{"id":220,"name":"namee","title":"titlee","content":"conteent","userId":168},{"id":221,"name":"Memo1","title":"Test Memo 1","content":"This is a test memo 1","userId":168},{"id":222,"name":"namee","title":"titlee","content":"conteent","userId":168},{"id":223,"name":"Memo1","title":"Test Memo 1","content":"This is a test memo 1","userId":168},{"id":224,"name":"namee","title":"titlee","content":"conteent","userId":168},{"id":225,"name":"Memo1","title":"Test Memo 1","content":"This is a test memo 1","userId":168},{"id":226,"name":"namee","title":"titlee","content":"conteent","userId":168},{"id":227,"name":"Memo1","title":"Test Memo 1","content":"This is a test memo 1","userId":168}]}'
} }
{ timestamp:2023-07-27T10:45:53.471+0900, tid:5274d1e0-2c1f-11ee-a140-9fd0d79acb4e, payload:{
  type: 'RES',
  code: 200,
  req: '{"type":"REQ","method":"GET","url":"/v1/memos/","tid":"5274d1e0-2c1f-11ee-a140-9fd0d79acb4e","params":{},"query":{},"body":"{}"}',
  elapsed: undefined,
  response: '{"code":2000,"message":"OK","result":[]}'
} }
{ timestamp:2023-07-27T10:49:20.618+0900, tid:cde836a0-2c1f-11ee-a140-9fd0d79acb4e, payload:{
  type: 'RES',
  code: 200,
  req: '{"type":"REQ","method":"POST","url":"/v1/memos/","tid":"cde836a0-2c1f-11ee-a140-9fd0d79acb4e","params":{},"query":{},"body":"{\\"name\\":\\"메모이름\\",\\"title\\":\\"메모제목\\",\\"content\\":\\"메모내용\\"}"}',
  elapsed: undefined,
  response: '{"code":2000,"message":"OK","result":{"id":228,"name":"메모이름","title":"메모제목","content":"메모내용","userId":377}}'
} }
{ timestamp:2023-07-27T10:49:25.443+0900, tid:d0d3e4e0-2c1f-11ee-a140-9fd0d79acb4e, payload:{
  type: 'RES',
  code: 200,
  req: '{"type":"REQ","method":"GET","url":"/v1/memos/","tid":"d0d3e4e0-2c1f-11ee-a140-9fd0d79acb4e","params":{},"query":{},"body":"{}"}',
  elapsed: undefined,
  response: '{"code":2000,"message":"OK","result":[{"id":228,"name":"메모이름","title":"메모제목","content":"메모내용","userId":377}]}'
} }
{ timestamp:2023-07-27T10:51:24.726+0900, tid:17e67960-2c20-11ee-a140-9fd0d79acb4e, payload:{
  type: 'RES',
  code: 200,
  req: '{"type":"REQ","method":"PUT","url":"/v1/memos/220","tid":"17e67960-2c20-11ee-a140-9fd0d79acb4e","params":{"id":"220"},"query":{},"body":"{\\"title\\":\\"Updated Memo\\",\\"content\\":\\"This is an updated memo content.\\"}"}',
  elapsed: undefined,
  response: '{"code":2000,"message":"OK","result":{"id":220,"name":"namee","title":"Updated Memo","content":"This is an updated memo content.","userId":377}}'
} }
{ timestamp:2023-07-27T10:51:28.411+0900, tid:1a2015b0-2c20-11ee-a140-9fd0d79acb4e, payload:{
  type: 'RES',
  code: 200,
  req: '{"type":"REQ","method":"PUT","url":"/v1/memos/220","tid":"1a2015b0-2c20-11ee-a140-9fd0d79acb4e","params":{"id":"220"},"query":{},"body":"{\\"title\\":\\"Updated Memo\\",\\"content\\":\\"This is an updated memo content.\\"}"}',
  elapsed: undefined,
  response: '{"code":2000,"message":"OK","result":{"id":220,"name":"namee","title":"Updated Memo","content":"This is an updated memo content.","userId":377}}'
} }
{ timestamp:2023-07-27T10:51:29.407+0900, tid:1ab96f80-2c20-11ee-a140-9fd0d79acb4e, payload:{
  type: 'RES',
  code: 200,
  req: '{"type":"REQ","method":"PUT","url":"/v1/memos/220","tid":"1ab96f80-2c20-11ee-a140-9fd0d79acb4e","params":{"id":"220"},"query":{},"body":"{\\"title\\":\\"Updated Memo\\",\\"content\\":\\"This is an updated memo content.\\"}"}',
  elapsed: undefined,
  response: '{"code":2000,"message":"OK","result":{"id":220,"name":"namee","title":"Updated Memo","content":"This is an updated memo content.","userId":377}}'
} }
{ timestamp:2023-07-27T10:51:30.037+0900, tid:1b191bb0-2c20-11ee-a140-9fd0d79acb4e, payload:{
  type: 'RES',
  code: 200,
  req: '{"type":"REQ","method":"PUT","url":"/v1/memos/220","tid":"1b191bb0-2c20-11ee-a140-9fd0d79acb4e","params":{"id":"220"},"query":{},"body":"{\\"title\\":\\"Updated Memo\\",\\"content\\":\\"This is an updated memo content.\\"}"}',
  elapsed: undefined,
  response: '{"code":2000,"message":"OK","result":{"id":220,"name":"namee","title":"Updated Memo","content":"This is an updated memo content.","userId":377}}'
} }
{ timestamp:2023-07-27T10:52:23.457+0900, tid:3aea3ff0-2c20-11ee-a140-9fd0d79acb4e, payload:{
  type: 'RES',
  code: 200,
  req: '{"type":"REQ","method":"DELETE","url":"/v1/memos/220","tid":"3aea3ff0-2c20-11ee-a140-9fd0d79acb4e","params":{"id":"220"},"query":{},"body":"{}"}',
  elapsed: undefined,
  response: '{"code":2000,"message":"OK","result":{"id":220,"name":"namee","title":"Updated Memo","content":"This is an updated memo content.","userId":377}}'
} }
{ timestamp:2023-07-27T10:56:03.519+0900, tid:be1559f0-2c20-11ee-983f-2d355f691eed, payload:{
  type: 'RES',
  code: 200,
  req: '{"type":"REQ","method":"GET","url":"/v1/memos/","tid":"be1559f0-2c20-11ee-983f-2d355f691eed","params":{},"query":{},"body":"{}"}',
  elapsed: undefined,
  response: '{"code":2000,"message":"OK","result":[{"id":228,"name":"메모이름","title":"메모제목","content":"메모내용","userId":377}]}'
} }
{ timestamp:2023-07-27T12:37:22.498+0900, tid:e573bfb0-2c2e-11ee-b417-4be395b2d329, payload:{
  type: 'RES',
  code: 200,
  req: '{"type":"REQ","method":"GET","url":"/v1/memos/","tid":"e573bfb0-2c2e-11ee-b417-4be395b2d329","params":{},"query":{},"body":"{}"}',
  elapsed: undefined,
  response: '{"code":2000,"message":"OK","result":[{"id":228,"name":"메모이름","title":"메모제목","content":"메모내용","userId":377}]}'
} }
{ timestamp:2023-07-27T14:10:10.651+0900, tid:dc4fbd50-2c3b-11ee-b981-7bcfe1a0d6d2, payload:{
  type: 'RES',
  code: 200,
  req: '{"type":"REQ","method":"POST","url":"/v1/memos/","tid":"dc4fbd50-2c3b-11ee-b981-7bcfe1a0d6d2","params":{},"query":{},"body":"{\\"name\\":\\"메모이름\\",\\"title\\":\\"메모제목\\",\\"content\\":\\"메모내용\\"}"}',
  elapsed: undefined,
  response: '{"code":2000,"message":"OK","result":{"id":229,"name":"메모이름","title":"메모제목","content":"메모내용","userId":377}}'
} }
{ timestamp:2023-07-27T14:10:19.142+0900, tid:e1650250-2c3b-11ee-b981-7bcfe1a0d6d2, payload:{
  type: 'RES',
  code: 200,
  req: '{"type":"REQ","method":"POST","url":"/v1/memos/","tid":"e1650250-2c3b-11ee-b981-7bcfe1a0d6d2","params":{},"query":{},"body":"{\\"name\\":\\"메모이름\\",\\"title\\":\\"메모제목\\",\\"content\\":\\"메모내용\\"}"}',
  elapsed: undefined,
  response: '{"code":2000,"message":"OK","result":{"id":230,"name":"메모이름","title":"메모제목","content":"메모내용","userId":377}}'
} }
{ timestamp:2023-07-27T15:03:27.716+0900, tid:4de24710-2c43-11ee-9a8c-19ea81a23abe, payload:{
  type: 'RES',
  code: 200,
  req: '{"type":"REQ","method":"POST","url":"/v1/memos/","tid":"4de24710-2c43-11ee-9a8c-19ea81a23abe","params":{},"query":{},"body":"{\\"name\\":\\"메모이름\\",\\"title\\":\\"메모제목\\",\\"content\\":\\"메모내용\\"}"}',
  elapsed: undefined,
  response: '{"code":2000,"message":"OK","result":{"id":231,"name":"메모이름","title":"메모제목","content":"메모내용","userId":377}}'
} }
{ timestamp:2023-07-27T15:24:01.229+0900, tid:2d25d110-2c46-11ee-a658-71578b73a2ab, payload:{
  type: 'RES',
  code: 200,
  req: '{"type":"REQ","method":"DELETE","url":"/v1/memos/231/comments/160","tid":"2d25d110-2c46-11ee-a658-71578b73a2ab","params":{"id":"160"},"query":{},"body":"{}"}',
  elapsed: undefined,
  response: '{"code":2000,"message":"OK","result":{"id":160,"memoId":231,"content":"이것은 댓글입니다."}}'
} }
{ timestamp:2023-07-27T15:27:49.130+0900, tid:b4fe6d90-2c46-11ee-b4f5-09169bf3ea6b, payload:{
  type: 'RES',
  code: 200,
  req: '{"type":"REQ","method":"DELETE","url":"/v1/memos/231/comments/160","tid":"b4fe6d90-2c46-11ee-b4f5-09169bf3ea6b","params":{"id":"160"},"query":{},"body":"{}"}',
  elapsed: undefined,
  response: '{"code":2000,"message":"OK","result":null}'
} }
{ timestamp:2023-07-27T15:39:54.010+0900, tid:65102b50-2c48-11ee-accb-e55e4a766161, payload:{
  type: 'RES',
  code: 200,
  req: '{"type":"REQ","method":"DELETE","url":"/v1/memos/231/comments/160","tid":"65102b50-2c48-11ee-accb-e55e4a766161","params":{"id":"160"},"query":{},"body":"{}"}',
  elapsed: undefined,
  response: '{"code":2000,"message":"OK","result":null}'
} }
{ timestamp:2023-07-27T15:43:58.047+0900, tid:f67ba5b0-2c48-11ee-86ca-75b5449e1d99, payload:{
  type: 'RES',
  code: 200,
  req: '{"type":"REQ","method":"DELETE","url":"/v1/memos/231/comments/160","tid":"f67ba5b0-2c48-11ee-86ca-75b5449e1d99","params":{"id":"160"},"query":{},"body":"{}"}',
  elapsed: undefined,
  response: '{"code":2000,"message":"OK","result":null}'
} }
{ timestamp:2023-07-27T15:44:16.298+0900, tid:016253c0-2c49-11ee-86ca-75b5449e1d99, payload:{
  type: 'RES',
  code: 200,
  req: '{"type":"REQ","method":"POST","url":"/v1/memos/","tid":"016253c0-2c49-11ee-86ca-75b5449e1d99","params":{},"query":{},"body":"{\\"name\\":\\"메모이름\\",\\"title\\":\\"메모제목\\",\\"content\\":\\"메모내용\\"}"}',
  elapsed: undefined,
  response: '{"code":2000,"message":"OK","result":{"id":232,"name":"메모이름","title":"메모제목","content":"메모내용","userId":377}}'
} }
{ timestamp:2023-07-27T15:45:19.206+0900, tid:26e4aee0-2c49-11ee-9af0-f33c6e9783ac, payload:{
  type: 'RES',
  code: 200,
  req: '{"type":"REQ","method":"POST","url":"/v1/memos/","tid":"26e4aee0-2c49-11ee-9af0-f33c6e9783ac","params":{},"query":{},"body":"{\\"name\\":\\"메모이름\\",\\"title\\":\\"메모제목\\",\\"content\\":\\"메모내용\\"}"}',
  elapsed: undefined,
  response: '{"code":2000,"message":"OK","result":{"id":233,"name":"메모이름","title":"메모제목","content":"메모내용","userId":377}}'
} }
{ timestamp:2023-07-27T15:54:19.903+0900, tid:69249030-2c4a-11ee-8a9f-b7e5bf1fb51f, payload:{
  type: 'RES',
  code: 200,
  req: '{"type":"REQ","method":"POST","url":"/v1/memos/","tid":"69249030-2c4a-11ee-8a9f-b7e5bf1fb51f","params":{},"query":{},"body":"{\\"name\\":\\"메모이름\\",\\"title\\":\\"메모제목\\",\\"content\\":\\"메모내용\\"}"}',
  elapsed: undefined,
  response: '{"code":2000,"message":"OK","result":{"id":234,"name":"메모이름","title":"메모제목","content":"메모내용","userId":377}}'
} }
{ timestamp:2023-07-27T16:42:56.456+0900, tid:33901dc0-2c51-11ee-a664-4d2acc416a40, payload:{
  type: 'RES',
  code: 200,
  req: '{"type":"REQ","method":"POST","url":"/v1/memos/","tid":"33901dc0-2c51-11ee-a664-4d2acc416a40","params":{},"query":{},"body":"{\\"name\\":\\"메모이름\\",\\"title\\":\\"메모제목\\",\\"content\\":\\"메모내용\\"}"}',
  elapsed: undefined,
  response: '{"code":2000,"message":"OK","result":{"id":235,"name":"메모이름","title":"메모제목","content":"메모내용","userId":377}}'
} }
{ timestamp:2023-07-27T16:46:28.418+0900, tid:b1e67e30-2c51-11ee-9705-5335b0631db9, payload:{
  type: 'RES',
  code: 200,
  req: '{"type":"REQ","method":"DELETE","url":"/v1/memos/231/comments/160","tid":"b1e67e30-2c51-11ee-9705-5335b0631db9","params":{"id":"160"},"query":{},"body":"{}"}',
  elapsed: undefined,
  response: '{"code":2000,"message":"OK","result":null}'
} }
{ timestamp:2023-07-27T16:52:26.374+0900, tid:87415410-2c52-11ee-8492-d93c558fe7df, payload:{
  type: 'RES',
  code: 200,
  req: '{"type":"REQ","method":"DELETE","url":"/v1/memos/231/comments/144","tid":"87415410-2c52-11ee-8492-d93c558fe7df","params":{"id":"144"},"query":{},"body":"{}"}',
  elapsed: undefined,
  response: '{"code":2000,"message":"OK","result":{"id":144,"memoId":231,"content":"이것은 댓글입니다."}}'
} }
{ timestamp:2023-07-27T16:52:47.424+0900, tid:93d31a10-2c52-11ee-8492-d93c558fe7df, payload:{
  type: 'RES',
  code: 200,
  req: '{"type":"REQ","method":"DELETE","url":"/v1/memos/231/comments/144","tid":"93d31a10-2c52-11ee-8492-d93c558fe7df","params":{"id":"144"},"query":{},"body":"{}"}',
  elapsed: undefined,
  response: '{"code":2000,"message":"OK","result":null}'
} }
{ timestamp:2023-07-27T20:53:35.044+0900, tid:3736c9b0-2c74-11ee-a99f-bd17b9a17a59, payload:{
  type: 'RES',
  code: 200,
  req: '{"type":"REQ","method":"POST","url":"/v1/memos/","tid":"3736c9b0-2c74-11ee-a99f-bd17b9a17a59","params":{},"query":{},"body":"{\\"name\\":\\"메모이름\\",\\"title\\":\\"메모제목\\",\\"content\\":\\"메모내용\\"}"}',
  elapsed: undefined,
  response: '{"code":2000,"message":"OK","result":{"id":236,"name":"메모이름","title":"메모제목","content":"메모내용","userId":377}}'
} }
{ timestamp:2023-07-27T20:55:07.166+0900, tid:6e29dd90-2c74-11ee-aad1-37a246195eec, payload:{
  type: 'RES',
  code: 200,
  req: '{"type":"REQ","method":"POST","url":"/v1/memos/","tid":"6e29dd90-2c74-11ee-aad1-37a246195eec","params":{},"query":{},"body":"{\\"name\\":\\"메모이름\\",\\"title\\":\\"메모제목\\",\\"content\\":\\"메모내용\\"}"}',
  elapsed: undefined,
  response: '{"code":2000,"message":"OK","result":{"id":237,"name":"메모이름","title":"메모제목","content":"메모내용","userId":377}}'
} }
{ timestamp:2023-07-27T20:55:12.065+0900, tid:711b5830-2c74-11ee-aad1-37a246195eec, payload:{
  type: 'RES',
  code: 200,
  req: '{"type":"REQ","method":"POST","url":"/v1/memos/","tid":"711b5830-2c74-11ee-aad1-37a246195eec","params":{},"query":{},"body":"{\\"name\\":\\"메모이름\\",\\"title\\":\\"메모제목\\",\\"content\\":\\"메모내용\\"}"}',
  elapsed: undefined,
  response: '{"code":2000,"message":"OK","result":{"id":238,"name":"메모이름","title":"메모제목","content":"메모내용","userId":377}}'
} }
{ timestamp:2023-07-27T20:55:26.296+0900, tid:7992db00-2c74-11ee-b41e-71ee293cf94f, payload:{
  type: 'RES',
  code: 200,
  req: '{"type":"REQ","method":"POST","url":"/v1/memos/","tid":"7992db00-2c74-11ee-b41e-71ee293cf94f","params":{},"query":{},"body":"{\\"name\\":\\"메모이름\\",\\"title\\":\\"메모제목\\",\\"content\\":\\"메모내용\\"}"}',
  elapsed: undefined,
  response: '{"code":2000,"message":"OK","result":{"id":239,"name":"메모이름","title":"메모제목","content":"메모내용","userId":377}}'
} }
{ timestamp:2023-07-27T20:55:29.863+0900, tid:7bb768b0-2c74-11ee-b41e-71ee293cf94f, payload:{
  type: 'RES',
  code: 200,
  req: '{"type":"REQ","method":"POST","url":"/v1/memos/","tid":"7bb768b0-2c74-11ee-b41e-71ee293cf94f","params":{},"query":{},"body":"{\\"name\\":\\"메모이름\\",\\"title\\":\\"메모제목\\",\\"content\\":\\"메모내용\\"}"}',
  elapsed: undefined,
  response: '{"code":2000,"message":"OK","result":{"id":240,"name":"메모이름","title":"메모제목","content":"메모내용","userId":377}}'
} }
{ timestamp:2023-07-27T21:31:34.751+0900, tid:8610d8a0-2c79-11ee-a2cd-279d3f42d710, payload:{
  type: 'RES',
  code: 200,
  req: '{"type":"REQ","method":"POST","url":"/v1/memos/","tid":"8610d8a0-2c79-11ee-a2cd-279d3f42d710","params":{},"query":{},"body":"{\\"name\\":\\"메모이름\\",\\"title\\":\\"메모제목\\",\\"content\\":\\"메모내용\\"}"}',
  elapsed: undefined,
  response: '{"code":2000,"message":"OK","result":{"id":241,"name":"메모이름","title":"메모제목","content":"메모내용","userId":377}}'
} }
{ timestamp:2023-07-27T21:40:34.975+0900, tid:c810f1d0-2c7a-11ee-8ef5-a33023b0f33f, payload:{
  type: 'RES',
  code: 200,
  req: '{"type":"REQ","method":"POST","url":"/v1/memos/","tid":"c810f1d0-2c7a-11ee-8ef5-a33023b0f33f","params":{},"query":{},"body":"{\\"name\\":\\"메모이름\\",\\"title\\":\\"메모제목\\",\\"content\\":\\"메모내용\\"}"}',
  elapsed: undefined,
  response: '{"code":2000,"message":"OK","result":{"id":242,"name":"메모이름","title":"메모제목","content":"메모내용","userId":377}}'
} }
{ timestamp:2023-07-27T21:55:32.954+0900, tid:df4f3120-2c7c-11ee-b5ee-f717843279cd, payload:{
  type: 'RES',
  code: 200,
  req: '{"type":"REQ","method":"GET","url":"/v1/memos/","tid":"df4f3120-2c7c-11ee-b5ee-f717843279cd","params":{},"query":{},"body":"{}"}',
  elapsed: undefined,
  response: '{"code":2000,"message":"OK","result":[{"id":228,"name":"메모이름","title":"메모제목","content":"메모내용","userId":377},{"id":229,"name":"메모이름","title":"메모제목","content":"메모내용","userId":377},{"id":230,"name":"메모이름","title":"메모제목","content":"메모내용","userId":377},{"id":231,"name":"메모이름","title":"메모제목","content":"메모내용","userId":377},{"id":232,"name":"메모이름","title":"메모제목","content":"메모내용","userId":377},{"id":233,"name":"메모이름","title":"메모제목","content":"메모내용","userId":377},{"id":234,"name":"메모이름","title":"메모제목","content":"메모내용","userId":377},{"id":235,"name":"메모이름","title":"메모제목","content":"메모내용","userId":377},{"id":236,"name":"메모이름","title":"메모제목","content":"메모내용","userId":377},{"id":237,"name":"메모이름","title":"메모제목","content":"메모내용","userId":377},{"id":238,"name":"메모이름","title":"메모제목","content":"메모내용","userId":377},{"id":239,"name":"메모이름","title":"메모제목","content":"메모내용","userId":377},{"id":240,"name":"메모이름","title":"메모제목","content":"메모내용","userId":377},{"id":241,"name":"메모이름","title":"메모제목","content":"메모내용","userId":377},{"id":242,"name":"메모이름","title":"메모제목","content":"메모내용","userId":377}]}'
} }
{ timestamp:2023-07-27T23:17:20.024+0900, tid:4c252060-2c88-11ee-8055-37c70f7181d3, payload:{
  type: 'RES',
  code: 200,
  req: '{"type":"REQ","method":"GET","url":"/v1/memos/","tid":"4c252060-2c88-11ee-8055-37c70f7181d3","params":{},"query":{},"body":"{}"}',
  elapsed: undefined,
  response: '{"code":2000,"message":"OK","result":[{"id":228,"name":"메모이름","title":"메모제목","content":"메모내용","userId":377,"comments":[]},{"id":229,"name":"메모이름","title":"메모제목","content":"메모내용","userId":377,"comments":[]},{"id":230,"name":"메모이름","title":"메모제목","content":"메모내용","userId":377,"comments":[]},{"id":231,"name":"메모이름","title":"메모제목","content":"메모내용","userId":377,"comments":[{"id":152,"content":"이것은 댓글입니다.","memoId":231,"userId":377},{"id":151,"content":"이것은 댓글입니다.","memoId":231,"userId":377},{"id":150,"content":"이것은 댓글입니다.","memoId":231,"userId":377},{"id":149,"content":"이것은 댓글입니다.","memoId":231,"userId":377},{"id":148,"content":"이것은 댓글입니다.","memoId":231,"userId":377},{"id":147,"content":"이것은 댓글입니다.","memoId":231,"userId":377},{"id":146,"content":"이것은 댓글입니다.","memoId":231,"userId":377},{"id":145,"content":"이것은 댓글입니다.","memoId":231,"userId":377},{"id":144,"content":"이것은 댓글입니다.","memoId":231,"userId":377}]},{"id":232,"name":"메모이름","title":"메모제목","content":"메모내용","userId":377,"comments":[]},{"id":233,"name":"메모이름","title":"메모제목","content":"메모내용","userId":377,"comments":[]},{"id":234,"name":"메모이름","title":"메모제목","content":"메모내용","userId":377,"comments":[]},{"id":235,"name":"메모이름","title":"메모제목","content":"메모내용","userId":377,"comments":[]},{"id":236,"name":"메모이름","title":"메모제목","content":"메모내용","userId":377,"comments":[]},{"id":237,"name":"메모이름","title":"메모제목","content":"메모내용","userId":377,"comments":[]},{"id":238,"name":"메모이름","title":"메모제목","content":"메모내용","userId":377,"comments":[]},{"id":239,"name":"메모이름","title":"메모제목","content":"메모내용","userId":377,"comments":[]},{"id":240,"name":"메모이름","title":"메모제목","content":"메모내용","userId":377,"comments":[]},{"id":241,"name":"메모이름","title":"메모제목","content":"메모내용","userId":377,"comments":[]},{"id":242,"name":"메모이름","title":"메모제목","content":"메모내용","userId":377,"comments":[]}]}'
} }
