{ timestamp:2023-07-25T16:33:07.781+0900, tid:7fdb5450-2abd-11ee-a4fd-47cd2ab60af9, payload:{
  type: 'RES',
  code: 200,
  req: '{"type":"REQ","method":"GET","url":"/v1/memos/","tid":"7fdb5450-2abd-11ee-a4fd-47cd2ab60af9","params":{},"query":{},"body":"{}"}',
  elapsed: undefined,
  response: '{"code":2000,"message":"OK","result":[]}'
} }
{ timestamp:2023-07-25T16:42:00.646+0900, tid:bd7924d0-2abe-11ee-a4fd-47cd2ab60af9, payload:{
  type: 'RES',
  code: 200,
  req: '{"type":"REQ","method":"GET","url":"/v1/memos/","tid":"bd7924d0-2abe-11ee-a4fd-47cd2ab60af9","params":{},"query":{},"body":"{}"}',
  elapsed: undefined,
  response: '{"code":2000,"message":"OK","result":[]}'
} }
{ timestamp:2023-07-25T17:00:59.775+0900, tid:6470e8c0-2ac1-11ee-b4a5-b3bac7a01ebe, payload:{
  type: 'RES',
  code: 200,
  req: '{"type":"REQ","method":"GET","url":"/v1/memos/","tid":"6470e8c0-2ac1-11ee-b4a5-b3bac7a01ebe","params":{},"query":{},"body":"{}"}',
  elapsed: undefined,
  response: '{"code":2000,"message":"OK","result":[]}'
} }
{ timestamp:2023-07-25T17:01:02.406+0900, tid:66078e50-2ac1-11ee-b4a5-b3bac7a01ebe, payload:{
  type: 'RES',
  code: 200,
  req: '{"type":"REQ","method":"GET","url":"/v1/memos/","tid":"66078e50-2ac1-11ee-b4a5-b3bac7a01ebe","params":{},"query":{},"body":"{}"}',
  elapsed: undefined,
  response: '{"code":2000,"message":"OK","result":[]}'
} }
{ timestamp:2023-07-25T17:27:11.484+0900, tid:0d42ce70-2ac5-11ee-8227-69eada3b74ec, payload:{
  type: 'RES',
  code: 200,
  req: '{"type":"REQ","method":"GET","url":"/v1/memos/","tid":"0d42ce70-2ac5-11ee-8227-69eada3b74ec","params":{},"query":{},"body":"{}"}',
  elapsed: undefined,
  response: '{"code":2000,"message":"OK","result":[]}'
} }
{ timestamp:2023-07-25T19:54:20.605+0900, tid:9bd4abe0-2ad9-11ee-a304-33b8f5f854b7, payload:{
  type: 'RES',
  code: 200,
  req: '{"type":"REQ","method":"GET","url":"/v1/memos/","tid":"9bd4abe0-2ad9-11ee-a304-33b8f5f854b7","params":{},"query":{},"body":"{}"}',
  elapsed: undefined,
  response: '{"code":2000,"message":"OK","result":[]}'
} }
{ timestamp:2023-07-25T20:24:40.514+0900, tid:d891d900-2add-11ee-a4a7-c3416c84cdc3, payload:{
  type: 'RES',
  code: 200,
  req: '{"type":"REQ","method":"POST","url":"/v1/memos/","tid":"d891d900-2add-11ee-a4a7-c3416c84cdc3","params":{},"query":{},"body":"{\\"name\\":\\"hoax\\",\\"title\\":\\"New Memo\\",\\"content\\":\\"This is a new memo content.\\",\\"userId\\":123}"}',
  elapsed: undefined,
  response: '{"code":2000,"message":"OK","result":{"id":144,"name":"hoax","title":"New Memo","content":"This is a new memo content.","userId":154}}'
} }
{ timestamp:2023-07-25T20:25:08.507+0900, tid:e9453530-2add-11ee-a4a7-c3416c84cdc3, payload:{
  type: 'RES',
  code: 200,
  req: '{"type":"REQ","method":"POST","url":"/v1/memos/","tid":"e9453530-2add-11ee-a4a7-c3416c84cdc3","params":{},"query":{},"body":"{\\"name\\":\\"hoax\\",\\"title\\":\\"New Memo\\",\\"content\\":\\"This is a new memo content.\\",\\"userId\\":123}"}',
  elapsed: undefined,
  response: '{"code":2000,"message":"OK","result":{"id":145,"name":"hoax","title":"New Memo","content":"This is a new memo content.","userId":154}}'
} }
{ timestamp:2023-07-25T20:25:09.950+0900, tid:ea23d560-2add-11ee-a4a7-c3416c84cdc3, payload:{
  type: 'RES',
  code: 200,
  req: '{"type":"REQ","method":"POST","url":"/v1/memos/","tid":"ea23d560-2add-11ee-a4a7-c3416c84cdc3","params":{},"query":{},"body":"{\\"name\\":\\"hoax\\",\\"title\\":\\"New Memo\\",\\"content\\":\\"This is a new memo content.\\",\\"userId\\":123}"}',
  elapsed: undefined,
  response: '{"code":2000,"message":"OK","result":{"id":146,"name":"hoax","title":"New Memo","content":"This is a new memo content.","userId":154}}'
} }
{ timestamp:2023-07-25T20:25:26.234+0900, tid:f3d4e9a0-2add-11ee-a4a7-c3416c84cdc3, payload:{
  type: 'RES',
  code: 200,
  req: '{"type":"REQ","method":"GET","url":"/v1/memos/","tid":"f3d4e9a0-2add-11ee-a4a7-c3416c84cdc3","params":{},"query":{},"body":"{}"}',
  elapsed: undefined,
  response: '{"code":2000,"message":"OK","result":[{"id":144,"name":"hoax","title":"New Memo","content":"This is a new memo content.","userId":154},{"id":145,"name":"hoax","title":"New Memo","content":"This is a new memo content.","userId":154},{"id":146,"name":"hoax","title":"New Memo","content":"This is a new memo content.","userId":154}]}'
} }
{ timestamp:2023-07-25T20:25:58.004+0900, tid:06c7ae80-2ade-11ee-a4a7-c3416c84cdc3, payload:{
  type: 'RES',
  code: 200,
  req: '{"type":"REQ","method":"GET","url":"/v1/memos/","tid":"06c7ae80-2ade-11ee-a4a7-c3416c84cdc3","params":{},"query":{},"body":"{}"}',
  elapsed: undefined,
  response: '{"code":2000,"message":"OK","result":[]}'
} }
{ timestamp:2023-07-25T20:26:00.519+0900, tid:08488220-2ade-11ee-a4a7-c3416c84cdc3, payload:{
  type: 'RES',
  code: 200,
  req: '{"type":"REQ","method":"GET","url":"/v1/memos/","tid":"08488220-2ade-11ee-a4a7-c3416c84cdc3","params":{},"query":{},"body":"{}"}',
  elapsed: undefined,
  response: '{"code":2000,"message":"OK","result":[]}'
} }
{ timestamp:2023-07-25T20:27:24.455+0900, tid:3a4a2cb0-2ade-11ee-a4a7-c3416c84cdc3, payload:{
  type: 'RES',
  code: 200,
  req: '{"type":"REQ","method":"POST","url":"/v1/memos/","tid":"3a4a2cb0-2ade-11ee-a4a7-c3416c84cdc3","params":{},"query":{},"body":"{\\"name\\":\\"hoax\\",\\"title\\":\\"New Memo\\",\\"content\\":\\"This is a new memo content.\\"}"}',
  elapsed: undefined,
  response: '{"code":2000,"message":"OK","result":{"id":147,"name":"hoax","title":"New Memo","content":"This is a new memo content.","userId":168}}'
} }
{ timestamp:2023-07-25T20:30:54.672+0900, tid:b795d3e0-2ade-11ee-bbf3-31aa99c7d746, payload:{
  type: 'RES',
  code: 200,
  req: '{"type":"REQ","method":"POST","url":"/v1/memos/","tid":"b795d3e0-2ade-11ee-bbf3-31aa99c7d746","params":{},"query":{},"body":"{\\"name\\":\\"hoax\\",\\"title\\":\\"New Memo\\",\\"content\\":\\"This is a new memo content.\\"}"}',
  elapsed: undefined,
  response: '{"code":2000,"message":"OK","result":{"id":148,"name":"hoax","title":"New Memo","content":"This is a new memo content.","userId":168}}'
} }
{ timestamp:2023-07-25T20:34:26.180+0900, tid:35a7b140-2adf-11ee-9974-41b7e040225c, payload:{
  type: 'RES',
  code: 200,
  req: '{"type":"REQ","method":"POST","url":"/v1/memos/","tid":"35a7b140-2adf-11ee-9974-41b7e040225c","params":{},"query":{},"body":"{\\"name\\":\\"hoax\\",\\"title\\":\\"New Memo\\",\\"content\\":\\"This is a new memo content.\\"}"}',
  elapsed: undefined,
  response: '{"code":2000,"message":"OK","result":{"id":149,"name":"hoax","title":"New Memo","content":"This is a new memo content.","userId":168}}'
} }
{ timestamp:2023-07-25T20:45:41.795+0900, tid:c8537e60-2ae0-11ee-984e-ad334e2b5777, payload:{
  type: 'RES',
  code: 200,
  req: '{"type":"REQ","method":"DELETE","url":"/v1/memos/149","tid":"c8537e60-2ae0-11ee-984e-ad334e2b5777","params":{"id":"149"},"query":{},"body":"{}"}',
  elapsed: undefined,
  response: '{"code":2000,"message":"OK","result":{"id":149,"name":"hoax","title":"New Memo","content":"This is a new memo content.","userId":168}}'
} }
{ timestamp:2023-07-25T20:46:42.709+0900, tid:ecae2260-2ae0-11ee-984e-ad334e2b5777, payload:{
  type: 'RES',
  code: 200,
  req: '{"type":"REQ","method":"DELETE","url":"/v1/memos/148","tid":"ecae2260-2ae0-11ee-984e-ad334e2b5777","params":{"id":"148"},"query":{},"body":"{}"}',
  elapsed: undefined,
  response: '{"code":2000,"message":"OK","result":{"id":148,"name":"hoax","title":"New Memo","content":"This is a new memo content.","userId":168}}'
} }
{ timestamp:2023-07-25T21:15:35.102+0900, tid:f5416dc0-2ae4-11ee-bd66-a582b4c30db8, payload:{
  type: 'RES',
  code: 200,
  req: '{"type":"REQ","method":"GET","url":"/v1/memos/","tid":"f5416dc0-2ae4-11ee-bd66-a582b4c30db8","params":{},"query":{},"body":"{}"}',
  elapsed: undefined,
  response: '{"code":2000,"message":"OK","result":[{"id":147,"name":"hoax","title":"New Memo","content":"This is a new memo content.","userId":168}]}'
} }
{ timestamp:2023-07-25T21:15:35.156+0900, tid:f54b0ab0-2ae4-11ee-bd66-a582b4c30db8, payload:{
  type: 'RES',
  code: 200,
  req: '{"type":"REQ","method":"POST","url":"/v1/memos/","tid":"f54b0ab0-2ae4-11ee-bd66-a582b4c30db8","params":{},"query":{},"body":"{\\"name\\":\\"hoax\\",\\"title\\":\\"New Memo\\",\\"content\\":\\"This is a new memo content.\\"}"}',
  elapsed: undefined,
  response: '{"code":2000,"message":"OK","result":{"id":150,"name":"hoax","title":"New Memo","content":"This is a new memo content.","userId":168}}'
} }
{ timestamp:2023-07-25T21:15:35.921+0900, tid:f5c2abb0-2ae4-11ee-bd66-a582b4c30db8, payload:{
  type: 'RES',
  code: 200,
  req: '{"type":"REQ","method":"GET","url":"/v1/memos/","tid":"f5c2abb0-2ae4-11ee-bd66-a582b4c30db8","params":{},"query":{},"body":"{}"}',
  elapsed: undefined,
  response: '{"code":2000,"message":"OK","result":[{"id":147,"name":"hoax","title":"New Memo","content":"This is a new memo content.","userId":168},{"id":150,"name":"hoax","title":"New Memo","content":"This is a new memo content.","userId":168}]}'
} }
{ timestamp:2023-07-25T21:15:36.468+0900, tid:f615fbd0-2ae4-11ee-bd66-a582b4c30db8, payload:{
  type: 'RES',
  code: 200,
  req: '{"type":"REQ","method":"GET","url":"/v1/memos/","tid":"f615fbd0-2ae4-11ee-bd66-a582b4c30db8","params":{},"query":{},"body":"{}"}',
  elapsed: undefined,
  response: '{"code":2000,"message":"OK","result":[{"id":147,"name":"hoax","title":"New Memo","content":"This is a new memo content.","userId":168},{"id":150,"name":"hoax","title":"New Memo","content":"This is a new memo content.","userId":168}]}'
} }
{ timestamp:2023-07-25T21:15:36.688+0900, tid:f637dbb0-2ae4-11ee-bd66-a582b4c30db8, payload:{
  type: 'RES',
  code: 200,
  req: '{"type":"REQ","method":"GET","url":"/v1/memos/","tid":"f637dbb0-2ae4-11ee-bd66-a582b4c30db8","params":{},"query":{},"body":"{}"}',
  elapsed: undefined,
  response: '{"code":2000,"message":"OK","result":[{"id":147,"name":"hoax","title":"New Memo","content":"This is a new memo content.","userId":168},{"id":150,"name":"hoax","title":"New Memo","content":"This is a new memo content.","userId":168}]}'
} }
{ timestamp:2023-07-25T21:15:36.873+0900, tid:f653ef30-2ae4-11ee-bd66-a582b4c30db8, payload:{
  type: 'RES',
  code: 200,
  req: '{"type":"REQ","method":"GET","url":"/v1/memos/","tid":"f653ef30-2ae4-11ee-bd66-a582b4c30db8","params":{},"query":{},"body":"{}"}',
  elapsed: undefined,
  response: '{"code":2000,"message":"OK","result":[{"id":147,"name":"hoax","title":"New Memo","content":"This is a new memo content.","userId":168},{"id":150,"name":"hoax","title":"New Memo","content":"This is a new memo content.","userId":168}]}'
} }
{ timestamp:2023-07-25T21:15:37.048+0900, tid:f66eca30-2ae4-11ee-bd66-a582b4c30db8, payload:{
  type: 'RES',
  code: 200,
  req: '{"type":"REQ","method":"GET","url":"/v1/memos/","tid":"f66eca30-2ae4-11ee-bd66-a582b4c30db8","params":{},"query":{},"body":"{}"}',
  elapsed: undefined,
  response: '{"code":2000,"message":"OK","result":[{"id":147,"name":"hoax","title":"New Memo","content":"This is a new memo content.","userId":168},{"id":150,"name":"hoax","title":"New Memo","content":"This is a new memo content.","userId":168}]}'
} }
{ timestamp:2023-07-25T21:15:37.254+0900, tid:f68ba100-2ae4-11ee-bd66-a582b4c30db8, payload:{
  type: 'RES',
  code: 200,
  req: '{"type":"REQ","method":"GET","url":"/v1/memos/","tid":"f68ba100-2ae4-11ee-bd66-a582b4c30db8","params":{},"query":{},"body":"{}"}',
  elapsed: undefined,
  response: '{"code":2000,"message":"OK","result":[{"id":147,"name":"hoax","title":"New Memo","content":"This is a new memo content.","userId":168},{"id":150,"name":"hoax","title":"New Memo","content":"This is a new memo content.","userId":168}]}'
} }
{ timestamp:2023-07-25T21:16:16.183+0900, tid:0dc05550-2ae5-11ee-bd66-a582b4c30db8, payload:{
  type: 'RES',
  code: 200,
  req: '{"type":"REQ","method":"GET","url":"/v1/memos/","tid":"0dc05550-2ae5-11ee-bd66-a582b4c30db8","params":{},"query":{},"body":"{}"}',
  elapsed: undefined,
  response: '{"code":2000,"message":"OK","result":[{"id":147,"name":"hoax","title":"New Memo","content":"This is a new memo content.","userId":168},{"id":150,"name":"hoax","title":"New Memo","content":"This is a new memo content.","userId":168}]}'
} }
{ timestamp:2023-07-25T21:16:21.047+0900, tid:10a88120-2ae5-11ee-bd66-a582b4c30db8, payload:{
  type: 'RES',
  code: 200,
  req: '{"type":"REQ","method":"GET","url":"/v1/memos/","tid":"10a88120-2ae5-11ee-bd66-a582b4c30db8","params":{},"query":{},"body":"{}"}',
  elapsed: undefined,
  response: '{"code":2000,"message":"OK","result":[{"id":147,"name":"hoax","title":"New Memo","content":"This is a new memo content.","userId":168},{"id":150,"name":"hoax","title":"New Memo","content":"This is a new memo content.","userId":168}]}'
} }
{ timestamp:2023-07-25T21:16:22.226+0900, tid:115c67d0-2ae5-11ee-bd66-a582b4c30db8, payload:{
  type: 'RES',
  code: 200,
  req: '{"type":"REQ","method":"GET","url":"/v1/memos/","tid":"115c67d0-2ae5-11ee-bd66-a582b4c30db8","params":{},"query":{},"body":"{}"}',
  elapsed: undefined,
  response: '{"code":2000,"message":"OK","result":[{"id":147,"name":"hoax","title":"New Memo","content":"This is a new memo content.","userId":168},{"id":150,"name":"hoax","title":"New Memo","content":"This is a new memo content.","userId":168}]}'
} }
{ timestamp:2023-07-25T21:16:32.678+0900, tid:17945ae0-2ae5-11ee-8822-9fb599e6b7bd, payload:{
  type: 'RES',
  code: 200,
  req: '{"type":"REQ","method":"GET","url":"/v1/memos/","tid":"17945ae0-2ae5-11ee-8822-9fb599e6b7bd","params":{},"query":{},"body":"{}"}',
  elapsed: undefined,
  response: '{"code":2000,"message":"OK","result":[{"id":147,"name":"hoax","title":"New Memo","content":"This is a new memo content.","userId":168},{"id":150,"name":"hoax","title":"New Memo","content":"This is a new memo content.","userId":168}]}'
} }
{ timestamp:2023-07-25T21:16:52.509+0900, tid:2367b2e0-2ae5-11ee-8822-9fb599e6b7bd, payload:{
  type: 'RES',
  code: 200,
  req: '{"type":"REQ","method":"GET","url":"/v1/memos/","tid":"2367b2e0-2ae5-11ee-8822-9fb599e6b7bd","params":{},"query":{},"body":"{}"}',
  elapsed: undefined,
  response: '{"code":2000,"message":"OK","result":[{"id":147,"name":"hoax","title":"New Memo","content":"This is a new memo content.","userId":168},{"id":150,"name":"hoax","title":"New Memo","content":"This is a new memo content.","userId":168}]}'
} }
{ timestamp:2023-07-25T21:16:59.575+0900, tid:279f4210-2ae5-11ee-8822-9fb599e6b7bd, payload:{
  type: 'RES',
  code: 200,
  req: '{"type":"REQ","method":"GET","url":"/v1/memos/","tid":"279f4210-2ae5-11ee-8822-9fb599e6b7bd","params":{},"query":{},"body":"{}"}',
  elapsed: undefined,
  response: '{"code":2000,"message":"OK","result":[{"id":147,"name":"hoax","title":"New Memo","content":"This is a new memo content.","userId":168},{"id":150,"name":"hoax","title":"New Memo","content":"This is a new memo content.","userId":168}]}'
} }
{ timestamp:2023-07-25T21:17:24.479+0900, tid:3676b250-2ae5-11ee-8822-9fb599e6b7bd, payload:{
  type: 'RES',
  code: 200,
  req: '{"type":"REQ","method":"GET","url":"/v1/memos/","tid":"3676b250-2ae5-11ee-8822-9fb599e6b7bd","params":{},"query":{},"body":"{}"}',
  elapsed: undefined,
  response: '{"code":2000,"message":"OK","result":[{"id":147,"name":"hoax","title":"New Memo","content":"This is a new memo content.","userId":168},{"id":150,"name":"hoax","title":"New Memo","content":"This is a new memo content.","userId":168}]}'
} }
{ timestamp:2023-07-25T21:17:29.479+0900, tid:3971f0f0-2ae5-11ee-8822-9fb599e6b7bd, payload:{
  type: 'RES',
  code: 200,
  req: '{"type":"REQ","method":"GET","url":"/v1/memos/","tid":"3971f0f0-2ae5-11ee-8822-9fb599e6b7bd","params":{},"query":{},"body":"{}"}',
  elapsed: undefined,
  response: '{"code":2000,"message":"OK","result":[{"id":147,"name":"hoax","title":"New Memo","content":"This is a new memo content.","userId":168},{"id":150,"name":"hoax","title":"New Memo","content":"This is a new memo content.","userId":168}]}'
} }
{ timestamp:2023-07-25T21:24:50.526+0900, tid:403d54f0-2ae6-11ee-86b5-63a865526dc4, payload:{
  type: 'RES',
  code: 200,
  req: '{"type":"REQ","method":"GET","url":"/v1/memos/","tid":"403d54f0-2ae6-11ee-86b5-63a865526dc4","params":{},"query":{},"body":"{}"}',
  elapsed: undefined,
  response: '{"code":2000,"message":"OK","result":[{"id":147,"name":"hoax","title":"New Memo","content":"This is a new memo content.","userId":168},{"id":150,"name":"hoax","title":"New Memo","content":"This is a new memo content.","userId":168}]}'
} }
