{ timestamp:2023-07-26T08:54:28.209+0900, tid:974dafa0-2b46-11ee-8ae4-d3f5292a750a, payload:{
  type: 'RES',
  code: 200,
  req: '{"type":"REQ","method":"POST","url":"/v1/memos/","tid":"974dafa0-2b46-11ee-8ae4-d3f5292a750a","params":{},"query":{},"body":"{\\"name\\":\\"hdsaoax\\",\\"title\\":\\"New Memo\\",\\"content\\":\\"This is a new memo content.\\"}"}',
  elapsed: undefined,
  response: '{"code":2000,"message":"OK","result":{"id":151,"name":"hdsaoax","title":"New Memo","content":"This is a new memo content.","userId":168}}'
} }
{ timestamp:2023-07-26T08:54:45.904+0900, tid:a1dfae00-2b46-11ee-b4ad-e7823df7d654, payload:{
  type: 'RES',
  code: 200,
  req: '{"type":"REQ","method":"POST","url":"/v1/memos/","tid":"a1dfae00-2b46-11ee-b4ad-e7823df7d654","params":{},"query":{},"body":"{\\"name\\":\\"hdsaoax\\",\\"title\\":\\"New Memo\\",\\"content\\":\\"This is a new memo content.\\"}"}',
  elapsed: undefined,
  response: '{"code":2000,"message":"OK","result":{"id":152,"name":"hdsaoax","title":"New Memo","content":"This is a new memo content.","userId":168}}'
} }
{ timestamp:2023-07-26T08:58:49.900+0900, tid:334fe350-2b47-11ee-b49a-f1934588ac72, payload:{
  type: 'RES',
  code: 200,
  req: '{"type":"REQ","method":"POST","url":"/v1/memos/","tid":"334fe350-2b47-11ee-b49a-f1934588ac72","params":{},"query":{},"body":"{\\"name\\":\\"hdsaoax\\",\\"title\\":\\"New Memo\\",\\"content\\":\\"This is a new memo content.\\"}"}',
  elapsed: undefined,
  response: '{"code":2000,"message":"OK","result":{"id":153,"name":"hdsaoax","title":"New Memo","content":"This is a new memo content.","userId":168}}'
} }
{ timestamp:2023-07-26T08:59:17.747+0900, tid:43ead580-2b47-11ee-b49a-f1934588ac72, payload:{
  type: 'RES',
  code: 200,
  req: '{"type":"REQ","method":"GET","url":"/v1/memos/","tid":"43ead580-2b47-11ee-b49a-f1934588ac72","params":{},"query":{},"body":"{}"}',
  elapsed: undefined,
  response: '{"code":2000,"message":"OK","result":[{"id":147,"name":"hoax","title":"New Memo","content":"This is a new memo content.","userId":168},{"id":150,"name":"hoax","title":"New Memo","content":"This is a new memo content.","userId":168},{"id":151,"name":"hdsaoax","title":"New Memo","content":"This is a new memo content.","userId":168},{"id":152,"name":"hdsaoax","title":"New Memo","content":"This is a new memo content.","userId":168},{"id":153,"name":"hdsaoax","title":"New Memo","content":"This is a new memo content.","userId":168}]}'
} }
{ timestamp:2023-07-26T14:21:07.699+0900, tid:398e6ca0-2b74-11ee-b6b2-c7a186d1d1aa, payload:{
  type: 'RES',
  code: 200,
  req: '{"type":"REQ","method":"POST","url":"/v1/memos/","tid":"398e6ca0-2b74-11ee-b6b2-c7a186d1d1aa","params":{},"query":{},"body":"{\\"name\\":\\"namee\\",\\"title\\":\\"titlee\\",\\"content\\":\\"conteent\\"}"}',
  elapsed: undefined,
  response: '{"code":2000,"message":"OK","result":{"id":154,"name":"namee","title":"titlee","content":"conteent","userId":168}}'
} }
{ timestamp:2023-07-26T14:21:59.185+0900, tid:583edea0-2b74-11ee-95d4-a94f8e67150b, payload:{
  type: 'RES',
  code: 200,
  req: '{"type":"REQ","method":"POST","url":"/v1/memos/","tid":"583edea0-2b74-11ee-95d4-a94f8e67150b","params":{},"query":{},"body":"{\\"name\\":\\"namee\\",\\"title\\":\\"titlee\\",\\"content\\":\\"conteent\\"}"}',
  elapsed: undefined,
  response: '{"code":2000,"message":"OK","result":{"id":155,"name":"namee","title":"titlee","content":"conteent","userId":168}}'
} }
{ timestamp:2023-07-26T14:22:40.972+0900, tid:71273660-2b74-11ee-8578-751ceea49d40, payload:{
  type: 'RES',
  code: 200,
  req: '{"type":"REQ","method":"POST","url":"/v1/memos/","tid":"71273660-2b74-11ee-8578-751ceea49d40","params":{},"query":{},"body":"{\\"name\\":\\"namee\\",\\"title\\":\\"titlee\\",\\"content\\":\\"conteent\\"}"}',
  elapsed: undefined,
  response: '{"code":2000,"message":"OK","result":{"id":156,"name":"namee","title":"titlee","content":"conteent","userId":168}}'
} }
{ timestamp:2023-07-26T14:24:24.172+0900, tid:aeaa6f70-2b74-11ee-9058-dd3f4d98640d, payload:{
  type: 'RES',
  code: 200,
  req: '{"type":"REQ","method":"POST","url":"/v1/memos/","tid":"aeaa6f70-2b74-11ee-9058-dd3f4d98640d","params":{},"query":{},"body":"{\\"name\\":\\"namee\\",\\"title\\":\\"titlee\\",\\"content\\":\\"conteent\\"}"}',
  elapsed: undefined,
  response: '{"code":2000,"message":"OK","result":{"id":157,"name":"namee","title":"titlee","content":"conteent","userId":168}}'
} }
{ timestamp:2023-07-26T14:26:30.325+0900, tid:f9db17b0-2b74-11ee-bfb6-a5e4a49c4877, payload:{
  type: 'RES',
  code: 200,
  req: '{"type":"REQ","method":"POST","url":"/v1/memos/","tid":"f9db17b0-2b74-11ee-bfb6-a5e4a49c4877","params":{},"query":{},"body":"{\\"name\\":\\"namee\\",\\"title\\":\\"titlee\\",\\"content\\":\\"conteent\\"}"}',
  elapsed: undefined,
  response: '{"code":2000,"message":"OK","result":{"id":158,"name":"namee","title":"titlee","content":"conteent","userId":168}}'
} }
{ timestamp:2023-07-26T14:26:45.149+0900, tid:02b1d180-2b75-11ee-8b5f-f7ba85cd2d17, payload:{
  type: 'RES',
  code: 200,
  req: '{"type":"REQ","method":"POST","url":"/v1/memos/","tid":"02b1d180-2b75-11ee-8b5f-f7ba85cd2d17","params":{},"query":{},"body":"{\\"name\\":\\"namee\\",\\"title\\":\\"titlee\\",\\"content\\":\\"conteent\\"}"}',
  elapsed: undefined,
  response: '{"code":2000,"message":"OK","result":{"id":159,"name":"namee","title":"titlee","content":"conteent","userId":168}}'
} }
{ timestamp:2023-07-26T14:28:33.427+0900, tid:433a3440-2b75-11ee-8ddd-ed04abb06c93, payload:{
  type: 'RES',
  code: 200,
  req: '{"type":"REQ","method":"POST","url":"/v1/memos/","tid":"433a3440-2b75-11ee-8ddd-ed04abb06c93","params":{},"query":{},"body":"{\\"name\\":\\"namee\\",\\"title\\":\\"titlee\\",\\"content\\":\\"conteent\\"}"}',
  elapsed: undefined,
  response: '{"code":2000,"message":"OK","result":{"id":160,"name":"namee","title":"titlee","content":"conteent","userId":168}}'
} }
{ timestamp:2023-07-26T14:30:00.731+0900, tid:77454360-2b75-11ee-9d42-e136cd97691b, payload:{
  type: 'RES',
  code: 200,
  req: '{"type":"REQ","method":"POST","url":"/v1/memos/","tid":"77454360-2b75-11ee-9d42-e136cd97691b","params":{},"query":{},"body":"{\\"name\\":\\"namee\\",\\"title\\":\\"titlee\\",\\"content\\":\\"conteent\\"}"}',
  elapsed: undefined,
  response: '{"code":2000,"message":"OK","result":{"id":161,"name":"namee","title":"titlee","content":"conteent","userId":168}}'
} }
{ timestamp:2023-07-26T14:40:47.489+0900, tid:f8c43e90-2b76-11ee-9f5c-372a7e8262d1, payload:{
  type: 'RES',
  code: 200,
  req: '{"type":"REQ","method":"POST","url":"/v1/memos/","tid":"f8c43e90-2b76-11ee-9f5c-372a7e8262d1","params":{},"query":{},"body":"{\\"name\\":\\"namee\\",\\"title\\":\\"titlee\\",\\"content\\":\\"conteent\\"}"}',
  elapsed: undefined,
  response: '{"code":2000,"message":"OK","result":{"id":164,"name":"namee","title":"titlee","content":"conteent","userId":168}}'
} }
{ timestamp:2023-07-26T14:41:22.396+0900, tid:0d92ef60-2b77-11ee-b83d-77f062afabc2, payload:{
  type: 'RES',
  code: 200,
  req: '{"type":"REQ","method":"POST","url":"/v1/memos/","tid":"0d92ef60-2b77-11ee-b83d-77f062afabc2","params":{},"query":{},"body":"{\\"name\\":\\"namee\\",\\"title\\":\\"titlee\\",\\"content\\":\\"conteent\\"}"}',
  elapsed: undefined,
  response: '{"code":2000,"message":"OK","result":{"id":167,"name":"namee","title":"titlee","content":"conteent","userId":168}}'
} }
{ timestamp:2023-07-26T14:41:22.471+0900, tid:0d9e8820-2b77-11ee-b83d-77f062afabc2, payload:{
  type: 'RES',
  code: 200,
  req: '{"type":"REQ","method":"GET","url":"/v1/memos/","tid":"0d9e8820-2b77-11ee-b83d-77f062afabc2","params":{},"query":{},"body":"{}"}',
  elapsed: undefined,
  response: '{"code":2000,"message":"OK","result":[{"id":147,"name":"hoax","title":"New Memo","content":"This is a new memo content.","userId":168},{"id":150,"name":"hoax","title":"New Memo","content":"This is a new memo content.","userId":168},{"id":151,"name":"hdsaoax","title":"New Memo","content":"This is a new memo content.","userId":168},{"id":152,"name":"hdsaoax","title":"New Memo","content":"This is a new memo content.","userId":168},{"id":153,"name":"hdsaoax","title":"New Memo","content":"This is a new memo content.","userId":168},{"id":154,"name":"namee","title":"titlee","content":"conteent","userId":168},{"id":155,"name":"namee","title":"titlee","content":"conteent","userId":168},{"id":156,"name":"namee","title":"titlee","content":"conteent","userId":168},{"id":157,"name":"namee","title":"titlee","content":"conteent","userId":168},{"id":158,"name":"namee","title":"titlee","content":"conteent","userId":168},{"id":159,"name":"namee","title":"titlee","content":"conteent","userId":168},{"id":160,"name":"namee","title":"titlee","content":"conteent","userId":168},{"id":161,"name":"namee","title":"titlee","content":"conteent","userId":168},{"id":164,"name":"namee","title":"titlee","content":"conteent","userId":168},{"id":167,"name":"namee","title":"titlee","content":"conteent","userId":168}]}'
} }
{ timestamp:2023-07-26T14:41:34.332+0900, tid:14b08780-2b77-11ee-ac9a-21e0ff42524a, payload:{
  type: 'RES',
  code: 200,
  req: '{"type":"REQ","method":"POST","url":"/v1/memos/","tid":"14b08780-2b77-11ee-ac9a-21e0ff42524a","params":{},"query":{},"body":"{\\"name\\":\\"namee\\",\\"title\\":\\"titlee\\",\\"content\\":\\"conteent\\"}"}',
  elapsed: undefined,
  response: '{"code":2000,"message":"OK","result":{"id":170,"name":"namee","title":"titlee","content":"conteent","userId":168}}'
} }
{ timestamp:2023-07-26T14:41:34.404+0900, tid:14bb8400-2b77-11ee-ac9a-21e0ff42524a, payload:{
  type: 'RES',
  code: 200,
  req: '{"type":"REQ","method":"GET","url":"/v1/memos/","tid":"14bb8400-2b77-11ee-ac9a-21e0ff42524a","params":{},"query":{},"body":"{}"}',
  elapsed: undefined,
  response: '{"code":2000,"message":"OK","result":[{"id":147,"name":"hoax","title":"New Memo","content":"This is a new memo content.","userId":168},{"id":150,"name":"hoax","title":"New Memo","content":"This is a new memo content.","userId":168},{"id":151,"name":"hdsaoax","title":"New Memo","content":"This is a new memo content.","userId":168},{"id":152,"name":"hdsaoax","title":"New Memo","content":"This is a new memo content.","userId":168},{"id":153,"name":"hdsaoax","title":"New Memo","content":"This is a new memo content.","userId":168},{"id":154,"name":"namee","title":"titlee","content":"conteent","userId":168},{"id":155,"name":"namee","title":"titlee","content":"conteent","userId":168},{"id":156,"name":"namee","title":"titlee","content":"conteent","userId":168},{"id":157,"name":"namee","title":"titlee","content":"conteent","userId":168},{"id":158,"name":"namee","title":"titlee","content":"conteent","userId":168},{"id":159,"name":"namee","title":"titlee","content":"conteent","userId":168},{"id":160,"name":"namee","title":"titlee","content":"conteent","userId":168},{"id":161,"name":"namee","title":"titlee","content":"conteent","userId":168},{"id":164,"name":"namee","title":"titlee","content":"conteent","userId":168},{"id":167,"name":"namee","title":"titlee","content":"conteent","userId":168},{"id":170,"name":"namee","title":"titlee","content":"conteent","userId":168}]}'
} }
{ timestamp:2023-07-26T14:41:40.449+0900, tid:18554c90-2b77-11ee-94d0-3f8d824d00b3, payload:{
  type: 'RES',
  code: 200,
  req: '{"type":"REQ","method":"POST","url":"/v1/memos/","tid":"18554c90-2b77-11ee-94d0-3f8d824d00b3","params":{},"query":{},"body":"{\\"name\\":\\"namee\\",\\"title\\":\\"titlee\\",\\"content\\":\\"conteent\\"}"}',
  elapsed: undefined,
  response: '{"code":2000,"message":"OK","result":{"id":173,"name":"namee","title":"titlee","content":"conteent","userId":168}}'
} }
{ timestamp:2023-07-26T14:41:40.521+0900, tid:1860e550-2b77-11ee-94d0-3f8d824d00b3, payload:{
  type: 'RES',
  code: 200,
  req: '{"type":"REQ","method":"GET","url":"/v1/memos/","tid":"1860e550-2b77-11ee-94d0-3f8d824d00b3","params":{},"query":{},"body":"{}"}',
  elapsed: undefined,
  response: '{"code":2000,"message":"OK","result":[{"id":147,"name":"hoax","title":"New Memo","content":"This is a new memo content.","userId":168},{"id":150,"name":"hoax","title":"New Memo","content":"This is a new memo content.","userId":168},{"id":151,"name":"hdsaoax","title":"New Memo","content":"This is a new memo content.","userId":168},{"id":152,"name":"hdsaoax","title":"New Memo","content":"This is a new memo content.","userId":168},{"id":153,"name":"hdsaoax","title":"New Memo","content":"This is a new memo content.","userId":168},{"id":154,"name":"namee","title":"titlee","content":"conteent","userId":168},{"id":155,"name":"namee","title":"titlee","content":"conteent","userId":168},{"id":156,"name":"namee","title":"titlee","content":"conteent","userId":168},{"id":157,"name":"namee","title":"titlee","content":"conteent","userId":168},{"id":158,"name":"namee","title":"titlee","content":"conteent","userId":168},{"id":159,"name":"namee","title":"titlee","content":"conteent","userId":168},{"id":160,"name":"namee","title":"titlee","content":"conteent","userId":168},{"id":161,"name":"namee","title":"titlee","content":"conteent","userId":168},{"id":164,"name":"namee","title":"titlee","content":"conteent","userId":168},{"id":167,"name":"namee","title":"titlee","content":"conteent","userId":168},{"id":170,"name":"namee","title":"titlee","content":"conteent","userId":168},{"id":173,"name":"namee","title":"titlee","content":"conteent","userId":168}]}'
} }
{ timestamp:2023-07-26T14:43:04.338+0900, tid:4a560cc0-2b77-11ee-a560-614c004315f4, payload:{
  type: 'RES',
  code: 200,
  req: '{"type":"REQ","method":"POST","url":"/v1/memos/","tid":"4a560cc0-2b77-11ee-a560-614c004315f4","params":{},"query":{},"body":"{\\"name\\":\\"namee\\",\\"title\\":\\"titlee\\",\\"content\\":\\"conteent\\"}"}',
  elapsed: undefined,
  response: '{"code":2000,"message":"OK","result":{"id":176,"name":"namee","title":"titlee","content":"conteent","userId":168}}'
} }
{ timestamp:2023-07-26T14:43:04.409+0900, tid:4a615760-2b77-11ee-a560-614c004315f4, payload:{
  type: 'RES',
  code: 200,
  req: '{"type":"REQ","method":"GET","url":"/v1/memos/","tid":"4a615760-2b77-11ee-a560-614c004315f4","params":{},"query":{},"body":"{}"}',
  elapsed: undefined,
  response: '{"code":2000,"message":"OK","result":[{"id":147,"name":"hoax","title":"New Memo","content":"This is a new memo content.","userId":168},{"id":150,"name":"hoax","title":"New Memo","content":"This is a new memo content.","userId":168},{"id":151,"name":"hdsaoax","title":"New Memo","content":"This is a new memo content.","userId":168},{"id":152,"name":"hdsaoax","title":"New Memo","content":"This is a new memo content.","userId":168},{"id":153,"name":"hdsaoax","title":"New Memo","content":"This is a new memo content.","userId":168},{"id":154,"name":"namee","title":"titlee","content":"conteent","userId":168},{"id":155,"name":"namee","title":"titlee","content":"conteent","userId":168},{"id":156,"name":"namee","title":"titlee","content":"conteent","userId":168},{"id":157,"name":"namee","title":"titlee","content":"conteent","userId":168},{"id":158,"name":"namee","title":"titlee","content":"conteent","userId":168},{"id":159,"name":"namee","title":"titlee","content":"conteent","userId":168},{"id":160,"name":"namee","title":"titlee","content":"conteent","userId":168},{"id":161,"name":"namee","title":"titlee","content":"conteent","userId":168},{"id":164,"name":"namee","title":"titlee","content":"conteent","userId":168},{"id":167,"name":"namee","title":"titlee","content":"conteent","userId":168},{"id":170,"name":"namee","title":"titlee","content":"conteent","userId":168},{"id":173,"name":"namee","title":"titlee","content":"conteent","userId":168},{"id":176,"name":"namee","title":"titlee","content":"conteent","userId":168}]}'
} }
{ timestamp:2023-07-26T14:44:36.538+0900, tid:814af560-2b77-11ee-8d55-3b86ecd4a092, payload:{
  type: 'RES',
  code: 200,
  req: '{"type":"REQ","method":"POST","url":"/v1/memos/","tid":"814af560-2b77-11ee-8d55-3b86ecd4a092","params":{},"query":{},"body":"{\\"name\\":\\"namee\\",\\"title\\":\\"titlee\\",\\"content\\":\\"conteent\\"}"}',
  elapsed: undefined,
  response: '{"code":2000,"message":"OK","result":{"id":179,"name":"namee","title":"titlee","content":"conteent","userId":168}}'
} }
{ timestamp:2023-07-26T14:44:36.611+0900, tid:815618f0-2b77-11ee-8d55-3b86ecd4a092, payload:{
  type: 'RES',
  code: 200,
  req: '{"type":"REQ","method":"GET","url":"/v1/memos/","tid":"815618f0-2b77-11ee-8d55-3b86ecd4a092","params":{},"query":{},"body":"{}"}',
  elapsed: undefined,
  response: '{"code":2000,"message":"OK","result":[{"id":147,"name":"hoax","title":"New Memo","content":"This is a new memo content.","userId":168},{"id":150,"name":"hoax","title":"New Memo","content":"This is a new memo content.","userId":168},{"id":151,"name":"hdsaoax","title":"New Memo","content":"This is a new memo content.","userId":168},{"id":152,"name":"hdsaoax","title":"New Memo","content":"This is a new memo content.","userId":168},{"id":153,"name":"hdsaoax","title":"New Memo","content":"This is a new memo content.","userId":168},{"id":154,"name":"namee","title":"titlee","content":"conteent","userId":168},{"id":155,"name":"namee","title":"titlee","content":"conteent","userId":168},{"id":156,"name":"namee","title":"titlee","content":"conteent","userId":168},{"id":157,"name":"namee","title":"titlee","content":"conteent","userId":168},{"id":158,"name":"namee","title":"titlee","content":"conteent","userId":168},{"id":159,"name":"namee","title":"titlee","content":"conteent","userId":168},{"id":160,"name":"namee","title":"titlee","content":"conteent","userId":168},{"id":161,"name":"namee","title":"titlee","content":"conteent","userId":168},{"id":164,"name":"namee","title":"titlee","content":"conteent","userId":168},{"id":167,"name":"namee","title":"titlee","content":"conteent","userId":168},{"id":170,"name":"namee","title":"titlee","content":"conteent","userId":168},{"id":173,"name":"namee","title":"titlee","content":"conteent","userId":168},{"id":176,"name":"namee","title":"titlee","content":"conteent","userId":168},{"id":179,"name":"namee","title":"titlee","content":"conteent","userId":168}]}'
} }
{ timestamp:2023-07-26T14:46:17.067+0900, tid:bd362950-2b77-11ee-92cd-21bc95093c00, payload:{
  type: 'RES',
  code: 200,
  req: '{"type":"REQ","method":"POST","url":"/v1/memos/","tid":"bd362950-2b77-11ee-92cd-21bc95093c00","params":{},"query":{},"body":"{\\"name\\":\\"namee\\",\\"title\\":\\"titlee\\",\\"content\\":\\"conteent\\"}"}',
  elapsed: undefined,
  response: '{"code":2000,"message":"OK","result":{"id":181,"name":"namee","title":"titlee","content":"conteent","userId":168}}'
} }
{ timestamp:2023-07-26T14:46:17.139+0900, tid:bd419b00-2b77-11ee-92cd-21bc95093c00, payload:{
  type: 'RES',
  code: 200,
  req: '{"type":"REQ","method":"GET","url":"/v1/memos/","tid":"bd419b00-2b77-11ee-92cd-21bc95093c00","params":{},"query":{},"body":"{}"}',
  elapsed: undefined,
  response: '{"code":2000,"message":"OK","result":[{"id":147,"name":"hoax","title":"New Memo","content":"This is a new memo content.","userId":168},{"id":150,"name":"hoax","title":"New Memo","content":"This is a new memo content.","userId":168},{"id":151,"name":"hdsaoax","title":"New Memo","content":"This is a new memo content.","userId":168},{"id":152,"name":"hdsaoax","title":"New Memo","content":"This is a new memo content.","userId":168},{"id":153,"name":"hdsaoax","title":"New Memo","content":"This is a new memo content.","userId":168},{"id":154,"name":"namee","title":"titlee","content":"conteent","userId":168},{"id":155,"name":"namee","title":"titlee","content":"conteent","userId":168},{"id":156,"name":"namee","title":"titlee","content":"conteent","userId":168},{"id":157,"name":"namee","title":"titlee","content":"conteent","userId":168},{"id":158,"name":"namee","title":"titlee","content":"conteent","userId":168},{"id":159,"name":"namee","title":"titlee","content":"conteent","userId":168},{"id":160,"name":"namee","title":"titlee","content":"conteent","userId":168},{"id":161,"name":"namee","title":"titlee","content":"conteent","userId":168},{"id":164,"name":"namee","title":"titlee","content":"conteent","userId":168},{"id":167,"name":"namee","title":"titlee","content":"conteent","userId":168},{"id":170,"name":"namee","title":"titlee","content":"conteent","userId":168},{"id":173,"name":"namee","title":"titlee","content":"conteent","userId":168},{"id":176,"name":"namee","title":"titlee","content":"conteent","userId":168},{"id":179,"name":"namee","title":"titlee","content":"conteent","userId":168},{"id":181,"name":"namee","title":"titlee","content":"conteent","userId":168}]}'
} }
{ timestamp:2023-07-26T14:47:30.100+0900, tid:e8be43f0-2b77-11ee-841e-dd671102d2fe, payload:{
  type: 'RES',
  code: 200,
  req: '{"type":"REQ","method":"POST","url":"/v1/memos/","tid":"e8be43f0-2b77-11ee-841e-dd671102d2fe","params":{},"query":{},"body":"{\\"name\\":\\"namee\\",\\"title\\":\\"titlee\\",\\"content\\":\\"conteent\\"}"}',
  elapsed: undefined,
  response: '{"code":2000,"message":"OK","result":{"id":183,"name":"namee","title":"titlee","content":"conteent","userId":168}}'
} }
{ timestamp:2023-07-26T14:47:30.171+0900, tid:e8c94070-2b77-11ee-841e-dd671102d2fe, payload:{
  type: 'RES',
  code: 200,
  req: '{"type":"REQ","method":"GET","url":"/v1/memos/","tid":"e8c94070-2b77-11ee-841e-dd671102d2fe","params":{},"query":{},"body":"{}"}',
  elapsed: undefined,
  response: '{"code":2000,"message":"OK","result":[{"id":147,"name":"hoax","title":"New Memo","content":"This is a new memo content.","userId":168},{"id":150,"name":"hoax","title":"New Memo","content":"This is a new memo content.","userId":168},{"id":151,"name":"hdsaoax","title":"New Memo","content":"This is a new memo content.","userId":168},{"id":152,"name":"hdsaoax","title":"New Memo","content":"This is a new memo content.","userId":168},{"id":153,"name":"hdsaoax","title":"New Memo","content":"This is a new memo content.","userId":168},{"id":154,"name":"namee","title":"titlee","content":"conteent","userId":168},{"id":155,"name":"namee","title":"titlee","content":"conteent","userId":168},{"id":156,"name":"namee","title":"titlee","content":"conteent","userId":168},{"id":157,"name":"namee","title":"titlee","content":"conteent","userId":168},{"id":158,"name":"namee","title":"titlee","content":"conteent","userId":168},{"id":159,"name":"namee","title":"titlee","content":"conteent","userId":168},{"id":160,"name":"namee","title":"titlee","content":"conteent","userId":168},{"id":161,"name":"namee","title":"titlee","content":"conteent","userId":168},{"id":164,"name":"namee","title":"titlee","content":"conteent","userId":168},{"id":167,"name":"namee","title":"titlee","content":"conteent","userId":168},{"id":170,"name":"namee","title":"titlee","content":"conteent","userId":168},{"id":173,"name":"namee","title":"titlee","content":"conteent","userId":168},{"id":176,"name":"namee","title":"titlee","content":"conteent","userId":168},{"id":179,"name":"namee","title":"titlee","content":"conteent","userId":168},{"id":181,"name":"namee","title":"titlee","content":"conteent","userId":168},{"id":183,"name":"namee","title":"titlee","content":"conteent","userId":168}]}'
} }
{ timestamp:2023-07-26T14:48:13.208+0900, tid:02700630-2b78-11ee-975b-0bb3ae1cb584, payload:{
  type: 'RES',
  code: 200,
  req: '{"type":"REQ","method":"POST","url":"/v1/memos/","tid":"02700630-2b78-11ee-975b-0bb3ae1cb584","params":{},"query":{},"body":"{\\"name\\":\\"namee\\",\\"title\\":\\"titlee\\",\\"content\\":\\"conteent\\"}"}',
  elapsed: undefined,
  response: '{"code":2000,"message":"OK","result":{"id":185,"name":"namee","title":"titlee","content":"conteent","userId":168}}'
} }
{ timestamp:2023-07-26T14:48:13.279+0900, tid:027b29c0-2b78-11ee-975b-0bb3ae1cb584, payload:{
  type: 'RES',
  code: 200,
  req: '{"type":"REQ","method":"GET","url":"/v1/memos/","tid":"027b29c0-2b78-11ee-975b-0bb3ae1cb584","params":{},"query":{},"body":"{}"}',
  elapsed: undefined,
  response: '{"code":2000,"message":"OK","result":[{"id":147,"name":"hoax","title":"New Memo","content":"This is a new memo content.","userId":168},{"id":150,"name":"hoax","title":"New Memo","content":"This is a new memo content.","userId":168},{"id":151,"name":"hdsaoax","title":"New Memo","content":"This is a new memo content.","userId":168},{"id":152,"name":"hdsaoax","title":"New Memo","content":"This is a new memo content.","userId":168},{"id":153,"name":"hdsaoax","title":"New Memo","content":"This is a new memo content.","userId":168},{"id":154,"name":"namee","title":"titlee","content":"conteent","userId":168},{"id":155,"name":"namee","title":"titlee","content":"conteent","userId":168},{"id":156,"name":"namee","title":"titlee","content":"conteent","userId":168},{"id":157,"name":"namee","title":"titlee","content":"conteent","userId":168},{"id":158,"name":"namee","title":"titlee","content":"conteent","userId":168},{"id":159,"name":"namee","title":"titlee","content":"conteent","userId":168},{"id":160,"name":"namee","title":"titlee","content":"conteent","userId":168},{"id":161,"name":"namee","title":"titlee","content":"conteent","userId":168},{"id":164,"name":"namee","title":"titlee","content":"conteent","userId":168},{"id":167,"name":"namee","title":"titlee","content":"conteent","userId":168},{"id":170,"name":"namee","title":"titlee","content":"conteent","userId":168},{"id":173,"name":"namee","title":"titlee","content":"conteent","userId":168},{"id":176,"name":"namee","title":"titlee","content":"conteent","userId":168},{"id":179,"name":"namee","title":"titlee","content":"conteent","userId":168},{"id":181,"name":"namee","title":"titlee","content":"conteent","userId":168},{"id":183,"name":"namee","title":"titlee","content":"conteent","userId":168},{"id":185,"name":"namee","title":"titlee","content":"conteent","userId":168}]}'
} }
{ timestamp:2023-07-26T14:48:49.030+0900, tid:17ca0710-2b78-11ee-b3b0-6b0c1e13e68e, payload:{
  type: 'RES',
  code: 200,
  req: '{"type":"REQ","method":"POST","url":"/v1/memos/","tid":"17ca0710-2b78-11ee-b3b0-6b0c1e13e68e","params":{},"query":{},"body":"{\\"name\\":\\"namee\\",\\"title\\":\\"titlee\\",\\"content\\":\\"conteent\\"}"}',
  elapsed: undefined,
  response: '{"code":2000,"message":"OK","result":{"id":187,"name":"namee","title":"titlee","content":"conteent","userId":168}}'
} }
{ timestamp:2023-07-26T14:48:49.102+0900, tid:17d52aa0-2b78-11ee-b3b0-6b0c1e13e68e, payload:{
  type: 'RES',
  code: 200,
  req: '{"type":"REQ","method":"GET","url":"/v1/memos/","tid":"17d52aa0-2b78-11ee-b3b0-6b0c1e13e68e","params":{},"query":{},"body":"{}"}',
  elapsed: undefined,
  response: '{"code":2000,"message":"OK","result":[{"id":147,"name":"hoax","title":"New Memo","content":"This is a new memo content.","userId":168},{"id":150,"name":"hoax","title":"New Memo","content":"This is a new memo content.","userId":168},{"id":151,"name":"hdsaoax","title":"New Memo","content":"This is a new memo content.","userId":168},{"id":152,"name":"hdsaoax","title":"New Memo","content":"This is a new memo content.","userId":168},{"id":153,"name":"hdsaoax","title":"New Memo","content":"This is a new memo content.","userId":168},{"id":154,"name":"namee","title":"titlee","content":"conteent","userId":168},{"id":155,"name":"namee","title":"titlee","content":"conteent","userId":168},{"id":156,"name":"namee","title":"titlee","content":"conteent","userId":168},{"id":157,"name":"namee","title":"titlee","content":"conteent","userId":168},{"id":158,"name":"namee","title":"titlee","content":"conteent","userId":168},{"id":159,"name":"namee","title":"titlee","content":"conteent","userId":168},{"id":160,"name":"namee","title":"titlee","content":"conteent","userId":168},{"id":161,"name":"namee","title":"titlee","content":"conteent","userId":168},{"id":164,"name":"namee","title":"titlee","content":"conteent","userId":168},{"id":167,"name":"namee","title":"titlee","content":"conteent","userId":168},{"id":170,"name":"namee","title":"titlee","content":"conteent","userId":168},{"id":173,"name":"namee","title":"titlee","content":"conteent","userId":168},{"id":176,"name":"namee","title":"titlee","content":"conteent","userId":168},{"id":179,"name":"namee","title":"titlee","content":"conteent","userId":168},{"id":181,"name":"namee","title":"titlee","content":"conteent","userId":168},{"id":183,"name":"namee","title":"titlee","content":"conteent","userId":168},{"id":185,"name":"namee","title":"titlee","content":"conteent","userId":168},{"id":187,"name":"namee","title":"titlee","content":"conteent","userId":168}]}'
} }
{ timestamp:2023-07-26T14:49:22.631+0900, tid:2bd12220-2b78-11ee-a8fc-4d6324af9374, payload:{
  type: 'RES',
  code: 200,
  req: '{"type":"REQ","method":"POST","url":"/v1/memos/","tid":"2bd12220-2b78-11ee-a8fc-4d6324af9374","params":{},"query":{},"body":"{\\"name\\":\\"namee\\",\\"title\\":\\"titlee\\",\\"content\\":\\"conteent\\"}"}',
  elapsed: undefined,
  response: '{"code":2000,"message":"OK","result":{"id":189,"name":"namee","title":"titlee","content":"conteent","userId":168}}'
} }
{ timestamp:2023-07-26T14:49:22.700+0900, tid:2bdbf790-2b78-11ee-a8fc-4d6324af9374, payload:{
  type: 'RES',
  code: 200,
  req: '{"type":"REQ","method":"GET","url":"/v1/memos/","tid":"2bdbf790-2b78-11ee-a8fc-4d6324af9374","params":{},"query":{},"body":"{}"}',
  elapsed: undefined,
  response: '{"code":2000,"message":"OK","result":[{"id":147,"name":"hoax","title":"New Memo","content":"This is a new memo content.","userId":168},{"id":150,"name":"hoax","title":"New Memo","content":"This is a new memo content.","userId":168},{"id":151,"name":"hdsaoax","title":"New Memo","content":"This is a new memo content.","userId":168},{"id":152,"name":"hdsaoax","title":"New Memo","content":"This is a new memo content.","userId":168},{"id":153,"name":"hdsaoax","title":"New Memo","content":"This is a new memo content.","userId":168},{"id":154,"name":"namee","title":"titlee","content":"conteent","userId":168},{"id":155,"name":"namee","title":"titlee","content":"conteent","userId":168},{"id":156,"name":"namee","title":"titlee","content":"conteent","userId":168},{"id":157,"name":"namee","title":"titlee","content":"conteent","userId":168},{"id":158,"name":"namee","title":"titlee","content":"conteent","userId":168},{"id":159,"name":"namee","title":"titlee","content":"conteent","userId":168},{"id":160,"name":"namee","title":"titlee","content":"conteent","userId":168},{"id":161,"name":"namee","title":"titlee","content":"conteent","userId":168},{"id":164,"name":"namee","title":"titlee","content":"conteent","userId":168},{"id":167,"name":"namee","title":"titlee","content":"conteent","userId":168},{"id":170,"name":"namee","title":"titlee","content":"conteent","userId":168},{"id":173,"name":"namee","title":"titlee","content":"conteent","userId":168},{"id":176,"name":"namee","title":"titlee","content":"conteent","userId":168},{"id":179,"name":"namee","title":"titlee","content":"conteent","userId":168},{"id":181,"name":"namee","title":"titlee","content":"conteent","userId":168},{"id":183,"name":"namee","title":"titlee","content":"conteent","userId":168},{"id":185,"name":"namee","title":"titlee","content":"conteent","userId":168},{"id":187,"name":"namee","title":"titlee","content":"conteent","userId":168},{"id":189,"name":"namee","title":"titlee","content":"conteent","userId":168}]}'
} }
{ timestamp:2023-07-26T14:50:28.213+0900, tid:52e82700-2b78-11ee-864e-ad6b2fb16f0c, payload:{
  type: 'RES',
  code: 200,
  req: '{"type":"REQ","method":"POST","url":"/v1/memos/","tid":"52e82700-2b78-11ee-864e-ad6b2fb16f0c","params":{},"query":{},"body":"{\\"name\\":\\"namee\\",\\"title\\":\\"titlee\\",\\"content\\":\\"conteent\\"}"}',
  elapsed: undefined,
  response: '{"code":2000,"message":"OK","result":{"id":190,"name":"namee","title":"titlee","content":"conteent","userId":168}}'
} }
{ timestamp:2023-07-26T14:50:28.286+0900, tid:52f398b0-2b78-11ee-864e-ad6b2fb16f0c, payload:{
  type: 'RES',
  code: 200,
  req: '{"type":"REQ","method":"GET","url":"/v1/memos/","tid":"52f398b0-2b78-11ee-864e-ad6b2fb16f0c","params":{},"query":{},"body":"{}"}',
  elapsed: undefined,
  response: '{"code":2000,"message":"OK","result":[{"id":147,"name":"hoax","title":"New Memo","content":"This is a new memo content.","userId":168},{"id":150,"name":"hoax","title":"New Memo","content":"This is a new memo content.","userId":168},{"id":151,"name":"hdsaoax","title":"New Memo","content":"This is a new memo content.","userId":168},{"id":152,"name":"hdsaoax","title":"New Memo","content":"This is a new memo content.","userId":168},{"id":153,"name":"hdsaoax","title":"New Memo","content":"This is a new memo content.","userId":168},{"id":154,"name":"namee","title":"titlee","content":"conteent","userId":168},{"id":155,"name":"namee","title":"titlee","content":"conteent","userId":168},{"id":156,"name":"namee","title":"titlee","content":"conteent","userId":168},{"id":157,"name":"namee","title":"titlee","content":"conteent","userId":168},{"id":158,"name":"namee","title":"titlee","content":"conteent","userId":168},{"id":159,"name":"namee","title":"titlee","content":"conteent","userId":168},{"id":160,"name":"namee","title":"titlee","content":"conteent","userId":168},{"id":161,"name":"namee","title":"titlee","content":"conteent","userId":168},{"id":164,"name":"namee","title":"titlee","content":"conteent","userId":168},{"id":167,"name":"namee","title":"titlee","content":"conteent","userId":168},{"id":170,"name":"namee","title":"titlee","content":"conteent","userId":168},{"id":173,"name":"namee","title":"titlee","content":"conteent","userId":168},{"id":176,"name":"namee","title":"titlee","content":"conteent","userId":168},{"id":179,"name":"namee","title":"titlee","content":"conteent","userId":168},{"id":181,"name":"namee","title":"titlee","content":"conteent","userId":168},{"id":183,"name":"namee","title":"titlee","content":"conteent","userId":168},{"id":185,"name":"namee","title":"titlee","content":"conteent","userId":168},{"id":187,"name":"namee","title":"titlee","content":"conteent","userId":168},{"id":189,"name":"namee","title":"titlee","content":"conteent","userId":168},{"id":190,"name":"namee","title":"titlee","content":"conteent","userId":168},{"id":191,"name":"Memo1","title":"Test Memo 1","content":"This is a test memo 1","userId":168}]}'
} }
{ timestamp:2023-07-26T14:50:39.613+0900, tid:59b15d90-2b78-11ee-9426-4b915ac0e0b5, payload:{
  type: 'RES',
  code: 200,
  req: '{"type":"REQ","method":"POST","url":"/v1/memos/","tid":"59b15d90-2b78-11ee-9426-4b915ac0e0b5","params":{},"query":{},"body":"{\\"name\\":\\"namee\\",\\"title\\":\\"titlee\\",\\"content\\":\\"conteent\\"}"}',
  elapsed: undefined,
  response: '{"code":2000,"message":"OK","result":{"id":192,"name":"namee","title":"titlee","content":"conteent","userId":168}}'
} }
{ timestamp:2023-07-26T14:50:39.720+0900, tid:59c42240-2b78-11ee-9426-4b915ac0e0b5, payload:{
  type: 'RES',
  code: 200,
  req: '{"type":"REQ","method":"GET","url":"/v1/memos/","tid":"59c42240-2b78-11ee-9426-4b915ac0e0b5","params":{},"query":{},"body":"{}"}',
  elapsed: undefined,
  response: '{"code":2000,"message":"OK","result":[{"id":147,"name":"hoax","title":"New Memo","content":"This is a new memo content.","userId":168},{"id":150,"name":"hoax","title":"New Memo","content":"This is a new memo content.","userId":168},{"id":151,"name":"hdsaoax","title":"New Memo","content":"This is a new memo content.","userId":168},{"id":152,"name":"hdsaoax","title":"New Memo","content":"This is a new memo content.","userId":168},{"id":153,"name":"hdsaoax","title":"New Memo","content":"This is a new memo content.","userId":168},{"id":154,"name":"namee","title":"titlee","content":"conteent","userId":168},{"id":155,"name":"namee","title":"titlee","content":"conteent","userId":168},{"id":156,"name":"namee","title":"titlee","content":"conteent","userId":168},{"id":157,"name":"namee","title":"titlee","content":"conteent","userId":168},{"id":158,"name":"namee","title":"titlee","content":"conteent","userId":168},{"id":159,"name":"namee","title":"titlee","content":"conteent","userId":168},{"id":160,"name":"namee","title":"titlee","content":"conteent","userId":168},{"id":161,"name":"namee","title":"titlee","content":"conteent","userId":168},{"id":164,"name":"namee","title":"titlee","content":"conteent","userId":168},{"id":167,"name":"namee","title":"titlee","content":"conteent","userId":168},{"id":170,"name":"namee","title":"titlee","content":"conteent","userId":168},{"id":173,"name":"namee","title":"titlee","content":"conteent","userId":168},{"id":176,"name":"namee","title":"titlee","content":"conteent","userId":168},{"id":179,"name":"namee","title":"titlee","content":"conteent","userId":168},{"id":181,"name":"namee","title":"titlee","content":"conteent","userId":168},{"id":183,"name":"namee","title":"titlee","content":"conteent","userId":168},{"id":185,"name":"namee","title":"titlee","content":"conteent","userId":168},{"id":187,"name":"namee","title":"titlee","content":"conteent","userId":168},{"id":189,"name":"namee","title":"titlee","content":"conteent","userId":168},{"id":190,"name":"namee","title":"titlee","content":"conteent","userId":168},{"id":191,"name":"Memo1","title":"Test Memo 1","content":"This is a test memo 1","userId":168},{"id":192,"name":"namee","title":"titlee","content":"conteent","userId":168},{"id":193,"name":"Memo1","title":"Test Memo 1","content":"This is a test memo 1","userId":168}]}'
} }
{ timestamp:2023-07-26T14:55:10.914+0900, tid:fb6898b0-2b78-11ee-a295-eb662e07e3ca, payload:{
  type: 'RES',
  code: 200,
  req: '{"type":"REQ","method":"POST","url":"/v1/memos/","tid":"fb6898b0-2b78-11ee-a295-eb662e07e3ca","params":{},"query":{},"body":"{\\"name\\":\\"namee\\",\\"title\\":\\"titlee\\",\\"content\\":\\"conteent\\"}"}',
  elapsed: undefined,
  response: '{"code":2000,"message":"OK","result":{"id":194,"name":"namee","title":"titlee","content":"conteent","userId":168}}'
} }
{ timestamp:2023-07-26T14:55:11.090+0900, tid:fb7542e0-2b78-11ee-a295-eb662e07e3ca, payload:{
  type: 'RES',
  code: 200,
  req: '{"type":"REQ","method":"GET","url":"/v1/memos/","tid":"fb7542e0-2b78-11ee-a295-eb662e07e3ca","params":{},"query":{},"body":"{}"}',
  elapsed: undefined,
  response: '{"code":2000,"message":"OK","result":[{"id":147,"name":"hoax","title":"New Memo","content":"This is a new memo content.","userId":168},{"id":150,"name":"hoax","title":"New Memo","content":"This is a new memo content.","userId":168},{"id":151,"name":"hdsaoax","title":"New Memo","content":"This is a new memo content.","userId":168},{"id":152,"name":"hdsaoax","title":"New Memo","content":"This is a new memo content.","userId":168},{"id":153,"name":"hdsaoax","title":"New Memo","content":"This is a new memo content.","userId":168},{"id":154,"name":"namee","title":"titlee","content":"conteent","userId":168},{"id":155,"name":"namee","title":"titlee","content":"conteent","userId":168},{"id":156,"name":"namee","title":"titlee","content":"conteent","userId":168},{"id":157,"name":"namee","title":"titlee","content":"conteent","userId":168},{"id":158,"name":"namee","title":"titlee","content":"conteent","userId":168},{"id":159,"name":"namee","title":"titlee","content":"conteent","userId":168},{"id":160,"name":"namee","title":"titlee","content":"conteent","userId":168},{"id":161,"name":"namee","title":"titlee","content":"conteent","userId":168},{"id":164,"name":"namee","title":"titlee","content":"conteent","userId":168},{"id":167,"name":"namee","title":"titlee","content":"conteent","userId":168},{"id":170,"name":"namee","title":"titlee","content":"conteent","userId":168},{"id":173,"name":"namee","title":"titlee","content":"conteent","userId":168},{"id":176,"name":"namee","title":"titlee","content":"conteent","userId":168},{"id":179,"name":"namee","title":"titlee","content":"conteent","userId":168},{"id":181,"name":"namee","title":"titlee","content":"conteent","userId":168},{"id":183,"name":"namee","title":"titlee","content":"conteent","userId":168},{"id":185,"name":"namee","title":"titlee","content":"conteent","userId":168},{"id":187,"name":"namee","title":"titlee","content":"conteent","userId":168},{"id":189,"name":"namee","title":"titlee","content":"conteent","userId":168},{"id":190,"name":"namee","title":"titlee","content":"conteent","userId":168},{"id":191,"name":"Memo1","title":"Test Memo 1","content":"This is a test memo 1","userId":168},{"id":192,"name":"namee","title":"titlee","content":"conteent","userId":168},{"id":193,"name":"Memo1","title":"Test Memo 1","content":"This is a test memo 1","userId":168},{"id":194,"name":"namee","title":"titlee","content":"conteent","userId":168},{"id":195,"name":"Memo1","title":"Test Memo 1","content":"This is a test memo 1","userId":168}]}'
} }
{ timestamp:2023-07-26T14:55:42.835+0900, tid:0e6fa8e0-2b79-11ee-90a1-47ac8246e35c, payload:{
  type: 'RES',
  code: 200,
  req: '{"type":"REQ","method":"POST","url":"/v1/memos/","tid":"0e6fa8e0-2b79-11ee-90a1-47ac8246e35c","params":{},"query":{},"body":"{\\"name\\":\\"namee\\",\\"title\\":\\"titlee\\",\\"content\\":\\"conteent\\"}"}',
  elapsed: undefined,
  response: '{"code":2000,"message":"OK","result":{"id":196,"name":"namee","title":"titlee","content":"conteent","userId":168}}'
} }
{ timestamp:2023-07-26T14:55:42.907+0900, tid:0e7af380-2b79-11ee-90a1-47ac8246e35c, payload:{
  type: 'RES',
  code: 200,
  req: '{"type":"REQ","method":"GET","url":"/v1/memos/","tid":"0e7af380-2b79-11ee-90a1-47ac8246e35c","params":{},"query":{},"body":"{}"}',
  elapsed: undefined,
  response: '{"code":2000,"message":"OK","result":[{"id":147,"name":"hoax","title":"New Memo","content":"This is a new memo content.","userId":168},{"id":150,"name":"hoax","title":"New Memo","content":"This is a new memo content.","userId":168},{"id":151,"name":"hdsaoax","title":"New Memo","content":"This is a new memo content.","userId":168},{"id":152,"name":"hdsaoax","title":"New Memo","content":"This is a new memo content.","userId":168},{"id":153,"name":"hdsaoax","title":"New Memo","content":"This is a new memo content.","userId":168},{"id":154,"name":"namee","title":"titlee","content":"conteent","userId":168},{"id":155,"name":"namee","title":"titlee","content":"conteent","userId":168},{"id":156,"name":"namee","title":"titlee","content":"conteent","userId":168},{"id":157,"name":"namee","title":"titlee","content":"conteent","userId":168},{"id":158,"name":"namee","title":"titlee","content":"conteent","userId":168},{"id":159,"name":"namee","title":"titlee","content":"conteent","userId":168},{"id":160,"name":"namee","title":"titlee","content":"conteent","userId":168},{"id":161,"name":"namee","title":"titlee","content":"conteent","userId":168},{"id":164,"name":"namee","title":"titlee","content":"conteent","userId":168},{"id":167,"name":"namee","title":"titlee","content":"conteent","userId":168},{"id":170,"name":"namee","title":"titlee","content":"conteent","userId":168},{"id":173,"name":"namee","title":"titlee","content":"conteent","userId":168},{"id":176,"name":"namee","title":"titlee","content":"conteent","userId":168},{"id":179,"name":"namee","title":"titlee","content":"conteent","userId":168},{"id":181,"name":"namee","title":"titlee","content":"conteent","userId":168},{"id":183,"name":"namee","title":"titlee","content":"conteent","userId":168},{"id":185,"name":"namee","title":"titlee","content":"conteent","userId":168},{"id":187,"name":"namee","title":"titlee","content":"conteent","userId":168},{"id":189,"name":"namee","title":"titlee","content":"conteent","userId":168},{"id":190,"name":"namee","title":"titlee","content":"conteent","userId":168},{"id":191,"name":"Memo1","title":"Test Memo 1","content":"This is a test memo 1","userId":168},{"id":192,"name":"namee","title":"titlee","content":"conteent","userId":168},{"id":193,"name":"Memo1","title":"Test Memo 1","content":"This is a test memo 1","userId":168},{"id":194,"name":"namee","title":"titlee","content":"conteent","userId":168},{"id":195,"name":"Memo1","title":"Test Memo 1","content":"This is a test memo 1","userId":168},{"id":196,"name":"namee","title":"titlee","content":"conteent","userId":168},{"id":197,"name":"Memo1","title":"Test Memo 1","content":"This is a test memo 1","userId":168}]}'
} }
{ timestamp:2023-07-26T14:56:06.241+0900, tid:1c6321c0-2b79-11ee-b92f-47e347abc690, payload:{
  type: 'RES',
  code: 200,
  req: '{"type":"REQ","method":"POST","url":"/v1/memos/","tid":"1c6321c0-2b79-11ee-b92f-47e347abc690","params":{},"query":{},"body":"{\\"name\\":\\"namee\\",\\"title\\":\\"titlee\\",\\"content\\":\\"conteent\\"}"}',
  elapsed: undefined,
  response: '{"code":2000,"message":"OK","result":{"id":198,"name":"namee","title":"titlee","content":"conteent","userId":168}}'
} }
{ timestamp:2023-07-26T14:56:06.314+0900, tid:1c6e6c60-2b79-11ee-b92f-47e347abc690, payload:{
  type: 'RES',
  code: 200,
  req: '{"type":"REQ","method":"GET","url":"/v1/memos/","tid":"1c6e6c60-2b79-11ee-b92f-47e347abc690","params":{},"query":{},"body":"{}"}',
  elapsed: undefined,
  response: '{"code":2000,"message":"OK","result":[{"id":147,"name":"hoax","title":"New Memo","content":"This is a new memo content.","userId":168},{"id":150,"name":"hoax","title":"New Memo","content":"This is a new memo content.","userId":168},{"id":151,"name":"hdsaoax","title":"New Memo","content":"This is a new memo content.","userId":168},{"id":152,"name":"hdsaoax","title":"New Memo","content":"This is a new memo content.","userId":168},{"id":153,"name":"hdsaoax","title":"New Memo","content":"This is a new memo content.","userId":168},{"id":154,"name":"namee","title":"titlee","content":"conteent","userId":168},{"id":155,"name":"namee","title":"titlee","content":"conteent","userId":168},{"id":156,"name":"namee","title":"titlee","content":"conteent","userId":168},{"id":157,"name":"namee","title":"titlee","content":"conteent","userId":168},{"id":158,"name":"namee","title":"titlee","content":"conteent","userId":168},{"id":159,"name":"namee","title":"titlee","content":"conteent","userId":168},{"id":160,"name":"namee","title":"titlee","content":"conteent","userId":168},{"id":161,"name":"namee","title":"titlee","content":"conteent","userId":168},{"id":164,"name":"namee","title":"titlee","content":"conteent","userId":168},{"id":167,"name":"namee","title":"titlee","content":"conteent","userId":168},{"id":170,"name":"namee","title":"titlee","content":"conteent","userId":168},{"id":173,"name":"namee","title":"titlee","content":"conteent","userId":168},{"id":176,"name":"namee","title":"titlee","content":"conteent","userId":168},{"id":179,"name":"namee","title":"titlee","content":"conteent","userId":168},{"id":181,"name":"namee","title":"titlee","content":"conteent","userId":168},{"id":183,"name":"namee","title":"titlee","content":"conteent","userId":168},{"id":185,"name":"namee","title":"titlee","content":"conteent","userId":168},{"id":187,"name":"namee","title":"titlee","content":"conteent","userId":168},{"id":189,"name":"namee","title":"titlee","content":"conteent","userId":168},{"id":190,"name":"namee","title":"titlee","content":"conteent","userId":168},{"id":191,"name":"Memo1","title":"Test Memo 1","content":"This is a test memo 1","userId":168},{"id":192,"name":"namee","title":"titlee","content":"conteent","userId":168},{"id":193,"name":"Memo1","title":"Test Memo 1","content":"This is a test memo 1","userId":168},{"id":194,"name":"namee","title":"titlee","content":"conteent","userId":168},{"id":195,"name":"Memo1","title":"Test Memo 1","content":"This is a test memo 1","userId":168},{"id":196,"name":"namee","title":"titlee","content":"conteent","userId":168},{"id":197,"name":"Memo1","title":"Test Memo 1","content":"This is a test memo 1","userId":168},{"id":198,"name":"namee","title":"titlee","content":"conteent","userId":168},{"id":199,"name":"Memo1","title":"Test Memo 1","content":"This is a test memo 1","userId":168}]}'
} }
{ timestamp:2023-07-26T14:56:52.283+0900, tid:37d49560-2b79-11ee-ba81-4dbf5119f269, payload:{
  type: 'RES',
  code: 200,
  req: '{"type":"REQ","method":"POST","url":"/v1/memos/","tid":"37d49560-2b79-11ee-ba81-4dbf5119f269","params":{},"query":{},"body":"{\\"name\\":\\"namee\\",\\"title\\":\\"titlee\\",\\"content\\":\\"conteent\\"}"}',
  elapsed: undefined,
  response: '{"code":2000,"message":"OK","result":{"id":200,"name":"namee","title":"titlee","content":"conteent","userId":168}}'
} }
{ timestamp:2023-07-26T14:56:52.354+0900, tid:37df91e0-2b79-11ee-ba81-4dbf5119f269, payload:{
  type: 'RES',
  code: 200,
  req: '{"type":"REQ","method":"GET","url":"/v1/memos/","tid":"37df91e0-2b79-11ee-ba81-4dbf5119f269","params":{},"query":{},"body":"{}"}',
  elapsed: undefined,
  response: '{"code":2000,"message":"OK","result":[{"id":147,"name":"hoax","title":"New Memo","content":"This is a new memo content.","userId":168},{"id":150,"name":"hoax","title":"New Memo","content":"This is a new memo content.","userId":168},{"id":151,"name":"hdsaoax","title":"New Memo","content":"This is a new memo content.","userId":168},{"id":152,"name":"hdsaoax","title":"New Memo","content":"This is a new memo content.","userId":168},{"id":153,"name":"hdsaoax","title":"New Memo","content":"This is a new memo content.","userId":168},{"id":154,"name":"namee","title":"titlee","content":"conteent","userId":168},{"id":155,"name":"namee","title":"titlee","content":"conteent","userId":168},{"id":156,"name":"namee","title":"titlee","content":"conteent","userId":168},{"id":157,"name":"namee","title":"titlee","content":"conteent","userId":168},{"id":158,"name":"namee","title":"titlee","content":"conteent","userId":168},{"id":159,"name":"namee","title":"titlee","content":"conteent","userId":168},{"id":160,"name":"namee","title":"titlee","content":"conteent","userId":168},{"id":161,"name":"namee","title":"titlee","content":"conteent","userId":168},{"id":164,"name":"namee","title":"titlee","content":"conteent","userId":168},{"id":167,"name":"namee","title":"titlee","content":"conteent","userId":168},{"id":170,"name":"namee","title":"titlee","content":"conteent","userId":168},{"id":173,"name":"namee","title":"titlee","content":"conteent","userId":168},{"id":176,"name":"namee","title":"titlee","content":"conteent","userId":168},{"id":179,"name":"namee","title":"titlee","content":"conteent","userId":168},{"id":181,"name":"namee","title":"titlee","content":"conteent","userId":168},{"id":183,"name":"namee","title":"titlee","content":"conteent","userId":168},{"id":185,"name":"namee","title":"titlee","content":"conteent","userId":168},{"id":187,"name":"namee","title":"titlee","content":"conteent","userId":168},{"id":189,"name":"namee","title":"titlee","content":"conteent","userId":168},{"id":190,"name":"namee","title":"titlee","content":"conteent","userId":168},{"id":191,"name":"Memo1","title":"Test Memo 1","content":"This is a test memo 1","userId":168},{"id":192,"name":"namee","title":"titlee","content":"conteent","userId":168},{"id":193,"name":"Memo1","title":"Test Memo 1","content":"This is a test memo 1","userId":168},{"id":194,"name":"namee","title":"titlee","content":"conteent","userId":168},{"id":195,"name":"Memo1","title":"Test Memo 1","content":"This is a test memo 1","userId":168},{"id":196,"name":"namee","title":"titlee","content":"conteent","userId":168},{"id":197,"name":"Memo1","title":"Test Memo 1","content":"This is a test memo 1","userId":168},{"id":198,"name":"namee","title":"titlee","content":"conteent","userId":168},{"id":199,"name":"Memo1","title":"Test Memo 1","content":"This is a test memo 1","userId":168},{"id":200,"name":"namee","title":"titlee","content":"conteent","userId":168},{"id":201,"name":"Memo1","title":"Test Memo 1","content":"This is a test memo 1","userId":168}]}'
} }
{ timestamp:2023-07-26T15:19:58.379+0900, tid:7201e550-2b7c-11ee-9bf9-bdbd2a054c59, payload:{
  type: 'RES',
  code: 200,
  req: '{"type":"REQ","method":"POST","url":"/v1/memos/","tid":"7201e550-2b7c-11ee-9bf9-bdbd2a054c59","params":{},"query":{},"body":"{\\"name\\":\\"namee\\",\\"title\\":\\"titlee\\",\\"content\\":\\"conteent\\"}"}',
  elapsed: undefined,
  response: '{"code":2000,"message":"OK","result":{"id":202,"name":"namee","title":"titlee","content":"conteent","userId":168}}'
} }
{ timestamp:2023-07-26T15:19:58.451+0900, tid:720d2ff0-2b7c-11ee-9bf9-bdbd2a054c59, payload:{
  type: 'RES',
  code: 200,
  req: '{"type":"REQ","method":"GET","url":"/v1/memos/","tid":"720d2ff0-2b7c-11ee-9bf9-bdbd2a054c59","params":{},"query":{},"body":"{}"}',
  elapsed: undefined,
  response: '{"code":2000,"message":"OK","result":[{"id":147,"name":"hoax","title":"New Memo","content":"This is a new memo content.","userId":168},{"id":150,"name":"hoax","title":"New Memo","content":"This is a new memo content.","userId":168},{"id":151,"name":"hdsaoax","title":"New Memo","content":"This is a new memo content.","userId":168},{"id":152,"name":"hdsaoax","title":"New Memo","content":"This is a new memo content.","userId":168},{"id":153,"name":"hdsaoax","title":"New Memo","content":"This is a new memo content.","userId":168},{"id":154,"name":"namee","title":"titlee","content":"conteent","userId":168},{"id":155,"name":"namee","title":"titlee","content":"conteent","userId":168},{"id":156,"name":"namee","title":"titlee","content":"conteent","userId":168},{"id":157,"name":"namee","title":"titlee","content":"conteent","userId":168},{"id":158,"name":"namee","title":"titlee","content":"conteent","userId":168},{"id":159,"name":"namee","title":"titlee","content":"conteent","userId":168},{"id":160,"name":"namee","title":"titlee","content":"conteent","userId":168},{"id":161,"name":"namee","title":"titlee","content":"conteent","userId":168},{"id":164,"name":"namee","title":"titlee","content":"conteent","userId":168},{"id":167,"name":"namee","title":"titlee","content":"conteent","userId":168},{"id":170,"name":"namee","title":"titlee","content":"conteent","userId":168},{"id":173,"name":"namee","title":"titlee","content":"conteent","userId":168},{"id":176,"name":"namee","title":"titlee","content":"conteent","userId":168},{"id":179,"name":"namee","title":"titlee","content":"conteent","userId":168},{"id":181,"name":"namee","title":"titlee","content":"conteent","userId":168},{"id":183,"name":"namee","title":"titlee","content":"conteent","userId":168},{"id":185,"name":"namee","title":"titlee","content":"conteent","userId":168},{"id":187,"name":"namee","title":"titlee","content":"conteent","userId":168},{"id":189,"name":"namee","title":"titlee","content":"conteent","userId":168},{"id":190,"name":"namee","title":"titlee","content":"conteent","userId":168},{"id":191,"name":"Memo1","title":"Test Memo 1","content":"This is a test memo 1","userId":168},{"id":192,"name":"namee","title":"titlee","content":"conteent","userId":168},{"id":193,"name":"Memo1","title":"Test Memo 1","content":"This is a test memo 1","userId":168},{"id":194,"name":"namee","title":"titlee","content":"conteent","userId":168},{"id":195,"name":"Memo1","title":"Test Memo 1","content":"This is a test memo 1","userId":168},{"id":196,"name":"namee","title":"titlee","content":"conteent","userId":168},{"id":197,"name":"Memo1","title":"Test Memo 1","content":"This is a test memo 1","userId":168},{"id":198,"name":"namee","title":"titlee","content":"conteent","userId":168},{"id":199,"name":"Memo1","title":"Test Memo 1","content":"This is a test memo 1","userId":168},{"id":200,"name":"namee","title":"titlee","content":"conteent","userId":168},{"id":201,"name":"Memo1","title":"Test Memo 1","content":"This is a test memo 1","userId":168},{"id":202,"name":"namee","title":"titlee","content":"conteent","userId":168},{"id":203,"name":"Memo1","title":"Test Memo 1","content":"This is a test memo 1","userId":168}]}'
} }
{ timestamp:2023-07-26T16:21:11.383+0900, tid:ff401010-2b84-11ee-8864-4ffe8fb47bc1, payload:{
  type: 'RES',
  code: 200,
  req: '{"type":"REQ","method":"DELETE","url":"/v1/memos/150","tid":"ff401010-2b84-11ee-8864-4ffe8fb47bc1","params":{"id":"150"},"query":{},"body":"{}"}',
  elapsed: undefined,
  response: '{"code":2000,"message":"OK","result":{"id":150,"name":"hoax","title":"New Memo","content":"This is a new memo content.","userId":168}}'
} }
{ timestamp:2023-07-26T16:21:37.651+0900, tid:0eec5c80-2b85-11ee-8864-4ffe8fb47bc1, payload:{
  type: 'RES',
  code: 200,
  req: '{"type":"REQ","method":"GET","url":"/v1/memos/","tid":"0eec5c80-2b85-11ee-8864-4ffe8fb47bc1","params":{},"query":{},"body":"{}"}',
  elapsed: undefined,
  response: '{"code":2000,"message":"OK","result":[{"id":147,"name":"hoax","title":"New Memo","content":"This is a new memo content.","userId":168},{"id":151,"name":"hdsaoax","title":"New Memo","content":"This is a new memo content.","userId":168},{"id":152,"name":"hdsaoax","title":"New Memo","content":"This is a new memo content.","userId":168},{"id":153,"name":"hdsaoax","title":"New Memo","content":"This is a new memo content.","userId":168},{"id":154,"name":"namee","title":"titlee","content":"conteent","userId":168},{"id":155,"name":"namee","title":"titlee","content":"conteent","userId":168},{"id":156,"name":"namee","title":"titlee","content":"conteent","userId":168},{"id":157,"name":"namee","title":"titlee","content":"conteent","userId":168},{"id":158,"name":"namee","title":"titlee","content":"conteent","userId":168},{"id":159,"name":"namee","title":"titlee","content":"conteent","userId":168},{"id":160,"name":"namee","title":"titlee","content":"conteent","userId":168},{"id":161,"name":"namee","title":"titlee","content":"conteent","userId":168},{"id":164,"name":"namee","title":"titlee","content":"conteent","userId":168},{"id":167,"name":"namee","title":"titlee","content":"conteent","userId":168},{"id":170,"name":"namee","title":"titlee","content":"conteent","userId":168},{"id":173,"name":"namee","title":"titlee","content":"conteent","userId":168},{"id":176,"name":"namee","title":"titlee","content":"conteent","userId":168},{"id":179,"name":"namee","title":"titlee","content":"conteent","userId":168},{"id":181,"name":"namee","title":"titlee","content":"conteent","userId":168},{"id":183,"name":"namee","title":"titlee","content":"conteent","userId":168},{"id":185,"name":"namee","title":"titlee","content":"conteent","userId":168},{"id":187,"name":"namee","title":"titlee","content":"conteent","userId":168},{"id":189,"name":"namee","title":"titlee","content":"conteent","userId":168},{"id":190,"name":"namee","title":"titlee","content":"conteent","userId":168},{"id":191,"name":"Memo1","title":"Test Memo 1","content":"This is a test memo 1","userId":168},{"id":192,"name":"namee","title":"titlee","content":"conteent","userId":168},{"id":193,"name":"Memo1","title":"Test Memo 1","content":"This is a test memo 1","userId":168},{"id":194,"name":"namee","title":"titlee","content":"conteent","userId":168},{"id":195,"name":"Memo1","title":"Test Memo 1","content":"This is a test memo 1","userId":168},{"id":196,"name":"namee","title":"titlee","content":"conteent","userId":168},{"id":197,"name":"Memo1","title":"Test Memo 1","content":"This is a test memo 1","userId":168},{"id":198,"name":"namee","title":"titlee","content":"conteent","userId":168},{"id":199,"name":"Memo1","title":"Test Memo 1","content":"This is a test memo 1","userId":168},{"id":200,"name":"namee","title":"titlee","content":"conteent","userId":168},{"id":201,"name":"Memo1","title":"Test Memo 1","content":"This is a test memo 1","userId":168},{"id":202,"name":"namee","title":"titlee","content":"conteent","userId":168},{"id":203,"name":"Memo1","title":"Test Memo 1","content":"This is a test memo 1","userId":168}]}'
} }
{ timestamp:2023-07-26T16:23:23.607+0900, tid:4e16dcf0-2b85-11ee-8864-4ffe8fb47bc1, payload:{
  type: 'RES',
  code: 200,
  req: '{"type":"REQ","method":"GET","url":"/v1/memos/","tid":"4e16dcf0-2b85-11ee-8864-4ffe8fb47bc1","params":{},"query":{},"body":"{}"}',
  elapsed: undefined,
  response: '{"code":2000,"message":"OK","result":[]}'
} }
{ timestamp:2023-07-26T16:23:25.855+0900, tid:4f700450-2b85-11ee-8864-4ffe8fb47bc1, payload:{
  type: 'RES',
  code: 200,
  req: '{"type":"REQ","method":"GET","url":"/v1/memos/","tid":"4f700450-2b85-11ee-8864-4ffe8fb47bc1","params":{},"query":{},"body":"{}"}',
  elapsed: undefined,
  response: '{"code":2000,"message":"OK","result":[]}'
} }
{ timestamp:2023-07-26T16:24:57.887+0900, tid:864493b0-2b85-11ee-8864-4ffe8fb47bc1, payload:{
  type: 'RES',
  code: 200,
  req: '{"type":"REQ","method":"POST","url":"/v1/memos/","tid":"864493b0-2b85-11ee-8864-4ffe8fb47bc1","params":{},"query":{},"body":"{\\"name\\":\\"hdsaoax\\",\\"title\\":\\"New Memo\\",\\"content\\":\\"This is a new memo content.\\"}"}',
  elapsed: undefined,
  response: '{"code":2000,"message":"OK","result":{"id":204,"name":"hdsaoax","title":"New Memo","content":"This is a new memo content.","userId":346}}'
} }
{ timestamp:2023-07-26T16:25:09.196+0900, tid:8d07fde0-2b85-11ee-8864-4ffe8fb47bc1, payload:{
  type: 'RES',
  code: 200,
  req: '{"type":"REQ","method":"GET","url":"/v1/memos/","tid":"8d07fde0-2b85-11ee-8864-4ffe8fb47bc1","params":{},"query":{},"body":"{}"}',
  elapsed: undefined,
  response: '{"code":2000,"message":"OK","result":[{"id":204,"name":"hdsaoax","title":"New Memo","content":"This is a new memo content.","userId":346}]}'
} }
{ timestamp:2023-07-26T16:39:14.507+0900, tid:84e16f50-2b87-11ee-b6fb-5f4dd06f5e05, payload:{
  type: 'RES',
  code: 200,
  req: '{"type":"REQ","method":"POST","url":"/v1/memos/","tid":"84e16f50-2b87-11ee-b6fb-5f4dd06f5e05","params":{},"query":{},"body":"{\\"name\\":\\"namee\\",\\"title\\":\\"titlee\\",\\"content\\":\\"conteent\\"}"}',
  elapsed: undefined,
  response: '{"code":2000,"message":"OK","result":{"id":205,"name":"namee","title":"titlee","content":"conteent","userId":168}}'
} }
{ timestamp:2023-07-26T16:39:14.580+0900, tid:84ec92e0-2b87-11ee-b6fb-5f4dd06f5e05, payload:{
  type: 'RES',
  code: 200,
  req: '{"type":"REQ","method":"GET","url":"/v1/memos/","tid":"84ec92e0-2b87-11ee-b6fb-5f4dd06f5e05","params":{},"query":{},"body":"{}"}',
  elapsed: undefined,
  response: '{"code":2000,"message":"OK","result":[{"id":147,"name":"hoax","title":"New Memo","content":"This is a new memo content.","userId":168},{"id":151,"name":"hdsaoax","title":"New Memo","content":"This is a new memo content.","userId":168},{"id":152,"name":"hdsaoax","title":"New Memo","content":"This is a new memo content.","userId":168},{"id":153,"name":"hdsaoax","title":"New Memo","content":"This is a new memo content.","userId":168},{"id":154,"name":"namee","title":"titlee","content":"conteent","userId":168},{"id":155,"name":"namee","title":"titlee","content":"conteent","userId":168},{"id":156,"name":"namee","title":"titlee","content":"conteent","userId":168},{"id":157,"name":"namee","title":"titlee","content":"conteent","userId":168},{"id":158,"name":"namee","title":"titlee","content":"conteent","userId":168},{"id":159,"name":"namee","title":"titlee","content":"conteent","userId":168},{"id":160,"name":"namee","title":"titlee","content":"conteent","userId":168},{"id":161,"name":"namee","title":"titlee","content":"conteent","userId":168},{"id":164,"name":"namee","title":"titlee","content":"conteent","userId":168},{"id":167,"name":"namee","title":"titlee","content":"conteent","userId":168},{"id":170,"name":"namee","title":"titlee","content":"conteent","userId":168},{"id":173,"name":"namee","title":"titlee","content":"conteent","userId":168},{"id":176,"name":"namee","title":"titlee","content":"conteent","userId":168},{"id":179,"name":"namee","title":"titlee","content":"conteent","userId":168},{"id":181,"name":"namee","title":"titlee","content":"conteent","userId":168},{"id":183,"name":"namee","title":"titlee","content":"conteent","userId":168},{"id":185,"name":"namee","title":"titlee","content":"conteent","userId":168},{"id":187,"name":"namee","title":"titlee","content":"conteent","userId":168},{"id":189,"name":"namee","title":"titlee","content":"conteent","userId":168},{"id":190,"name":"namee","title":"titlee","content":"conteent","userId":168},{"id":191,"name":"Memo1","title":"Test Memo 1","content":"This is a test memo 1","userId":168},{"id":192,"name":"namee","title":"titlee","content":"conteent","userId":168},{"id":193,"name":"Memo1","title":"Test Memo 1","content":"This is a test memo 1","userId":168},{"id":194,"name":"namee","title":"titlee","content":"conteent","userId":168},{"id":195,"name":"Memo1","title":"Test Memo 1","content":"This is a test memo 1","userId":168},{"id":196,"name":"namee","title":"titlee","content":"conteent","userId":168},{"id":197,"name":"Memo1","title":"Test Memo 1","content":"This is a test memo 1","userId":168},{"id":198,"name":"namee","title":"titlee","content":"conteent","userId":168},{"id":199,"name":"Memo1","title":"Test Memo 1","content":"This is a test memo 1","userId":168},{"id":200,"name":"namee","title":"titlee","content":"conteent","userId":168},{"id":201,"name":"Memo1","title":"Test Memo 1","content":"This is a test memo 1","userId":168},{"id":202,"name":"namee","title":"titlee","content":"conteent","userId":168},{"id":203,"name":"Memo1","title":"Test Memo 1","content":"This is a test memo 1","userId":168},{"id":205,"name":"namee","title":"titlee","content":"conteent","userId":168},{"id":206,"name":"Memo1","title":"Test Memo 1","content":"This is a test memo 1","userId":168}]}'
} }
{ timestamp:2023-07-26T16:55:26.765+0900, tid:c8643b70-2b89-11ee-995b-215904d45bfb, payload:{
  type: 'RES',
  code: 200,
  req: '{"type":"REQ","method":"POST","url":"/v1/memos/","tid":"c8643b70-2b89-11ee-995b-215904d45bfb","params":{},"query":{},"body":"{\\"name\\":\\"namee\\",\\"title\\":\\"titlee\\",\\"content\\":\\"conteent\\"}"}',
  elapsed: undefined,
  response: '{"code":2000,"message":"OK","result":{"id":207,"name":"namee","title":"titlee","content":"conteent","userId":168}}'
} }
{ timestamp:2023-07-26T16:55:26.837+0900, tid:c86f5f00-2b89-11ee-995b-215904d45bfb, payload:{
  type: 'RES',
  code: 200,
  req: '{"type":"REQ","method":"GET","url":"/v1/memos/","tid":"c86f5f00-2b89-11ee-995b-215904d45bfb","params":{},"query":{},"body":"{}"}',
  elapsed: undefined,
  response: '{"code":2000,"message":"OK","result":[{"id":147,"name":"hoax","title":"New Memo","content":"This is a new memo content.","userId":168},{"id":151,"name":"hdsaoax","title":"New Memo","content":"This is a new memo content.","userId":168},{"id":152,"name":"hdsaoax","title":"New Memo","content":"This is a new memo content.","userId":168},{"id":153,"name":"hdsaoax","title":"New Memo","content":"This is a new memo content.","userId":168},{"id":154,"name":"namee","title":"titlee","content":"conteent","userId":168},{"id":155,"name":"namee","title":"titlee","content":"conteent","userId":168},{"id":156,"name":"namee","title":"titlee","content":"conteent","userId":168},{"id":157,"name":"namee","title":"titlee","content":"conteent","userId":168},{"id":158,"name":"namee","title":"titlee","content":"conteent","userId":168},{"id":159,"name":"namee","title":"titlee","content":"conteent","userId":168},{"id":160,"name":"namee","title":"titlee","content":"conteent","userId":168},{"id":161,"name":"namee","title":"titlee","content":"conteent","userId":168},{"id":164,"name":"namee","title":"titlee","content":"conteent","userId":168},{"id":167,"name":"namee","title":"titlee","content":"conteent","userId":168},{"id":170,"name":"namee","title":"titlee","content":"conteent","userId":168},{"id":173,"name":"namee","title":"titlee","content":"conteent","userId":168},{"id":176,"name":"namee","title":"titlee","content":"conteent","userId":168},{"id":179,"name":"namee","title":"titlee","content":"conteent","userId":168},{"id":181,"name":"namee","title":"titlee","content":"conteent","userId":168},{"id":183,"name":"namee","title":"titlee","content":"conteent","userId":168},{"id":185,"name":"namee","title":"titlee","content":"conteent","userId":168},{"id":187,"name":"namee","title":"titlee","content":"conteent","userId":168},{"id":189,"name":"namee","title":"titlee","content":"conteent","userId":168},{"id":190,"name":"namee","title":"titlee","content":"conteent","userId":168},{"id":191,"name":"Memo1","title":"Test Memo 1","content":"This is a test memo 1","userId":168},{"id":192,"name":"namee","title":"titlee","content":"conteent","userId":168},{"id":193,"name":"Memo1","title":"Test Memo 1","content":"This is a test memo 1","userId":168},{"id":194,"name":"namee","title":"titlee","content":"conteent","userId":168},{"id":195,"name":"Memo1","title":"Test Memo 1","content":"This is a test memo 1","userId":168},{"id":196,"name":"namee","title":"titlee","content":"conteent","userId":168},{"id":197,"name":"Memo1","title":"Test Memo 1","content":"This is a test memo 1","userId":168},{"id":198,"name":"namee","title":"titlee","content":"conteent","userId":168},{"id":199,"name":"Memo1","title":"Test Memo 1","content":"This is a test memo 1","userId":168},{"id":200,"name":"namee","title":"titlee","content":"conteent","userId":168},{"id":201,"name":"Memo1","title":"Test Memo 1","content":"This is a test memo 1","userId":168},{"id":202,"name":"namee","title":"titlee","content":"conteent","userId":168},{"id":203,"name":"Memo1","title":"Test Memo 1","content":"This is a test memo 1","userId":168},{"id":205,"name":"namee","title":"titlee","content":"conteent","userId":168},{"id":206,"name":"Memo1","title":"Test Memo 1","content":"This is a test memo 1","userId":168},{"id":207,"name":"namee","title":"titlee","content":"conteent","userId":168},{"id":208,"name":"Memo1","title":"Test Memo 1","content":"This is a test memo 1","userId":168}]}'
} }
{ timestamp:2023-07-26T16:59:16.698+0900, tid:51716050-2b8a-11ee-b2b6-c796ab197c94, payload:{
  type: 'RES',
  code: 200,
  req: '{"type":"REQ","method":"POST","url":"/v1/memos/","tid":"51716050-2b8a-11ee-b2b6-c796ab197c94","params":{},"query":{},"body":"{\\"name\\":\\"namee\\",\\"title\\":\\"titlee\\",\\"content\\":\\"conteent\\"}"}',
  elapsed: undefined,
  response: '{"code":2000,"message":"OK","result":{"id":209,"name":"namee","title":"titlee","content":"conteent","userId":168}}'
} }
{ timestamp:2023-07-26T16:59:16.771+0900, tid:517caaf0-2b8a-11ee-b2b6-c796ab197c94, payload:{
  type: 'RES',
  code: 200,
  req: '{"type":"REQ","method":"GET","url":"/v1/memos/","tid":"517caaf0-2b8a-11ee-b2b6-c796ab197c94","params":{},"query":{},"body":"{}"}',
  elapsed: undefined,
  response: '{"code":2000,"message":"OK","result":[{"id":147,"name":"hoax","title":"New Memo","content":"This is a new memo content.","userId":168},{"id":151,"name":"hdsaoax","title":"New Memo","content":"This is a new memo content.","userId":168},{"id":152,"name":"hdsaoax","title":"New Memo","content":"This is a new memo content.","userId":168},{"id":153,"name":"hdsaoax","title":"New Memo","content":"This is a new memo content.","userId":168},{"id":154,"name":"namee","title":"titlee","content":"conteent","userId":168},{"id":155,"name":"namee","title":"titlee","content":"conteent","userId":168},{"id":156,"name":"namee","title":"titlee","content":"conteent","userId":168},{"id":157,"name":"namee","title":"titlee","content":"conteent","userId":168},{"id":158,"name":"namee","title":"titlee","content":"conteent","userId":168},{"id":159,"name":"namee","title":"titlee","content":"conteent","userId":168},{"id":160,"name":"namee","title":"titlee","content":"conteent","userId":168},{"id":161,"name":"namee","title":"titlee","content":"conteent","userId":168},{"id":164,"name":"namee","title":"titlee","content":"conteent","userId":168},{"id":167,"name":"namee","title":"titlee","content":"conteent","userId":168},{"id":170,"name":"namee","title":"titlee","content":"conteent","userId":168},{"id":173,"name":"namee","title":"titlee","content":"conteent","userId":168},{"id":176,"name":"namee","title":"titlee","content":"conteent","userId":168},{"id":179,"name":"namee","title":"titlee","content":"conteent","userId":168},{"id":181,"name":"namee","title":"titlee","content":"conteent","userId":168},{"id":183,"name":"namee","title":"titlee","content":"conteent","userId":168},{"id":185,"name":"namee","title":"titlee","content":"conteent","userId":168},{"id":187,"name":"namee","title":"titlee","content":"conteent","userId":168},{"id":189,"name":"namee","title":"titlee","content":"conteent","userId":168},{"id":190,"name":"namee","title":"titlee","content":"conteent","userId":168},{"id":191,"name":"Memo1","title":"Test Memo 1","content":"This is a test memo 1","userId":168},{"id":192,"name":"namee","title":"titlee","content":"conteent","userId":168},{"id":193,"name":"Memo1","title":"Test Memo 1","content":"This is a test memo 1","userId":168},{"id":194,"name":"namee","title":"titlee","content":"conteent","userId":168},{"id":195,"name":"Memo1","title":"Test Memo 1","content":"This is a test memo 1","userId":168},{"id":196,"name":"namee","title":"titlee","content":"conteent","userId":168},{"id":197,"name":"Memo1","title":"Test Memo 1","content":"This is a test memo 1","userId":168},{"id":198,"name":"namee","title":"titlee","content":"conteent","userId":168},{"id":199,"name":"Memo1","title":"Test Memo 1","content":"This is a test memo 1","userId":168},{"id":200,"name":"namee","title":"titlee","content":"conteent","userId":168},{"id":201,"name":"Memo1","title":"Test Memo 1","content":"This is a test memo 1","userId":168},{"id":202,"name":"namee","title":"titlee","content":"conteent","userId":168},{"id":203,"name":"Memo1","title":"Test Memo 1","content":"This is a test memo 1","userId":168},{"id":205,"name":"namee","title":"titlee","content":"conteent","userId":168},{"id":206,"name":"Memo1","title":"Test Memo 1","content":"This is a test memo 1","userId":168},{"id":207,"name":"namee","title":"titlee","content":"conteent","userId":168},{"id":208,"name":"Memo1","title":"Test Memo 1","content":"This is a test memo 1","userId":168},{"id":209,"name":"namee","title":"titlee","content":"conteent","userId":168},{"id":210,"name":"Memo1","title":"Test Memo 1","content":"This is a test memo 1","userId":168}]}'
} }
{ timestamp:2023-07-26T17:10:44.067+0900, tid:eb258fe0-2b8b-11ee-a09e-adfd7568fa67, payload:{
  type: 'RES',
  code: 200,
  req: '{"type":"REQ","method":"POST","url":"/v1/memos/","tid":"eb258fe0-2b8b-11ee-a09e-adfd7568fa67","params":{},"query":{},"body":"{\\"name\\":\\"namee\\",\\"title\\":\\"titlee\\",\\"content\\":\\"conteent\\"}"}',
  elapsed: undefined,
  response: '{"code":2000,"message":"OK","result":{"id":211,"name":"namee","title":"titlee","content":"conteent","userId":168}}'
} }
{ timestamp:2023-07-26T17:10:49.834+0900, tid:ee958950-2b8b-11ee-816c-2d48e3844aca, payload:{
  type: 'RES',
  code: 200,
  req: '{"type":"REQ","method":"POST","url":"/v1/memos/","tid":"ee958950-2b8b-11ee-816c-2d48e3844aca","params":{},"query":{},"body":"{\\"name\\":\\"namee\\",\\"title\\":\\"titlee\\",\\"content\\":\\"conteent\\"}"}',
  elapsed: undefined,
  response: '{"code":2000,"message":"OK","result":{"id":212,"name":"namee","title":"titlee","content":"conteent","userId":168}}'
} }
{ timestamp:2023-07-26T17:10:49.906+0900, tid:eea0ace0-2b8b-11ee-816c-2d48e3844aca, payload:{
  type: 'RES',
  code: 200,
  req: '{"type":"REQ","method":"GET","url":"/v1/memos/","tid":"eea0ace0-2b8b-11ee-816c-2d48e3844aca","params":{},"query":{},"body":"{}"}',
  elapsed: undefined,
  response: '{"code":2000,"message":"OK","result":[{"id":147,"name":"hoax","title":"New Memo","content":"This is a new memo content.","userId":168},{"id":151,"name":"hdsaoax","title":"New Memo","content":"This is a new memo content.","userId":168},{"id":152,"name":"hdsaoax","title":"New Memo","content":"This is a new memo content.","userId":168},{"id":153,"name":"hdsaoax","title":"New Memo","content":"This is a new memo content.","userId":168},{"id":154,"name":"namee","title":"titlee","content":"conteent","userId":168},{"id":155,"name":"namee","title":"titlee","content":"conteent","userId":168},{"id":156,"name":"namee","title":"titlee","content":"conteent","userId":168},{"id":157,"name":"namee","title":"titlee","content":"conteent","userId":168},{"id":158,"name":"namee","title":"titlee","content":"conteent","userId":168},{"id":159,"name":"namee","title":"titlee","content":"conteent","userId":168},{"id":160,"name":"namee","title":"titlee","content":"conteent","userId":168},{"id":161,"name":"namee","title":"titlee","content":"conteent","userId":168},{"id":164,"name":"namee","title":"titlee","content":"conteent","userId":168},{"id":167,"name":"namee","title":"titlee","content":"conteent","userId":168},{"id":170,"name":"namee","title":"titlee","content":"conteent","userId":168},{"id":173,"name":"namee","title":"titlee","content":"conteent","userId":168},{"id":176,"name":"namee","title":"titlee","content":"conteent","userId":168},{"id":179,"name":"namee","title":"titlee","content":"conteent","userId":168},{"id":181,"name":"namee","title":"titlee","content":"conteent","userId":168},{"id":183,"name":"namee","title":"titlee","content":"conteent","userId":168},{"id":185,"name":"namee","title":"titlee","content":"conteent","userId":168},{"id":187,"name":"namee","title":"titlee","content":"conteent","userId":168},{"id":189,"name":"namee","title":"titlee","content":"conteent","userId":168},{"id":190,"name":"namee","title":"titlee","content":"conteent","userId":168},{"id":191,"name":"Memo1","title":"Test Memo 1","content":"This is a test memo 1","userId":168},{"id":192,"name":"namee","title":"titlee","content":"conteent","userId":168},{"id":193,"name":"Memo1","title":"Test Memo 1","content":"This is a test memo 1","userId":168},{"id":194,"name":"namee","title":"titlee","content":"conteent","userId":168},{"id":195,"name":"Memo1","title":"Test Memo 1","content":"This is a test memo 1","userId":168},{"id":196,"name":"namee","title":"titlee","content":"conteent","userId":168},{"id":197,"name":"Memo1","title":"Test Memo 1","content":"This is a test memo 1","userId":168},{"id":198,"name":"namee","title":"titlee","content":"conteent","userId":168},{"id":199,"name":"Memo1","title":"Test Memo 1","content":"This is a test memo 1","userId":168},{"id":200,"name":"namee","title":"titlee","content":"conteent","userId":168},{"id":201,"name":"Memo1","title":"Test Memo 1","content":"This is a test memo 1","userId":168},{"id":202,"name":"namee","title":"titlee","content":"conteent","userId":168},{"id":203,"name":"Memo1","title":"Test Memo 1","content":"This is a test memo 1","userId":168},{"id":205,"name":"namee","title":"titlee","content":"conteent","userId":168},{"id":206,"name":"Memo1","title":"Test Memo 1","content":"This is a test memo 1","userId":168},{"id":207,"name":"namee","title":"titlee","content":"conteent","userId":168},{"id":208,"name":"Memo1","title":"Test Memo 1","content":"This is a test memo 1","userId":168},{"id":209,"name":"namee","title":"titlee","content":"conteent","userId":168},{"id":210,"name":"Memo1","title":"Test Memo 1","content":"This is a test memo 1","userId":168},{"id":211,"name":"namee","title":"titlee","content":"conteent","userId":168},{"id":212,"name":"namee","title":"titlee","content":"conteent","userId":168},{"id":213,"name":"Memo1","title":"Test Memo 1","content":"This is a test memo 1","userId":168}]}'
} }
{ timestamp:2023-07-26T17:11:03.347+0900, tid:f69f7d40-2b8b-11ee-8e1b-f7d6f90e02d4, payload:{
  type: 'RES',
  code: 200,
  req: '{"type":"REQ","method":"GET","url":"/v1/memos/","tid":"f69f7d40-2b8b-11ee-8e1b-f7d6f90e02d4","params":{},"query":{},"body":"{}"}',
  elapsed: undefined,
  response: '{"code":2000,"message":"OK","result":[{"id":204,"name":"hdsaoax","title":"New Memo","content":"This is a new memo content.","userId":346}]}'
} }
{ timestamp:2023-07-26T17:11:05.404+0900, tid:f7dcb830-2b8b-11ee-8e1b-f7d6f90e02d4, payload:{
  type: 'RES',
  code: 200,
  req: '{"type":"REQ","method":"GET","url":"/v1/memos/","tid":"f7dcb830-2b8b-11ee-8e1b-f7d6f90e02d4","params":{},"query":{},"body":"{}"}',
  elapsed: undefined,
  response: '{"code":2000,"message":"OK","result":[{"id":204,"name":"hdsaoax","title":"New Memo","content":"This is a new memo content.","userId":346}]}'
} }
{ timestamp:2023-07-26T17:11:05.629+0900, tid:f7ff0d40-2b8b-11ee-8e1b-f7d6f90e02d4, payload:{
  type: 'RES',
  code: 200,
  req: '{"type":"REQ","method":"GET","url":"/v1/memos/","tid":"f7ff0d40-2b8b-11ee-8e1b-f7d6f90e02d4","params":{},"query":{},"body":"{}"}',
  elapsed: undefined,
  response: '{"code":2000,"message":"OK","result":[{"id":204,"name":"hdsaoax","title":"New Memo","content":"This is a new memo content.","userId":346}]}'
} }
{ timestamp:2023-07-26T17:11:05.889+0900, tid:f8264450-2b8b-11ee-8e1b-f7d6f90e02d4, payload:{
  type: 'RES',
  code: 200,
  req: '{"type":"REQ","method":"GET","url":"/v1/memos/","tid":"f8264450-2b8b-11ee-8e1b-f7d6f90e02d4","params":{},"query":{},"body":"{}"}',
  elapsed: undefined,
  response: '{"code":2000,"message":"OK","result":[{"id":204,"name":"hdsaoax","title":"New Memo","content":"This is a new memo content.","userId":346}]}'
} }
{ timestamp:2023-07-26T17:13:46.477+0900, tid:57da6390-2b8c-11ee-bc0e-b536b283fb98, payload:{
  type: 'RES',
  code: 200,
  req: '{"type":"REQ","method":"POST","url":"/v1/memos/","tid":"57da6390-2b8c-11ee-bc0e-b536b283fb98","params":{},"query":{},"body":"{\\"name\\":\\"hdsaoax\\",\\"title\\":\\"New Memo\\",\\"content\\":\\"This is a new memo content.\\"}"}',
  elapsed: undefined,
  response: '{"code":2000,"message":"OK","result":{"id":214,"name":"hdsaoax","title":"New Memo","content":"This is a new memo content.","userId":346}}'
} }
{ timestamp:2023-07-26T17:13:50.370+0900, tid:5a2fc540-2b8c-11ee-bc0e-b536b283fb98, payload:{
  type: 'RES',
  code: 200,
  req: '{"type":"REQ","method":"GET","url":"/v1/memos/","tid":"5a2fc540-2b8c-11ee-bc0e-b536b283fb98","params":{},"query":{},"body":"{}"}',
  elapsed: undefined,
  response: '{"code":2000,"message":"OK","result":[{"id":204,"name":"hdsaoax","title":"New Memo","content":"This is a new memo content.","userId":346},{"id":214,"name":"hdsaoax","title":"New Memo","content":"This is a new memo content.","userId":346}]}'
} }
{ timestamp:2023-07-26T17:13:59.406+0900, tid:5f928e00-2b8c-11ee-bc0e-b536b283fb98, payload:{
  type: 'RES',
  code: 200,
  req: '{"type":"REQ","method":"GET","url":"/v1/memos/","tid":"5f928e00-2b8c-11ee-bc0e-b536b283fb98","params":{},"query":{},"body":"{}"}',
  elapsed: undefined,
  response: '{"code":2000,"message":"OK","result":[{"id":204,"name":"hdsaoax","title":"New Memo","content":"This is a new memo content.","userId":346},{"id":214,"name":"hdsaoax","title":"New Memo","content":"This is a new memo content.","userId":346}]}'
} }
{ timestamp:2023-07-26T17:14:11.347+0900, tid:66aec690-2b8c-11ee-9b14-3d216fd58585, payload:{
  type: 'RES',
  code: 200,
  req: '{"type":"REQ","method":"GET","url":"/v1/memos/","tid":"66aec690-2b8c-11ee-9b14-3d216fd58585","params":{},"query":{},"body":"{}"}',
  elapsed: undefined,
  response: '{"code":2000,"message":"OK","result":[{"id":204,"name":"hdsaoax","title":"New Memo","content":"This is a new memo content.","userId":346},{"id":214,"name":"hdsaoax","title":"New Memo","content":"This is a new memo content.","userId":346}]}'
} }
{ timestamp:2023-07-26T17:25:37.983+0900, tid:fff62a90-2b8d-11ee-b4f1-4b54fca33752, payload:{
  type: 'RES',
  code: 200,
  req: '{"type":"REQ","method":"POST","url":"/v1/memos/","tid":"fff62a90-2b8d-11ee-b4f1-4b54fca33752","params":{},"query":{},"body":"{\\"name\\":\\"namee\\",\\"title\\":\\"titlee\\",\\"content\\":\\"conteent\\"}"}',
  elapsed: undefined,
  response: '{"code":2000,"message":"OK","result":{"id":215,"name":"namee","title":"titlee","content":"conteent","userId":168}}'
} }
{ timestamp:2023-07-26T17:25:38.056+0900, tid:00017530-2b8e-11ee-b4f1-4b54fca33752, payload:{
  type: 'RES',
  code: 200,
  req: '{"type":"REQ","method":"GET","url":"/v1/memos/","tid":"00017530-2b8e-11ee-b4f1-4b54fca33752","params":{},"query":{},"body":"{}"}',
  elapsed: undefined,
  response: '{"code":2000,"message":"OK","result":[{"id":147,"name":"hoax","title":"New Memo","content":"This is a new memo content.","userId":168},{"id":151,"name":"hdsaoax","title":"New Memo","content":"This is a new memo content.","userId":168},{"id":152,"name":"hdsaoax","title":"New Memo","content":"This is a new memo content.","userId":168},{"id":153,"name":"hdsaoax","title":"New Memo","content":"This is a new memo content.","userId":168},{"id":154,"name":"namee","title":"titlee","content":"conteent","userId":168},{"id":155,"name":"namee","title":"titlee","content":"conteent","userId":168},{"id":156,"name":"namee","title":"titlee","content":"conteent","userId":168},{"id":157,"name":"namee","title":"titlee","content":"conteent","userId":168},{"id":158,"name":"namee","title":"titlee","content":"conteent","userId":168},{"id":159,"name":"namee","title":"titlee","content":"conteent","userId":168},{"id":160,"name":"namee","title":"titlee","content":"conteent","userId":168},{"id":161,"name":"namee","title":"titlee","content":"conteent","userId":168},{"id":164,"name":"namee","title":"titlee","content":"conteent","userId":168},{"id":167,"name":"namee","title":"titlee","content":"conteent","userId":168},{"id":170,"name":"namee","title":"titlee","content":"conteent","userId":168},{"id":173,"name":"namee","title":"titlee","content":"conteent","userId":168},{"id":176,"name":"namee","title":"titlee","content":"conteent","userId":168},{"id":179,"name":"namee","title":"titlee","content":"conteent","userId":168},{"id":181,"name":"namee","title":"titlee","content":"conteent","userId":168},{"id":183,"name":"namee","title":"titlee","content":"conteent","userId":168},{"id":185,"name":"namee","title":"titlee","content":"conteent","userId":168},{"id":187,"name":"namee","title":"titlee","content":"conteent","userId":168},{"id":189,"name":"namee","title":"titlee","content":"conteent","userId":168},{"id":190,"name":"namee","title":"titlee","content":"conteent","userId":168},{"id":191,"name":"Memo1","title":"Test Memo 1","content":"This is a test memo 1","userId":168},{"id":192,"name":"namee","title":"titlee","content":"conteent","userId":168},{"id":193,"name":"Memo1","title":"Test Memo 1","content":"This is a test memo 1","userId":168},{"id":194,"name":"namee","title":"titlee","content":"conteent","userId":168},{"id":195,"name":"Memo1","title":"Test Memo 1","content":"This is a test memo 1","userId":168},{"id":196,"name":"namee","title":"titlee","content":"conteent","userId":168},{"id":197,"name":"Memo1","title":"Test Memo 1","content":"This is a test memo 1","userId":168},{"id":198,"name":"namee","title":"titlee","content":"conteent","userId":168},{"id":199,"name":"Memo1","title":"Test Memo 1","content":"This is a test memo 1","userId":168},{"id":200,"name":"namee","title":"titlee","content":"conteent","userId":168},{"id":201,"name":"Memo1","title":"Test Memo 1","content":"This is a test memo 1","userId":168},{"id":202,"name":"namee","title":"titlee","content":"conteent","userId":168},{"id":203,"name":"Memo1","title":"Test Memo 1","content":"This is a test memo 1","userId":168},{"id":205,"name":"namee","title":"titlee","content":"conteent","userId":168},{"id":206,"name":"Memo1","title":"Test Memo 1","content":"This is a test memo 1","userId":168},{"id":207,"name":"namee","title":"titlee","content":"conteent","userId":168},{"id":208,"name":"Memo1","title":"Test Memo 1","content":"This is a test memo 1","userId":168},{"id":209,"name":"namee","title":"titlee","content":"conteent","userId":168},{"id":210,"name":"Memo1","title":"Test Memo 1","content":"This is a test memo 1","userId":168},{"id":211,"name":"namee","title":"titlee","content":"conteent","userId":168},{"id":212,"name":"namee","title":"titlee","content":"conteent","userId":168},{"id":213,"name":"Memo1","title":"Test Memo 1","content":"This is a test memo 1","userId":168},{"id":215,"name":"namee","title":"titlee","content":"conteent","userId":168},{"id":216,"name":"Memo1","title":"Test Memo 1","content":"This is a test memo 1","userId":168}]}'
} }
{ timestamp:2023-07-26T17:27:06.019+0900, tid:346aa9e0-2b8e-11ee-890c-93bb20845ea1, payload:{
  type: 'RES',
  code: 200,
  req: '{"type":"REQ","method":"POST","url":"/v1/memos/","tid":"346aa9e0-2b8e-11ee-890c-93bb20845ea1","params":{},"query":{},"body":"{\\"name\\":\\"hdsaoax\\",\\"title\\":\\"New Memo\\",\\"content\\":\\"This is a new memo content.\\"}"}',
  elapsed: undefined,
  response: '{"code":2000,"message":"OK","result":{"id":217,"name":"hdsaoax","title":"New Memo","content":"This is a new memo content.","userId":346}}'
} }
{ timestamp:2023-07-26T17:27:39.343+0900, tid:48455dc0-2b8e-11ee-890c-93bb20845ea1, payload:{
  type: 'RES',
  code: 200,
  req: '{"type":"REQ","method":"DELETE","url":"/v1/memos/217","tid":"48455dc0-2b8e-11ee-890c-93bb20845ea1","params":{"id":"217"},"query":{},"body":"{}"}',
  elapsed: undefined,
  response: '{"code":2000,"message":"OK","result":{"id":217,"name":"hdsaoax","title":"New Memo","content":"This is a new memo content.","userId":346}}'
} }
