{ timestamp:2023-07-19T10:55:44.256+0900, tid:5f49ea20-25d7-11ee-a93b-abaa974129f6, payload:{
  type: 'RES',
  code: 200,
  req: '{"type":"REQ","method":"POST","url":"/app/memo/","tid":"5f49ea20-25d7-11ee-a93b-abaa974129f6","params":{},"query":{},"body":"{\\"name\\":\\"John Doe\\",\\"title\\":\\"Hello Memo\\",\\"content\\":\\"This is a test memo.\\"}"}',
  elapsed: undefined,
  response: undefined
} }
{ timestamp:2023-07-19T11:12:50.413+0900, tid:c2ee9290-25d9-11ee-be8f-599b3893f886, payload:{
  type: 'RES',
  code: 200,
  req: '{"type":"REQ","method":"POST","url":"/app/memo/","tid":"c2ee9290-25d9-11ee-be8f-599b3893f886","params":{},"query":{},"body":"{\\"name\\":\\"John Doe\\",\\"title\\":\\"Hello Memo\\",\\"content\\":\\"This is a test memo.\\"}"}',
  elapsed: undefined,
  response: '{"code":2000,"message":"OK","result":{"id":145,"name":"John Doe","title":"Hello Memo","content":"This is a test memo."}}'
} }
{ timestamp:2023-07-19T11:13:05.444+0900, tid:cbe6de20-25d9-11ee-be8f-599b3893f886, payload:{
  type: 'RES',
  code: 200,
  req: '{"type":"REQ","method":"GET","url":"/app/memo/","tid":"cbe6de20-25d9-11ee-be8f-599b3893f886","params":{},"query":{},"body":"{}"}',
  elapsed: undefined,
  response: '{"code":2000,"message":"OK","result":[{"id":144,"name":"John Doe","title":"Hello Memo","content":"This is a test memo."},{"id":145,"name":"John Doe","title":"Hello Memo","content":"This is a test memo."}]}'
} }
{ timestamp:2023-07-19T13:59:52.038+0900, tid:184a1b80-25f1-11ee-b7cb-398098efea1e, payload:{
  type: 'RES',
  code: 200,
  req: '{"type":"REQ","method":"GET","url":"/app/memo/","tid":"184a1b80-25f1-11ee-b7cb-398098efea1e","params":{},"query":{},"body":"{}"}',
  elapsed: undefined,
  response: '{"code":2000,"message":"OK","result":[{"id":144,"name":"John Doe","title":"Hello Memo","content":"This is a test memo."},{"id":145,"name":"John Doe","title":"Hello Memo","content":"This is a test memo."}]}'
} }
{ timestamp:2023-07-19T14:00:10.146+0900, tid:2314b610-25f1-11ee-b7cb-398098efea1e, payload:{
  type: 'RES',
  code: 200,
  req: '{"type":"REQ","method":"POST","url":"/app/memo/","tid":"2314b610-25f1-11ee-b7cb-398098efea1e","params":{},"query":{},"body":"{\\"name\\":\\"John Doe\\",\\"title\\":\\"Hello Memo\\",\\"content\\":\\"This is a test memo.\\"}"}',
  elapsed: undefined,
  response: '{"code":2000,"message":"OK","result":{"id":146,"name":"John Doe","title":"Hello Memo","content":"This is a test memo."}}'
} }
{ timestamp:2023-07-19T14:00:12.435+0900, tid:247816a0-25f1-11ee-b7cb-398098efea1e, payload:{
  type: 'RES',
  code: 200,
  req: '{"type":"REQ","method":"GET","url":"/app/memo/","tid":"247816a0-25f1-11ee-b7cb-398098efea1e","params":{},"query":{},"body":"{}"}',
  elapsed: undefined,
  response: '{"code":2000,"message":"OK","result":[{"id":144,"name":"John Doe","title":"Hello Memo","content":"This is a test memo."},{"id":145,"name":"John Doe","title":"Hello Memo","content":"This is a test memo."},{"id":146,"name":"John Doe","title":"Hello Memo","content":"This is a test memo."}]}'
} }
{ timestamp:2023-07-19T14:00:16.671+0900, tid:26fee890-25f1-11ee-b7cb-398098efea1e, payload:{
  type: 'RES',
  code: 200,
  req: '{"type":"REQ","method":"POST","url":"/app/memo/","tid":"26fee890-25f1-11ee-b7cb-398098efea1e","params":{},"query":{},"body":"{\\"name\\":\\"John Doe\\",\\"title\\":\\"Hello Memo\\",\\"content\\":\\"This is a test memo.\\"}"}',
  elapsed: undefined,
  response: '{"code":2000,"message":"OK","result":{"id":147,"name":"John Doe","title":"Hello Memo","content":"This is a test memo."}}'
} }
{ timestamp:2023-07-19T14:00:18.156+0900, tid:27e1a770-25f1-11ee-b7cb-398098efea1e, payload:{
  type: 'RES',
  code: 200,
  req: '{"type":"REQ","method":"GET","url":"/app/memo/","tid":"27e1a770-25f1-11ee-b7cb-398098efea1e","params":{},"query":{},"body":"{}"}',
  elapsed: undefined,
  response: '{"code":2000,"message":"OK","result":[{"id":144,"name":"John Doe","title":"Hello Memo","content":"This is a test memo."},{"id":145,"name":"John Doe","title":"Hello Memo","content":"This is a test memo."},{"id":146,"name":"John Doe","title":"Hello Memo","content":"This is a test memo."},{"id":147,"name":"John Doe","title":"Hello Memo","content":"This is a test memo."}]}'
} }
{ timestamp:2023-07-19T14:00:54.020+0900, tid:3d3b5a30-25f1-11ee-b7cb-398098efea1e, payload:{
  type: 'RES',
  code: 200,
  req: '{"type":"REQ","method":"PUT","url":"/app/memo/","tid":"3d3b5a30-25f1-11ee-b7cb-398098efea1e","params":{},"query":{},"body":"{\\"name\\":\\"John Doe\\",\\"title\\":\\"Hello Memo\\",\\"content\\":\\"This is a test memo.\\"}"}',
  elapsed: undefined,
  response: '{"code":2000,"message":"OK"}'
} }
{ timestamp:2023-07-19T14:01:11.499+0900, tid:47abede0-25f1-11ee-b7cb-398098efea1e, payload:{
  type: 'RES',
  code: 200,
  req: '{"type":"REQ","method":"GET","url":"/app/memo/","tid":"47abede0-25f1-11ee-b7cb-398098efea1e","params":{},"query":{},"body":"{}"}',
  elapsed: undefined,
  response: '{"code":2000,"message":"OK","result":[{"id":144,"name":"John Doe","title":"Hello Memo","content":"This is a test memo."},{"id":145,"name":"John Doe","title":"Hello Memo","content":"This is a test memo."},{"id":146,"name":"John Doe","title":"Hello Memo","content":"This is a test memo."},{"id":147,"name":"John Doe","title":"Hello Memo","content":"This is a test memo."}]}'
} }
{ timestamp:2023-07-19T14:02:06.637+0900, tid:6885cf90-25f1-11ee-b7cb-398098efea1e, payload:{
  type: 'RES',
  code: 200,
  req: '{"type":"REQ","method":"PUT","url":"/app/memo/","tid":"6885cf90-25f1-11ee-b7cb-398098efea1e","params":{},"query":{},"body":"{\\"id\\":147,\\"name\\":\\"John Doe\\",\\"title\\":\\"Updated Memo\\",\\"content\\":\\"This is an updated test memo.\\"}"}',
  elapsed: undefined,
  response: '{"code":2000,"message":"OK"}'
} }
{ timestamp:2023-07-19T14:02:10.555+0900, tid:6ae08870-25f1-11ee-b7cb-398098efea1e, payload:{
  type: 'RES',
  code: 200,
  req: '{"type":"REQ","method":"GET","url":"/app/memo/","tid":"6ae08870-25f1-11ee-b7cb-398098efea1e","params":{},"query":{},"body":"{}"}',
  elapsed: undefined,
  response: '{"code":2000,"message":"OK","result":[{"id":144,"name":"John Doe","title":"Hello Memo","content":"This is a test memo."},{"id":145,"name":"John Doe","title":"Hello Memo","content":"This is a test memo."},{"id":146,"name":"John Doe","title":"Hello Memo","content":"This is a test memo."},{"id":147,"name":"John Doe","title":"Hello Memo","content":"This is a test memo."}]}'
} }
{ timestamp:2023-07-19T14:02:12.457+0900, tid:6c02e860-25f1-11ee-b7cb-398098efea1e, payload:{
  type: 'RES',
  code: 200,
  req: '{"type":"REQ","method":"GET","url":"/app/memo/","tid":"6c02e860-25f1-11ee-b7cb-398098efea1e","params":{},"query":{},"body":"{}"}',
  elapsed: undefined,
  response: '{"code":2000,"message":"OK","result":[{"id":144,"name":"John Doe","title":"Hello Memo","content":"This is a test memo."},{"id":145,"name":"John Doe","title":"Hello Memo","content":"This is a test memo."},{"id":146,"name":"John Doe","title":"Hello Memo","content":"This is a test memo."},{"id":147,"name":"John Doe","title":"Hello Memo","content":"This is a test memo."}]}'
} }
{ timestamp:2023-07-19T14:02:40.499+0900, tid:7cb75600-25f1-11ee-b7cb-398098efea1e, payload:{
  type: 'RES',
  code: 200,
  req: '{"type":"REQ","method":"PUT","url":"/app/memo/","tid":"7cb75600-25f1-11ee-b7cb-398098efea1e","params":{},"query":{},"body":"{\\"id\\":144,\\"name\\":\\"John Doe\\",\\"title\\":\\"Updated Memo\\",\\"content\\":\\"This is an updated test memo.\\"}"}',
  elapsed: undefined,
  response: '{"code":2000,"message":"OK"}'
} }
{ timestamp:2023-07-19T14:02:49.990+0900, tid:826160f0-25f1-11ee-b7cb-398098efea1e, payload:{
  type: 'RES',
  code: 200,
  req: '{"type":"REQ","method":"PUT","url":"/app/memo/","tid":"826160f0-25f1-11ee-b7cb-398098efea1e","params":{},"query":{},"body":"{\\"id\\":144,\\"name\\":\\"John Doe\\",\\"title\\":\\"Updated Memo\\",\\"content\\":\\"This is an updated test memo.\\"}"}',
  elapsed: undefined,
  response: '{"code":2000,"message":"OK"}'
} }
{ timestamp:2023-07-19T14:07:45.883+0900, tid:32b79730-25f2-11ee-aea8-e58fd3710b1f, payload:{
  type: 'RES',
  code: 200,
  req: '{"type":"REQ","method":"GET","url":"/app/memo/","tid":"32b79730-25f2-11ee-aea8-e58fd3710b1f","params":{},"query":{},"body":"{}"}',
  elapsed: undefined,
  response: '{"code":2000,"message":"OK","result":[{"id":144,"name":"John Doe","title":"Hello Memo","content":"This is a test memo."},{"id":145,"name":"John Doe","title":"Hello Memo","content":"This is a test memo."},{"id":146,"name":"John Doe","title":"Hello Memo","content":"This is a test memo."},{"id":147,"name":"John Doe","title":"Hello Memo","content":"This is a test memo."}]}'
} }
{ timestamp:2023-07-19T14:09:24.371+0900, tid:6d6f7b40-25f2-11ee-aea8-e58fd3710b1f, payload:{
  type: 'RES',
  code: 200,
  req: '{"type":"REQ","method":"PUT","url":"/app/memo/145","tid":"6d6f7b40-25f2-11ee-aea8-e58fd3710b1f","params":{"id":"145"},"query":{},"body":"{\\"name\\":\\"John Doe\\",\\"title\\":\\"Updated Memo\\",\\"content\\":\\"This is an updated test memo.\\"}"}',
  elapsed: undefined,
  response: '{"code":2000,"message":"OK"}'
} }
{ timestamp:2023-07-19T14:09:32.484+0900, tid:72498c00-25f2-11ee-aea8-e58fd3710b1f, payload:{
  type: 'RES',
  code: 200,
  req: '{"type":"REQ","method":"GET","url":"/app/memo/","tid":"72498c00-25f2-11ee-aea8-e58fd3710b1f","params":{},"query":{},"body":"{}"}',
  elapsed: undefined,
  response: '{"code":2000,"message":"OK","result":[{"id":144,"name":"John Doe","title":"Hello Memo","content":"This is a test memo."},{"id":145,"name":"John Doe","title":"Hello Memo","content":"This is a test memo."},{"id":146,"name":"John Doe","title":"Hello Memo","content":"This is a test memo."},{"id":147,"name":"John Doe","title":"Hello Memo","content":"This is a test memo."}]}'
} }
{ timestamp:2023-07-19T14:09:33.342+0900, tid:72cc77a0-25f2-11ee-aea8-e58fd3710b1f, payload:{
  type: 'RES',
  code: 200,
  req: '{"type":"REQ","method":"GET","url":"/app/memo/","tid":"72cc77a0-25f2-11ee-aea8-e58fd3710b1f","params":{},"query":{},"body":"{}"}',
  elapsed: undefined,
  response: '{"code":2000,"message":"OK","result":[{"id":144,"name":"John Doe","title":"Hello Memo","content":"This is a test memo."},{"id":145,"name":"John Doe","title":"Hello Memo","content":"This is a test memo."},{"id":146,"name":"John Doe","title":"Hello Memo","content":"This is a test memo."},{"id":147,"name":"John Doe","title":"Hello Memo","content":"This is a test memo."}]}'
} }
{ timestamp:2023-07-19T14:09:34.058+0900, tid:7339df70-25f2-11ee-aea8-e58fd3710b1f, payload:{
  type: 'RES',
  code: 200,
  req: '{"type":"REQ","method":"GET","url":"/app/memo/","tid":"7339df70-25f2-11ee-aea8-e58fd3710b1f","params":{},"query":{},"body":"{}"}',
  elapsed: undefined,
  response: '{"code":2000,"message":"OK","result":[{"id":144,"name":"John Doe","title":"Hello Memo","content":"This is a test memo."},{"id":145,"name":"John Doe","title":"Hello Memo","content":"This is a test memo."},{"id":146,"name":"John Doe","title":"Hello Memo","content":"This is a test memo."},{"id":147,"name":"John Doe","title":"Hello Memo","content":"This is a test memo."}]}'
} }
{ timestamp:2023-07-19T14:09:45.986+0900, tid:7a5358e0-25f2-11ee-aea8-e58fd3710b1f, payload:{
  type: 'RES',
  code: 200,
  req: '{"type":"REQ","method":"PUT","url":"/app/memo/140","tid":"7a5358e0-25f2-11ee-aea8-e58fd3710b1f","params":{"id":"140"},"query":{},"body":"{\\"name\\":\\"John Doe\\",\\"title\\":\\"Updated Memo\\",\\"content\\":\\"This is an updated test memo.\\"}"}',
  elapsed: undefined,
  response: '{"code":2000,"message":"OK"}'
} }
{ timestamp:2023-07-19T14:09:49.484+0900, tid:7c6b8a80-25f2-11ee-aea8-e58fd3710b1f, payload:{
  type: 'RES',
  code: 200,
  req: '{"type":"REQ","method":"PUT","url":"/app/memo/140123123","tid":"7c6b8a80-25f2-11ee-aea8-e58fd3710b1f","params":{"id":"140123123"},"query":{},"body":"{\\"name\\":\\"John Doe\\",\\"title\\":\\"Updated Memo\\",\\"content\\":\\"This is an updated test memo.\\"}"}',
  elapsed: undefined,
  response: '{"code":2000,"message":"OK"}'
} }
{ timestamp:2023-07-19T14:10:55.247+0900, tid:a3981330-25f2-11ee-aea8-e58fd3710b1f, payload:{
  type: 'RES',
  code: 200,
  req: '{"type":"REQ","method":"GET","url":"/app/memo/146","tid":"a3981330-25f2-11ee-aea8-e58fd3710b1f","params":{"id":"146"},"query":{},"body":"{}"}',
  elapsed: undefined,
  response: '{"code":2000,"message":"OK","result":{"id":146,"name":"John Doe","title":"Hello Memo","content":"This is a test memo."}}'
} }
{ timestamp:2023-07-19T14:11:05.539+0900, tid:a9bf1650-25f2-11ee-aea8-e58fd3710b1f, payload:{
  type: 'RES',
  code: 200,
  req: '{"type":"REQ","method":"PUT","url":"/app/memo/146","tid":"a9bf1650-25f2-11ee-aea8-e58fd3710b1f","params":{"id":"146"},"query":{},"body":"{\\"name\\":\\"John Doe\\",\\"title\\":\\"Updated Memo\\",\\"content\\":\\"This is an updated test memo.\\"}"}',
  elapsed: undefined,
  response: '{"code":2000,"message":"OK"}'
} }
{ timestamp:2023-07-19T14:11:08.450+0900, tid:ab7ccbe0-25f2-11ee-aea8-e58fd3710b1f, payload:{
  type: 'RES',
  code: 200,
  req: '{"type":"REQ","method":"GET","url":"/app/memo/146","tid":"ab7ccbe0-25f2-11ee-aea8-e58fd3710b1f","params":{"id":"146"},"query":{},"body":"{}"}',
  elapsed: undefined,
  response: '{"code":2000,"message":"OK","result":{"id":146,"name":"John Doe","title":"Hello Memo","content":"This is a test memo."}}'
} }
{ timestamp:2023-07-19T14:14:15.233+0900, tid:1acb3630-25f3-11ee-a638-63d4a93283db, payload:{
  type: 'RES',
  code: 200,
  req: '{"type":"REQ","method":"GET","url":"/app/memo/146","tid":"1acb3630-25f3-11ee-a638-63d4a93283db","params":{"id":"146"},"query":{},"body":"{}"}',
  elapsed: undefined,
  response: '{"code":2000,"message":"OK","result":{"id":146,"name":"John Doe","title":"Hello Memo","content":"This is a test memo."}}'
} }
{ timestamp:2023-07-19T14:14:25.491+0900, tid:20ed3040-25f3-11ee-a638-63d4a93283db, payload:{
  type: 'RES',
  code: 200,
  req: '{"type":"REQ","method":"PUT","url":"/app/memo/146","tid":"20ed3040-25f3-11ee-a638-63d4a93283db","params":{"id":"146"},"query":{},"body":"{\\"name\\":\\"John Doe\\",\\"title\\":\\"Updated Memo\\",\\"content\\":\\"This is an updated test memo.\\"}"}',
  elapsed: undefined,
  response: '{"code":2000,"message":"OK"}'
} }
{ timestamp:2023-07-19T14:14:28.936+0900, tid:22fc6130-25f3-11ee-a638-63d4a93283db, payload:{
  type: 'RES',
  code: 200,
  req: '{"type":"REQ","method":"GET","url":"/app/memo/146","tid":"22fc6130-25f3-11ee-a638-63d4a93283db","params":{"id":"146"},"query":{},"body":"{}"}',
  elapsed: undefined,
  response: '{"code":2000,"message":"OK","result":{"id":146,"name":"John Doe","title":"Hello Memo","content":"This is a test memo."}}'
} }
{ timestamp:2023-07-19T14:18:14.118+0900, tid:a92b6c60-25f3-11ee-912b-21ea6c3de331, payload:{
  type: 'RES',
  code: 200,
  req: '{"type":"REQ","method":"GET","url":"/app/memo/146","tid":"a92b6c60-25f3-11ee-912b-21ea6c3de331","params":{"id":"146"},"query":{},"body":"{}"}',
  elapsed: undefined,
  response: '{"code":2000,"message":"OK","result":{"id":146,"name":"John Doe","title":"Hello Memo","content":"This is a test memo."}}'
} }
{ timestamp:2023-07-19T14:18:25.133+0900, tid:afc49240-25f3-11ee-912b-21ea6c3de331, payload:{
  type: 'RES',
  code: 200,
  req: '{"type":"REQ","method":"PUT","url":"/app/memo/146","tid":"afc49240-25f3-11ee-912b-21ea6c3de331","params":{"id":"146"},"query":{},"body":"{\\"name\\":\\"John Doe\\",\\"title\\":\\"Updated Memo\\",\\"content\\":\\"This is an updated test memo.\\"}"}',
  elapsed: undefined,
  response: '{"code":2000,"message":"OK"}'
} }
{ timestamp:2023-07-19T14:18:59.348+0900, tid:c4253f00-25f3-11ee-912b-21ea6c3de331, payload:{
  type: 'RES',
  code: 200,
  req: '{"type":"REQ","method":"GET","url":"/app/memo/146","tid":"c4253f00-25f3-11ee-912b-21ea6c3de331","params":{"id":"146"},"query":{},"body":"{}"}',
  elapsed: undefined,
  response: '{"code":2000,"message":"OK","result":{"id":146,"name":"John Doe","title":"Hello Memo","content":"This is a test memo."}}'
} }
{ timestamp:2023-07-19T14:19:04.630+0900, tid:c7504030-25f3-11ee-912b-21ea6c3de331, payload:{
  type: 'RES',
  code: 200,
  req: '{"type":"REQ","method":"GET","url":"/app/memo/146","tid":"c7504030-25f3-11ee-912b-21ea6c3de331","params":{"id":"146"},"query":{},"body":"{}"}',
  elapsed: undefined,
  response: '{"code":2000,"message":"OK","result":{"id":146,"name":"John Doe","title":"Hello Memo","content":"This is a test memo."}}'
} }
{ timestamp:2023-07-19T14:21:53.644+0900, tid:2c072de0-25f4-11ee-97ee-f9ff1aeafd12, payload:{
  type: 'RES',
  code: 200,
  req: '{"type":"REQ","method":"GET","url":"/app/memo/146","tid":"2c072de0-25f4-11ee-97ee-f9ff1aeafd12","params":{"id":"146"},"query":{},"body":"{}"}',
  elapsed: undefined,
  response: '{"code":2000,"message":"OK","result":{"id":146,"name":"John Doe","title":"Hello Memo","content":"This is a test memo."}}'
} }
{ timestamp:2023-07-19T14:22:02.437+0900, tid:314b7220-25f4-11ee-97ee-f9ff1aeafd12, payload:{
  type: 'RES',
  code: 200,
  req: '{"type":"REQ","method":"PUT","url":"/app/memo/146","tid":"314b7220-25f4-11ee-97ee-f9ff1aeafd12","params":{"id":"146"},"query":{},"body":"{\\"name\\":\\"John Doe\\",\\"title\\":\\"Updated Memo\\",\\"content\\":\\"This is an updated test memo.\\"}"}',
  elapsed: undefined,
  response: '{"code":2000,"message":"OK","result":null}'
} }
{ timestamp:2023-07-19T14:23:11.826+0900, tid:5aa78500-25f4-11ee-97ee-f9ff1aeafd12, payload:{
  type: 'RES',
  code: 200,
  req: '{"type":"REQ","method":"PUT","url":"/app/memo/146","tid":"5aa78500-25f4-11ee-97ee-f9ff1aeafd12","params":{"id":"146"},"query":{},"body":"{\\"name\\":\\"John Doe\\",\\"title\\":\\"Updated Memo\\",\\"content\\":\\"This is an updated test memo.\\"}"}',
  elapsed: undefined,
  response: '{"code":2000,"message":"OK","result":null}'
} }
{ timestamp:2023-07-19T14:31:40.211+0900, tid:89a485a0-25f5-11ee-9806-a7001d77df53, payload:{
  type: 'RES',
  code: 200,
  req: '{"type":"REQ","method":"GET","url":"/app/memo/146","tid":"89a485a0-25f5-11ee-9806-a7001d77df53","params":{"id":"146"},"query":{},"body":"{}"}',
  elapsed: undefined,
  response: '{"code":2000,"message":"OK","result":{"id":146,"name":"John Doe","title":"Hello Memo","content":"This is a test memo."}}'
} }
{ timestamp:2023-07-19T14:31:41.563+0900, tid:8a7a7340-25f5-11ee-9806-a7001d77df53, payload:{
  type: 'RES',
  code: 200,
  req: '{"type":"REQ","method":"GET","url":"/app/memo/146","tid":"8a7a7340-25f5-11ee-9806-a7001d77df53","params":{"id":"146"},"query":{},"body":"{}"}',
  elapsed: undefined,
  response: '{"code":2000,"message":"OK","result":{"id":146,"name":"John Doe","title":"Hello Memo","content":"This is a test memo."}}'
} }
{ timestamp:2023-07-19T14:31:42.209+0900, tid:8add2cb0-25f5-11ee-9806-a7001d77df53, payload:{
  type: 'RES',
  code: 200,
  req: '{"type":"REQ","method":"GET","url":"/app/memo/146","tid":"8add2cb0-25f5-11ee-9806-a7001d77df53","params":{"id":"146"},"query":{},"body":"{}"}',
  elapsed: undefined,
  response: '{"code":2000,"message":"OK","result":{"id":146,"name":"John Doe","title":"Hello Memo","content":"This is a test memo."}}'
} }
{ timestamp:2023-07-19T14:31:42.845+0900, tid:8b3cd8e0-25f5-11ee-9806-a7001d77df53, payload:{
  type: 'RES',
  code: 200,
  req: '{"type":"REQ","method":"GET","url":"/app/memo/146","tid":"8b3cd8e0-25f5-11ee-9806-a7001d77df53","params":{"id":"146"},"query":{},"body":"{}"}',
  elapsed: undefined,
  response: '{"code":2000,"message":"OK","result":{"id":146,"name":"John Doe","title":"Hello Memo","content":"This is a test memo."}}'
} }
{ timestamp:2023-07-19T14:31:46.455+0900, tid:8d649ae0-25f5-11ee-9806-a7001d77df53, payload:{
  type: 'RES',
  code: 200,
  req: '{"type":"REQ","method":"GET","url":"/app/memo/","tid":"8d649ae0-25f5-11ee-9806-a7001d77df53","params":{},"query":{},"body":"{}"}',
  elapsed: undefined,
  response: '{"code":2000,"message":"OK","result":[{"id":144,"name":"John Doe","title":"Hello Memo","content":"This is a test memo."},{"id":145,"name":"John Doe","title":"Hello Memo","content":"This is a test memo."},{"id":146,"name":"John Doe","title":"Hello Memo","content":"This is a test memo."},{"id":147,"name":"John Doe","title":"Hello Memo","content":"This is a test memo."}]}'
} }
{ timestamp:2023-07-19T14:31:52.108+0900, tid:90c3f280-25f5-11ee-9806-a7001d77df53, payload:{
  type: 'RES',
  code: 200,
  req: '{"type":"REQ","method":"GET","url":"/app/memo/146","tid":"90c3f280-25f5-11ee-9806-a7001d77df53","params":{"id":"146"},"query":{},"body":"{}"}',
  elapsed: undefined,
  response: '{"code":2000,"message":"OK","result":{"id":146,"name":"John Doe","title":"Hello Memo","content":"This is a test memo."}}'
} }
{ timestamp:2023-07-19T14:32:05.359+0900, tid:98aa31d0-25f5-11ee-9806-a7001d77df53, payload:{
  type: 'RES',
  code: 200,
  req: '{"type":"REQ","method":"PUT","url":"/app/memo/146","tid":"98aa31d0-25f5-11ee-9806-a7001d77df53","params":{"id":"146"},"query":{},"body":"{\\"name\\":\\"John Doe\\",\\"title\\":\\"Updated Memo\\",\\"content\\":\\"This is an updated test memo.\\"}"}',
  elapsed: undefined,
  response: '{"code":2000,"message":"OK","result":null}'
} }
{ timestamp:2023-07-19T14:37:16.913+0900, tid:525b6d10-25f6-11ee-95d6-9f8dcfe9fecb, payload:{
  type: 'RES',
  code: 200,
  req: '{"type":"REQ","method":"GET","url":"/app/memo/146","tid":"525b6d10-25f6-11ee-95d6-9f8dcfe9fecb","params":{"id":"146"},"query":{},"body":"{}"}',
  elapsed: undefined,
  response: '{"code":2000,"message":"OK","result":{"id":146,"name":"John Doe","title":"Hello Memo","content":"This is a test memo."}}'
} }
{ timestamp:2023-07-19T14:37:28.255+0900, tid:592036d0-25f6-11ee-95d6-9f8dcfe9fecb, payload:{
  type: 'RES',
  code: 200,
  req: '{"type":"REQ","method":"PUT","url":"/app/memo/146","tid":"592036d0-25f6-11ee-95d6-9f8dcfe9fecb","params":{"id":"146"},"query":{},"body":"{\\"name\\":\\"John Doe\\",\\"title\\":\\"Updated Memo\\",\\"content\\":\\"This is an updated test memo.\\"}"}',
  elapsed: undefined,
  response: '{"code":2000,"message":"OK","result":null}'
} }
{ timestamp:2023-07-19T14:37:41.109+0900, tid:60c9bb40-25f6-11ee-95d6-9f8dcfe9fecb, payload:{
  type: 'RES',
  code: 200,
  req: '{"type":"REQ","method":"PUT","url":"/app/memo/146","tid":"60c9bb40-25f6-11ee-95d6-9f8dcfe9fecb","params":{"id":"146"},"query":{},"body":"{\\"name\\":\\"John Doe\\",\\"title\\":\\"Updated Memo\\",\\"content\\":\\"This is an updated test memo.\\"}"}',
  elapsed: undefined,
  response: '{"code":2000,"message":"OK","result":null}'
} }
{ timestamp:2023-07-19T14:39:28.186+0900, tid:a09c3b80-25f6-11ee-95d6-9f8dcfe9fecb, payload:{
  type: 'RES',
  code: 200,
  req: '{"type":"REQ","method":"PUT","url":"/app/memo/146","tid":"a09c3b80-25f6-11ee-95d6-9f8dcfe9fecb","params":{"id":"146"},"query":{},"body":"{\\"name\\":\\"John Doe\\",\\"title\\":\\"Updated Memo\\",\\"content\\":\\"This is an updated test memo.\\"}"}',
  elapsed: undefined,
  response: '{"code":2000,"message":"OK","result":null}'
} }
{ timestamp:2023-07-19T14:40:14.693+0900, tid:bc54a330-25f6-11ee-95d6-9f8dcfe9fecb, payload:{
  type: 'RES',
  code: 200,
  req: '{"type":"REQ","method":"PUT","url":"/app/memo/146","tid":"bc54a330-25f6-11ee-95d6-9f8dcfe9fecb","params":{"id":"146"},"query":{},"body":"{\\"name\\":\\"John Doe\\",\\"title\\":\\"Updated Memo\\",\\"content\\":\\"This is an updated test memo.\\"}"}',
  elapsed: undefined,
  response: '{"code":2000,"message":"OK","result":null}'
} }
{ timestamp:2023-07-19T14:41:18.245+0900, tid:e235c020-25f6-11ee-9a4c-b9467b4f0b14, payload:{
  type: 'RES',
  code: 200,
  req: '{"type":"REQ","method":"PUT","url":"/app/memo/144","tid":"e235c020-25f6-11ee-9a4c-b9467b4f0b14","params":{"id":"144"},"query":{},"body":"{\\"name\\":\\"John Doe\\",\\"title\\":\\"Updated Memo\\",\\"content\\":\\"This is an updated test memo.\\"}"}',
  elapsed: undefined,
  response: '{"code":2000,"message":"OK","result":null}'
} }
{ timestamp:2023-07-19T14:41:20.716+0900, tid:e3af19b0-25f6-11ee-9a4c-b9467b4f0b14, payload:{
  type: 'RES',
  code: 200,
  req: '{"type":"REQ","method":"PUT","url":"/app/memo/144","tid":"e3af19b0-25f6-11ee-9a4c-b9467b4f0b14","params":{"id":"144"},"query":{},"body":"{\\"name\\":\\"John Doe\\",\\"title\\":\\"Updated Memo\\",\\"content\\":\\"This is an updated test memo.\\"}"}',
  elapsed: undefined,
  response: '{"code":2000,"message":"OK","result":null}'
} }
{ timestamp:2023-07-19T15:28:49.791+0900, tid:85d582a0-25fd-11ee-844f-8577fbfa3db6, payload:{
  type: 'RES',
  code: 200,
  req: '{"type":"REQ","method":"GET","url":"/app/memo/146","tid":"85d582a0-25fd-11ee-844f-8577fbfa3db6","params":{"id":"146"},"query":{},"body":"{}"}',
  elapsed: undefined,
  response: '{"code":2000,"message":"OK","result":{"id":146,"name":"John Doe","title":"Hello Memo","content":"This is a test memo."}}'
} }
{ timestamp:2023-07-19T15:29:07.438+0900, tid:90572d50-25fd-11ee-844f-8577fbfa3db6, payload:{
  type: 'RES',
  code: 200,
  req: '{"type":"REQ","method":"PUT","url":"/app/memo/144","tid":"90572d50-25fd-11ee-844f-8577fbfa3db6","params":{"id":"144"},"query":{},"body":"{\\"name\\":\\"John Doe\\",\\"title\\":\\"Updated Memo\\",\\"content\\":\\"This is an updated test memo.\\"}"}',
  elapsed: undefined,
  response: '{"code":2000,"message":"OK","result":{"id":144,"name":"John Doe","title":"Updated Memo","content":"This is an updated test memo."}}'
} }
{ timestamp:2023-07-19T15:29:12.992+0900, tid:93b0b890-25fd-11ee-844f-8577fbfa3db6, payload:{
  type: 'RES',
  code: 200,
  req: '{"type":"REQ","method":"GET","url":"/app/memo/146","tid":"93b0b890-25fd-11ee-844f-8577fbfa3db6","params":{"id":"146"},"query":{},"body":"{}"}',
  elapsed: undefined,
  response: '{"code":2000,"message":"OK","result":{"id":146,"name":"John Doe","title":"Hello Memo","content":"This is a test memo."}}'
} }
{ timestamp:2023-07-19T15:29:14.263+0900, tid:9472a900-25fd-11ee-844f-8577fbfa3db6, payload:{
  type: 'RES',
  code: 200,
  req: '{"type":"REQ","method":"GET","url":"/app/memo/146","tid":"9472a900-25fd-11ee-844f-8577fbfa3db6","params":{"id":"146"},"query":{},"body":"{}"}',
  elapsed: undefined,
  response: '{"code":2000,"message":"OK","result":{"id":146,"name":"John Doe","title":"Hello Memo","content":"This is a test memo."}}'
} }
{ timestamp:2023-07-19T15:29:30.860+0900, tid:9e53cdf0-25fd-11ee-9297-cd78d9e7583d, payload:{
  type: 'RES',
  code: 200,
  req: '{"type":"REQ","method":"GET","url":"/app/memo/144","tid":"9e53cdf0-25fd-11ee-9297-cd78d9e7583d","params":{"id":"144"},"query":{},"body":"{}"}',
  elapsed: undefined,
  response: '{"code":2000,"message":"OK","result":{"id":144,"name":"John Doe","title":"Updated Memo","content":"This is an updated test memo."}}'
} }
{ timestamp:2023-07-19T15:36:20.661+0900, tid:9294f2e0-25fe-11ee-9112-872af0e76898, payload:{
  type: 'RES',
  code: 200,
  req: '{"type":"REQ","method":"GET","url":"/app/memo/","tid":"9294f2e0-25fe-11ee-9112-872af0e76898","params":{},"query":{},"body":"{}"}',
  elapsed: undefined,
  response: '{"code":2000,"message":"OK","result":[{"id":144,"name":"John Doe","title":"Updated Memo","content":"This is an updated test memo."},{"id":145,"name":"John Doe","title":"Hello Memo","content":"This is a test memo."},{"id":146,"name":"John Doe","title":"Hello Memo","content":"This is a test memo."},{"id":147,"name":"John Doe","title":"Hello Memo","content":"This is a test memo."}]}'
} }
{ timestamp:2023-07-19T15:38:17.178+0900, tid:d8057020-25fe-11ee-9112-872af0e76898, payload:{
  type: 'RES',
  code: 200,
  req: '{"type":"REQ","method":"DELETE","url":"/app/memo/146","tid":"d8057020-25fe-11ee-9112-872af0e76898","params":{"id":"146"},"query":{},"body":"{}"}',
  elapsed: undefined,
  response: '{"code":2000,"message":"OK","result":{"id":146,"name":"John Doe","title":"Hello Memo","content":"This is a test memo."}}'
} }
{ timestamp:2023-07-19T15:38:26.967+0900, tid:dde24ae0-25fe-11ee-9112-872af0e76898, payload:{
  type: 'RES',
  code: 200,
  req: '{"type":"REQ","method":"GET","url":"/app/memo/","tid":"dde24ae0-25fe-11ee-9112-872af0e76898","params":{},"query":{},"body":"{}"}',
  elapsed: undefined,
  response: '{"code":2000,"message":"OK","result":[{"id":144,"name":"John Doe","title":"Updated Memo","content":"This is an updated test memo."},{"id":145,"name":"John Doe","title":"Hello Memo","content":"This is a test memo."},{"id":147,"name":"John Doe","title":"Hello Memo","content":"This is a test memo."}]}'
} }
{ timestamp:2023-07-19T15:38:56.451+0900, tid:ef7112f0-25fe-11ee-9112-872af0e76898, payload:{
  type: 'RES',
  code: 200,
  req: '{"type":"REQ","method":"PUT","url":"/app/memo/146","tid":"ef7112f0-25fe-11ee-9112-872af0e76898","params":{"id":"146"},"query":{},"body":"{\\"name\\":\\"John Doe\\",\\"title\\":\\"Updated Memo\\",\\"content\\":\\"This is an updated test memo.\\"}"}',
  elapsed: undefined,
  response: '{"code":2000,"message":"OK","result":null}'
} }
{ timestamp:2023-07-19T15:38:58.756+0900, tid:f0d584f0-25fe-11ee-9112-872af0e76898, payload:{
  type: 'RES',
  code: 200,
  req: '{"type":"REQ","method":"GET","url":"/app/memo/","tid":"f0d584f0-25fe-11ee-9112-872af0e76898","params":{},"query":{},"body":"{}"}',
  elapsed: undefined,
  response: '{"code":2000,"message":"OK","result":[{"id":144,"name":"John Doe","title":"Updated Memo","content":"This is an updated test memo."},{"id":145,"name":"John Doe","title":"Hello Memo","content":"This is a test memo."},{"id":147,"name":"John Doe","title":"Hello Memo","content":"This is a test memo."}]}'
} }
{ timestamp:2023-07-19T15:40:52.146+0900, tid:34655b50-25ff-11ee-bd3c-2b5ab91f6216, payload:{
  type: 'RES',
  code: 200,
  req: '{"type":"REQ","method":"GET","url":"/app/memo/","tid":"34655b50-25ff-11ee-bd3c-2b5ab91f6216","params":{},"query":{},"body":"{}"}',
  elapsed: undefined,
  response: '{"code":2000,"message":"OK","result":[{"id":144,"name":"John Doe","title":"Updated Memo","content":"This is an updated test memo."},{"id":145,"name":"John Doe","title":"Hello Memo","content":"This is a test memo."},{"id":147,"name":"John Doe","title":"Hello Memo","content":"This is a test memo."}]}'
} }
{ timestamp:2023-07-19T16:42:27.765+0900, tid:cf255160-2607-11ee-9b2a-61a8d54b8d8f, payload:{
  type: 'RES',
  code: 200,
  req: '{"type":"REQ","method":"GET","url":"/app/memo/","tid":"cf255160-2607-11ee-9b2a-61a8d54b8d8f","params":{},"query":{},"body":"{}"}',
  elapsed: undefined,
  response: '{"code":2000,"message":"OK","result":[{"id":144,"name":"John Doe","title":"Updated Memo","content":"This is an updated test memo."},{"id":145,"name":"John Doe","title":"Hello Memo","content":"This is a test memo."},{"id":147,"name":"John Doe","title":"Hello Memo","content":"This is a test memo."}]}'
} }
{ timestamp:2023-07-19T16:59:21.275+0900, tid:2b420720-260a-11ee-ba16-63905e348f80, payload:{
  type: 'RES',
  code: 200,
  req: '{"type":"REQ","method":"POST","url":"/app/memo/","tid":"2b420720-260a-11ee-ba16-63905e348f80","params":{},"query":{},"body":"{\\"name\\":\\"HOJAENEWMEMO\\",\\"title\\":\\"NEWNEWNEW\\",\\"content\\":\\"This is a new memo.\\"}"}',
  elapsed: undefined,
  response: '{"code":2000,"message":"OK","result":{"id":148,"name":"HOJAENEWMEMO","title":"NEWNEWNEW","content":"This is a new memo."}}'
} }
{ timestamp:2023-07-19T16:59:24.843+0900, tid:2d67f460-260a-11ee-ba16-63905e348f80, payload:{
  type: 'RES',
  code: 200,
  req: '{"type":"REQ","method":"POST","url":"/app/memo/","tid":"2d67f460-260a-11ee-ba16-63905e348f80","params":{},"query":{},"body":"{\\"name\\":\\"HOJAENEWMEMO\\",\\"title\\":\\"NEWNEWNEW\\",\\"content\\":\\"This is a new memo.\\"}"}',
  elapsed: undefined,
  response: '{"code":2000,"message":"OK","result":{"id":149,"name":"HOJAENEWMEMO","title":"NEWNEWNEW","content":"This is a new memo."}}'
} }
{ timestamp:2023-07-19T16:59:25.166+0900, tid:2d98ef70-260a-11ee-ba16-63905e348f80, payload:{
  type: 'RES',
  code: 200,
  req: '{"type":"REQ","method":"POST","url":"/app/memo/","tid":"2d98ef70-260a-11ee-ba16-63905e348f80","params":{},"query":{},"body":"{\\"name\\":\\"HOJAENEWMEMO\\",\\"title\\":\\"NEWNEWNEW\\",\\"content\\":\\"This is a new memo.\\"}"}',
  elapsed: undefined,
  response: '{"code":2000,"message":"OK","result":{"id":150,"name":"HOJAENEWMEMO","title":"NEWNEWNEW","content":"This is a new memo."}}'
} }
{ timestamp:2023-07-19T16:59:25.519+0900, tid:2dcf41b0-260a-11ee-ba16-63905e348f80, payload:{
  type: 'RES',
  code: 200,
  req: '{"type":"REQ","method":"POST","url":"/app/memo/","tid":"2dcf41b0-260a-11ee-ba16-63905e348f80","params":{},"query":{},"body":"{\\"name\\":\\"HOJAENEWMEMO\\",\\"title\\":\\"NEWNEWNEW\\",\\"content\\":\\"This is a new memo.\\"}"}',
  elapsed: undefined,
  response: '{"code":2000,"message":"OK","result":{"id":151,"name":"HOJAENEWMEMO","title":"NEWNEWNEW","content":"This is a new memo."}}'
} }
{ timestamp:2023-07-19T16:59:25.847+0900, tid:2e00d900-260a-11ee-ba16-63905e348f80, payload:{
  type: 'RES',
  code: 200,
  req: '{"type":"REQ","method":"POST","url":"/app/memo/","tid":"2e00d900-260a-11ee-ba16-63905e348f80","params":{},"query":{},"body":"{\\"name\\":\\"HOJAENEWMEMO\\",\\"title\\":\\"NEWNEWNEW\\",\\"content\\":\\"This is a new memo.\\"}"}',
  elapsed: undefined,
  response: '{"code":2000,"message":"OK","result":{"id":152,"name":"HOJAENEWMEMO","title":"NEWNEWNEW","content":"This is a new memo."}}'
} }
{ timestamp:2023-07-19T16:59:26.194+0900, tid:2e3667f0-260a-11ee-ba16-63905e348f80, payload:{
  type: 'RES',
  code: 200,
  req: '{"type":"REQ","method":"POST","url":"/app/memo/","tid":"2e3667f0-260a-11ee-ba16-63905e348f80","params":{},"query":{},"body":"{\\"name\\":\\"HOJAENEWMEMO\\",\\"title\\":\\"NEWNEWNEW\\",\\"content\\":\\"This is a new memo.\\"}"}',
  elapsed: undefined,
  response: '{"code":2000,"message":"OK","result":{"id":153,"name":"HOJAENEWMEMO","title":"NEWNEWNEW","content":"This is a new memo."}}'
} }
{ timestamp:2023-07-19T16:59:43.476+0900, tid:387f2850-260a-11ee-ba16-63905e348f80, payload:{
  type: 'RES',
  code: 200,
  req: '{"type":"REQ","method":"GET","url":"/app/memo/","tid":"387f2850-260a-11ee-ba16-63905e348f80","params":{},"query":{},"body":"{}"}',
  elapsed: undefined,
  response: '{"code":2000,"message":"OK","result":[{"id":144,"name":"John Doe","title":"Updated Memo","content":"This is an updated test memo."},{"id":145,"name":"John Doe","title":"Hello Memo","content":"This is a test memo."},{"id":147,"name":"John Doe","title":"Hello Memo","content":"This is a test memo."},{"id":148,"name":"HOJAENEWMEMO","title":"NEWNEWNEW","content":"This is a new memo."},{"id":149,"name":"HOJAENEWMEMO","title":"NEWNEWNEW","content":"This is a new memo."},{"id":150,"name":"HOJAENEWMEMO","title":"NEWNEWNEW","content":"This is a new memo."},{"id":151,"name":"HOJAENEWMEMO","title":"NEWNEWNEW","content":"This is a new memo."},{"id":152,"name":"HOJAENEWMEMO","title":"NEWNEWNEW","content":"This is a new memo."},{"id":153,"name":"HOJAENEWMEMO","title":"NEWNEWNEW","content":"This is a new memo."}]}'
} }
{ timestamp:2023-07-19T16:59:50.921+0900, tid:3cedf420-260a-11ee-ba16-63905e348f80, payload:{
  type: 'RES',
  code: 200,
  req: '{"type":"REQ","method":"POST","url":"/app/memo/","tid":"3cedf420-260a-11ee-ba16-63905e348f80","params":{},"query":{},"body":"{\\"name\\":\\"HOJAENEWMEMO\\",\\"title\\":\\"NEWNEWNEW\\",\\"content\\":\\"This is a new memo.\\"}"}',
  elapsed: undefined,
  response: '{"code":2000,"message":"OK","result":{"id":154,"name":"HOJAENEWMEMO","title":"NEWNEWNEW","content":"This is a new memo."}}'
} }
{ timestamp:2023-07-19T16:59:51.746+0900, tid:3d70b8b0-260a-11ee-ba16-63905e348f80, payload:{
  type: 'RES',
  code: 200,
  req: '{"type":"REQ","method":"POST","url":"/app/memo/","tid":"3d70b8b0-260a-11ee-ba16-63905e348f80","params":{},"query":{},"body":"{\\"name\\":\\"HOJAENEWMEMO\\",\\"title\\":\\"NEWNEWNEW\\",\\"content\\":\\"This is a new memo.\\"}"}',
  elapsed: undefined,
  response: '{"code":2000,"message":"OK","result":{"id":155,"name":"HOJAENEWMEMO","title":"NEWNEWNEW","content":"This is a new memo."}}'
} }
{ timestamp:2023-07-19T16:59:51.971+0900, tid:3d92bfa0-260a-11ee-ba16-63905e348f80, payload:{
  type: 'RES',
  code: 200,
  req: '{"type":"REQ","method":"POST","url":"/app/memo/","tid":"3d92bfa0-260a-11ee-ba16-63905e348f80","params":{},"query":{},"body":"{\\"name\\":\\"HOJAENEWMEMO\\",\\"title\\":\\"NEWNEWNEW\\",\\"content\\":\\"This is a new memo.\\"}"}',
  elapsed: undefined,
  response: '{"code":2000,"message":"OK","result":{"id":156,"name":"HOJAENEWMEMO","title":"NEWNEWNEW","content":"This is a new memo."}}'
} }
{ timestamp:2023-07-19T16:59:52.172+0900, tid:3db1b950-260a-11ee-ba16-63905e348f80, payload:{
  type: 'RES',
  code: 200,
  req: '{"type":"REQ","method":"POST","url":"/app/memo/","tid":"3db1b950-260a-11ee-ba16-63905e348f80","params":{},"query":{},"body":"{\\"name\\":\\"HOJAENEWMEMO\\",\\"title\\":\\"NEWNEWNEW\\",\\"content\\":\\"This is a new memo.\\"}"}',
  elapsed: undefined,
  response: '{"code":2000,"message":"OK","result":{"id":157,"name":"HOJAENEWMEMO","title":"NEWNEWNEW","content":"This is a new memo."}}'
} }
{ timestamp:2023-07-19T16:59:52.386+0900, tid:3dd260b0-260a-11ee-ba16-63905e348f80, payload:{
  type: 'RES',
  code: 200,
  req: '{"type":"REQ","method":"POST","url":"/app/memo/","tid":"3dd260b0-260a-11ee-ba16-63905e348f80","params":{},"query":{},"body":"{\\"name\\":\\"HOJAENEWMEMO\\",\\"title\\":\\"NEWNEWNEW\\",\\"content\\":\\"This is a new memo.\\"}"}',
  elapsed: undefined,
  response: '{"code":2000,"message":"OK","result":{"id":158,"name":"HOJAENEWMEMO","title":"NEWNEWNEW","content":"This is a new memo."}}'
} }
{ timestamp:2023-07-19T16:59:52.584+0900, tid:3df048f0-260a-11ee-ba16-63905e348f80, payload:{
  type: 'RES',
  code: 200,
  req: '{"type":"REQ","method":"POST","url":"/app/memo/","tid":"3df048f0-260a-11ee-ba16-63905e348f80","params":{},"query":{},"body":"{\\"name\\":\\"HOJAENEWMEMO\\",\\"title\\":\\"NEWNEWNEW\\",\\"content\\":\\"This is a new memo.\\"}"}',
  elapsed: undefined,
  response: '{"code":2000,"message":"OK","result":{"id":159,"name":"HOJAENEWMEMO","title":"NEWNEWNEW","content":"This is a new memo."}}'
} }
{ timestamp:2023-07-19T16:59:52.785+0900, tid:3e0f69b0-260a-11ee-ba16-63905e348f80, payload:{
  type: 'RES',
  code: 200,
  req: '{"type":"REQ","method":"POST","url":"/app/memo/","tid":"3e0f69b0-260a-11ee-ba16-63905e348f80","params":{},"query":{},"body":"{\\"name\\":\\"HOJAENEWMEMO\\",\\"title\\":\\"NEWNEWNEW\\",\\"content\\":\\"This is a new memo.\\"}"}',
  elapsed: undefined,
  response: '{"code":2000,"message":"OK","result":{"id":160,"name":"HOJAENEWMEMO","title":"NEWNEWNEW","content":"This is a new memo."}}'
} }
{ timestamp:2023-07-19T16:59:52.963+0900, tid:3e2a92d0-260a-11ee-ba16-63905e348f80, payload:{
  type: 'RES',
  code: 200,
  req: '{"type":"REQ","method":"POST","url":"/app/memo/","tid":"3e2a92d0-260a-11ee-ba16-63905e348f80","params":{},"query":{},"body":"{\\"name\\":\\"HOJAENEWMEMO\\",\\"title\\":\\"NEWNEWNEW\\",\\"content\\":\\"This is a new memo.\\"}"}',
  elapsed: undefined,
  response: '{"code":2000,"message":"OK","result":{"id":161,"name":"HOJAENEWMEMO","title":"NEWNEWNEW","content":"This is a new memo."}}'
} }
{ timestamp:2023-07-19T16:59:53.148+0900, tid:3e471b80-260a-11ee-ba16-63905e348f80, payload:{
  type: 'RES',
  code: 200,
  req: '{"type":"REQ","method":"POST","url":"/app/memo/","tid":"3e471b80-260a-11ee-ba16-63905e348f80","params":{},"query":{},"body":"{\\"name\\":\\"HOJAENEWMEMO\\",\\"title\\":\\"NEWNEWNEW\\",\\"content\\":\\"This is a new memo.\\"}"}',
  elapsed: undefined,
  response: '{"code":2000,"message":"OK","result":{"id":162,"name":"HOJAENEWMEMO","title":"NEWNEWNEW","content":"This is a new memo."}}'
} }
{ timestamp:2023-07-19T16:59:53.328+0900, tid:3e6244a0-260a-11ee-ba16-63905e348f80, payload:{
  type: 'RES',
  code: 200,
  req: '{"type":"REQ","method":"POST","url":"/app/memo/","tid":"3e6244a0-260a-11ee-ba16-63905e348f80","params":{},"query":{},"body":"{\\"name\\":\\"HOJAENEWMEMO\\",\\"title\\":\\"NEWNEWNEW\\",\\"content\\":\\"This is a new memo.\\"}"}',
  elapsed: undefined,
  response: '{"code":2000,"message":"OK","result":{"id":163,"name":"HOJAENEWMEMO","title":"NEWNEWNEW","content":"This is a new memo."}}'
} }
{ timestamp:2023-07-19T16:59:53.509+0900, tid:3e7e5820-260a-11ee-ba16-63905e348f80, payload:{
  type: 'RES',
  code: 200,
  req: '{"type":"REQ","method":"POST","url":"/app/memo/","tid":"3e7e5820-260a-11ee-ba16-63905e348f80","params":{},"query":{},"body":"{\\"name\\":\\"HOJAENEWMEMO\\",\\"title\\":\\"NEWNEWNEW\\",\\"content\\":\\"This is a new memo.\\"}"}',
  elapsed: undefined,
  response: '{"code":2000,"message":"OK","result":{"id":164,"name":"HOJAENEWMEMO","title":"NEWNEWNEW","content":"This is a new memo."}}'
} }
{ timestamp:2023-07-19T16:59:53.715+0900, tid:3e9d2ac0-260a-11ee-ba16-63905e348f80, payload:{
  type: 'RES',
  code: 200,
  req: '{"type":"REQ","method":"POST","url":"/app/memo/","tid":"3e9d2ac0-260a-11ee-ba16-63905e348f80","params":{},"query":{},"body":"{\\"name\\":\\"HOJAENEWMEMO\\",\\"title\\":\\"NEWNEWNEW\\",\\"content\\":\\"This is a new memo.\\"}"}',
  elapsed: undefined,
  response: '{"code":2000,"message":"OK","result":{"id":165,"name":"HOJAENEWMEMO","title":"NEWNEWNEW","content":"This is a new memo."}}'
} }
{ timestamp:2023-07-19T16:59:53.895+0900, tid:3eb93e40-260a-11ee-ba16-63905e348f80, payload:{
  type: 'RES',
  code: 200,
  req: '{"type":"REQ","method":"POST","url":"/app/memo/","tid":"3eb93e40-260a-11ee-ba16-63905e348f80","params":{},"query":{},"body":"{\\"name\\":\\"HOJAENEWMEMO\\",\\"title\\":\\"NEWNEWNEW\\",\\"content\\":\\"This is a new memo.\\"}"}',
  elapsed: undefined,
  response: '{"code":2000,"message":"OK","result":{"id":166,"name":"HOJAENEWMEMO","title":"NEWNEWNEW","content":"This is a new memo."}}'
} }
{ timestamp:2023-07-19T16:59:54.068+0900, tid:3ed32ee0-260a-11ee-ba16-63905e348f80, payload:{
  type: 'RES',
  code: 200,
  req: '{"type":"REQ","method":"POST","url":"/app/memo/","tid":"3ed32ee0-260a-11ee-ba16-63905e348f80","params":{},"query":{},"body":"{\\"name\\":\\"HOJAENEWMEMO\\",\\"title\\":\\"NEWNEWNEW\\",\\"content\\":\\"This is a new memo.\\"}"}',
  elapsed: undefined,
  response: '{"code":2000,"message":"OK","result":{"id":167,"name":"HOJAENEWMEMO","title":"NEWNEWNEW","content":"This is a new memo."}}'
} }
{ timestamp:2023-07-19T16:59:56.439+0900, tid:403ca9f0-260a-11ee-ba16-63905e348f80, payload:{
  type: 'RES',
  code: 200,
  req: '{"type":"REQ","method":"GET","url":"/app/memo/","tid":"403ca9f0-260a-11ee-ba16-63905e348f80","params":{},"query":{},"body":"{}"}',
  elapsed: undefined,
  response: '{"code":2000,"message":"OK","result":[{"id":144,"name":"John Doe","title":"Updated Memo","content":"This is an updated test memo."},{"id":145,"name":"John Doe","title":"Hello Memo","content":"This is a test memo."},{"id":147,"name":"John Doe","title":"Hello Memo","content":"This is a test memo."},{"id":148,"name":"HOJAENEWMEMO","title":"NEWNEWNEW","content":"This is a new memo."},{"id":149,"name":"HOJAENEWMEMO","title":"NEWNEWNEW","content":"This is a new memo."},{"id":150,"name":"HOJAENEWMEMO","title":"NEWNEWNEW","content":"This is a new memo."},{"id":151,"name":"HOJAENEWMEMO","title":"NEWNEWNEW","content":"This is a new memo."},{"id":152,"name":"HOJAENEWMEMO","title":"NEWNEWNEW","content":"This is a new memo."},{"id":153,"name":"HOJAENEWMEMO","title":"NEWNEWNEW","content":"This is a new memo."},{"id":154,"name":"HOJAENEWMEMO","title":"NEWNEWNEW","content":"This is a new memo."},{"id":155,"name":"HOJAENEWMEMO","title":"NEWNEWNEW","content":"This is a new memo."},{"id":156,"name":"HOJAENEWMEMO","title":"NEWNEWNEW","content":"This is a new memo."},{"id":157,"name":"HOJAENEWMEMO","title":"NEWNEWNEW","content":"This is a new memo."},{"id":158,"name":"HOJAENEWMEMO","title":"NEWNEWNEW","content":"This is a new memo."},{"id":159,"name":"HOJAENEWMEMO","title":"NEWNEWNEW","content":"This is a new memo."},{"id":160,"name":"HOJAENEWMEMO","title":"NEWNEWNEW","content":"This is a new memo."},{"id":161,"name":"HOJAENEWMEMO","title":"NEWNEWNEW","content":"This is a new memo."},{"id":162,"name":"HOJAENEWMEMO","title":"NEWNEWNEW","content":"This is a new memo."},{"id":163,"name":"HOJAENEWMEMO","title":"NEWNEWNEW","content":"This is a new memo."},{"id":164,"name":"HOJAENEWMEMO","title":"NEWNEWNEW","content":"This is a new memo."},{"id":165,"name":"HOJAENEWMEMO","title":"NEWNEWNEW","content":"This is a new memo."},{"id":166,"name":"HOJAENEWMEMO","title":"NEWNEWNEW","content":"This is a new memo."},{"id":167,"name":"HOJAENEWMEMO","title":"NEWNEWNEW","content":"This is a new memo."}]}'
} }
{ timestamp:2023-07-19T17:00:05.773+0900, tid:45cc00f0-260a-11ee-ba16-63905e348f80, payload:{
  type: 'RES',
  code: 200,
  req: '{"type":"REQ","method":"POST","url":"/app/memo/","tid":"45cc00f0-260a-11ee-ba16-63905e348f80","params":{},"query":{},"body":"{\\"name\\":\\"HOJAENEWMEMO\\",\\"title\\":\\"NEWNEWNEW\\",\\"content\\":\\"This is a new memo.\\"}"}',
  elapsed: undefined,
  response: '{"code":2000,"message":"OK","result":{"id":168,"name":"HOJAENEWMEMO","title":"NEWNEWNEW","content":"This is a new memo."}}'
} }
{ timestamp:2023-07-19T17:00:06.356+0900, tid:46262ee0-260a-11ee-ba16-63905e348f80, payload:{
  type: 'RES',
  code: 200,
  req: '{"type":"REQ","method":"POST","url":"/app/memo/","tid":"46262ee0-260a-11ee-ba16-63905e348f80","params":{},"query":{},"body":"{\\"name\\":\\"HOJAENEWMEMO\\",\\"title\\":\\"NEWNEWNEW\\",\\"content\\":\\"This is a new memo.\\"}"}',
  elapsed: undefined,
  response: '{"code":2000,"message":"OK","result":{"id":169,"name":"HOJAENEWMEMO","title":"NEWNEWNEW","content":"This is a new memo."}}'
} }
{ timestamp:2023-07-19T17:00:06.697+0900, tid:465a5e40-260a-11ee-ba16-63905e348f80, payload:{
  type: 'RES',
  code: 200,
  req: '{"type":"REQ","method":"POST","url":"/app/memo/","tid":"465a5e40-260a-11ee-ba16-63905e348f80","params":{},"query":{},"body":"{\\"name\\":\\"HOJAENEWMEMO\\",\\"title\\":\\"NEWNEWNEW\\",\\"content\\":\\"This is a new memo.\\"}"}',
  elapsed: undefined,
  response: '{"code":2000,"message":"OK","result":{"id":170,"name":"HOJAENEWMEMO","title":"NEWNEWNEW","content":"This is a new memo."}}'
} }
{ timestamp:2023-07-19T17:00:06.981+0900, tid:4685b400-260a-11ee-ba16-63905e348f80, payload:{
  type: 'RES',
  code: 200,
  req: '{"type":"REQ","method":"POST","url":"/app/memo/","tid":"4685b400-260a-11ee-ba16-63905e348f80","params":{},"query":{},"body":"{\\"name\\":\\"HOJAENEWMEMO\\",\\"title\\":\\"NEWNEWNEW\\",\\"content\\":\\"This is a new memo.\\"}"}',
  elapsed: undefined,
  response: '{"code":2000,"message":"OK","result":{"id":171,"name":"HOJAENEWMEMO","title":"NEWNEWNEW","content":"This is a new memo."}}'
} }
{ timestamp:2023-07-19T17:00:07.264+0900, tid:46b0bba0-260a-11ee-ba16-63905e348f80, payload:{
  type: 'RES',
  code: 200,
  req: '{"type":"REQ","method":"POST","url":"/app/memo/","tid":"46b0bba0-260a-11ee-ba16-63905e348f80","params":{},"query":{},"body":"{\\"name\\":\\"HOJAENEWMEMO\\",\\"title\\":\\"NEWNEWNEW\\",\\"content\\":\\"This is a new memo.\\"}"}',
  elapsed: undefined,
  response: '{"code":2000,"message":"OK","result":{"id":172,"name":"HOJAENEWMEMO","title":"NEWNEWNEW","content":"This is a new memo."}}'
} }
{ timestamp:2023-07-19T17:00:07.533+0900, tid:46d9a060-260a-11ee-ba16-63905e348f80, payload:{
  type: 'RES',
  code: 200,
  req: '{"type":"REQ","method":"POST","url":"/app/memo/","tid":"46d9a060-260a-11ee-ba16-63905e348f80","params":{},"query":{},"body":"{\\"name\\":\\"HOJAENEWMEMO\\",\\"title\\":\\"NEWNEWNEW\\",\\"content\\":\\"This is a new memo.\\"}"}',
  elapsed: undefined,
  response: '{"code":2000,"message":"OK","result":{"id":173,"name":"HOJAENEWMEMO","title":"NEWNEWNEW","content":"This is a new memo."}}'
} }
{ timestamp:2023-07-19T17:00:07.936+0900, tid:47176cb0-260a-11ee-ba16-63905e348f80, payload:{
  type: 'RES',
  code: 200,
  req: '{"type":"REQ","method":"POST","url":"/app/memo/","tid":"47176cb0-260a-11ee-ba16-63905e348f80","params":{},"query":{},"body":"{\\"name\\":\\"HOJAENEWMEMO\\",\\"title\\":\\"NEWNEWNEW\\",\\"content\\":\\"This is a new memo.\\"}"}',
  elapsed: undefined,
  response: '{"code":2000,"message":"OK","result":{"id":174,"name":"HOJAENEWMEMO","title":"NEWNEWNEW","content":"This is a new memo."}}'
} }
{ timestamp:2023-07-19T17:00:12.372+0900, tid:49bc26e0-260a-11ee-ba16-63905e348f80, payload:{
  type: 'RES',
  code: 200,
  req: '{"type":"REQ","method":"GET","url":"/app/memo/","tid":"49bc26e0-260a-11ee-ba16-63905e348f80","params":{},"query":{},"body":"{}"}',
  elapsed: undefined,
  response: '{"code":2000,"message":"OK","result":[{"id":144,"name":"John Doe","title":"Updated Memo","content":"This is an updated test memo."},{"id":145,"name":"John Doe","title":"Hello Memo","content":"This is a test memo."},{"id":147,"name":"John Doe","title":"Hello Memo","content":"This is a test memo."},{"id":148,"name":"HOJAENEWMEMO","title":"NEWNEWNEW","content":"This is a new memo."},{"id":149,"name":"HOJAENEWMEMO","title":"NEWNEWNEW","content":"This is a new memo."},{"id":150,"name":"HOJAENEWMEMO","title":"NEWNEWNEW","content":"This is a new memo."},{"id":151,"name":"HOJAENEWMEMO","title":"NEWNEWNEW","content":"This is a new memo."},{"id":152,"name":"HOJAENEWMEMO","title":"NEWNEWNEW","content":"This is a new memo."},{"id":153,"name":"HOJAENEWMEMO","title":"NEWNEWNEW","content":"This is a new memo."},{"id":154,"name":"HOJAENEWMEMO","title":"NEWNEWNEW","content":"This is a new memo."},{"id":155,"name":"HOJAENEWMEMO","title":"NEWNEWNEW","content":"This is a new memo."},{"id":156,"name":"HOJAENEWMEMO","title":"NEWNEWNEW","content":"This is a new memo."},{"id":157,"name":"HOJAENEWMEMO","title":"NEWNEWNEW","content":"This is a new memo."},{"id":158,"name":"HOJAENEWMEMO","title":"NEWNEWNEW","content":"This is a new memo."},{"id":159,"name":"HOJAENEWMEMO","title":"NEWNEWNEW","content":"This is a new memo."},{"id":160,"name":"HOJAENEWMEMO","title":"NEWNEWNEW","content":"This is a new memo."},{"id":161,"name":"HOJAENEWMEMO","title":"NEWNEWNEW","content":"This is a new memo."},{"id":162,"name":"HOJAENEWMEMO","title":"NEWNEWNEW","content":"This is a new memo."},{"id":163,"name":"HOJAENEWMEMO","title":"NEWNEWNEW","content":"This is a new memo."},{"id":164,"name":"HOJAENEWMEMO","title":"NEWNEWNEW","content":"This is a new memo."},{"id":165,"name":"HOJAENEWMEMO","title":"NEWNEWNEW","content":"This is a new memo."},{"id":166,"name":"HOJAENEWMEMO","title":"NEWNEWNEW","content":"This is a new memo."},{"id":167,"name":"HOJAENEWMEMO","title":"NEWNEWNEW","content":"This is a new memo."},{"id":168,"name":"HOJAENEWMEMO","title":"NEWNEWNEW","content":"This is a new memo."},{"id":169,"name":"HOJAENEWMEMO","title":"NEWNEWNEW","content":"This is a new memo."},{"id":170,"name":"HOJAENEWMEMO","title":"NEWNEWNEW","content":"This is a new memo."},{"id":171,"name":"HOJAENEWMEMO","title":"NEWNEWNEW","content":"This is a new memo."},{"id":172,"name":"HOJAENEWMEMO","title":"NEWNEWNEW","content":"This is a new memo."},{"id":173,"name":"HOJAENEWMEMO","title":"NEWNEWNEW","content":"This is a new memo."},{"id":174,"name":"HOJAENEWMEMO","title":"NEWNEWNEW","content":"This is a new memo."}]}'
} }
{ timestamp:2023-07-19T17:01:09.586+0900, tid:6bd195d0-260a-11ee-be30-49dab7f44e99, payload:{
  type: 'RES',
  code: 200,
  req: '{"type":"REQ","method":"PUT","url":"/app/memo/148","tid":"6bd195d0-260a-11ee-be30-49dab7f44e99","params":{"id":"148"},"query":{},"body":"{\\"name\\":\\"HOJAE\\",\\"title\\":\\"Updated Memo\\",\\"content\\":\\"This is an updated memo.\\"}"}',
  elapsed: undefined,
  response: '{"code":2000,"message":"OK","result":{"id":148,"name":"HOJAE","title":"Updated Memo","content":"This is an updated memo."}}'
} }
{ timestamp:2023-07-19T17:01:32.344+0900, tid:7963dbe0-260a-11ee-be30-49dab7f44e99, payload:{
  type: 'RES',
  code: 200,
  req: '{"type":"REQ","method":"GET","url":"/app/memo/","tid":"7963dbe0-260a-11ee-be30-49dab7f44e99","params":{},"query":{},"body":"{}"}',
  elapsed: undefined,
  response: '{"code":2000,"message":"OK","result":[{"id":144,"name":"John Doe","title":"Updated Memo","content":"This is an updated test memo."},{"id":145,"name":"John Doe","title":"Hello Memo","content":"This is a test memo."},{"id":147,"name":"John Doe","title":"Hello Memo","content":"This is a test memo."},{"id":148,"name":"HOJAE","title":"Updated Memo","content":"This is an updated memo."},{"id":149,"name":"HOJAENEWMEMO","title":"NEWNEWNEW","content":"This is a new memo."},{"id":150,"name":"HOJAENEWMEMO","title":"NEWNEWNEW","content":"This is a new memo."},{"id":151,"name":"HOJAENEWMEMO","title":"NEWNEWNEW","content":"This is a new memo."},{"id":152,"name":"HOJAENEWMEMO","title":"NEWNEWNEW","content":"This is a new memo."},{"id":153,"name":"HOJAENEWMEMO","title":"NEWNEWNEW","content":"This is a new memo."},{"id":154,"name":"HOJAENEWMEMO","title":"NEWNEWNEW","content":"This is a new memo."},{"id":155,"name":"HOJAENEWMEMO","title":"NEWNEWNEW","content":"This is a new memo."},{"id":156,"name":"HOJAENEWMEMO","title":"NEWNEWNEW","content":"This is a new memo."},{"id":157,"name":"HOJAENEWMEMO","title":"NEWNEWNEW","content":"This is a new memo."},{"id":158,"name":"HOJAENEWMEMO","title":"NEWNEWNEW","content":"This is a new memo."},{"id":159,"name":"HOJAENEWMEMO","title":"NEWNEWNEW","content":"This is a new memo."},{"id":160,"name":"HOJAENEWMEMO","title":"NEWNEWNEW","content":"This is a new memo."},{"id":161,"name":"HOJAENEWMEMO","title":"NEWNEWNEW","content":"This is a new memo."},{"id":162,"name":"HOJAENEWMEMO","title":"NEWNEWNEW","content":"This is a new memo."},{"id":163,"name":"HOJAENEWMEMO","title":"NEWNEWNEW","content":"This is a new memo."},{"id":164,"name":"HOJAENEWMEMO","title":"NEWNEWNEW","content":"This is a new memo."},{"id":165,"name":"HOJAENEWMEMO","title":"NEWNEWNEW","content":"This is a new memo."},{"id":166,"name":"HOJAENEWMEMO","title":"NEWNEWNEW","content":"This is a new memo."},{"id":167,"name":"HOJAENEWMEMO","title":"NEWNEWNEW","content":"This is a new memo."},{"id":168,"name":"HOJAENEWMEMO","title":"NEWNEWNEW","content":"This is a new memo."},{"id":169,"name":"HOJAENEWMEMO","title":"NEWNEWNEW","content":"This is a new memo."},{"id":170,"name":"HOJAENEWMEMO","title":"NEWNEWNEW","content":"This is a new memo."},{"id":171,"name":"HOJAENEWMEMO","title":"NEWNEWNEW","content":"This is a new memo."},{"id":172,"name":"HOJAENEWMEMO","title":"NEWNEWNEW","content":"This is a new memo."},{"id":173,"name":"HOJAENEWMEMO","title":"NEWNEWNEW","content":"This is a new memo."},{"id":174,"name":"HOJAENEWMEMO","title":"NEWNEWNEW","content":"This is a new memo."}]}'
} }
{ timestamp:2023-07-19T17:08:14.608+0900, tid:692915a0-260b-11ee-be30-49dab7f44e99, payload:{
  type: 'RES',
  code: 200,
  req: '{"type":"REQ","method":"GET","url":"/app/memo/","tid":"692915a0-260b-11ee-be30-49dab7f44e99","params":{},"query":{},"body":"{}"}',
  elapsed: undefined,
  response: '{"code":2000,"message":"OK","result":[{"id":144,"name":"John Doe","title":"Updated Memo","content":"This is an updated test memo."},{"id":145,"name":"John Doe","title":"Hello Memo","content":"This is a test memo."},{"id":147,"name":"John Doe","title":"Hello Memo","content":"This is a test memo."},{"id":148,"name":"HOJAE","title":"Updated Memo","content":"This is an updated memo."},{"id":149,"name":"HOJAENEWMEMO","title":"NEWNEWNEW","content":"This is a new memo."},{"id":150,"name":"HOJAENEWMEMO","title":"NEWNEWNEW","content":"This is a new memo."},{"id":151,"name":"HOJAENEWMEMO","title":"NEWNEWNEW","content":"This is a new memo."},{"id":152,"name":"HOJAENEWMEMO","title":"NEWNEWNEW","content":"This is a new memo."},{"id":153,"name":"HOJAENEWMEMO","title":"NEWNEWNEW","content":"This is a new memo."},{"id":154,"name":"HOJAENEWMEMO","title":"NEWNEWNEW","content":"This is a new memo."},{"id":155,"name":"HOJAENEWMEMO","title":"NEWNEWNEW","content":"This is a new memo."},{"id":156,"name":"HOJAENEWMEMO","title":"NEWNEWNEW","content":"This is a new memo."},{"id":157,"name":"HOJAENEWMEMO","title":"NEWNEWNEW","content":"This is a new memo."},{"id":158,"name":"HOJAENEWMEMO","title":"NEWNEWNEW","content":"This is a new memo."},{"id":159,"name":"HOJAENEWMEMO","title":"NEWNEWNEW","content":"This is a new memo."},{"id":160,"name":"HOJAENEWMEMO","title":"NEWNEWNEW","content":"This is a new memo."},{"id":161,"name":"HOJAENEWMEMO","title":"NEWNEWNEW","content":"This is a new memo."},{"id":162,"name":"HOJAENEWMEMO","title":"NEWNEWNEW","content":"This is a new memo."},{"id":163,"name":"HOJAENEWMEMO","title":"NEWNEWNEW","content":"This is a new memo."},{"id":164,"name":"HOJAENEWMEMO","title":"NEWNEWNEW","content":"This is a new memo."},{"id":165,"name":"HOJAENEWMEMO","title":"NEWNEWNEW","content":"This is a new memo."},{"id":166,"name":"HOJAENEWMEMO","title":"NEWNEWNEW","content":"This is a new memo."},{"id":167,"name":"HOJAENEWMEMO","title":"NEWNEWNEW","content":"This is a new memo."},{"id":168,"name":"HOJAENEWMEMO","title":"NEWNEWNEW","content":"This is a new memo."},{"id":169,"name":"HOJAENEWMEMO","title":"NEWNEWNEW","content":"This is a new memo."},{"id":170,"name":"HOJAENEWMEMO","title":"NEWNEWNEW","content":"This is a new memo."},{"id":171,"name":"HOJAENEWMEMO","title":"NEWNEWNEW","content":"This is a new memo."},{"id":172,"name":"HOJAENEWMEMO","title":"NEWNEWNEW","content":"This is a new memo."},{"id":173,"name":"HOJAENEWMEMO","title":"NEWNEWNEW","content":"This is a new memo."},{"id":174,"name":"HOJAENEWMEMO","title":"NEWNEWNEW","content":"This is a new memo."}]}'
} }
{ timestamp:2023-07-19T17:10:08.640+0900, tid:ad1ae220-260b-11ee-ba5d-014b9775eeab, payload:{
  type: 'RES',
  code: 200,
  req: '{"type":"REQ","method":"GET","url":"/app/memo/","tid":"ad1ae220-260b-11ee-ba5d-014b9775eeab","params":{},"query":{},"body":"{}"}',
  elapsed: undefined,
  response: '{"code":2000,"message":"OK","result":[{"id":144,"name":"John Doe","title":"Updated Memo","content":"This is an updated test memo."},{"id":145,"name":"John Doe","title":"Hello Memo","content":"This is a test memo."},{"id":147,"name":"John Doe","title":"Hello Memo","content":"This is a test memo."},{"id":148,"name":"HOJAE","title":"Updated Memo","content":"This is an updated memo."},{"id":149,"name":"HOJAENEWMEMO","title":"NEWNEWNEW","content":"This is a new memo."},{"id":150,"name":"HOJAENEWMEMO","title":"NEWNEWNEW","content":"This is a new memo."},{"id":151,"name":"HOJAENEWMEMO","title":"NEWNEWNEW","content":"This is a new memo."},{"id":152,"name":"HOJAENEWMEMO","title":"NEWNEWNEW","content":"This is a new memo."},{"id":153,"name":"HOJAENEWMEMO","title":"NEWNEWNEW","content":"This is a new memo."},{"id":154,"name":"HOJAENEWMEMO","title":"NEWNEWNEW","content":"This is a new memo."},{"id":155,"name":"HOJAENEWMEMO","title":"NEWNEWNEW","content":"This is a new memo."},{"id":156,"name":"HOJAENEWMEMO","title":"NEWNEWNEW","content":"This is a new memo."},{"id":157,"name":"HOJAENEWMEMO","title":"NEWNEWNEW","content":"This is a new memo."},{"id":158,"name":"HOJAENEWMEMO","title":"NEWNEWNEW","content":"This is a new memo."},{"id":159,"name":"HOJAENEWMEMO","title":"NEWNEWNEW","content":"This is a new memo."},{"id":160,"name":"HOJAENEWMEMO","title":"NEWNEWNEW","content":"This is a new memo."},{"id":161,"name":"HOJAENEWMEMO","title":"NEWNEWNEW","content":"This is a new memo."},{"id":162,"name":"HOJAENEWMEMO","title":"NEWNEWNEW","content":"This is a new memo."},{"id":163,"name":"HOJAENEWMEMO","title":"NEWNEWNEW","content":"This is a new memo."},{"id":164,"name":"HOJAENEWMEMO","title":"NEWNEWNEW","content":"This is a new memo."},{"id":165,"name":"HOJAENEWMEMO","title":"NEWNEWNEW","content":"This is a new memo."},{"id":166,"name":"HOJAENEWMEMO","title":"NEWNEWNEW","content":"This is a new memo."},{"id":167,"name":"HOJAENEWMEMO","title":"NEWNEWNEW","content":"This is a new memo."},{"id":168,"name":"HOJAENEWMEMO","title":"NEWNEWNEW","content":"This is a new memo."},{"id":169,"name":"HOJAENEWMEMO","title":"NEWNEWNEW","content":"This is a new memo."},{"id":170,"name":"HOJAENEWMEMO","title":"NEWNEWNEW","content":"This is a new memo."},{"id":171,"name":"HOJAENEWMEMO","title":"NEWNEWNEW","content":"This is a new memo."},{"id":172,"name":"HOJAENEWMEMO","title":"NEWNEWNEW","content":"This is a new memo."},{"id":173,"name":"HOJAENEWMEMO","title":"NEWNEWNEW","content":"This is a new memo."},{"id":174,"name":"HOJAENEWMEMO","title":"NEWNEWNEW","content":"This is a new memo."}]}'
} }
{ timestamp:2023-07-19T17:10:12.392+0900, tid:af5f7af0-260b-11ee-ba5d-014b9775eeab, payload:{
  type: 'RES',
  code: 200,
  req: '{"type":"REQ","method":"GET","url":"/app/memo/","tid":"af5f7af0-260b-11ee-ba5d-014b9775eeab","params":{},"query":{},"body":"{}"}',
  elapsed: undefined,
  response: '{"code":2000,"message":"OK","result":[{"id":144,"name":"John Doe","title":"Updated Memo","content":"This is an updated test memo."},{"id":145,"name":"John Doe","title":"Hello Memo","content":"This is a test memo."},{"id":147,"name":"John Doe","title":"Hello Memo","content":"This is a test memo."},{"id":148,"name":"HOJAE","title":"Updated Memo","content":"This is an updated memo."},{"id":149,"name":"HOJAENEWMEMO","title":"NEWNEWNEW","content":"This is a new memo."},{"id":150,"name":"HOJAENEWMEMO","title":"NEWNEWNEW","content":"This is a new memo."},{"id":151,"name":"HOJAENEWMEMO","title":"NEWNEWNEW","content":"This is a new memo."},{"id":152,"name":"HOJAENEWMEMO","title":"NEWNEWNEW","content":"This is a new memo."},{"id":153,"name":"HOJAENEWMEMO","title":"NEWNEWNEW","content":"This is a new memo."},{"id":154,"name":"HOJAENEWMEMO","title":"NEWNEWNEW","content":"This is a new memo."},{"id":155,"name":"HOJAENEWMEMO","title":"NEWNEWNEW","content":"This is a new memo."},{"id":156,"name":"HOJAENEWMEMO","title":"NEWNEWNEW","content":"This is a new memo."},{"id":157,"name":"HOJAENEWMEMO","title":"NEWNEWNEW","content":"This is a new memo."},{"id":158,"name":"HOJAENEWMEMO","title":"NEWNEWNEW","content":"This is a new memo."},{"id":159,"name":"HOJAENEWMEMO","title":"NEWNEWNEW","content":"This is a new memo."},{"id":160,"name":"HOJAENEWMEMO","title":"NEWNEWNEW","content":"This is a new memo."},{"id":161,"name":"HOJAENEWMEMO","title":"NEWNEWNEW","content":"This is a new memo."},{"id":162,"name":"HOJAENEWMEMO","title":"NEWNEWNEW","content":"This is a new memo."},{"id":163,"name":"HOJAENEWMEMO","title":"NEWNEWNEW","content":"This is a new memo."},{"id":164,"name":"HOJAENEWMEMO","title":"NEWNEWNEW","content":"This is a new memo."},{"id":165,"name":"HOJAENEWMEMO","title":"NEWNEWNEW","content":"This is a new memo."},{"id":166,"name":"HOJAENEWMEMO","title":"NEWNEWNEW","content":"This is a new memo."},{"id":167,"name":"HOJAENEWMEMO","title":"NEWNEWNEW","content":"This is a new memo."},{"id":168,"name":"HOJAENEWMEMO","title":"NEWNEWNEW","content":"This is a new memo."},{"id":169,"name":"HOJAENEWMEMO","title":"NEWNEWNEW","content":"This is a new memo."},{"id":170,"name":"HOJAENEWMEMO","title":"NEWNEWNEW","content":"This is a new memo."},{"id":171,"name":"HOJAENEWMEMO","title":"NEWNEWNEW","content":"This is a new memo."},{"id":172,"name":"HOJAENEWMEMO","title":"NEWNEWNEW","content":"This is a new memo."},{"id":173,"name":"HOJAENEWMEMO","title":"NEWNEWNEW","content":"This is a new memo."},{"id":174,"name":"HOJAENEWMEMO","title":"NEWNEWNEW","content":"This is a new memo."}]}'
} }
{ timestamp:2023-07-19T17:10:19.665+0900, tid:b3b58ea0-260b-11ee-ba5d-014b9775eeab, payload:{
  type: 'RES',
  code: 200,
  req: '{"type":"REQ","method":"GET","url":"/app/memo/174","tid":"b3b58ea0-260b-11ee-ba5d-014b9775eeab","params":{"id":"174"},"query":{},"body":"{}"}',
  elapsed: undefined,
  response: '{"code":2000,"message":"OK","result":{"id":174,"name":"HOJAENEWMEMO","title":"NEWNEWNEW","content":"This is a new memo."}}'
} }
{ timestamp:2023-07-19T17:10:24.145+0900, tid:b660ff90-260b-11ee-ba5d-014b9775eeab, payload:{
  type: 'RES',
  code: 200,
  req: '{"type":"REQ","method":"GET","url":"/app/memo/","tid":"b660ff90-260b-11ee-ba5d-014b9775eeab","params":{},"query":{},"body":"{}"}',
  elapsed: undefined,
  response: '{"code":2000,"message":"OK","result":[{"id":144,"name":"John Doe","title":"Updated Memo","content":"This is an updated test memo."},{"id":145,"name":"John Doe","title":"Hello Memo","content":"This is a test memo."},{"id":147,"name":"John Doe","title":"Hello Memo","content":"This is a test memo."},{"id":148,"name":"HOJAE","title":"Updated Memo","content":"This is an updated memo."},{"id":149,"name":"HOJAENEWMEMO","title":"NEWNEWNEW","content":"This is a new memo."},{"id":150,"name":"HOJAENEWMEMO","title":"NEWNEWNEW","content":"This is a new memo."},{"id":151,"name":"HOJAENEWMEMO","title":"NEWNEWNEW","content":"This is a new memo."},{"id":152,"name":"HOJAENEWMEMO","title":"NEWNEWNEW","content":"This is a new memo."},{"id":153,"name":"HOJAENEWMEMO","title":"NEWNEWNEW","content":"This is a new memo."},{"id":154,"name":"HOJAENEWMEMO","title":"NEWNEWNEW","content":"This is a new memo."},{"id":155,"name":"HOJAENEWMEMO","title":"NEWNEWNEW","content":"This is a new memo."},{"id":156,"name":"HOJAENEWMEMO","title":"NEWNEWNEW","content":"This is a new memo."},{"id":157,"name":"HOJAENEWMEMO","title":"NEWNEWNEW","content":"This is a new memo."},{"id":158,"name":"HOJAENEWMEMO","title":"NEWNEWNEW","content":"This is a new memo."},{"id":159,"name":"HOJAENEWMEMO","title":"NEWNEWNEW","content":"This is a new memo."},{"id":160,"name":"HOJAENEWMEMO","title":"NEWNEWNEW","content":"This is a new memo."},{"id":161,"name":"HOJAENEWMEMO","title":"NEWNEWNEW","content":"This is a new memo."},{"id":162,"name":"HOJAENEWMEMO","title":"NEWNEWNEW","content":"This is a new memo."},{"id":163,"name":"HOJAENEWMEMO","title":"NEWNEWNEW","content":"This is a new memo."},{"id":164,"name":"HOJAENEWMEMO","title":"NEWNEWNEW","content":"This is a new memo."},{"id":165,"name":"HOJAENEWMEMO","title":"NEWNEWNEW","content":"This is a new memo."},{"id":166,"name":"HOJAENEWMEMO","title":"NEWNEWNEW","content":"This is a new memo."},{"id":167,"name":"HOJAENEWMEMO","title":"NEWNEWNEW","content":"This is a new memo."},{"id":168,"name":"HOJAENEWMEMO","title":"NEWNEWNEW","content":"This is a new memo."},{"id":169,"name":"HOJAENEWMEMO","title":"NEWNEWNEW","content":"This is a new memo."},{"id":170,"name":"HOJAENEWMEMO","title":"NEWNEWNEW","content":"This is a new memo."},{"id":171,"name":"HOJAENEWMEMO","title":"NEWNEWNEW","content":"This is a new memo."},{"id":172,"name":"HOJAENEWMEMO","title":"NEWNEWNEW","content":"This is a new memo."},{"id":173,"name":"HOJAENEWMEMO","title":"NEWNEWNEW","content":"This is a new memo."},{"id":174,"name":"HOJAENEWMEMO","title":"NEWNEWNEW","content":"This is a new memo."}]}'
} }
