{ timestamp:2023-07-20T11:12:46.539+0900, tid:eb042960-26a2-11ee-8b8c-4f2a31ae96e4, payload:{
  type: 'RES',
  code: 200,
  req: '{"type":"REQ","method":"GET","url":"/app/memos/","tid":"eb042960-26a2-11ee-8b8c-4f2a31ae96e4","params":{},"query":{},"body":"{}"}',
  elapsed: undefined,
  response: '{"code":2000,"message":"OK","result":[{"id":144,"name":"John Doe","title":"Updated Memo","content":"This is an updated test memo."},{"id":145,"name":"John Doe","title":"Hello Memo","content":"This is a test memo."},{"id":147,"name":"John Doe","title":"Hello Memo","content":"This is a test memo."},{"id":148,"name":"HOJAE","title":"Updated Memo","content":"This is an updated memo."},{"id":149,"name":"HOJAENEWMEMO","title":"NEWNEWNEW","content":"This is a new memo."},{"id":150,"name":"HOJAENEWMEMO","title":"NEWNEWNEW","content":"This is a new memo."},{"id":151,"name":"HOJAENEWMEMO","title":"NEWNEWNEW","content":"This is a new memo."},{"id":152,"name":"HOJAENEWMEMO","title":"NEWNEWNEW","content":"This is a new memo."},{"id":153,"name":"HOJAENEWMEMO","title":"NEWNEWNEW","content":"This is a new memo."},{"id":154,"name":"HOJAENEWMEMO","title":"NEWNEWNEW","content":"This is a new memo."},{"id":155,"name":"HOJAENEWMEMO","title":"NEWNEWNEW","content":"This is a new memo."},{"id":156,"name":"HOJAENEWMEMO","title":"NEWNEWNEW","content":"This is a new memo."},{"id":157,"name":"HOJAENEWMEMO","title":"NEWNEWNEW","content":"This is a new memo."},{"id":158,"name":"HOJAENEWMEMO","title":"NEWNEWNEW","content":"This is a new memo."},{"id":159,"name":"HOJAENEWMEMO","title":"NEWNEWNEW","content":"This is a new memo."},{"id":160,"name":"HOJAENEWMEMO","title":"NEWNEWNEW","content":"This is a new memo."},{"id":161,"name":"HOJAENEWMEMO","title":"NEWNEWNEW","content":"This is a new memo."},{"id":162,"name":"HOJAENEWMEMO","title":"NEWNEWNEW","content":"This is a new memo."},{"id":163,"name":"HOJAENEWMEMO","title":"NEWNEWNEW","content":"This is a new memo."},{"id":164,"name":"HOJAENEWMEMO","title":"NEWNEWNEW","content":"This is a new memo."},{"id":165,"name":"HOJAENEWMEMO","title":"NEWNEWNEW","content":"This is a new memo."},{"id":166,"name":"HOJAENEWMEMO","title":"NEWNEWNEW","content":"This is a new memo."},{"id":167,"name":"HOJAENEWMEMO","title":"NEWNEWNEW","content":"This is a new memo."},{"id":168,"name":"HOJAENEWMEMO","title":"NEWNEWNEW","content":"This is a new memo."},{"id":169,"name":"HOJAENEWMEMO","title":"NEWNEWNEW","content":"This is a new memo."},{"id":170,"name":"HOJAENEWMEMO","title":"NEWNEWNEW","content":"This is a new memo."},{"id":171,"name":"HOJAENEWMEMO","title":"NEWNEWNEW","content":"This is a new memo."},{"id":172,"name":"HOJAENEWMEMO","title":"NEWNEWNEW","content":"This is a new memo."},{"id":173,"name":"HOJAENEWMEMO","title":"NEWNEWNEW","content":"This is a new memo."},{"id":174,"name":"HOJAENEWMEMO","title":"NEWNEWNEW","content":"This is a new memo."}]}'
} }
{ timestamp:2023-07-20T11:13:04.121+0900, tid:f5890860-26a2-11ee-8b8c-4f2a31ae96e4, payload:{
  type: 'RES',
  code: 200,
  req: '{"type":"REQ","method":"GET","url":"/app/memos/151","tid":"f5890860-26a2-11ee-8b8c-4f2a31ae96e4","params":{"id":"151"},"query":{},"body":"{}"}',
  elapsed: undefined,
  response: '{"code":2000,"message":"OK","result":{"id":151,"name":"HOJAENEWMEMO","title":"NEWNEWNEW","content":"This is a new memo."}}'
} }
{ timestamp:2023-07-20T11:13:35.433+0900, tid:083156c0-26a3-11ee-8b8c-4f2a31ae96e4, payload:{
  type: 'RES',
  code: 200,
  req: '{"type":"REQ","method":"GET","url":"/app/memos/151","tid":"083156c0-26a3-11ee-8b8c-4f2a31ae96e4","params":{"id":"151"},"query":{},"body":"{}"}',
  elapsed: undefined,
  response: '{"code":2000,"message":"OK","result":{"id":151,"name":"HOJAENEWMEMO","title":"NEWNEWNEW","content":"This is a new memo."}}'
} }
{ timestamp:2023-07-20T11:13:35.963+0900, tid:0885df60-26a3-11ee-8b8c-4f2a31ae96e4, payload:{
  type: 'RES',
  code: 200,
  req: '{"type":"REQ","method":"GET","url":"/app/memos/","tid":"0885df60-26a3-11ee-8b8c-4f2a31ae96e4","params":{},"query":{},"body":"{}"}',
  elapsed: undefined,
  response: '{"code":2000,"message":"OK","result":[{"id":144,"name":"John Doe","title":"Updated Memo","content":"This is an updated test memo."},{"id":145,"name":"John Doe","title":"Hello Memo","content":"This is a test memo."},{"id":147,"name":"John Doe","title":"Hello Memo","content":"This is a test memo."},{"id":148,"name":"HOJAE","title":"Updated Memo","content":"This is an updated memo."},{"id":149,"name":"HOJAENEWMEMO","title":"NEWNEWNEW","content":"This is a new memo."},{"id":150,"name":"HOJAENEWMEMO","title":"NEWNEWNEW","content":"This is a new memo."},{"id":151,"name":"HOJAENEWMEMO","title":"NEWNEWNEW","content":"This is a new memo."},{"id":152,"name":"HOJAENEWMEMO","title":"NEWNEWNEW","content":"This is a new memo."},{"id":153,"name":"HOJAENEWMEMO","title":"NEWNEWNEW","content":"This is a new memo."},{"id":154,"name":"HOJAENEWMEMO","title":"NEWNEWNEW","content":"This is a new memo."},{"id":155,"name":"HOJAENEWMEMO","title":"NEWNEWNEW","content":"This is a new memo."},{"id":156,"name":"HOJAENEWMEMO","title":"NEWNEWNEW","content":"This is a new memo."},{"id":157,"name":"HOJAENEWMEMO","title":"NEWNEWNEW","content":"This is a new memo."},{"id":158,"name":"HOJAENEWMEMO","title":"NEWNEWNEW","content":"This is a new memo."},{"id":159,"name":"HOJAENEWMEMO","title":"NEWNEWNEW","content":"This is a new memo."},{"id":160,"name":"HOJAENEWMEMO","title":"NEWNEWNEW","content":"This is a new memo."},{"id":161,"name":"HOJAENEWMEMO","title":"NEWNEWNEW","content":"This is a new memo."},{"id":162,"name":"HOJAENEWMEMO","title":"NEWNEWNEW","content":"This is a new memo."},{"id":163,"name":"HOJAENEWMEMO","title":"NEWNEWNEW","content":"This is a new memo."},{"id":164,"name":"HOJAENEWMEMO","title":"NEWNEWNEW","content":"This is a new memo."},{"id":165,"name":"HOJAENEWMEMO","title":"NEWNEWNEW","content":"This is a new memo."},{"id":166,"name":"HOJAENEWMEMO","title":"NEWNEWNEW","content":"This is a new memo."},{"id":167,"name":"HOJAENEWMEMO","title":"NEWNEWNEW","content":"This is a new memo."},{"id":168,"name":"HOJAENEWMEMO","title":"NEWNEWNEW","content":"This is a new memo."},{"id":169,"name":"HOJAENEWMEMO","title":"NEWNEWNEW","content":"This is a new memo."},{"id":170,"name":"HOJAENEWMEMO","title":"NEWNEWNEW","content":"This is a new memo."},{"id":171,"name":"HOJAENEWMEMO","title":"NEWNEWNEW","content":"This is a new memo."},{"id":172,"name":"HOJAENEWMEMO","title":"NEWNEWNEW","content":"This is a new memo."},{"id":173,"name":"HOJAENEWMEMO","title":"NEWNEWNEW","content":"This is a new memo."},{"id":174,"name":"HOJAENEWMEMO","title":"NEWNEWNEW","content":"This is a new memo."}]}'
} }
{ timestamp:2023-07-20T11:17:59.140+0900, tid:a4c9fe10-26a3-11ee-8b8c-4f2a31ae96e4, payload:{
  type: 'RES',
  code: 200,
  req: '{"type":"REQ","method":"GET","url":"/app/memos/","tid":"a4c9fe10-26a3-11ee-8b8c-4f2a31ae96e4","params":{},"query":{},"body":"{}"}',
  elapsed: undefined,
  response: '{"code":2000,"message":"OK","result":[{"id":144,"name":"John Doe","title":"Updated Memo","content":"This is an updated test memo."},{"id":145,"name":"John Doe","title":"Hello Memo","content":"This is a test memo."},{"id":147,"name":"John Doe","title":"Hello Memo","content":"This is a test memo."},{"id":148,"name":"HOJAE","title":"Updated Memo","content":"This is an updated memo."},{"id":149,"name":"HOJAENEWMEMO","title":"NEWNEWNEW","content":"This is a new memo."},{"id":150,"name":"HOJAENEWMEMO","title":"NEWNEWNEW","content":"This is a new memo."},{"id":151,"name":"HOJAENEWMEMO","title":"NEWNEWNEW","content":"This is a new memo."},{"id":152,"name":"HOJAENEWMEMO","title":"NEWNEWNEW","content":"This is a new memo."},{"id":153,"name":"HOJAENEWMEMO","title":"NEWNEWNEW","content":"This is a new memo."},{"id":154,"name":"HOJAENEWMEMO","title":"NEWNEWNEW","content":"This is a new memo."},{"id":155,"name":"HOJAENEWMEMO","title":"NEWNEWNEW","content":"This is a new memo."},{"id":156,"name":"HOJAENEWMEMO","title":"NEWNEWNEW","content":"This is a new memo."},{"id":157,"name":"HOJAENEWMEMO","title":"NEWNEWNEW","content":"This is a new memo."},{"id":158,"name":"HOJAENEWMEMO","title":"NEWNEWNEW","content":"This is a new memo."},{"id":159,"name":"HOJAENEWMEMO","title":"NEWNEWNEW","content":"This is a new memo."},{"id":160,"name":"HOJAENEWMEMO","title":"NEWNEWNEW","content":"This is a new memo."},{"id":161,"name":"HOJAENEWMEMO","title":"NEWNEWNEW","content":"This is a new memo."},{"id":162,"name":"HOJAENEWMEMO","title":"NEWNEWNEW","content":"This is a new memo."},{"id":163,"name":"HOJAENEWMEMO","title":"NEWNEWNEW","content":"This is a new memo."},{"id":164,"name":"HOJAENEWMEMO","title":"NEWNEWNEW","content":"This is a new memo."},{"id":165,"name":"HOJAENEWMEMO","title":"NEWNEWNEW","content":"This is a new memo."},{"id":166,"name":"HOJAENEWMEMO","title":"NEWNEWNEW","content":"This is a new memo."},{"id":167,"name":"HOJAENEWMEMO","title":"NEWNEWNEW","content":"This is a new memo."},{"id":168,"name":"HOJAENEWMEMO","title":"NEWNEWNEW","content":"This is a new memo."},{"id":169,"name":"HOJAENEWMEMO","title":"NEWNEWNEW","content":"This is a new memo."},{"id":170,"name":"HOJAENEWMEMO","title":"NEWNEWNEW","content":"This is a new memo."},{"id":171,"name":"HOJAENEWMEMO","title":"NEWNEWNEW","content":"This is a new memo."},{"id":172,"name":"HOJAENEWMEMO","title":"NEWNEWNEW","content":"This is a new memo."},{"id":173,"name":"HOJAENEWMEMO","title":"NEWNEWNEW","content":"This is a new memo."},{"id":174,"name":"HOJAENEWMEMO","title":"NEWNEWNEW","content":"This is a new memo."}]}'
} }
{ timestamp:2023-07-20T11:18:01.404+0900, tid:a6bca650-26a3-11ee-8b8c-4f2a31ae96e4, payload:{
  type: 'RES',
  code: 200,
  req: '{"type":"REQ","method":"GET","url":"/app/memos/","tid":"a6bca650-26a3-11ee-8b8c-4f2a31ae96e4","params":{},"query":{},"body":"{}"}',
  elapsed: undefined,
  response: '{"code":2000,"message":"OK","result":[{"id":144,"name":"John Doe","title":"Updated Memo","content":"This is an updated test memo."},{"id":145,"name":"John Doe","title":"Hello Memo","content":"This is a test memo."},{"id":147,"name":"John Doe","title":"Hello Memo","content":"This is a test memo."},{"id":148,"name":"HOJAE","title":"Updated Memo","content":"This is an updated memo."},{"id":149,"name":"HOJAENEWMEMO","title":"NEWNEWNEW","content":"This is a new memo."},{"id":150,"name":"HOJAENEWMEMO","title":"NEWNEWNEW","content":"This is a new memo."},{"id":151,"name":"HOJAENEWMEMO","title":"NEWNEWNEW","content":"This is a new memo."},{"id":152,"name":"HOJAENEWMEMO","title":"NEWNEWNEW","content":"This is a new memo."},{"id":153,"name":"HOJAENEWMEMO","title":"NEWNEWNEW","content":"This is a new memo."},{"id":154,"name":"HOJAENEWMEMO","title":"NEWNEWNEW","content":"This is a new memo."},{"id":155,"name":"HOJAENEWMEMO","title":"NEWNEWNEW","content":"This is a new memo."},{"id":156,"name":"HOJAENEWMEMO","title":"NEWNEWNEW","content":"This is a new memo."},{"id":157,"name":"HOJAENEWMEMO","title":"NEWNEWNEW","content":"This is a new memo."},{"id":158,"name":"HOJAENEWMEMO","title":"NEWNEWNEW","content":"This is a new memo."},{"id":159,"name":"HOJAENEWMEMO","title":"NEWNEWNEW","content":"This is a new memo."},{"id":160,"name":"HOJAENEWMEMO","title":"NEWNEWNEW","content":"This is a new memo."},{"id":161,"name":"HOJAENEWMEMO","title":"NEWNEWNEW","content":"This is a new memo."},{"id":162,"name":"HOJAENEWMEMO","title":"NEWNEWNEW","content":"This is a new memo."},{"id":163,"name":"HOJAENEWMEMO","title":"NEWNEWNEW","content":"This is a new memo."},{"id":164,"name":"HOJAENEWMEMO","title":"NEWNEWNEW","content":"This is a new memo."},{"id":165,"name":"HOJAENEWMEMO","title":"NEWNEWNEW","content":"This is a new memo."},{"id":166,"name":"HOJAENEWMEMO","title":"NEWNEWNEW","content":"This is a new memo."},{"id":167,"name":"HOJAENEWMEMO","title":"NEWNEWNEW","content":"This is a new memo."},{"id":168,"name":"HOJAENEWMEMO","title":"NEWNEWNEW","content":"This is a new memo."},{"id":169,"name":"HOJAENEWMEMO","title":"NEWNEWNEW","content":"This is a new memo."},{"id":170,"name":"HOJAENEWMEMO","title":"NEWNEWNEW","content":"This is a new memo."},{"id":171,"name":"HOJAENEWMEMO","title":"NEWNEWNEW","content":"This is a new memo."},{"id":172,"name":"HOJAENEWMEMO","title":"NEWNEWNEW","content":"This is a new memo."},{"id":173,"name":"HOJAENEWMEMO","title":"NEWNEWNEW","content":"This is a new memo."},{"id":174,"name":"HOJAENEWMEMO","title":"NEWNEWNEW","content":"This is a new memo."}]}'
} }
{ timestamp:2023-07-20T11:18:01.521+0900, tid:a6ce5990-26a3-11ee-8b8c-4f2a31ae96e4, payload:{
  type: 'RES',
  code: 200,
  req: '{"type":"REQ","method":"GET","url":"/app/memos/151","tid":"a6ce5990-26a3-11ee-8b8c-4f2a31ae96e4","params":{"id":"151"},"query":{},"body":"{}"}',
  elapsed: undefined,
  response: '{"code":2000,"message":"OK","result":{"id":151,"name":"HOJAENEWMEMO","title":"NEWNEWNEW","content":"This is a new memo."}}'
} }
{ timestamp:2023-07-20T11:18:03.773+0900, tid:a8264870-26a3-11ee-8b8c-4f2a31ae96e4, payload:{
  type: 'RES',
  code: 200,
  req: '{"type":"REQ","method":"GET","url":"/app/memos/151","tid":"a8264870-26a3-11ee-8b8c-4f2a31ae96e4","params":{"id":"151"},"query":{},"body":"{}"}',
  elapsed: undefined,
  response: '{"code":2000,"message":"OK","result":{"id":151,"name":"HOJAENEWMEMO","title":"NEWNEWNEW","content":"This is a new memo."}}'
} }
{ timestamp:2023-07-20T11:18:04.419+0900, tid:a888dad0-26a3-11ee-8b8c-4f2a31ae96e4, payload:{
  type: 'RES',
  code: 200,
  req: '{"type":"REQ","method":"GET","url":"/app/memos/152","tid":"a888dad0-26a3-11ee-8b8c-4f2a31ae96e4","params":{"id":"152"},"query":{},"body":"{}"}',
  elapsed: undefined,
  response: '{"code":2000,"message":"OK","result":{"id":152,"name":"HOJAENEWMEMO","title":"NEWNEWNEW","content":"This is a new memo."}}'
} }
{ timestamp:2023-07-20T11:18:07.767+0900, tid:aa882d40-26a3-11ee-8b8c-4f2a31ae96e4, payload:{
  type: 'RES',
  code: 200,
  req: '{"type":"REQ","method":"GET","url":"/app/memos/153","tid":"aa882d40-26a3-11ee-8b8c-4f2a31ae96e4","params":{"id":"153"},"query":{},"body":"{}"}',
  elapsed: undefined,
  response: '{"code":2000,"message":"OK","result":{"id":153,"name":"HOJAENEWMEMO","title":"NEWNEWNEW","content":"This is a new memo."}}'
} }
{ timestamp:2023-07-20T11:18:09.895+0900, tid:abcc4600-26a3-11ee-8b8c-4f2a31ae96e4, payload:{
  type: 'RES',
  code: 200,
  req: '{"type":"REQ","method":"GET","url":"/app/memos/154","tid":"abcc4600-26a3-11ee-8b8c-4f2a31ae96e4","params":{"id":"154"},"query":{},"body":"{}"}',
  elapsed: undefined,
  response: '{"code":2000,"message":"OK","result":{"id":154,"name":"HOJAENEWMEMO","title":"NEWNEWNEW","content":"This is a new memo."}}'
} }
{ timestamp:2023-07-20T11:18:19.045+0900, tid:b1409af0-26a3-11ee-8b8c-4f2a31ae96e4, payload:{
  type: 'RES',
  code: 200,
  req: '{"type":"REQ","method":"GET","url":"/app/memos/154","tid":"b1409af0-26a3-11ee-8b8c-4f2a31ae96e4","params":{"id":"154"},"query":{},"body":"{}"}',
  elapsed: undefined,
  response: '{"code":2000,"message":"OK","result":{"id":154,"name":"HOJAENEWMEMO","title":"NEWNEWNEW","content":"This is a new memo."}}'
} }
{ timestamp:2023-07-20T11:18:19.300+0900, tid:b1675cd0-26a3-11ee-8b8c-4f2a31ae96e4, payload:{
  type: 'RES',
  code: 200,
  req: '{"type":"REQ","method":"GET","url":"/app/memos/155","tid":"b1675cd0-26a3-11ee-8b8c-4f2a31ae96e4","params":{"id":"155"},"query":{},"body":"{}"}',
  elapsed: undefined,
  response: '{"code":2000,"message":"OK","result":{"id":155,"name":"HOJAENEWMEMO","title":"NEWNEWNEW","content":"This is a new memo."}}'
} }
{ timestamp:2023-07-20T11:18:22.292+0900, tid:b32fe7d0-26a3-11ee-8b8c-4f2a31ae96e4, payload:{
  type: 'RES',
  code: 200,
  req: '{"type":"REQ","method":"GET","url":"/app/memos/155","tid":"b32fe7d0-26a3-11ee-8b8c-4f2a31ae96e4","params":{"id":"155"},"query":{},"body":"{}"}',
  elapsed: undefined,
  response: '{"code":2000,"message":"OK","result":{"id":155,"name":"HOJAENEWMEMO","title":"NEWNEWNEW","content":"This is a new memo."}}'
} }
{ timestamp:2023-07-20T11:18:23.705+0900, tid:b407f850-26a3-11ee-8b8c-4f2a31ae96e4, payload:{
  type: 'RES',
  code: 200,
  req: '{"type":"REQ","method":"GET","url":"/app/memos/156","tid":"b407f850-26a3-11ee-8b8c-4f2a31ae96e4","params":{"id":"156"},"query":{},"body":"{}"}',
  elapsed: undefined,
  response: '{"code":2000,"message":"OK","result":{"id":156,"name":"HOJAENEWMEMO","title":"NEWNEWNEW","content":"This is a new memo."}}'
} }
{ timestamp:2023-07-20T11:18:26.975+0900, tid:b5faa090-26a3-11ee-8b8c-4f2a31ae96e4, payload:{
  type: 'RES',
  code: 200,
  req: '{"type":"REQ","method":"GET","url":"/app/memos/156","tid":"b5faa090-26a3-11ee-8b8c-4f2a31ae96e4","params":{"id":"156"},"query":{},"body":"{}"}',
  elapsed: undefined,
  response: '{"code":2000,"message":"OK","result":{"id":156,"name":"HOJAENEWMEMO","title":"NEWNEWNEW","content":"This is a new memo."}}'
} }
{ timestamp:2023-07-20T11:18:27.645+0900, tid:b660dc70-26a3-11ee-8b8c-4f2a31ae96e4, payload:{
  type: 'RES',
  code: 200,
  req: '{"type":"REQ","method":"GET","url":"/app/memos/159","tid":"b660dc70-26a3-11ee-8b8c-4f2a31ae96e4","params":{"id":"159"},"query":{},"body":"{}"}',
  elapsed: undefined,
  response: '{"code":2000,"message":"OK","result":{"id":159,"name":"HOJAENEWMEMO","title":"NEWNEWNEW","content":"This is a new memo."}}'
} }
{ timestamp:2023-07-20T13:55:38.724+0900, tid:abab0060-26b9-11ee-8216-6f575e090afb, payload:{
  type: 'RES',
  code: 200,
  req: '{"type":"REQ","method":"GET","url":"/app/memos/","tid":"abab0060-26b9-11ee-8216-6f575e090afb","params":{},"query":{},"body":"{}"}',
  elapsed: undefined,
  response: '{"code":2000,"message":"OK","result":[{"id":144,"name":"John Doe","title":"Updated Memo","content":"This is an updated test memo."},{"id":145,"name":"John Doe","title":"Hello Memo","content":"This is a test memo."},{"id":147,"name":"John Doe","title":"Hello Memo","content":"This is a test memo."},{"id":148,"name":"HOJAE","title":"Updated Memo","content":"This is an updated memo."},{"id":149,"name":"HOJAENEWMEMO","title":"NEWNEWNEW","content":"This is a new memo."},{"id":150,"name":"HOJAENEWMEMO","title":"NEWNEWNEW","content":"This is a new memo."},{"id":151,"name":"HOJAENEWMEMO","title":"NEWNEWNEW","content":"This is a new memo."},{"id":152,"name":"HOJAENEWMEMO","title":"NEWNEWNEW","content":"This is a new memo."},{"id":153,"name":"HOJAENEWMEMO","title":"NEWNEWNEW","content":"This is a new memo."},{"id":154,"name":"HOJAENEWMEMO","title":"NEWNEWNEW","content":"This is a new memo."},{"id":155,"name":"HOJAENEWMEMO","title":"NEWNEWNEW","content":"This is a new memo."},{"id":156,"name":"HOJAENEWMEMO","title":"NEWNEWNEW","content":"This is a new memo."},{"id":157,"name":"HOJAENEWMEMO","title":"NEWNEWNEW","content":"This is a new memo."},{"id":158,"name":"HOJAENEWMEMO","title":"NEWNEWNEW","content":"This is a new memo."},{"id":159,"name":"HOJAENEWMEMO","title":"NEWNEWNEW","content":"This is a new memo."},{"id":160,"name":"HOJAENEWMEMO","title":"NEWNEWNEW","content":"This is a new memo."},{"id":161,"name":"HOJAENEWMEMO","title":"NEWNEWNEW","content":"This is a new memo."},{"id":162,"name":"HOJAENEWMEMO","title":"NEWNEWNEW","content":"This is a new memo."},{"id":163,"name":"HOJAENEWMEMO","title":"NEWNEWNEW","content":"This is a new memo."},{"id":164,"name":"HOJAENEWMEMO","title":"NEWNEWNEW","content":"This is a new memo."},{"id":165,"name":"HOJAENEWMEMO","title":"NEWNEWNEW","content":"This is a new memo."},{"id":166,"name":"HOJAENEWMEMO","title":"NEWNEWNEW","content":"This is a new memo."},{"id":167,"name":"HOJAENEWMEMO","title":"NEWNEWNEW","content":"This is a new memo."},{"id":168,"name":"HOJAENEWMEMO","title":"NEWNEWNEW","content":"This is a new memo."},{"id":169,"name":"HOJAENEWMEMO","title":"NEWNEWNEW","content":"This is a new memo."},{"id":170,"name":"HOJAENEWMEMO","title":"NEWNEWNEW","content":"This is a new memo."},{"id":171,"name":"HOJAENEWMEMO","title":"NEWNEWNEW","content":"This is a new memo."},{"id":172,"name":"HOJAENEWMEMO","title":"NEWNEWNEW","content":"This is a new memo."},{"id":173,"name":"HOJAENEWMEMO","title":"NEWNEWNEW","content":"This is a new memo."},{"id":174,"name":"HOJAENEWMEMO","title":"NEWNEWNEW","content":"This is a new memo."}]}'
} }
{ timestamp:2023-07-20T13:55:45.042+0900, tid:af810ea0-26b9-11ee-8216-6f575e090afb, payload:{
  type: 'RES',
  code: 200,
  req: '{"type":"REQ","method":"GET","url":"/app/memos/","tid":"af810ea0-26b9-11ee-8216-6f575e090afb","params":{},"query":{},"body":"{}"}',
  elapsed: undefined,
  response: '{"code":2000,"message":"OK","result":[{"id":144,"name":"John Doe","title":"Updated Memo","content":"This is an updated test memo."},{"id":145,"name":"John Doe","title":"Hello Memo","content":"This is a test memo."},{"id":147,"name":"John Doe","title":"Hello Memo","content":"This is a test memo."},{"id":148,"name":"HOJAE","title":"Updated Memo","content":"This is an updated memo."},{"id":149,"name":"HOJAENEWMEMO","title":"NEWNEWNEW","content":"This is a new memo."},{"id":150,"name":"HOJAENEWMEMO","title":"NEWNEWNEW","content":"This is a new memo."},{"id":151,"name":"HOJAENEWMEMO","title":"NEWNEWNEW","content":"This is a new memo."},{"id":152,"name":"HOJAENEWMEMO","title":"NEWNEWNEW","content":"This is a new memo."},{"id":153,"name":"HOJAENEWMEMO","title":"NEWNEWNEW","content":"This is a new memo."},{"id":154,"name":"HOJAENEWMEMO","title":"NEWNEWNEW","content":"This is a new memo."},{"id":155,"name":"HOJAENEWMEMO","title":"NEWNEWNEW","content":"This is a new memo."},{"id":156,"name":"HOJAENEWMEMO","title":"NEWNEWNEW","content":"This is a new memo."},{"id":157,"name":"HOJAENEWMEMO","title":"NEWNEWNEW","content":"This is a new memo."},{"id":158,"name":"HOJAENEWMEMO","title":"NEWNEWNEW","content":"This is a new memo."},{"id":159,"name":"HOJAENEWMEMO","title":"NEWNEWNEW","content":"This is a new memo."},{"id":160,"name":"HOJAENEWMEMO","title":"NEWNEWNEW","content":"This is a new memo."},{"id":161,"name":"HOJAENEWMEMO","title":"NEWNEWNEW","content":"This is a new memo."},{"id":162,"name":"HOJAENEWMEMO","title":"NEWNEWNEW","content":"This is a new memo."},{"id":163,"name":"HOJAENEWMEMO","title":"NEWNEWNEW","content":"This is a new memo."},{"id":164,"name":"HOJAENEWMEMO","title":"NEWNEWNEW","content":"This is a new memo."},{"id":165,"name":"HOJAENEWMEMO","title":"NEWNEWNEW","content":"This is a new memo."},{"id":166,"name":"HOJAENEWMEMO","title":"NEWNEWNEW","content":"This is a new memo."},{"id":167,"name":"HOJAENEWMEMO","title":"NEWNEWNEW","content":"This is a new memo."},{"id":168,"name":"HOJAENEWMEMO","title":"NEWNEWNEW","content":"This is a new memo."},{"id":169,"name":"HOJAENEWMEMO","title":"NEWNEWNEW","content":"This is a new memo."},{"id":170,"name":"HOJAENEWMEMO","title":"NEWNEWNEW","content":"This is a new memo."},{"id":171,"name":"HOJAENEWMEMO","title":"NEWNEWNEW","content":"This is a new memo."},{"id":172,"name":"HOJAENEWMEMO","title":"NEWNEWNEW","content":"This is a new memo."},{"id":173,"name":"HOJAENEWMEMO","title":"NEWNEWNEW","content":"This is a new memo."},{"id":174,"name":"HOJAENEWMEMO","title":"NEWNEWNEW","content":"This is a new memo."}]}'
} }
{ timestamp:2023-07-20T13:55:52.990+0900, tid:b434d2b0-26b9-11ee-8216-6f575e090afb, payload:{
  type: 'RES',
  code: 200,
  req: '{"type":"REQ","method":"GET","url":"/app/memos/159","tid":"b434d2b0-26b9-11ee-8216-6f575e090afb","params":{"id":"159"},"query":{},"body":"{}"}',
  elapsed: undefined,
  response: '{"code":2000,"message":"OK","result":{"id":159,"name":"HOJAENEWMEMO","title":"NEWNEWNEW","content":"This is a new memo."}}'
} }
{ timestamp:2023-07-20T13:55:54.018+0900, tid:b4db24d0-26b9-11ee-8216-6f575e090afb, payload:{
  type: 'RES',
  code: 200,
  req: '{"type":"REQ","method":"GET","url":"/app/memos/159","tid":"b4db24d0-26b9-11ee-8216-6f575e090afb","params":{"id":"159"},"query":{},"body":"{}"}',
  elapsed: undefined,
  response: '{"code":2000,"message":"OK","result":{"id":159,"name":"HOJAENEWMEMO","title":"NEWNEWNEW","content":"This is a new memo."}}'
} }
{ timestamp:2023-07-20T13:55:54.529+0900, tid:b5296be0-26b9-11ee-8216-6f575e090afb, payload:{
  type: 'RES',
  code: 200,
  req: '{"type":"REQ","method":"GET","url":"/app/memos/159","tid":"b5296be0-26b9-11ee-8216-6f575e090afb","params":{"id":"159"},"query":{},"body":"{}"}',
  elapsed: undefined,
  response: '{"code":2000,"message":"OK","result":{"id":159,"name":"HOJAENEWMEMO","title":"NEWNEWNEW","content":"This is a new memo."}}'
} }
{ timestamp:2023-07-20T13:55:54.948+0900, tid:b5695b10-26b9-11ee-8216-6f575e090afb, payload:{
  type: 'RES',
  code: 200,
  req: '{"type":"REQ","method":"GET","url":"/app/memos/159","tid":"b5695b10-26b9-11ee-8216-6f575e090afb","params":{"id":"159"},"query":{},"body":"{}"}',
  elapsed: undefined,
  response: '{"code":2000,"message":"OK","result":{"id":159,"name":"HOJAENEWMEMO","title":"NEWNEWNEW","content":"This is a new memo."}}'
} }
{ timestamp:2023-07-20T13:55:56.292+0900, tid:b6364800-26b9-11ee-8216-6f575e090afb, payload:{
  type: 'RES',
  code: 200,
  req: '{"type":"REQ","method":"GET","url":"/app/memos/159","tid":"b6364800-26b9-11ee-8216-6f575e090afb","params":{"id":"159"},"query":{},"body":"{}"}',
  elapsed: undefined,
  response: '{"code":2000,"message":"OK","result":{"id":159,"name":"HOJAENEWMEMO","title":"NEWNEWNEW","content":"This is a new memo."}}'
} }
{ timestamp:2023-07-20T13:55:56.812+0900, tid:b6857970-26b9-11ee-8216-6f575e090afb, payload:{
  type: 'RES',
  code: 200,
  req: '{"type":"REQ","method":"GET","url":"/app/memos/159","tid":"b6857970-26b9-11ee-8216-6f575e090afb","params":{"id":"159"},"query":{},"body":"{}"}',
  elapsed: undefined,
  response: '{"code":2000,"message":"OK","result":{"id":159,"name":"HOJAENEWMEMO","title":"NEWNEWNEW","content":"This is a new memo."}}'
} }
{ timestamp:2023-07-20T13:55:57.131+0900, tid:b6b67480-26b9-11ee-8216-6f575e090afb, payload:{
  type: 'RES',
  code: 200,
  req: '{"type":"REQ","method":"GET","url":"/app/memos/159","tid":"b6b67480-26b9-11ee-8216-6f575e090afb","params":{"id":"159"},"query":{},"body":"{}"}',
  elapsed: undefined,
  response: '{"code":2000,"message":"OK","result":{"id":159,"name":"HOJAENEWMEMO","title":"NEWNEWNEW","content":"This is a new memo."}}'
} }
{ timestamp:2023-07-20T13:55:57.479+0900, tid:b6e96b60-26b9-11ee-8216-6f575e090afb, payload:{
  type: 'RES',
  code: 200,
  req: '{"type":"REQ","method":"GET","url":"/app/memos/159","tid":"b6e96b60-26b9-11ee-8216-6f575e090afb","params":{"id":"159"},"query":{},"body":"{}"}',
  elapsed: undefined,
  response: '{"code":2000,"message":"OK","result":{"id":159,"name":"HOJAENEWMEMO","title":"NEWNEWNEW","content":"This is a new memo."}}'
} }
{ timestamp:2023-07-20T13:55:57.777+0900, tid:b718b8c0-26b9-11ee-8216-6f575e090afb, payload:{
  type: 'RES',
  code: 200,
  req: '{"type":"REQ","method":"GET","url":"/app/memos/159","tid":"b718b8c0-26b9-11ee-8216-6f575e090afb","params":{"id":"159"},"query":{},"body":"{}"}',
  elapsed: undefined,
  response: '{"code":2000,"message":"OK","result":{"id":159,"name":"HOJAENEWMEMO","title":"NEWNEWNEW","content":"This is a new memo."}}'
} }
{ timestamp:2023-07-20T13:55:58.130+0900, tid:b74e6ec0-26b9-11ee-8216-6f575e090afb, payload:{
  type: 'RES',
  code: 200,
  req: '{"type":"REQ","method":"GET","url":"/app/memos/159","tid":"b74e6ec0-26b9-11ee-8216-6f575e090afb","params":{"id":"159"},"query":{},"body":"{}"}',
  elapsed: undefined,
  response: '{"code":2000,"message":"OK","result":{"id":159,"name":"HOJAENEWMEMO","title":"NEWNEWNEW","content":"This is a new memo."}}'
} }
{ timestamp:2023-07-20T13:55:58.535+0900, tid:b78cd750-26b9-11ee-8216-6f575e090afb, payload:{
  type: 'RES',
  code: 200,
  req: '{"type":"REQ","method":"GET","url":"/app/memos/159","tid":"b78cd750-26b9-11ee-8216-6f575e090afb","params":{"id":"159"},"query":{},"body":"{}"}',
  elapsed: undefined,
  response: '{"code":2000,"message":"OK","result":{"id":159,"name":"HOJAENEWMEMO","title":"NEWNEWNEW","content":"This is a new memo."}}'
} }
{ timestamp:2023-07-20T13:56:00.042+0900, tid:b86f2100-26b9-11ee-8216-6f575e090afb, payload:{
  type: 'RES',
  code: 200,
  req: '{"type":"REQ","method":"GET","url":"/app/memos/159","tid":"b86f2100-26b9-11ee-8216-6f575e090afb","params":{"id":"159"},"query":{},"body":"{}"}',
  elapsed: undefined,
  response: '{"code":2000,"message":"OK","result":{"id":159,"name":"HOJAENEWMEMO","title":"NEWNEWNEW","content":"This is a new memo."}}'
} }
{ timestamp:2023-07-20T13:57:37.860+0900, tid:f2ae79b0-26b9-11ee-b519-27f1b9620b80, payload:{
  type: 'RES',
  code: 200,
  req: '{"type":"REQ","method":"PUT","url":"/app/memos/159","tid":"f2ae79b0-26b9-11ee-b519-27f1b9620b80","params":{"id":"159"},"query":{},"body":"{\\"name\\":\\"HOJAE\\",\\"title\\":\\"Updated Memo\\",\\"content\\":\\"This is an updated memo.\\"}"}',
  elapsed: undefined,
  response: '{"code":2000,"message":"OK","result":{"id":159,"name":"HOJAE","title":"Updated Memo","content":"This is an updated memo."}}'
} }
{ timestamp:2023-07-20T13:57:40.607+0900, tid:f4637cb0-26b9-11ee-b519-27f1b9620b80, payload:{
  type: 'RES',
  code: 200,
  req: '{"type":"REQ","method":"GET","url":"/app/memos/159","tid":"f4637cb0-26b9-11ee-b519-27f1b9620b80","params":{"id":"159"},"query":{},"body":"{}"}',
  elapsed: undefined,
  response: '{"code":2000,"message":"OK","result":{"id":159,"name":"HOJAE","title":"Updated Memo","content":"This is an updated memo."}}'
} }
{ timestamp:2023-07-20T13:58:01.703+0900, tid:00f1c040-26ba-11ee-b519-27f1b9620b80, payload:{
  type: 'RES',
  code: 200,
  req: '{"type":"REQ","method":"GET","url":"/app/memos/159","tid":"00f1c040-26ba-11ee-b519-27f1b9620b80","params":{"id":"159"},"query":{},"body":"{}"}',
  elapsed: undefined,
  response: '{"code":2000,"message":"OK","result":{"id":159,"name":"HOJAE","title":"Updated Memo","content":"This is an updated memo."}}'
} }
{ timestamp:2023-07-20T13:58:03.814+0900, tid:02384a00-26ba-11ee-b519-27f1b9620b80, payload:{
  type: 'RES',
  code: 200,
  req: '{"type":"REQ","method":"GET","url":"/app/memos/159","tid":"02384a00-26ba-11ee-b519-27f1b9620b80","params":{"id":"159"},"query":{},"body":"{}"}',
  elapsed: undefined,
  response: '{"code":2000,"message":"OK","result":{"id":159,"name":"HOJAE","title":"Updated Memo","content":"This is an updated memo."}}'
} }
{ timestamp:2023-07-20T13:58:04.098+0900, tid:0263c6d0-26ba-11ee-b519-27f1b9620b80, payload:{
  type: 'RES',
  code: 200,
  req: '{"type":"REQ","method":"GET","url":"/app/memos/","tid":"0263c6d0-26ba-11ee-b519-27f1b9620b80","params":{},"query":{},"body":"{}"}',
  elapsed: undefined,
  response: '{"code":2000,"message":"OK","result":[{"id":144,"name":"John Doe","title":"Updated Memo","content":"This is an updated test memo."},{"id":145,"name":"John Doe","title":"Hello Memo","content":"This is a test memo."},{"id":147,"name":"John Doe","title":"Hello Memo","content":"This is a test memo."},{"id":148,"name":"HOJAE","title":"Updated Memo","content":"This is an updated memo."},{"id":149,"name":"HOJAENEWMEMO","title":"NEWNEWNEW","content":"This is a new memo."},{"id":150,"name":"HOJAENEWMEMO","title":"NEWNEWNEW","content":"This is a new memo."},{"id":151,"name":"HOJAENEWMEMO","title":"NEWNEWNEW","content":"This is a new memo."},{"id":152,"name":"HOJAENEWMEMO","title":"NEWNEWNEW","content":"This is a new memo."},{"id":153,"name":"HOJAENEWMEMO","title":"NEWNEWNEW","content":"This is a new memo."},{"id":154,"name":"HOJAENEWMEMO","title":"NEWNEWNEW","content":"This is a new memo."},{"id":155,"name":"HOJAENEWMEMO","title":"NEWNEWNEW","content":"This is a new memo."},{"id":156,"name":"HOJAENEWMEMO","title":"NEWNEWNEW","content":"This is a new memo."},{"id":157,"name":"HOJAENEWMEMO","title":"NEWNEWNEW","content":"This is a new memo."},{"id":158,"name":"HOJAENEWMEMO","title":"NEWNEWNEW","content":"This is a new memo."},{"id":159,"name":"HOJAE","title":"Updated Memo","content":"This is an updated memo."},{"id":160,"name":"HOJAENEWMEMO","title":"NEWNEWNEW","content":"This is a new memo."},{"id":161,"name":"HOJAENEWMEMO","title":"NEWNEWNEW","content":"This is a new memo."},{"id":162,"name":"HOJAENEWMEMO","title":"NEWNEWNEW","content":"This is a new memo."},{"id":163,"name":"HOJAENEWMEMO","title":"NEWNEWNEW","content":"This is a new memo."},{"id":164,"name":"HOJAENEWMEMO","title":"NEWNEWNEW","content":"This is a new memo."},{"id":165,"name":"HOJAENEWMEMO","title":"NEWNEWNEW","content":"This is a new memo."},{"id":166,"name":"HOJAENEWMEMO","title":"NEWNEWNEW","content":"This is a new memo."},{"id":167,"name":"HOJAENEWMEMO","title":"NEWNEWNEW","content":"This is a new memo."},{"id":168,"name":"HOJAENEWMEMO","title":"NEWNEWNEW","content":"This is a new memo."},{"id":169,"name":"HOJAENEWMEMO","title":"NEWNEWNEW","content":"This is a new memo."},{"id":170,"name":"HOJAENEWMEMO","title":"NEWNEWNEW","content":"This is a new memo."},{"id":171,"name":"HOJAENEWMEMO","title":"NEWNEWNEW","content":"This is a new memo."},{"id":172,"name":"HOJAENEWMEMO","title":"NEWNEWNEW","content":"This is a new memo."},{"id":173,"name":"HOJAENEWMEMO","title":"NEWNEWNEW","content":"This is a new memo."},{"id":174,"name":"HOJAENEWMEMO","title":"NEWNEWNEW","content":"This is a new memo."}]}'
} }
{ timestamp:2023-07-20T15:06:50.026+0900, tid:9d915650-26c3-11ee-9d43-85d1978fbb9f, payload:{
  type: 'RES',
  code: 200,
  req: '{"type":"REQ","method":"GET","url":"/app/memos/","tid":"9d915650-26c3-11ee-9d43-85d1978fbb9f","params":{},"query":{},"body":"{}"}',
  elapsed: undefined,
  response: '{"code":2000,"message":"OK","result":[{"id":144,"name":"John Doe","title":"Updated Memo","content":"This is an updated test memo."},{"id":145,"name":"John Doe","title":"Hello Memo","content":"This is a test memo."},{"id":147,"name":"John Doe","title":"Hello Memo","content":"This is a test memo."},{"id":148,"name":"HOJAE","title":"Updated Memo","content":"This is an updated memo."},{"id":149,"name":"HOJAENEWMEMO","title":"NEWNEWNEW","content":"This is a new memo."},{"id":150,"name":"HOJAENEWMEMO","title":"NEWNEWNEW","content":"This is a new memo."},{"id":151,"name":"HOJAENEWMEMO","title":"NEWNEWNEW","content":"This is a new memo."},{"id":152,"name":"HOJAENEWMEMO","title":"NEWNEWNEW","content":"This is a new memo."},{"id":153,"name":"HOJAENEWMEMO","title":"NEWNEWNEW","content":"This is a new memo."},{"id":154,"name":"HOJAENEWMEMO","title":"NEWNEWNEW","content":"This is a new memo."},{"id":155,"name":"HOJAENEWMEMO","title":"NEWNEWNEW","content":"This is a new memo."},{"id":156,"name":"HOJAENEWMEMO","title":"NEWNEWNEW","content":"This is a new memo."},{"id":157,"name":"HOJAENEWMEMO","title":"NEWNEWNEW","content":"This is a new memo."},{"id":158,"name":"HOJAENEWMEMO","title":"NEWNEWNEW","content":"This is a new memo."},{"id":159,"name":"HOJAE","title":"Updated Memo","content":"This is an updated memo."},{"id":160,"name":"HOJAENEWMEMO","title":"NEWNEWNEW","content":"This is a new memo."},{"id":161,"name":"HOJAENEWMEMO","title":"NEWNEWNEW","content":"This is a new memo."},{"id":162,"name":"HOJAENEWMEMO","title":"NEWNEWNEW","content":"This is a new memo."},{"id":163,"name":"HOJAENEWMEMO","title":"NEWNEWNEW","content":"This is a new memo."},{"id":164,"name":"HOJAENEWMEMO","title":"NEWNEWNEW","content":"This is a new memo."},{"id":165,"name":"HOJAENEWMEMO","title":"NEWNEWNEW","content":"This is a new memo."},{"id":166,"name":"HOJAENEWMEMO","title":"NEWNEWNEW","content":"This is a new memo."},{"id":167,"name":"HOJAENEWMEMO","title":"NEWNEWNEW","content":"This is a new memo."},{"id":168,"name":"HOJAENEWMEMO","title":"NEWNEWNEW","content":"This is a new memo."},{"id":169,"name":"HOJAENEWMEMO","title":"NEWNEWNEW","content":"This is a new memo."},{"id":170,"name":"HOJAENEWMEMO","title":"NEWNEWNEW","content":"This is a new memo."},{"id":171,"name":"HOJAENEWMEMO","title":"NEWNEWNEW","content":"This is a new memo."},{"id":172,"name":"HOJAENEWMEMO","title":"NEWNEWNEW","content":"This is a new memo."},{"id":173,"name":"HOJAENEWMEMO","title":"NEWNEWNEW","content":"This is a new memo."},{"id":174,"name":"HOJAENEWMEMO","title":"NEWNEWNEW","content":"This is a new memo."}]}'
} }
{ timestamp:2023-07-20T15:06:56.048+0900, tid:a13446a0-26c3-11ee-9d43-85d1978fbb9f, payload:{
  type: 'RES',
  code: 200,
  req: '{"type":"REQ","method":"GET","url":"/app/memos/159","tid":"a13446a0-26c3-11ee-9d43-85d1978fbb9f","params":{"id":"159"},"query":{},"body":"{}"}',
  elapsed: undefined,
  response: '{"code":2000,"message":"OK","result":{"id":159,"name":"HOJAE","title":"Updated Memo","content":"This is an updated memo."}}'
} }
{ timestamp:2023-07-20T15:07:00.382+0900, tid:a3ca0cb0-26c3-11ee-9d43-85d1978fbb9f, payload:{
  type: 'RES',
  code: 200,
  req: '{"type":"REQ","method":"GET","url":"/app/memos/159","tid":"a3ca0cb0-26c3-11ee-9d43-85d1978fbb9f","params":{"id":"159"},"query":{},"body":"{}"}',
  elapsed: undefined,
  response: '{"code":2000,"message":"OK","result":{"id":159,"name":"HOJAE","title":"Updated Memo","content":"This is an updated memo."}}'
} }
