2023-07-21T10:03:29.267+0900 SQL 6772a930-2762-11ee-827d-efdc9feb5da4 [] Executing (default): INSERT INTO `UserModel` (`id`,`email`,`password`,`name`) VALUES (DEFAULT,?,?,?);
2023-07-21T10:03:56.441+0900 SQL 77bbf8f0-2762-11ee-827d-efdc9feb5da4 [] Executing (default): SELECT `id`, `email`, `password`, `name` FROM `UserModel` AS `User` WHERE `User`.`email` = 'user@example.com' LIMIT 1;
2023-07-21T10:10:37.731+0900 SQL 66ee6890-2763-11ee-bfaa-5f827d9d919d [] Executing (default): SELECT `id`, `email`, `password`, `name` FROM `UserModel` AS `User` WHERE `User`.`email` = 'user@example.com' LIMIT 1;
2023-07-21T10:11:08.515+0900 SQL 793005e0-2763-11ee-bfaa-5f827d9d919d [] Executing (default): INSERT INTO `UserModel` (`id`,`email`,`password`,`name`) VALUES (DEFAULT,?,?,?);
2023-07-21T10:11:42.697+0900 SQL 8da5c140-2763-11ee-bfaa-5f827d9d919d [] Executing (default): SELECT `id`, `email`, `password`, `name` FROM `UserModel` AS `User` WHERE `User`.`email` = 'user@example.com' LIMIT 1;
2023-07-21T10:15:26.186+0900 SQL 12dcd7e0-2764-11ee-901f-df32483b036f [] Executing (default): SELECT `id`, `email`, `password`, `name` FROM `UserModel` AS `User` WHERE `User`.`email` = 'user@example.com' AND `User`.`password` = 'your_password_here' LIMIT 1;
2023-07-21T10:16:46.086+0900 SQL 427cebc0-2764-11ee-a293-89324fae7f1f [] Executing (default): SELECT `id`, `email`, `password`, `name` FROM `UserModel` AS `User` WHERE `User`.`email` = 'user@example.com' LIMIT 1;
2023-07-21T10:17:38.447+0900 SQL 61b2e170-2764-11ee-b5fb-9f649bc4d1a6 [] Executing (default): SELECT `id`, `email`, `password`, `name` FROM `UserModel` AS `User` WHERE `User`.`email` = 'user@example.com' LIMIT 1;
2023-07-21T10:18:25.708+0900 SQL 7ddde110-2764-11ee-99ca-fbe0062fae20 [] Executing (default): SELECT `id`, `email`, `password`, `name` FROM `UserModel` AS `User` WHERE `User`.`email` = 'user@example.com' LIMIT 1;
2023-07-21T10:18:27.550+0900 SQL 7ef851c0-2764-11ee-99ca-fbe0062fae20 [] Executing (default): SELECT `id`, `email`, `password`, `name` FROM `UserModel` AS `User` WHERE `User`.`email` = 'user@example.com' LIMIT 1;
2023-07-21T10:22:37.409+0900 SQL 13cc7290-2765-11ee-99ca-fbe0062fae20 [] Executing (default): INSERT INTO `UserModel` (`id`,`email`,`password`,`name`) VALUES (DEFAULT,?,?,?);
2023-07-21T10:23:00.004+0900 SQL 215a72e0-2765-11ee-99ca-fbe0062fae20 [] Executing (default): SELECT `id`, `email`, `password`, `name` FROM `UserModel` AS `User` WHERE `User`.`email` = 'rarahojae@naver.com' LIMIT 1;
2023-07-21T10:23:37.823+0900 SQL 37e63d00-2765-11ee-99ca-fbe0062fae20 [] Executing (default): SELECT `id`, `email`, `password`, `name` FROM `UserModel` AS `User` WHERE `User`.`email` = 'rarahojae@naver.com' LIMIT 1;
2023-07-21T10:23:39.274+0900 SQL 38c5a080-2765-11ee-99ca-fbe0062fae20 [] Executing (default): SELECT `id`, `email`, `password`, `name` FROM `UserModel` AS `User` WHERE `User`.`email` = 'rarahojae@naver.com' LIMIT 1;
2023-07-21T10:28:40.305+0900 SQL ec30b7e0-2765-11ee-b8c2-516a2cc4172a [] Executing (default): SELECT `id`, `email`, `password`, `name` FROM `UserModel` AS `User` WHERE `User`.`email` = 'rarahojae@naver.com' LIMIT 1;
2023-07-21T10:29:11.029+0900 SQL fe820ca0-2765-11ee-8b37-850dcbd74b78 [] Executing (default): SELECT `id`, `email`, `password`, `name` FROM `UserModel` AS `User` WHERE `User`.`email` = 'rarahojae@naver.com' LIMIT 1;
2023-07-21T10:29:24.536+0900 SQL 068ee6c0-2766-11ee-9e9a-85989a7518a6 [] Executing (default): SELECT `id`, `email`, `password`, `name` FROM `UserModel` AS `User` WHERE `User`.`email` = 'rarahojae@naver.com' LIMIT 1;
2023-07-21T10:36:02.863+0900 SQL f3e1c0f0-2766-11ee-aba0-95f6078f493b [] Executing (default): INSERT INTO `UserModel` (`id`,`email`,`password`,`name`) VALUES (DEFAULT,?,?,?);
2023-07-21T10:36:38.673+0900 SQL 094e3860-2767-11ee-aba0-95f6078f493b [] Executing (default): SELECT `id`, `email`, `password`, `name` FROM `UserModel` AS `User` WHERE `User`.`email` = 'rarahojae' LIMIT 1;
2023-07-21T10:36:48.382+0900 SQL 0f1dccb0-2767-11ee-aba0-95f6078f493b [] Executing (default): SELECT `id`, `email`, `password`, `name` FROM `UserModel` AS `User` WHERE `User`.`email` = 'rarahojae' LIMIT 1;
2023-07-21T10:39:08.294+0900 SQL 6269ce00-2767-11ee-aba0-95f6078f493b [] Executing (default): INSERT INTO `UserModel` (`id`,`email`,`password`,`name`) VALUES (DEFAULT,?,?,?);
2023-07-21T10:39:13.196+0900 SQL 656d9820-2767-11ee-aba0-95f6078f493b [] Executing (default): SELECT `id`, `email`, `password`, `name` FROM `UserModel` AS `User` WHERE `User`.`email` = 'rarahojae' LIMIT 1;
2023-07-21T10:40:44.713+0900 SQL 9be33ea0-2767-11ee-aba0-95f6078f493b [] Executing (default): INSERT INTO `UserModel` (`id`,`email`,`password`,`name`) VALUES (DEFAULT,?,?,?);
2023-07-21T10:41:09.802+0900 SQL aaebf810-2767-11ee-aba0-95f6078f493b [] Executing (default): SELECT `id`, `email`, `password`, `name` FROM `UserModel` AS `User` WHERE `User`.`email` = 'rarahojae' LIMIT 1;
2023-07-21T10:42:16.585+0900 SQL d2bc3ad0-2767-11ee-be72-398774c9bfe1 [] Executing (default): SELECT `id`, `email`, `password`, `name` FROM `UserModel` AS `User` WHERE `User`.`email` = 'rarahojae' LIMIT 1;
2023-07-21T10:42:31.693+0900 SQL dbbdfc40-2767-11ee-be72-398774c9bfe1 [] Executing (default): SELECT `id`, `email`, `password`, `name` FROM `UserModel` AS `User` WHERE `User`.`email` = 'rarahojae' LIMIT 1;
2023-07-21T10:43:06.597+0900 SQL f08b7490-2767-11ee-93ff-e387a07d3347 [] Executing (default): SELECT `id`, `email`, `password`, `name` FROM `UserModel` AS `User` WHERE `User`.`email` = 'rarahojae' LIMIT 1;
2023-07-21T10:43:08.852+0900 SQL f1e49bf0-2767-11ee-93ff-e387a07d3347 [] Executing (default): SELECT `id`, `email`, `password`, `name` FROM `UserModel` AS `User` WHERE `User`.`email` = 'rarahojae' LIMIT 1;
2023-07-21T10:44:43.900+0900 SQL 2a8bc870-2768-11ee-a949-3f57f20a2e12 [] Executing (default): SELECT `id`, `email`, `password`, `name` FROM `UserModel` AS `User` WHERE `User`.`email` = 'rarahojae' LIMIT 1;
2023-07-21T10:44:47.366+0900 SQL 2c9cf530-2768-11ee-a949-3f57f20a2e12 [] Executing (default): SELECT `id`, `email`, `password`, `name` FROM `UserModel` AS `User` WHERE `User`.`email` = 'rarahojae' LIMIT 1;
2023-07-21T10:45:25.305+0900 SQL 4339d650-2768-11ee-a6f1-47131f050bc5 [] Executing (default): SELECT `id`, `email`, `password`, `name` FROM `UserModel` AS `User` WHERE `User`.`email` = 'rarahojae' LIMIT 1;
2023-07-21T10:47:02.278+0900 SQL 7d0648f0-2768-11ee-a8a6-6b3149af091f [] Executing (default): SELECT `id`, `email`, `password`, `name` FROM `UserModel` AS `User` WHERE `User`.`email` = 'rarahojae' LIMIT 1;
2023-07-21T10:52:44.286+0900 SQL 48e04250-2769-11ee-8232-b1f8dc1af9a1 [] Executing (default): SELECT `id`, `email`, `password`, `name` FROM `UserModel` AS `User` WHERE `User`.`email` = 'rarahojae' LIMIT 1;
2023-07-21T10:53:24.763+0900 SQL 60f67d00-2769-11ee-8232-b1f8dc1af9a1 [] Executing (default): INSERT INTO `UserModel` (`id`,`email`,`password`,`name`) VALUES (DEFAULT,?,?,?);
2023-07-21T10:53:40.616+0900 SQL 6a70f0e0-2769-11ee-8232-b1f8dc1af9a1 [] Executing (default): SELECT `id`, `email`, `password`, `name` FROM `UserModel` AS `User` WHERE `User`.`email` = 'rara' LIMIT 1;
2023-07-21T10:54:51.346+0900 SQL 949b2930-2769-11ee-8d2e-5dda42271d88 [] Executing (default): SELECT `id`, `email`, `password`, `name` FROM `UserModel` AS `User` WHERE `User`.`email` = 'rara' LIMIT 1;
2023-07-21T10:56:43.021+0900 SQL d72bdf10-2769-11ee-8d2e-5dda42271d88 [] Executing (default): SELECT `id`, `email`, `password`, `name` FROM `UserModel` AS `User` WHERE `User`.`email` = 'rara' LIMIT 1;
2023-07-21T11:07:52.155+0900 SQL 65fa4af0-276b-11ee-91c2-09aed32cec22 [] Executing (default): SELECT `id`, `email`, `password`, `name` FROM `UserModel` AS `User` WHERE `User`.`email` = 'rara' LIMIT 1;
2023-07-21T11:08:00.905+0900 SQL 6b39fb50-276b-11ee-91c2-09aed32cec22 [] Executing (default): SELECT `id`, `email`, `password`, `name` FROM `UserModel` AS `User` WHERE `User`.`email` = 'rara' LIMIT 1;
2023-07-21T11:20:46.685+0900 SQL 33a5da90-276d-11ee-9ff8-b9e8b87c967c [] Executing (default): SELECT `id`, `email`, `password`, `name` FROM `UserModel` AS `User` WHERE `User`.`email` = 'rara' LIMIT 1;
2023-07-21T11:20:57.547+0900 SQL 3a220290-276d-11ee-9ff8-b9e8b87c967c [] Executing (default): SELECT `id`, `email`, `password`, `name` FROM `UserModel` AS `User` WHERE `User`.`email` = 'rara' LIMIT 1;
2023-07-21T11:22:56.914+0900 SQL 81462340-276d-11ee-9ff8-b9e8b87c967c [] Executing (default): SELECT `id`, `email`, `password`, `name` FROM `UserModel` AS `User` WHERE `User`.`email` = 'rara' LIMIT 1;
2023-07-21T12:02:04.667+0900 SQL f8a82c30-2772-11ee-a662-d1e5dde1c77d [] Executing (default): SELECT `id`, `email`, `password`, `name` FROM `UserModel` AS `User` WHERE `User`.`email` = 'rara' LIMIT 1;
2023-07-21T12:05:37.966+0900 SQL 77ca8f30-2773-11ee-af17-2926807eaf7c [] Executing (default): SELECT `id`, `email`, `password`, `name` FROM `UserModel` AS `User` WHERE `User`.`email` = 'rara' LIMIT 1;
2023-07-21T12:07:28.213+0900 SQL b97fb220-2773-11ee-a3cc-1f84f5cafe8b [] Executing (default): SELECT `id`, `email`, `password`, `name` FROM `UserModel` AS `User` WHERE `User`.`email` = 'rara' LIMIT 1;
2023-07-21T12:11:28.480+0900 SQL 48b73580-2774-11ee-8375-d3f0e3dacd86 [] Executing (default): SELECT `id`, `email`, `password`, `name` FROM `UserModel` AS `User` WHERE `User`.`email` = 'rara' LIMIT 1;
2023-07-21T12:12:23.617+0900 SQL 6992ebf0-2774-11ee-8375-d3f0e3dacd86 [] Executing (default): SELECT `id`, `email`, `password`, `name` FROM `UserModel` AS `User` WHERE `User`.`id` = 150;
2023-07-21T12:12:23.625+0900 SQL 6992ebf0-2774-11ee-8375-d3f0e3dacd86 [] Executing (default): SELECT `id`, `name`, `title`, `content` FROM `MemoModel` AS `Memo`;
2023-07-21T12:15:40.703+0900 SQL def82cc0-2774-11ee-8375-d3f0e3dacd86 [] Executing (default): INSERT INTO `UserModel` (`id`,`email`,`password`,`name`) VALUES (DEFAULT,?,?,?);
2023-07-21T12:16:02.081+0900 SQL ebc9bae0-2774-11ee-8375-d3f0e3dacd86 [] Executing (default): SELECT `id`, `email`, `password`, `name` FROM `UserModel` AS `User` WHERE `User`.`email` = 'rara' LIMIT 1;
2023-07-21T12:22:44.384+0900 SQL db9499f0-2775-11ee-97ae-ef1963bb16d6 [] Executing (default): SELECT `id`, `email`, `password`, `name` FROM `UserModel` AS `User` WHERE `User`.`id` = 150;
2023-07-21T12:22:44.414+0900 SQL db9499f0-2775-11ee-97ae-ef1963bb16d6 [] Executing (default): SELECT `id`, `name`, `title`, `content` FROM `MemoModel` AS `Memo`;
2023-07-21T12:45:48.496+0900 SQL 14887f80-2779-11ee-8059-b15eec9ab361 [] Executing (default): INSERT INTO `UserModel` (`id`,`email`,`password`,`name`) VALUES (DEFAULT,?,?,?);
2023-07-21T12:45:56.647+0900 SQL 196d8cc0-2779-11ee-8059-b15eec9ab361 [] Executing (default): SELECT `id`, `email`, `password`, `name` FROM `UserModel` AS `User` WHERE `User`.`email` = 'rara' LIMIT 1;
2023-07-21T12:46:10.165+0900 SQL 217de950-2779-11ee-8059-b15eec9ab361 [] Executing (default): SELECT `id`, `email`, `password`, `name` FROM `UserModel` AS `User` WHERE `User`.`id` = 150;
2023-07-21T12:46:10.172+0900 SQL 217de950-2779-11ee-8059-b15eec9ab361 [] Executing (default): SELECT `id`, `name`, `title`, `content` FROM `MemoModel` AS `Memo`;
2023-07-21T15:56:50.707+0900 SQL c48a7c70-2793-11ee-8a52-03fd53fbdbff [] Executing (default): INSERT INTO `UserModel` (`id`,`email`,`password`,`name`) VALUES (DEFAULT,?,?,?);
2023-07-21T15:57:00.493+0900 SQL ca6904e0-2793-11ee-8a52-03fd53fbdbff [] Executing (default): SELECT `id`, `email`, `password`, `name` FROM `UserModel` AS `User` WHERE `User`.`email` = 'raraa' LIMIT 1;
2023-07-21T16:09:55.966+0900 SQL 98975910-2795-11ee-82eb-29c083874dc1 [] Executing (default): INSERT INTO `UserModel` (`id`,`email`,`password`,`name`) VALUES (DEFAULT,?,?,?);
2023-07-21T16:10:01.843+0900 SQL 9c211c10-2795-11ee-82eb-29c083874dc1 [] Executing (default): SELECT `id`, `email`, `password`, `name` FROM `UserModel` AS `User` WHERE `User`.`email` = 'raraa' LIMIT 1;
2023-07-21T17:23:29.151+0900 SQL df0e1730-279f-11ee-921a-05dc13639657 [] Executing (default): INSERT INTO `UserModel` (`id`,`email`,`password`,`name`) VALUES (DEFAULT,?,?,?);
2023-07-21T17:23:34.844+0900 SQL e27e10a0-279f-11ee-921a-05dc13639657 [] Executing (default): SELECT `id`, `email`, `password`, `name` FROM `UserModel` AS `User` WHERE `User`.`email` = 'raraa' LIMIT 1;
2023-07-21T17:38:26.472+0900 SQL f5ee7f10-27a1-11ee-84ce-7d4f05b68572 [] Executing (default): SELECT `id`, `email`, `password`, `name` FROM `UserModel` AS `User` WHERE `User`.`email` = 'raraa' LIMIT 1;
2023-07-21T17:42:55.848+0900 SQL 96813760-27a2-11ee-83b3-ddf63518d950 [] Executing (default): SELECT `id`, `email`, `password`, `name` FROM `UserModel` AS `User` WHERE `User`.`email` = 'raraa' LIMIT 1;
2023-07-21T17:44:10.763+0900 SQL c325e590-27a2-11ee-83b3-ddf63518d950 [] Executing (default): SELECT `id`, `email`, `password`, `name` FROM `UserModel` AS `User` WHERE `User`.`id` = 154;
2023-07-21T17:44:10.770+0900 SQL c325e590-27a2-11ee-83b3-ddf63518d950 [] Executing (default): SELECT `id`, `name`, `title`, `content` FROM `MemoModel` AS `Memo`;
2023-07-21T17:44:36.850+0900 SQL d2b50d10-27a2-11ee-83b3-ddf63518d950 [] Executing (default): SELECT `id`, `email`, `password`, `name` FROM `UserModel` AS `User` WHERE `User`.`id` = 154;
2023-07-21T17:44:36.868+0900 SQL d2b50d10-27a2-11ee-83b3-ddf63518d950 [] Executing (default): SELECT `id`, `name`, `title`, `content` FROM `MemoModel` AS `Memo`;
2023-07-21T17:44:37.327+0900 SQL d2ff8390-27a2-11ee-83b3-ddf63518d950 [] Executing (default): SELECT `id`, `email`, `password`, `name` FROM `UserModel` AS `User` WHERE `User`.`id` = 154;
2023-07-21T17:44:37.342+0900 SQL d2ff8390-27a2-11ee-83b3-ddf63518d950 [] Executing (default): SELECT `id`, `name`, `title`, `content` FROM `MemoModel` AS `Memo`;
2023-07-21T17:44:37.483+0900 SQL d317c680-27a2-11ee-83b3-ddf63518d950 [] Executing (default): SELECT `id`, `email`, `password`, `name` FROM `UserModel` AS `User` WHERE `User`.`id` = 154;
2023-07-21T17:44:37.485+0900 SQL d317c680-27a2-11ee-83b3-ddf63518d950 [] Executing (default): SELECT `id`, `name`, `title`, `content` FROM `MemoModel` AS `Memo`;
2023-07-21T17:44:37.826+0900 SQL d34b80b0-27a2-11ee-83b3-ddf63518d950 [] Executing (default): SELECT `id`, `email`, `password`, `name` FROM `UserModel` AS `User` WHERE `User`.`id` = 154;
2023-07-21T17:44:37.831+0900 SQL d34b80b0-27a2-11ee-83b3-ddf63518d950 [] Executing (default): SELECT `id`, `name`, `title`, `content` FROM `MemoModel` AS `Memo`;
2023-07-21T17:44:37.858+0900 SQL d3512600-27a2-11ee-83b3-ddf63518d950 [] Executing (default): SELECT `id`, `email`, `password`, `name` FROM `UserModel` AS `User` WHERE `User`.`id` = 154;
2023-07-21T17:44:37.860+0900 SQL d3512600-27a2-11ee-83b3-ddf63518d950 [] Executing (default): SELECT `id`, `name`, `title`, `content` FROM `MemoModel` AS `Memo`;
2023-07-21T17:44:38.005+0900 SQL d3679430-27a2-11ee-83b3-ddf63518d950 [] Executing (default): SELECT `id`, `email`, `password`, `name` FROM `UserModel` AS `User` WHERE `User`.`id` = 154;
2023-07-21T17:44:38.007+0900 SQL d3679430-27a2-11ee-83b3-ddf63518d950 [] Executing (default): SELECT `id`, `name`, `title`, `content` FROM `MemoModel` AS `Memo`;
2023-07-21T17:44:38.181+0900 SQL d3822110-27a2-11ee-83b3-ddf63518d950 [] Executing (default): SELECT `id`, `email`, `password`, `name` FROM `UserModel` AS `User` WHERE `User`.`id` = 154;
2023-07-21T17:44:38.190+0900 SQL d3822110-27a2-11ee-83b3-ddf63518d950 [] Executing (default): SELECT `id`, `name`, `title`, `content` FROM `MemoModel` AS `Memo`;
2023-07-21T17:44:38.493+0900 SQL d3b1e3a0-27a2-11ee-83b3-ddf63518d950 [] Executing (default): SELECT `id`, `email`, `password`, `name` FROM `UserModel` AS `User` WHERE `User`.`id` = 154;
2023-07-21T17:44:38.495+0900 SQL d3b1e3a0-27a2-11ee-83b3-ddf63518d950 [] Executing (default): SELECT `id`, `name`, `title`, `content` FROM `MemoModel` AS `Memo`;
2023-07-21T17:44:38.640+0900 SQL d3c878e0-27a2-11ee-83b3-ddf63518d950 [] Executing (default): SELECT `id`, `email`, `password`, `name` FROM `UserModel` AS `User` WHERE `User`.`id` = 154;
2023-07-21T17:44:38.642+0900 SQL d3c878e0-27a2-11ee-83b3-ddf63518d950 [] Executing (default): SELECT `id`, `name`, `title`, `content` FROM `MemoModel` AS `Memo`;
2023-07-21T17:44:38.689+0900 SQL d3d01a00-27a2-11ee-83b3-ddf63518d950 [] Executing (default): SELECT `id`, `email`, `password`, `name` FROM `UserModel` AS `User` WHERE `User`.`id` = 154;
2023-07-21T17:44:38.690+0900 SQL d3d01a00-27a2-11ee-83b3-ddf63518d950 [] Executing (default): SELECT `id`, `name`, `title`, `content` FROM `MemoModel` AS `Memo`;
2023-07-21T17:44:39.033+0900 SQL d403d430-27a2-11ee-83b3-ddf63518d950 [] Executing (default): SELECT `id`, `email`, `password`, `name` FROM `UserModel` AS `User` WHERE `User`.`id` = 154;
2023-07-21T17:44:39.035+0900 SQL d403d430-27a2-11ee-83b3-ddf63518d950 [] Executing (default): SELECT `id`, `name`, `title`, `content` FROM `MemoModel` AS `Memo`;
2023-07-21T17:44:40.328+0900 SQL d4c99530-27a2-11ee-83b3-ddf63518d950 [] Executing (default): SELECT `id`, `email`, `password`, `name` FROM `UserModel` AS `User` WHERE `User`.`id` = 154;
2023-07-21T17:44:40.331+0900 SQL d4c99530-27a2-11ee-83b3-ddf63518d950 [] Executing (default): SELECT `id`, `name`, `title`, `content` FROM `MemoModel` AS `Memo`;
2023-07-21T20:44:29.583+0900 SQL f398d070-27bb-11ee-af7e-e58491c13d74 [] Executing (default): INSERT INTO `UserModel` (`id`,`email`,`password`,`name`) VALUES (DEFAULT,?,?,?);
2023-07-21T20:44:36.532+0900 SQL f7d20d50-27bb-11ee-af7e-e58491c13d74 [] Executing (default): SELECT `id`, `email`, `password`, `name` FROM `UserModel` AS `User` WHERE `User`.`email` = 'raraa' LIMIT 1;
2023-07-21T20:45:02.449+0900 SQL 074177d0-27bc-11ee-af7e-e58491c13d74 [] Executing (default): SELECT `id`, `email`, `password`, `name` FROM `UserModel` AS `User` WHERE `User`.`id` = 154;
2023-07-21T20:45:02.459+0900 SQL 074177d0-27bc-11ee-af7e-e58491c13d74 [] Executing (default): SELECT `id`, `name`, `title`, `content` FROM `MemoModel` AS `Memo`;
2023-07-21T20:47:20.416+0900 SQL 5980c410-27bc-11ee-af7e-e58491c13d74 [] Executing (default): SELECT `id`, `email`, `password`, `name` FROM `UserModel` AS `User` WHERE `User`.`id` = 154;
2023-07-21T20:47:20.425+0900 SQL 5980c410-27bc-11ee-af7e-e58491c13d74 [] Executing (default): SELECT `id`, `name`, `title`, `content` FROM `MemoModel` AS `Memo` WHERE `Memo`.`id` = 243;
2023-07-21T20:47:30.879+0900 SQL 5fbdc030-27bc-11ee-af7e-e58491c13d74 [] Executing (default): SELECT `id`, `email`, `password`, `name` FROM `UserModel` AS `User` WHERE `User`.`id` = 154;
2023-07-21T20:47:30.885+0900 SQL 5fbdc030-27bc-11ee-af7e-e58491c13d74 [] Executing (default): SELECT `id`, `name`, `title`, `content` FROM `MemoModel` AS `Memo` WHERE `Memo`.`id` = 176;
2023-07-21T20:48:20.361+0900 SQL 7d3abb40-27bc-11ee-af7e-e58491c13d74 [] Executing (default): SELECT `id`, `email`, `password`, `name` FROM `UserModel` AS `User` WHERE `User`.`id` = 154;
2023-07-21T20:48:20.367+0900 SQL 7d3abb40-27bc-11ee-af7e-e58491c13d74 [] Executing (default): SELECT `id`, `name`, `title`, `content` FROM `MemoModel` AS `Memo` WHERE `Memo`.`id` = 243;
2023-07-21T20:48:23.186+0900 SQL 7eec14c0-27bc-11ee-af7e-e58491c13d74 [] Executing (default): SELECT `id`, `email`, `password`, `name` FROM `UserModel` AS `User` WHERE `User`.`id` = 154;
2023-07-21T20:48:23.193+0900 SQL 7eec14c0-27bc-11ee-af7e-e58491c13d74 [] Executing (default): SELECT `id`, `name`, `title`, `content` FROM `MemoModel` AS `Memo`;
2023-07-21T20:51:01.073+0900 SQL dd063310-27bc-11ee-af7e-e58491c13d74 [] Executing (default): SELECT `id`, `email`, `password`, `name` FROM `UserModel` AS `User` WHERE `User`.`email` = 'raraa' LIMIT 1;
2023-07-21T21:01:57.114+0900 SQL 640b0f60-27be-11ee-af7e-e58491c13d74 [] Executing (default): SELECT `id`, `email`, `password`, `name` FROM `UserModel` AS `User` WHERE `User`.`id` = 154;
2023-07-21T21:01:57.121+0900 SQL 640b0f60-27be-11ee-af7e-e58491c13d74 [] Executing (default): SELECT `id`, `name`, `title`, `content` FROM `MemoModel` AS `Memo`;
2023-07-21T21:01:59.198+0900 SQL 654dc890-27be-11ee-af7e-e58491c13d74 [] Executing (default): SELECT `id`, `email`, `password`, `name` FROM `UserModel` AS `User` WHERE `User`.`id` = 154;
2023-07-21T21:01:59.202+0900 SQL 654dc890-27be-11ee-af7e-e58491c13d74 [] Executing (default): SELECT `id`, `name`, `title`, `content` FROM `MemoModel` AS `Memo` WHERE `Memo`.`id` = 176;
2023-07-21T21:14:06.538+0900 SQL 16ca12d0-27c0-11ee-b354-99050127473d [] Executing (default): INSERT INTO `UserModel` (`id`,`email`,`password`,`name`) VALUES (DEFAULT,?,?,?);
2023-07-21T21:14:14.110+0900 SQL 1b571500-27c0-11ee-b354-99050127473d [] Executing (default): SELECT `id`, `email`, `password`, `name` FROM `UserModel` AS `User` WHERE `User`.`email` = 'raraa' LIMIT 1;
