2023-07-25T12:57:59.912+0900 SQL 00000000-0000-0000-0000-000000000000 [] Executing (default): INSERT INTO `MemoModel` (`id`,`name`,`title`,`content`) VALUES (DEFAULT,?,?,?);
2023-07-25T12:57:59.966+0900 SQL 00000000-0000-0000-0000-000000000000 [] Executing (default): INSERT INTO `MemoModel` (`id`,`name`,`title`,`content`) VALUES (DEFAULT,?,?,?);
2023-07-25T14:44:29.179+0900 SQL 00000000-0000-0000-0000-000000000000 [] Executing (default): INSERT INTO `MemoModel` (`id`,`name`,`title`,`content`) VALUES (DEFAULT,?,?,?);
2023-07-25T14:44:29.218+0900 SQL 00000000-0000-0000-0000-000000000000 [] Executing (default): INSERT INTO `MemoModel` (`id`,`name`,`title`,`content`) VALUES (DEFAULT,?,?,?);
2023-07-25T16:32:13.446+0900 SQL 5f717280-2abd-11ee-a4fd-47cd2ab60af9 [] Executing (default): INSERT INTO `UserModel` (`id`,`email`,`password`,`name`) VALUES (DEFAULT,?,?,?);
2023-07-25T16:32:43.154+0900 SQL 7132bc40-2abd-11ee-a4fd-47cd2ab60af9 [] Executing (default): SELECT `id`, `email`, `password`, `name` FROM `UserModel` AS `User` WHERE `User`.`email` = 'raraa' LIMIT 1;
2023-07-25T16:33:07.751+0900 SQL 7fdb5450-2abd-11ee-a4fd-47cd2ab60af9 [] Executing (default): SELECT `id`, `email`, `password`, `name` FROM `UserModel` AS `User` WHERE `User`.`id` = 154;
2023-07-25T16:33:07.757+0900 SQL 7fdb5450-2abd-11ee-a4fd-47cd2ab60af9 [] Executing (default): SELECT `id`, `name`, `title`, `content` FROM `MemoModel` AS `Memo` WHERE `Memo`.`userId` = 154;
2023-07-25T16:35:40.442+0900 SQL dad12830-2abd-11ee-a4fd-47cd2ab60af9 [] Executing (default): INSERT INTO `UserModel` (`id`,`email`,`password`,`name`) VALUES (DEFAULT,?,?,?);
2023-07-25T16:35:45.131+0900 SQL dda99c90-2abd-11ee-a4fd-47cd2ab60af9 [] Executing (default): SELECT `id`, `email`, `password`, `name` FROM `UserModel` AS `User` WHERE `User`.`email` = 'raraa' LIMIT 1;
2023-07-25T16:36:21.460+0900 SQL f350d310-2abd-11ee-a4fd-47cd2ab60af9 [] Executing (default): SELECT `id`, `email`, `password`, `name` FROM `UserModel` AS `User` WHERE `User`.`id` = 154;
2023-07-25T16:39:17.960+0900 SQL 5c84e470-2abe-11ee-a4fd-47cd2ab60af9 [] Executing (default): SELECT `id`, `email`, `password`, `name` FROM `UserModel` AS `User` WHERE `User`.`id` = 154;
2023-07-25T16:41:12.486+0900 SQL a0c7de30-2abe-11ee-a4fd-47cd2ab60af9 [] Executing (default): SELECT `id`, `email`, `password`, `name` FROM `UserModel` AS `User` WHERE `User`.`id` = 154;
2023-07-25T16:41:39.456+0900 SQL b0cde360-2abe-11ee-a4fd-47cd2ab60af9 [] Executing (default): INSERT INTO `UserModel` (`id`,`email`,`password`,`name`) VALUES (DEFAULT,?,?,?);
2023-07-25T16:41:45.398+0900 SQL b4656200-2abe-11ee-a4fd-47cd2ab60af9 [] Executing (default): SELECT `id`, `email`, `password`, `name` FROM `UserModel` AS `User` WHERE `User`.`email` = 'raraa' LIMIT 1;
2023-07-25T16:42:00.623+0900 SQL bd7924d0-2abe-11ee-a4fd-47cd2ab60af9 [] Executing (default): SELECT `id`, `email`, `password`, `name` FROM `UserModel` AS `User` WHERE `User`.`id` = 154;
2023-07-25T16:42:00.627+0900 SQL bd7924d0-2abe-11ee-a4fd-47cd2ab60af9 [] Executing (default): SELECT `id`, `name`, `title`, `content` FROM `MemoModel` AS `Memo` WHERE `Memo`.`userId` = 154;
2023-07-25T17:00:36.402+0900 SQL 5679c660-2ac1-11ee-b4a5-b3bac7a01ebe [] Executing (default): INSERT INTO `UserModel` (`id`,`email`,`password`,`name`) VALUES (DEFAULT,?,?,?);
2023-07-25T17:00:45.320+0900 SQL 5bd8be90-2ac1-11ee-b4a5-b3bac7a01ebe [] Executing (default): SELECT `id`, `email`, `password`, `name` FROM `UserModel` AS `User` WHERE `User`.`email` = 'raraa' LIMIT 1;
2023-07-25T17:00:59.738+0900 SQL 6470e8c0-2ac1-11ee-b4a5-b3bac7a01ebe [] Executing (default): SELECT `id`, `email`, `password`, `name` FROM `UserModel` AS `User` WHERE `User`.`id` = 154;
2023-07-25T17:00:59.745+0900 SQL 6470e8c0-2ac1-11ee-b4a5-b3bac7a01ebe [] Executing (default): SELECT `id`, `name`, `title`, `content` FROM `MemoModel` AS `Memo` WHERE `Memo`.`userId` = 154;
2023-07-25T17:01:02.395+0900 SQL 66078e50-2ac1-11ee-b4a5-b3bac7a01ebe [] Executing (default): SELECT `id`, `email`, `password`, `name` FROM `UserModel` AS `User` WHERE `User`.`id` = 154;
2023-07-25T17:01:02.401+0900 SQL 66078e50-2ac1-11ee-b4a5-b3bac7a01ebe [] Executing (default): SELECT `id`, `name`, `title`, `content` FROM `MemoModel` AS `Memo` WHERE `Memo`.`userId` = 154;
2023-07-25T17:19:02.046+0900 SQL e977b5b0-2ac3-11ee-ab26-317ea01d8a3c [] Executing (default): INSERT INTO `UserModel` (`id`,`email`,`password`,`name`) VALUES (DEFAULT,?,?,?);
2023-07-25T17:19:32.836+0900 SQL fbd650e0-2ac3-11ee-ab26-317ea01d8a3c [] Executing (default): INSERT INTO `UserModel` (`id`,`email`,`password`,`name`) VALUES (DEFAULT,?,?,?);
2023-07-25T17:26:33.877+0900 SQL f6cfbc70-2ac4-11ee-8227-69eada3b74ec [] Executing (default): INSERT INTO `UserModel` (`id`,`email`,`password`,`name`) VALUES (DEFAULT,?,?,?);
2023-07-25T17:26:43.369+0900 SQL fc83b270-2ac4-11ee-8227-69eada3b74ec [] Executing (default): SELECT `id`, `email`, `password`, `name` FROM `UserModel` AS `User` WHERE `User`.`email` = 'raraa' LIMIT 1;
2023-07-25T17:27:11.471+0900 SQL 0d42ce70-2ac5-11ee-8227-69eada3b74ec [] Executing (default): SELECT `id`, `email`, `password`, `name` FROM `UserModel` AS `User` WHERE `User`.`id` = 154;
2023-07-25T17:27:11.478+0900 SQL 0d42ce70-2ac5-11ee-8227-69eada3b74ec [] Executing (default): SELECT `id`, `name`, `title`, `content`, `userId` FROM `MemoModel` AS `Memo` WHERE `Memo`.`userId` = 154;
2023-07-25T19:53:38.013+0900 SQL 826b3d40-2ad9-11ee-a304-33b8f5f854b7 [] Executing (default): INSERT INTO `UserModel` (`id`,`email`,`password`,`name`) VALUES (DEFAULT,?,?,?);
2023-07-25T19:53:42.150+0900 SQL 84ec1bc0-2ad9-11ee-a304-33b8f5f854b7 [] Executing (default): SELECT `id`, `email`, `password`, `name` FROM `UserModel` AS `User` WHERE `User`.`email` = 'raraa' LIMIT 1;
2023-07-25T19:54:20.588+0900 SQL 9bd4abe0-2ad9-11ee-a304-33b8f5f854b7 [] Executing (default): SELECT `id`, `email`, `password`, `name` FROM `UserModel` AS `User` WHERE `User`.`id` = 154;
2023-07-25T19:54:20.602+0900 SQL 9bd4abe0-2ad9-11ee-a304-33b8f5f854b7 [] Executing (default): SELECT `id`, `name`, `title`, `content`, `userId` FROM `MemoModel` AS `Memo` WHERE `Memo`.`userId` = 154;
2023-07-25T19:58:12.038+0900 SQL 25c7eb00-2ada-11ee-a304-33b8f5f854b7 [] Executing (default): SELECT `id`, `email`, `password`, `name` FROM `UserModel` AS `User` WHERE `User`.`id` = 154;
2023-07-25T19:58:30.102+0900 SQL 308b80b0-2ada-11ee-a304-33b8f5f854b7 [] Executing (default): SELECT `id`, `email`, `password`, `name` FROM `UserModel` AS `User` WHERE `User`.`id` = 154;
2023-07-25T20:21:31.809+0900 SQL 681aa620-2add-11ee-9b40-190c658bde18 [] Executing (default): SELECT `id`, `email`, `password`, `name` FROM `UserModel` AS `User` WHERE `User`.`id` = 154;
2023-07-25T20:24:40.474+0900 SQL d891d900-2add-11ee-a4a7-c3416c84cdc3 [] Executing (default): SELECT `id`, `email`, `password`, `name` FROM `UserModel` AS `User` WHERE `User`.`id` = 154;
2023-07-25T20:24:40.496+0900 SQL d891d900-2add-11ee-a4a7-c3416c84cdc3 [] Executing (default): INSERT INTO `MemoModel` (`id`,`name`,`title`,`content`,`userId`) VALUES (DEFAULT,?,?,?,?);
2023-07-25T20:25:08.491+0900 SQL e9453530-2add-11ee-a4a7-c3416c84cdc3 [] Executing (default): SELECT `id`, `email`, `password`, `name` FROM `UserModel` AS `User` WHERE `User`.`id` = 154;
2023-07-25T20:25:08.500+0900 SQL e9453530-2add-11ee-a4a7-c3416c84cdc3 [] Executing (default): INSERT INTO `MemoModel` (`id`,`name`,`title`,`content`,`userId`) VALUES (DEFAULT,?,?,?,?);
2023-07-25T20:25:09.945+0900 SQL ea23d560-2add-11ee-a4a7-c3416c84cdc3 [] Executing (default): SELECT `id`, `email`, `password`, `name` FROM `UserModel` AS `User` WHERE `User`.`id` = 154;
2023-07-25T20:25:09.948+0900 SQL ea23d560-2add-11ee-a4a7-c3416c84cdc3 [] Executing (default): INSERT INTO `MemoModel` (`id`,`name`,`title`,`content`,`userId`) VALUES (DEFAULT,?,?,?,?);
2023-07-25T20:25:26.228+0900 SQL f3d4e9a0-2add-11ee-a4a7-c3416c84cdc3 [] Executing (default): SELECT `id`, `email`, `password`, `name` FROM `UserModel` AS `User` WHERE `User`.`id` = 154;
2023-07-25T20:25:26.231+0900 SQL f3d4e9a0-2add-11ee-a4a7-c3416c84cdc3 [] Executing (default): SELECT `id`, `name`, `title`, `content`, `userId` FROM `MemoModel` AS `Memo` WHERE `Memo`.`userId` = 154;
2023-07-25T20:25:37.105+0900 SQL fa474da0-2add-11ee-a4a7-c3416c84cdc3 [] Executing (default): INSERT INTO `UserModel` (`id`,`email`,`password`,`name`) VALUES (DEFAULT,?,?,?);
2023-07-25T20:25:41.455+0900 SQL fceb6b90-2add-11ee-a4a7-c3416c84cdc3 [] Executing (default): SELECT `id`, `email`, `password`, `name` FROM `UserModel` AS `User` WHERE `User`.`email` = 'raraaa' LIMIT 1;
2023-07-25T20:25:58.000+0900 SQL 06c7ae80-2ade-11ee-a4a7-c3416c84cdc3 [] Executing (default): SELECT `id`, `email`, `password`, `name` FROM `UserModel` AS `User` WHERE `User`.`id` = 168;
2023-07-25T20:25:58.002+0900 SQL 06c7ae80-2ade-11ee-a4a7-c3416c84cdc3 [] Executing (default): SELECT `id`, `name`, `title`, `content`, `userId` FROM `MemoModel` AS `Memo` WHERE `Memo`.`userId` = 168;
2023-07-25T20:26:00.516+0900 SQL 08488220-2ade-11ee-a4a7-c3416c84cdc3 [] Executing (default): SELECT `id`, `email`, `password`, `name` FROM `UserModel` AS `User` WHERE `User`.`id` = 168;
2023-07-25T20:26:00.518+0900 SQL 08488220-2ade-11ee-a4a7-c3416c84cdc3 [] Executing (default): SELECT `id`, `name`, `title`, `content`, `userId` FROM `MemoModel` AS `Memo` WHERE `Memo`.`userId` = 168;
2023-07-25T20:27:24.443+0900 SQL 3a4a2cb0-2ade-11ee-a4a7-c3416c84cdc3 [] Executing (default): SELECT `id`, `email`, `password`, `name` FROM `UserModel` AS `User` WHERE `User`.`id` = 168;
2023-07-25T20:27:24.451+0900 SQL 3a4a2cb0-2ade-11ee-a4a7-c3416c84cdc3 [] Executing (default): INSERT INTO `MemoModel` (`id`,`name`,`title`,`content`,`userId`) VALUES (DEFAULT,?,?,?,?);
2023-07-25T20:30:54.649+0900 SQL b795d3e0-2ade-11ee-bbf3-31aa99c7d746 [] Executing (default): SELECT `id`, `email`, `password`, `name` FROM `UserModel` AS `User` WHERE `User`.`id` = 168;
2023-07-25T20:30:54.667+0900 SQL b795d3e0-2ade-11ee-bbf3-31aa99c7d746 [] Executing (default): INSERT INTO `MemoModel` (`id`,`name`,`title`,`content`,`userId`) VALUES (DEFAULT,?,?,?,?);
2023-07-25T20:34:19.401+0900 SQL 31a36710-2adf-11ee-a063-d18630545722 [] Executing (default): SELECT `id`, `email`, `password`, `name` FROM `UserModel` AS `User` WHERE `User`.`id` = 168;
2023-07-25T20:34:26.142+0900 SQL 35a7b140-2adf-11ee-9974-41b7e040225c [] Executing (default): SELECT `id`, `email`, `password`, `name` FROM `UserModel` AS `User` WHERE `User`.`id` = 168;
2023-07-25T20:34:26.163+0900 SQL 35a7b140-2adf-11ee-9974-41b7e040225c [] Executing (default): INSERT INTO `MemoModel` (`id`,`name`,`title`,`content`,`userId`) VALUES (DEFAULT,?,?,?,?);
2023-07-25T20:45:41.721+0900 SQL c8537e60-2ae0-11ee-984e-ad334e2b5777 [] Executing (default): SELECT `id`, `email`, `password`, `name` FROM `UserModel` AS `User` WHERE `User`.`id` = 168;
2023-07-25T20:45:41.750+0900 SQL c8537e60-2ae0-11ee-984e-ad334e2b5777 [] Executing (default): SELECT `id`, `name`, `title`, `content`, `userId` FROM `MemoModel` AS `Memo` WHERE `Memo`.`id` = 149 AND `Memo`.`userId` = 168;
2023-07-25T20:45:41.771+0900 SQL c8537e60-2ae0-11ee-984e-ad334e2b5777 [] Executing (default): DELETE FROM `MemoModel` WHERE `id` = 149
2023-07-25T20:46:38.275+0900 SQL ea094120-2ae0-11ee-984e-ad334e2b5777 [] Executing (default): SELECT `id`, `email`, `password`, `name` FROM `UserModel` AS `User` WHERE `User`.`id` = 168;
2023-07-25T20:46:38.278+0900 SQL ea094120-2ae0-11ee-984e-ad334e2b5777 [] Executing (default): SELECT `id`, `name`, `title`, `content`, `userId` FROM `MemoModel` AS `Memo` WHERE `Memo`.`id` = 149 AND `Memo`.`userId` = 168;
2023-07-25T20:46:42.697+0900 SQL ecae2260-2ae0-11ee-984e-ad334e2b5777 [] Executing (default): SELECT `id`, `email`, `password`, `name` FROM `UserModel` AS `User` WHERE `User`.`id` = 168;
2023-07-25T20:46:42.699+0900 SQL ecae2260-2ae0-11ee-984e-ad334e2b5777 [] Executing (default): SELECT `id`, `name`, `title`, `content`, `userId` FROM `MemoModel` AS `Memo` WHERE `Memo`.`id` = 148 AND `Memo`.`userId` = 168;
2023-07-25T20:46:42.704+0900 SQL ecae2260-2ae0-11ee-984e-ad334e2b5777 [] Executing (default): DELETE FROM `MemoModel` WHERE `id` = 148
2023-07-25T21:15:20.013+0900 SQL ec46d840-2ae4-11ee-bd66-a582b4c30db8 [] Executing (default): SELECT `id`, `email`, `password`, `name` FROM `UserModel` AS `User` WHERE `User`.`id` = 168;
2023-07-25T21:15:20.053+0900 SQL ec46d840-2ae4-11ee-bd66-a582b4c30db8 [] Executing (default): SELECT `id`, `name`, `title`, `content`, `userId` FROM `MemoModel` AS `Memo` WHERE `Memo`.`id` = 148 AND `Memo`.`userId` = 168;
2023-07-25T21:15:35.093+0900 SQL f5416dc0-2ae4-11ee-bd66-a582b4c30db8 [] Executing (default): SELECT `id`, `email`, `password`, `name` FROM `UserModel` AS `User` WHERE `User`.`id` = 168;
2023-07-25T21:15:35.096+0900 SQL f5416dc0-2ae4-11ee-bd66-a582b4c30db8 [] Executing (default): SELECT `id`, `name`, `title`, `content`, `userId` FROM `MemoModel` AS `Memo` WHERE `Memo`.`userId` = 168;
2023-07-25T21:15:35.133+0900 SQL f54b0ab0-2ae4-11ee-bd66-a582b4c30db8 [] Executing (default): SELECT `id`, `email`, `password`, `name` FROM `UserModel` AS `User` WHERE `User`.`id` = 168;
2023-07-25T21:15:35.139+0900 SQL f54b0ab0-2ae4-11ee-bd66-a582b4c30db8 [] Executing (default): INSERT INTO `MemoModel` (`id`,`name`,`title`,`content`,`userId`) VALUES (DEFAULT,?,?,?,?);
2023-07-25T21:15:35.918+0900 SQL f5c2abb0-2ae4-11ee-bd66-a582b4c30db8 [] Executing (default): SELECT `id`, `email`, `password`, `name` FROM `UserModel` AS `User` WHERE `User`.`id` = 168;
2023-07-25T21:15:35.920+0900 SQL f5c2abb0-2ae4-11ee-bd66-a582b4c30db8 [] Executing (default): SELECT `id`, `name`, `title`, `content`, `userId` FROM `MemoModel` AS `Memo` WHERE `Memo`.`userId` = 168;
2023-07-25T21:15:36.463+0900 SQL f615fbd0-2ae4-11ee-bd66-a582b4c30db8 [] Executing (default): SELECT `id`, `email`, `password`, `name` FROM `UserModel` AS `User` WHERE `User`.`id` = 168;
2023-07-25T21:15:36.465+0900 SQL f615fbd0-2ae4-11ee-bd66-a582b4c30db8 [] Executing (default): SELECT `id`, `name`, `title`, `content`, `userId` FROM `MemoModel` AS `Memo` WHERE `Memo`.`userId` = 168;
2023-07-25T21:15:36.685+0900 SQL f637dbb0-2ae4-11ee-bd66-a582b4c30db8 [] Executing (default): SELECT `id`, `email`, `password`, `name` FROM `UserModel` AS `User` WHERE `User`.`id` = 168;
2023-07-25T21:15:36.687+0900 SQL f637dbb0-2ae4-11ee-bd66-a582b4c30db8 [] Executing (default): SELECT `id`, `name`, `title`, `content`, `userId` FROM `MemoModel` AS `Memo` WHERE `Memo`.`userId` = 168;
2023-07-25T21:15:36.870+0900 SQL f653ef30-2ae4-11ee-bd66-a582b4c30db8 [] Executing (default): SELECT `id`, `email`, `password`, `name` FROM `UserModel` AS `User` WHERE `User`.`id` = 168;
2023-07-25T21:15:36.872+0900 SQL f653ef30-2ae4-11ee-bd66-a582b4c30db8 [] Executing (default): SELECT `id`, `name`, `title`, `content`, `userId` FROM `MemoModel` AS `Memo` WHERE `Memo`.`userId` = 168;
2023-07-25T21:15:37.045+0900 SQL f66eca30-2ae4-11ee-bd66-a582b4c30db8 [] Executing (default): SELECT `id`, `email`, `password`, `name` FROM `UserModel` AS `User` WHERE `User`.`id` = 168;
2023-07-25T21:15:37.047+0900 SQL f66eca30-2ae4-11ee-bd66-a582b4c30db8 [] Executing (default): SELECT `id`, `name`, `title`, `content`, `userId` FROM `MemoModel` AS `Memo` WHERE `Memo`.`userId` = 168;
2023-07-25T21:15:37.235+0900 SQL f68ba100-2ae4-11ee-bd66-a582b4c30db8 [] Executing (default): SELECT `id`, `email`, `password`, `name` FROM `UserModel` AS `User` WHERE `User`.`id` = 168;
2023-07-25T21:15:37.253+0900 SQL f68ba100-2ae4-11ee-bd66-a582b4c30db8 [] Executing (default): SELECT `id`, `name`, `title`, `content`, `userId` FROM `MemoModel` AS `Memo` WHERE `Memo`.`userId` = 168;
2023-07-25T21:16:16.174+0900 SQL 0dc05550-2ae5-11ee-bd66-a582b4c30db8 [] Executing (default): SELECT `id`, `email`, `password`, `name` FROM `UserModel` AS `User` WHERE `User`.`id` = 168;
2023-07-25T21:16:16.178+0900 SQL 0dc05550-2ae5-11ee-bd66-a582b4c30db8 [] Executing (default): SELECT `id`, `name`, `title`, `content`, `userId` FROM `MemoModel` AS `Memo` WHERE `Memo`.`userId` = 168;
2023-07-25T21:16:21.044+0900 SQL 10a88120-2ae5-11ee-bd66-a582b4c30db8 [] Executing (default): SELECT `id`, `email`, `password`, `name` FROM `UserModel` AS `User` WHERE `User`.`id` = 168;
2023-07-25T21:16:21.046+0900 SQL 10a88120-2ae5-11ee-bd66-a582b4c30db8 [] Executing (default): SELECT `id`, `name`, `title`, `content`, `userId` FROM `MemoModel` AS `Memo` WHERE `Memo`.`userId` = 168;
2023-07-25T21:16:22.223+0900 SQL 115c67d0-2ae5-11ee-bd66-a582b4c30db8 [] Executing (default): SELECT `id`, `email`, `password`, `name` FROM `UserModel` AS `User` WHERE `User`.`id` = 168;
2023-07-25T21:16:22.225+0900 SQL 115c67d0-2ae5-11ee-bd66-a582b4c30db8 [] Executing (default): SELECT `id`, `name`, `title`, `content`, `userId` FROM `MemoModel` AS `Memo` WHERE `Memo`.`userId` = 168;
2023-07-25T21:16:32.666+0900 SQL 17945ae0-2ae5-11ee-8822-9fb599e6b7bd [] Executing (default): SELECT `id`, `email`, `password`, `name` FROM `UserModel` AS `User` WHERE `User`.`id` = 168;
2023-07-25T21:16:32.675+0900 SQL 17945ae0-2ae5-11ee-8822-9fb599e6b7bd [] Executing (default): SELECT `id`, `name`, `title`, `content`, `userId` FROM `MemoModel` AS `Memo` WHERE `Memo`.`userId` = 168;
2023-07-25T21:16:52.503+0900 SQL 2367b2e0-2ae5-11ee-8822-9fb599e6b7bd [] Executing (default): SELECT `id`, `email`, `password`, `name` FROM `UserModel` AS `User` WHERE `User`.`id` = 168;
2023-07-25T21:16:52.507+0900 SQL 2367b2e0-2ae5-11ee-8822-9fb599e6b7bd [] Executing (default): SELECT `id`, `name`, `title`, `content`, `userId` FROM `MemoModel` AS `Memo` WHERE `Memo`.`userId` = 168;
2023-07-25T21:16:59.572+0900 SQL 279f4210-2ae5-11ee-8822-9fb599e6b7bd [] Executing (default): SELECT `id`, `email`, `password`, `name` FROM `UserModel` AS `User` WHERE `User`.`id` = 168;
2023-07-25T21:16:59.574+0900 SQL 279f4210-2ae5-11ee-8822-9fb599e6b7bd [] Executing (default): SELECT `id`, `name`, `title`, `content`, `userId` FROM `MemoModel` AS `Memo` WHERE `Memo`.`userId` = 168;
2023-07-25T21:17:24.475+0900 SQL 3676b250-2ae5-11ee-8822-9fb599e6b7bd [] Executing (default): SELECT `id`, `email`, `password`, `name` FROM `UserModel` AS `User` WHERE `User`.`id` = 168;
2023-07-25T21:17:24.476+0900 SQL 3676b250-2ae5-11ee-8822-9fb599e6b7bd [] Executing (default): SELECT `id`, `name`, `title`, `content`, `userId` FROM `MemoModel` AS `Memo` WHERE `Memo`.`userId` = 168;
2023-07-25T21:17:29.474+0900 SQL 3971f0f0-2ae5-11ee-8822-9fb599e6b7bd [] Executing (default): SELECT `id`, `email`, `password`, `name` FROM `UserModel` AS `User` WHERE `User`.`id` = 168;
2023-07-25T21:17:29.478+0900 SQL 3971f0f0-2ae5-11ee-8822-9fb599e6b7bd [] Executing (default): SELECT `id`, `name`, `title`, `content`, `userId` FROM `MemoModel` AS `Memo` WHERE `Memo`.`userId` = 168;
2023-07-25T21:24:50.457+0900 SQL 403d54f0-2ae6-11ee-86b5-63a865526dc4 [] Executing (default): SELECT `id`, `email`, `password`, `name` FROM `UserModel` AS `User` WHERE `User`.`id` = 168;
2023-07-25T21:24:50.515+0900 SQL 403d54f0-2ae6-11ee-86b5-63a865526dc4 [] Executing (default): SELECT `id`, `name`, `title`, `content`, `userId` FROM `MemoModel` AS `Memo` WHERE `Memo`.`userId` = 168;
