2023-11-24T02:04:35.324+0900 SQL 60be27e0-8a22-11ee-b456-89a22d041699 [] Executing (default): INSERT INTO `UserModel` (`id`,`email`,`password`,`name`) VALUES (DEFAULT,?,?,?);
2023-11-24T02:07:22.007+0900 SQL c4214560-8a22-11ee-b456-89a22d041699 [] Executing (default): INSERT INTO `UserModel` (`id`,`email`,`password`,`name`) VALUES (DEFAULT,?,?,?);
2023-11-24T02:08:05.703+0900 SQL de2bfd10-8a22-11ee-b456-89a22d041699 [] Executing (default): INSERT INTO `UserModel` (`id`,`email`,`password`,`name`) VALUES (DEFAULT,?,?,?);
2023-11-24T02:09:55.668+0900 SQL 1fc2e9a0-8a23-11ee-b456-89a22d041699 [] Executing (default): SELECT `id`, `email`, `password`, `name` FROM `UserModel` AS `User` WHERE `User`.`email` = 'test1@test.com' LIMIT 1;
2023-11-24T02:20:41.162+0900 SQL a0780520-8a24-11ee-97e2-d31c2aec0c4c [] Executing (default): SELECT `id`, `email`, `password`, `name` FROM `UserModel` AS `User` WHERE `User`.`id` = 379;
2023-11-24T02:20:41.222+0900 SQL a0780520-8a24-11ee-97e2-d31c2aec0c4c [] Executing (default): SELECT `Memo`.`id`, `Memo`.`name`, `Memo`.`title`, `Memo`.`content`, `Memo`.`userId`, `comments`.`id` AS `comments.id`, `comments`.`content` AS `comments.content`, `comments`.`memoId` AS `comments.memoId`, `comments`.`userId` AS `comments.userId` FROM `MemoModel` AS `Memo` LEFT OUTER JOIN `CommentModel` AS `comments` ON `Memo`.`id` = `comments`.`memoId` WHERE `Memo`.`userId` = 379;
2023-11-24T02:21:39.082+0900 SQL c308e5a0-8a24-11ee-97e2-d31c2aec0c4c [] Executing (default): SELECT `id`, `email`, `password`, `name` FROM `UserModel` AS `User` WHERE `User`.`id` = 379;
2023-11-24T02:21:39.087+0900 SQL c308e5a0-8a24-11ee-97e2-d31c2aec0c4c [] Executing (default): SELECT `Memo`.`id`, `Memo`.`name`, `Memo`.`title`, `Memo`.`content`, `Memo`.`userId`, `comments`.`id` AS `comments.id`, `comments`.`content` AS `comments.content`, `comments`.`memoId` AS `comments.memoId`, `comments`.`userId` AS `comments.userId` FROM `MemoModel` AS `Memo` LEFT OUTER JOIN `CommentModel` AS `comments` ON `Memo`.`id` = `comments`.`memoId` WHERE `Memo`.`userId` = 379;
2023-11-24T02:21:39.832+0900 SQL c37d5250-8a24-11ee-97e2-d31c2aec0c4c [] Executing (default): SELECT `id`, `email`, `password`, `name` FROM `UserModel` AS `User` WHERE `User`.`id` = 379;
2023-11-24T02:21:39.835+0900 SQL c37d5250-8a24-11ee-97e2-d31c2aec0c4c [] Executing (default): SELECT `Memo`.`id`, `Memo`.`name`, `Memo`.`title`, `Memo`.`content`, `Memo`.`userId`, `comments`.`id` AS `comments.id`, `comments`.`content` AS `comments.content`, `comments`.`memoId` AS `comments.memoId`, `comments`.`userId` AS `comments.userId` FROM `MemoModel` AS `Memo` LEFT OUTER JOIN `CommentModel` AS `comments` ON `Memo`.`id` = `comments`.`memoId` WHERE `Memo`.`userId` = 379;
2023-11-24T02:22:01.038+0900 SQL d01ef6d0-8a24-11ee-97e2-d31c2aec0c4c [] Executing (default): SELECT `id`, `email`, `password`, `name` FROM `UserModel` AS `User` WHERE `User`.`id` = 379;
2023-11-24T02:22:01.058+0900 SQL d01ef6d0-8a24-11ee-97e2-d31c2aec0c4c [] Executing (default): SELECT `Memo`.`id`, `Memo`.`name`, `Memo`.`title`, `Memo`.`content`, `Memo`.`userId`, `comments`.`id` AS `comments.id`, `comments`.`content` AS `comments.content`, `comments`.`memoId` AS `comments.memoId`, `comments`.`userId` AS `comments.userId` FROM `MemoModel` AS `Memo` LEFT OUTER JOIN `CommentModel` AS `comments` ON `Memo`.`id` = `comments`.`memoId` WHERE `Memo`.`userId` = 379;
2023-11-24T02:22:15.876+0900 SQL d8f86fc0-8a24-11ee-97e2-d31c2aec0c4c [] Executing (default): SELECT `id`, `email`, `password`, `name` FROM `UserModel` AS `User` WHERE `User`.`id` = 379;
2023-11-24T02:22:15.895+0900 SQL d8f86fc0-8a24-11ee-97e2-d31c2aec0c4c [] Executing (default): INSERT INTO `MemoModel` (`id`,`name`,`title`,`content`,`userId`) VALUES (DEFAULT,?,?,?,?);
2023-11-24T02:22:23.159+0900 SQL dd50a650-8a24-11ee-97e2-d31c2aec0c4c [] Executing (default): SELECT `id`, `email`, `password`, `name` FROM `UserModel` AS `User` WHERE `User`.`id` = 379;
2023-11-24T02:22:27.302+0900 SQL dfc88420-8a24-11ee-97e2-d31c2aec0c4c [] Executing (default): SELECT `id`, `email`, `password`, `name` FROM `UserModel` AS `User` WHERE `User`.`id` = 379;
2023-11-24T02:22:27.314+0900 SQL dfc88420-8a24-11ee-97e2-d31c2aec0c4c [] Executing (default): INSERT INTO `MemoModel` (`id`,`name`,`title`,`content`,`userId`) VALUES (DEFAULT,?,?,?,?);
2023-11-24T02:24:13.656+0900 SQL 1f26bec0-8a25-11ee-8167-c91fca0641b1 [] Executing (default): SELECT `id`, `email`, `password`, `name` FROM `UserModel` AS `User` WHERE `User`.`id` = 379;
2023-11-24T02:24:13.673+0900 SQL 1f26bec0-8a25-11ee-8167-c91fca0641b1 [] Executing (default): SELECT `Memo`.`id`, `Memo`.`name`, `Memo`.`title`, `Memo`.`content`, `Memo`.`userId`, `comments`.`id` AS `comments.id`, `comments`.`content` AS `comments.content`, `comments`.`memoId` AS `comments.memoId`, `comments`.`userId` AS `comments.userId` FROM `MemoModel` AS `Memo` LEFT OUTER JOIN `CommentModel` AS `comments` ON `Memo`.`id` = `comments`.`memoId` WHERE `Memo`.`userId` = 379;
2023-11-24T02:26:05.482+0900 SQL 61d38820-8a25-11ee-8167-c91fca0641b1 [] Executing (default): SELECT `id`, `email`, `password`, `name` FROM `UserModel` AS `User` WHERE `User`.`id` = 379;
2023-11-24T02:26:05.488+0900 SQL 61d38820-8a25-11ee-8167-c91fca0641b1 [] Executing (default): INSERT INTO `MemoModel` (`id`,`name`,`title`,`content`,`userId`) VALUES (DEFAULT,?,?,?,?);
2023-11-24T02:26:45.293+0900 SQL 798c6090-8a25-11ee-8167-c91fca0641b1 [] Executing (default): SELECT `id`, `email`, `password`, `name` FROM `UserModel` AS `User` WHERE `User`.`id` = 379;
2023-11-24T02:26:45.300+0900 SQL 798c6090-8a25-11ee-8167-c91fca0641b1 [] Executing (default): SELECT `id`, `name`, `title`, `content`, `userId` FROM `MemoModel` AS `Memo` WHERE `Memo`.`id` = 244;
2023-11-24T02:26:45.333+0900 SQL 798c6090-8a25-11ee-8167-c91fca0641b1 [] Executing (default): UPDATE `MemoModel` SET `name`=?,`title`=?,`content`=? WHERE `id` = ?
2023-11-24T02:26:50.635+0900 SQL 7cbe1880-8a25-11ee-8167-c91fca0641b1 [] Executing (default): SELECT `id`, `email`, `password`, `name` FROM `UserModel` AS `User` WHERE `User`.`id` = 379;
2023-11-24T02:26:50.641+0900 SQL 7cbe1880-8a25-11ee-8167-c91fca0641b1 [] Executing (default): SELECT `Memo`.`id`, `Memo`.`name`, `Memo`.`title`, `Memo`.`content`, `Memo`.`userId`, `comments`.`id` AS `comments.id`, `comments`.`content` AS `comments.content`, `comments`.`memoId` AS `comments.memoId`, `comments`.`userId` AS `comments.userId` FROM `MemoModel` AS `Memo` LEFT OUTER JOIN `CommentModel` AS `comments` ON `Memo`.`id` = `comments`.`memoId` WHERE `Memo`.`userId` = 379;
2023-11-24T02:27:40.293+0900 SQL 9a55c780-8a25-11ee-8167-c91fca0641b1 [] Executing (default): SELECT `id`, `email`, `password`, `name` FROM `UserModel` AS `User` WHERE `User`.`id` = 379;
2023-11-24T02:27:40.299+0900 SQL 9a55c780-8a25-11ee-8167-c91fca0641b1 [] Executing (default): SELECT `id`, `name`, `title`, `content`, `userId` FROM `MemoModel` AS `Memo` WHERE `Memo`.`id` = 244;
2023-11-24T02:27:40.313+0900 SQL 9a55c780-8a25-11ee-8167-c91fca0641b1 [] Executing (default): DELETE FROM `MemoModel` WHERE `id` = 244
2023-11-24T02:27:46.607+0900 SQL 9e1ae5d0-8a25-11ee-8167-c91fca0641b1 [] Executing (default): SELECT `id`, `email`, `password`, `name` FROM `UserModel` AS `User` WHERE `User`.`id` = 379;
2023-11-24T02:27:46.610+0900 SQL 9e1ae5d0-8a25-11ee-8167-c91fca0641b1 [] Executing (default): SELECT `Memo`.`id`, `Memo`.`name`, `Memo`.`title`, `Memo`.`content`, `Memo`.`userId`, `comments`.`id` AS `comments.id`, `comments`.`content` AS `comments.content`, `comments`.`memoId` AS `comments.memoId`, `comments`.`userId` AS `comments.userId` FROM `MemoModel` AS `Memo` LEFT OUTER JOIN `CommentModel` AS `comments` ON `Memo`.`id` = `comments`.`memoId` WHERE `Memo`.`userId` = 379;
2023-11-24T02:37:21.354+0900 SQL f4ab2030-8a26-11ee-a6ec-332ea8cbf058 [] Executing (default): SELECT `id`, `email`, `password`, `name` FROM `UserModel` AS `User` WHERE `User`.`id` = 379;
2023-11-24T02:37:21.388+0900 SQL f4ab2030-8a26-11ee-a6ec-332ea8cbf058 [] Executing (default): SELECT `Memo`.`id`, `Memo`.`name`, `Memo`.`title`, `Memo`.`content`, `Memo`.`userId`, `comments`.`id` AS `comments.id`, `comments`.`content` AS `comments.content`, `comments`.`memoId` AS `comments.memoId`, `comments`.`userId` AS `comments.userId` FROM `MemoModel` AS `Memo` LEFT OUTER JOIN `CommentModel` AS `comments` ON `Memo`.`id` = `comments`.`memoId` WHERE `Memo`.`userId` = 379;
2023-11-24T02:40:56.530+0900 SQL 74e73090-8a27-11ee-a6ec-332ea8cbf058 [] Executing (default): SELECT `id`, `email`, `password`, `name` FROM `UserModel` AS `User` WHERE `User`.`id` = 379;
2023-11-24T02:45:41.710+0900 SQL 1ee71650-8a28-11ee-bb86-5588e81f4d59 [] Executing (default): SELECT `id`, `email`, `password`, `name` FROM `UserModel` AS `User` WHERE `User`.`id` = 379;
2023-11-24T02:45:41.729+0900 SQL 1ee71650-8a28-11ee-bb86-5588e81f4d59 [] Executing (default): INSERT INTO `CommentModel` (`id`,`memoId`,`content`,`userId`) VALUES (DEFAULT,?,?,?);
2023-11-24T02:45:55.483+0900 SQL 271f1f20-8a28-11ee-bb86-5588e81f4d59 [] Executing (default): SELECT `id`, `email`, `password`, `name` FROM `UserModel` AS `User` WHERE `User`.`id` = 379;
2023-11-24T02:45:55.490+0900 SQL 271f1f20-8a28-11ee-bb86-5588e81f4d59 [] Executing (default): SELECT `Memo`.`id`, `Memo`.`name`, `Memo`.`title`, `Memo`.`content`, `Memo`.`userId`, `comments`.`id` AS `comments.id`, `comments`.`content` AS `comments.content`, `comments`.`memoId` AS `comments.memoId`, `comments`.`userId` AS `comments.userId` FROM `MemoModel` AS `Memo` LEFT OUTER JOIN `CommentModel` AS `comments` ON `Memo`.`id` = `comments`.`memoId` WHERE `Memo`.`userId` = 379;
2023-11-24T02:46:26.646+0900 SQL 39b17480-8a28-11ee-b883-0b4a4ee681cf [] Executing (default): SELECT `id`, `email`, `password`, `name` FROM `UserModel` AS `User` WHERE `User`.`id` = 379;
2023-11-24T02:46:26.657+0900 SQL 39b17480-8a28-11ee-b883-0b4a4ee681cf [] Executing (default): SELECT `Memo`.`id`, `Memo`.`name`, `Memo`.`title`, `Memo`.`content`, `Memo`.`userId`, `comments`.`id` AS `comments.id`, `comments`.`content` AS `comments.content` FROM `MemoModel` AS `Memo` LEFT OUTER JOIN `CommentModel` AS `comments` ON `Memo`.`id` = `comments`.`memoId` WHERE `Memo`.`userId` = 379;
2023-11-24T02:46:27.528+0900 SQL 3a39b750-8a28-11ee-b883-0b4a4ee681cf [] Executing (default): SELECT `id`, `email`, `password`, `name` FROM `UserModel` AS `User` WHERE `User`.`id` = 379;
2023-11-24T02:46:27.533+0900 SQL 3a39b750-8a28-11ee-b883-0b4a4ee681cf [] Executing (default): SELECT `Memo`.`id`, `Memo`.`name`, `Memo`.`title`, `Memo`.`content`, `Memo`.`userId`, `comments`.`id` AS `comments.id`, `comments`.`content` AS `comments.content` FROM `MemoModel` AS `Memo` LEFT OUTER JOIN `CommentModel` AS `comments` ON `Memo`.`id` = `comments`.`memoId` WHERE `Memo`.`userId` = 379;
2023-11-24T02:48:56.324+0900 SQL 92e54d10-8a28-11ee-83de-e1a133a82775 [] Executing (default): SELECT `id`, `email`, `password`, `name` FROM `UserModel` AS `User` WHERE `User`.`id` = 379;
2023-11-24T02:48:56.334+0900 SQL 92e54d10-8a28-11ee-83de-e1a133a82775 [] Executing (default): SELECT `id`, `memoId`, `content`, `userId` FROM `CommentModel` AS `Comment` WHERE `Comment`.`id` = 153;
2023-11-24T02:48:56.342+0900 SQL 92e54d10-8a28-11ee-83de-e1a133a82775 [] Executing (default): DELETE FROM `CommentModel` WHERE `id` = 153
2023-11-24T02:49:02.597+0900 SQL 96a73710-8a28-11ee-83de-e1a133a82775 [] Executing (default): SELECT `id`, `email`, `password`, `name` FROM `UserModel` AS `User` WHERE `User`.`id` = 379;
2023-11-24T02:49:02.605+0900 SQL 96a73710-8a28-11ee-83de-e1a133a82775 [] Executing (default): SELECT `Memo`.`id`, `Memo`.`name`, `Memo`.`title`, `Memo`.`content`, `Memo`.`userId`, `comments`.`id` AS `comments.id`, `comments`.`content` AS `comments.content` FROM `MemoModel` AS `Memo` LEFT OUTER JOIN `CommentModel` AS `comments` ON `Memo`.`id` = `comments`.`memoId` WHERE `Memo`.`userId` = 379;
2023-11-24T02:50:55.041+0900 SQL d9a1f960-8a28-11ee-83de-e1a133a82775 [] Executing (default): INSERT INTO `UserModel` (`id`,`email`,`password`,`name`) VALUES (DEFAULT,?,?,?);
2023-11-24T02:50:57.563+0900 SQL db2d5450-8a28-11ee-83de-e1a133a82775 [] Executing (default): SELECT `id`, `email`, `password`, `name` FROM `UserModel` AS `User` WHERE `User`.`email` = 'test1@test.com' LIMIT 1;
2023-11-24T02:51:00.144+0900 SQL dcb776c0-8a28-11ee-83de-e1a133a82775 [] Executing (default): SELECT `id`, `email`, `password`, `name` FROM `UserModel` AS `User` WHERE `User`.`id` = 379;
2023-11-24T02:51:00.148+0900 SQL dcb776c0-8a28-11ee-83de-e1a133a82775 [] Executing (default): SELECT `Memo`.`id`, `Memo`.`name`, `Memo`.`title`, `Memo`.`content`, `Memo`.`userId`, `comments`.`id` AS `comments.id`, `comments`.`content` AS `comments.content` FROM `MemoModel` AS `Memo` LEFT OUTER JOIN `CommentModel` AS `comments` ON `Memo`.`id` = `comments`.`memoId` WHERE `Memo`.`userId` = 379;
2023-11-24T02:51:02.157+0900 SQL ddeac6a0-8a28-11ee-83de-e1a133a82775 [] Executing (default): SELECT `id`, `email`, `password`, `name` FROM `UserModel` AS `User` WHERE `User`.`id` = 379;
2023-11-24T02:51:02.162+0900 SQL ddeac6a0-8a28-11ee-83de-e1a133a82775 [] Executing (default): INSERT INTO `MemoModel` (`id`,`name`,`title`,`content`,`userId`) VALUES (DEFAULT,?,?,?,?);
2023-11-24T02:51:04.211+0900 SQL df2409f0-8a28-11ee-83de-e1a133a82775 [] Executing (default): SELECT `id`, `email`, `password`, `name` FROM `UserModel` AS `User` WHERE `User`.`id` = 379;
2023-11-24T02:51:04.215+0900 SQL df2409f0-8a28-11ee-83de-e1a133a82775 [] Executing (default): SELECT `id`, `name`, `title`, `content`, `userId` FROM `MemoModel` AS `Memo` WHERE `Memo`.`id` = 244;
2023-11-24T02:51:06.328+0900 SQL e0671140-8a28-11ee-83de-e1a133a82775 [] Executing (default): SELECT `id`, `email`, `password`, `name` FROM `UserModel` AS `User` WHERE `User`.`id` = 379;
2023-11-24T02:51:06.331+0900 SQL e0671140-8a28-11ee-83de-e1a133a82775 [] Executing (default): SELECT `id`, `name`, `title`, `content`, `userId` FROM `MemoModel` AS `Memo` WHERE `Memo`.`id` = 244;
2023-11-24T02:51:18.967+0900 SQL e7ee67b0-8a28-11ee-83de-e1a133a82775 [] Executing (default): SELECT `id`, `email`, `password`, `name` FROM `UserModel` AS `User` WHERE `User`.`id` = 379;
2023-11-24T02:51:18.971+0900 SQL e7ee67b0-8a28-11ee-83de-e1a133a82775 [] Executing (default): SELECT `Memo`.`id`, `Memo`.`name`, `Memo`.`title`, `Memo`.`content`, `Memo`.`userId`, `comments`.`id` AS `comments.id`, `comments`.`content` AS `comments.content` FROM `MemoModel` AS `Memo` LEFT OUTER JOIN `CommentModel` AS `comments` ON `Memo`.`id` = `comments`.`memoId` WHERE `Memo`.`userId` = 379;
2023-11-24T02:51:21.133+0900 SQL e93a48a0-8a28-11ee-83de-e1a133a82775 [] Executing (default): SELECT `id`, `email`, `password`, `name` FROM `UserModel` AS `User` WHERE `User`.`id` = 379;
2023-11-24T02:51:21.152+0900 SQL e93a48a0-8a28-11ee-83de-e1a133a82775 [] Executing (default): INSERT INTO `MemoModel` (`id`,`name`,`title`,`content`,`userId`) VALUES (DEFAULT,?,?,?,?);
2023-11-24T02:51:45.711+0900 SQL f7df5e40-8a28-11ee-83de-e1a133a82775 [] Executing (default): SELECT `id`, `email`, `password`, `name` FROM `UserModel` AS `User` WHERE `User`.`id` = 379;
2023-11-24T02:51:45.713+0900 SQL f7df5e40-8a28-11ee-83de-e1a133a82775 [] Executing (default): SELECT `id`, `name`, `title`, `content`, `userId` FROM `MemoModel` AS `Memo` WHERE `Memo`.`id` = 247;
2023-11-24T02:51:45.738+0900 SQL f7df5e40-8a28-11ee-83de-e1a133a82775 [] Executing (default): UPDATE `MemoModel` SET `name`=?,`title`=?,`content`=? WHERE `id` = ?
2023-11-24T02:51:55.748+0900 SQL fdd9ac10-8a28-11ee-83de-e1a133a82775 [] Executing (default): SELECT `id`, `email`, `password`, `name` FROM `UserModel` AS `User` WHERE `User`.`id` = 379;
2023-11-24T02:51:55.751+0900 SQL fdd9ac10-8a28-11ee-83de-e1a133a82775 [] Executing (default): SELECT `id`, `name`, `title`, `content`, `userId` FROM `MemoModel` AS `Memo` WHERE `Memo`.`id` = 247;
2023-11-24T02:51:55.752+0900 SQL fdd9ac10-8a28-11ee-83de-e1a133a82775 [] Executing (default): DELETE FROM `MemoModel` WHERE `id` = 247
2023-11-24T03:26:02.547+0900 SQL c1cc09c0-8a2d-11ee-b9c3-0d57da8d412e [] Executing (default): INSERT INTO `UserModel` (`id`,`email`,`password`,`name`) VALUES (DEFAULT,?,?,?);
2023-11-24T03:26:12.779+0900 SQL c7f026b0-8a2d-11ee-b9c3-0d57da8d412e [] Executing (default): SELECT `id`, `email`, `password`, `name` FROM `UserModel` AS `User` WHERE `User`.`email` = 'test1@test.com' LIMIT 1;
2023-11-24T03:26:33.461+0900 SQL d441d670-8a2d-11ee-b9c3-0d57da8d412e [] Executing (default): SELECT `id`, `email`, `password`, `name` FROM `UserModel` AS `User` WHERE `User`.`id` = 379;
2023-11-24T03:26:33.466+0900 SQL d441d670-8a2d-11ee-b9c3-0d57da8d412e [] Executing (default): SELECT `Memo`.`id`, `Memo`.`name`, `Memo`.`title`, `Memo`.`content`, `Memo`.`userId`, `comments`.`id` AS `comments.id`, `comments`.`content` AS `comments.content` FROM `MemoModel` AS `Memo` LEFT OUTER JOIN `CommentModel` AS `comments` ON `Memo`.`id` = `comments`.`memoId` WHERE `Memo`.`userId` = 379;
2023-11-24T03:27:09.733+0900 SQL e9d4e8b0-8a2d-11ee-b9c3-0d57da8d412e [] Executing (default): INSERT INTO `UserModel` (`id`,`email`,`password`,`name`) VALUES (DEFAULT,?,?,?);
2023-11-24T03:27:22.901+0900 SQL f1bc3970-8a2d-11ee-b9c3-0d57da8d412e [] Executing (default): SELECT `id`, `email`, `password`, `name` FROM `UserModel` AS `User` WHERE `User`.`email` = 'test@test.com' LIMIT 1;
2023-11-24T03:27:34.570+0900 SQL f8b09eb0-8a2d-11ee-b9c3-0d57da8d412e [] Executing (default): SELECT `id`, `email`, `password`, `name` FROM `UserModel` AS `User` WHERE `User`.`id` = 382;
2023-11-24T03:27:34.586+0900 SQL f8b09eb0-8a2d-11ee-b9c3-0d57da8d412e [] Executing (default): SELECT `Memo`.`id`, `Memo`.`name`, `Memo`.`title`, `Memo`.`content`, `Memo`.`userId`, `comments`.`id` AS `comments.id`, `comments`.`content` AS `comments.content` FROM `MemoModel` AS `Memo` LEFT OUTER JOIN `CommentModel` AS `comments` ON `Memo`.`id` = `comments`.`memoId` WHERE `Memo`.`userId` = 382;
2023-11-24T03:28:09.077+0900 SQL 0d3e9d00-8a2e-11ee-b9c3-0d57da8d412e [] Executing (default): SELECT `id`, `email`, `password`, `name` FROM `UserModel` AS `User` WHERE `User`.`id` = 382;
2023-11-24T03:28:09.087+0900 SQL 0d3e9d00-8a2e-11ee-b9c3-0d57da8d412e [] Executing (default): INSERT INTO `MemoModel` (`id`,`name`,`title`,`content`,`userId`) VALUES (DEFAULT,?,?,?,?);
2023-11-24T03:28:36.724+0900 SQL 1dba4760-8a2e-11ee-b9c3-0d57da8d412e [] Executing (default): SELECT `id`, `email`, `password`, `name` FROM `UserModel` AS `User` WHERE `User`.`id` = 382;
2023-11-24T03:28:36.749+0900 SQL 1dba4760-8a2e-11ee-b9c3-0d57da8d412e [] Executing (default): SELECT `Memo`.`id`, `Memo`.`name`, `Memo`.`title`, `Memo`.`content`, `Memo`.`userId`, `comments`.`id` AS `comments.id`, `comments`.`content` AS `comments.content` FROM `MemoModel` AS `Memo` LEFT OUTER JOIN `CommentModel` AS `comments` ON `Memo`.`id` = `comments`.`memoId` WHERE `Memo`.`userId` = 382;
2023-11-24T03:29:24.457+0900 SQL 3a2b50b0-8a2e-11ee-b9c3-0d57da8d412e [] Executing (default): SELECT `id`, `email`, `password`, `name` FROM `UserModel` AS `User` WHERE `User`.`id` = 382;
2023-11-24T03:29:24.460+0900 SQL 3a2b50b0-8a2e-11ee-b9c3-0d57da8d412e [] Executing (default): SELECT `id`, `name`, `title`, `content`, `userId` FROM `MemoModel` AS `Memo` WHERE `Memo`.`id` = 248;
2023-11-24T03:29:24.468+0900 SQL 3a2b50b0-8a2e-11ee-b9c3-0d57da8d412e [] Executing (default): UPDATE `MemoModel` SET `name`=?,`title`=?,`content`=? WHERE `id` = ?
2023-11-24T03:29:38.399+0900 SQL 427f45f0-8a2e-11ee-b9c3-0d57da8d412e [] Executing (default): SELECT `id`, `email`, `password`, `name` FROM `UserModel` AS `User` WHERE `User`.`id` = 382;
2023-11-24T03:29:38.404+0900 SQL 427f45f0-8a2e-11ee-b9c3-0d57da8d412e [] Executing (default): SELECT `Memo`.`id`, `Memo`.`name`, `Memo`.`title`, `Memo`.`content`, `Memo`.`userId`, `comments`.`id` AS `comments.id`, `comments`.`content` AS `comments.content` FROM `MemoModel` AS `Memo` LEFT OUTER JOIN `CommentModel` AS `comments` ON `Memo`.`id` = `comments`.`memoId` WHERE `Memo`.`userId` = 382;
2023-11-24T03:30:22.391+0900 SQL 5cb63dc0-8a2e-11ee-b9c3-0d57da8d412e [] Executing (default): SELECT `id`, `email`, `password`, `name` FROM `UserModel` AS `User` WHERE `User`.`id` = 382;
2023-11-24T03:30:22.397+0900 SQL 5cb63dc0-8a2e-11ee-b9c3-0d57da8d412e [] Executing (default): INSERT INTO `CommentModel` (`id`,`memoId`,`content`,`userId`) VALUES (DEFAULT,?,?,?);
2023-11-24T03:30:40.075+0900 SQL 673fd7b0-8a2e-11ee-b9c3-0d57da8d412e [] Executing (default): SELECT `id`, `email`, `password`, `name` FROM `UserModel` AS `User` WHERE `User`.`id` = 382;
2023-11-24T03:30:40.082+0900 SQL 673fd7b0-8a2e-11ee-b9c3-0d57da8d412e [] Executing (default): SELECT `Memo`.`id`, `Memo`.`name`, `Memo`.`title`, `Memo`.`content`, `Memo`.`userId`, `comments`.`id` AS `comments.id`, `comments`.`content` AS `comments.content` FROM `MemoModel` AS `Memo` LEFT OUTER JOIN `CommentModel` AS `comments` ON `Memo`.`id` = `comments`.`memoId` WHERE `Memo`.`userId` = 382;
2023-11-24T03:31:20.804+0900 SQL 7f85fc00-8a2e-11ee-b9c3-0d57da8d412e [] Executing (default): SELECT `id`, `email`, `password`, `name` FROM `UserModel` AS `User` WHERE `User`.`id` = 382;
2023-11-24T03:31:20.809+0900 SQL 7f85fc00-8a2e-11ee-b9c3-0d57da8d412e [] Executing (default): SELECT `id`, `memoId`, `content`, `userId` FROM `CommentModel` AS `Comment` WHERE `Comment`.`id` = 153;
2023-11-24T03:31:32.085+0900 SQL 8640dab0-8a2e-11ee-b9c3-0d57da8d412e [] Executing (default): SELECT `id`, `email`, `password`, `name` FROM `UserModel` AS `User` WHERE `User`.`id` = 382;
2023-11-24T03:31:32.089+0900 SQL 8640dab0-8a2e-11ee-b9c3-0d57da8d412e [] Executing (default): SELECT `Memo`.`id`, `Memo`.`name`, `Memo`.`title`, `Memo`.`content`, `Memo`.`userId`, `comments`.`id` AS `comments.id`, `comments`.`content` AS `comments.content` FROM `MemoModel` AS `Memo` LEFT OUTER JOIN `CommentModel` AS `comments` ON `Memo`.`id` = `comments`.`memoId` WHERE `Memo`.`userId` = 382;
2023-11-24T03:31:45.094+0900 SQL 8e022ce0-8a2e-11ee-b9c3-0d57da8d412e [] Executing (default): SELECT `id`, `email`, `password`, `name` FROM `UserModel` AS `User` WHERE `User`.`id` = 382;
2023-11-24T03:31:45.097+0900 SQL 8e022ce0-8a2e-11ee-b9c3-0d57da8d412e [] Executing (default): SELECT `id`, `memoId`, `content`, `userId` FROM `CommentModel` AS `Comment` WHERE `Comment`.`id` = 154;
2023-11-24T03:31:45.103+0900 SQL 8e022ce0-8a2e-11ee-b9c3-0d57da8d412e [] Executing (default): DELETE FROM `CommentModel` WHERE `id` = 154
2023-11-24T03:32:00.230+0900 SQL 9709bab0-8a2e-11ee-b9c3-0d57da8d412e [] Executing (default): SELECT `id`, `email`, `password`, `name` FROM `UserModel` AS `User` WHERE `User`.`id` = 382;
2023-11-24T03:32:00.234+0900 SQL 9709bab0-8a2e-11ee-b9c3-0d57da8d412e [] Executing (default): SELECT `Memo`.`id`, `Memo`.`name`, `Memo`.`title`, `Memo`.`content`, `Memo`.`userId`, `comments`.`id` AS `comments.id`, `comments`.`content` AS `comments.content` FROM `MemoModel` AS `Memo` LEFT OUTER JOIN `CommentModel` AS `comments` ON `Memo`.`id` = `comments`.`memoId` WHERE `Memo`.`userId` = 382;
2023-11-24T03:32:26.431+0900 SQL a6a7d650-8a2e-11ee-b9c3-0d57da8d412e [] Executing (default): SELECT `id`, `email`, `password`, `name` FROM `UserModel` AS `User` WHERE `User`.`id` = 382;
2023-11-24T03:32:26.435+0900 SQL a6a7d650-8a2e-11ee-b9c3-0d57da8d412e [] Executing (default): SELECT `id`, `name`, `title`, `content`, `userId` FROM `MemoModel` AS `Memo` WHERE `Memo`.`id` = 248;
2023-11-24T03:32:26.440+0900 SQL a6a7d650-8a2e-11ee-b9c3-0d57da8d412e [] Executing (default): DELETE FROM `MemoModel` WHERE `id` = 248
2023-11-24T03:32:33.795+0900 SQL ab0c9000-8a2e-11ee-b9c3-0d57da8d412e [] Executing (default): SELECT `id`, `email`, `password`, `name` FROM `UserModel` AS `User` WHERE `User`.`id` = 382;
2023-11-24T03:32:33.798+0900 SQL ab0c9000-8a2e-11ee-b9c3-0d57da8d412e [] Executing (default): SELECT `Memo`.`id`, `Memo`.`name`, `Memo`.`title`, `Memo`.`content`, `Memo`.`userId`, `comments`.`id` AS `comments.id`, `comments`.`content` AS `comments.content` FROM `MemoModel` AS `Memo` LEFT OUTER JOIN `CommentModel` AS `comments` ON `Memo`.`id` = `comments`.`memoId` WHERE `Memo`.`userId` = 382;
2023-11-24T03:32:52.147+0900 SQL b5fbc990-8a2e-11ee-b9c3-0d57da8d412e [] Executing (default): SELECT `id`, `email`, `password`, `name` FROM `UserModel` AS `User` WHERE `User`.`id` = 382;
2023-11-24T03:32:52.157+0900 SQL b5fbc990-8a2e-11ee-b9c3-0d57da8d412e [] Executing (default): SELECT `Memo`.`id`, `Memo`.`name`, `Memo`.`title`, `Memo`.`content`, `Memo`.`userId`, `comments`.`id` AS `comments.id`, `comments`.`content` AS `comments.content` FROM `MemoModel` AS `Memo` LEFT OUTER JOIN `CommentModel` AS `comments` ON `Memo`.`id` = `comments`.`memoId` WHERE `Memo`.`userId` = 382;
2023-11-24T03:34:03.498+0900 SQL e081dd80-8a2e-11ee-9fcf-958c86d5de8b [] Executing (default): SELECT `id`, `email`, `password`, `name` FROM `UserModel` AS `User` WHERE `User`.`id` = 382;
2023-11-24T03:34:03.507+0900 SQL e081dd80-8a2e-11ee-9fcf-958c86d5de8b [] Executing (default): SELECT `id`, `name`, `title`, `content`, `userId` FROM `MemoModel` AS `Memo` WHERE `Memo`.`id` = 248;
2023-11-24T03:34:05.482+0900 SQL e1b24730-8a2e-11ee-9fcf-958c86d5de8b [] Executing (default): SELECT `id`, `email`, `password`, `name` FROM `UserModel` AS `User` WHERE `User`.`id` = 382;
2023-11-24T03:34:05.486+0900 SQL e1b24730-8a2e-11ee-9fcf-958c86d5de8b [] Executing (default): SELECT `id`, `name`, `title`, `content`, `userId` FROM `MemoModel` AS `Memo` WHERE `Memo`.`id` = 248;
2023-11-24T03:34:06.211+0900 SQL e2222000-8a2e-11ee-9fcf-958c86d5de8b [] Executing (default): SELECT `id`, `email`, `password`, `name` FROM `UserModel` AS `User` WHERE `User`.`id` = 382;
2023-11-24T03:34:06.214+0900 SQL e2222000-8a2e-11ee-9fcf-958c86d5de8b [] Executing (default): SELECT `id`, `name`, `title`, `content`, `userId` FROM `MemoModel` AS `Memo` WHERE `Memo`.`id` = 248;
2023-11-24T03:34:07.030+0900 SQL e29f1830-8a2e-11ee-9fcf-958c86d5de8b [] Executing (default): SELECT `id`, `email`, `password`, `name` FROM `UserModel` AS `User` WHERE `User`.`id` = 382;
2023-11-24T03:34:07.034+0900 SQL e29f1830-8a2e-11ee-9fcf-958c86d5de8b [] Executing (default): SELECT `id`, `name`, `title`, `content`, `userId` FROM `MemoModel` AS `Memo` WHERE `Memo`.`id` = 248;
2023-11-24T03:34:07.762+0900 SQL e30e7bd0-8a2e-11ee-9fcf-958c86d5de8b [] Executing (default): SELECT `id`, `email`, `password`, `name` FROM `UserModel` AS `User` WHERE `User`.`id` = 382;
2023-11-24T03:34:07.778+0900 SQL e30e7bd0-8a2e-11ee-9fcf-958c86d5de8b [] Executing (default): SELECT `id`, `name`, `title`, `content`, `userId` FROM `MemoModel` AS `Memo` WHERE `Memo`.`id` = 248;
2023-11-24T03:34:14.496+0900 SQL e711b490-8a2e-11ee-9fcf-958c86d5de8b [] Executing (default): SELECT `id`, `email`, `password`, `name` FROM `UserModel` AS `User` WHERE `User`.`id` = 382;
2023-11-24T03:34:14.501+0900 SQL e711b490-8a2e-11ee-9fcf-958c86d5de8b [] Executing (default): SELECT `id`, `name`, `title`, `content`, `userId` FROM `MemoModel` AS `Memo` WHERE `Memo`.`id` = 248;
2023-11-24T03:34:18.143+0900 SQL e93ecdc0-8a2e-11ee-9fcf-958c86d5de8b [] Executing (default): SELECT `id`, `email`, `password`, `name` FROM `UserModel` AS `User` WHERE `User`.`id` = 382;
2023-11-24T03:34:18.148+0900 SQL e93ecdc0-8a2e-11ee-9fcf-958c86d5de8b [] Executing (default): SELECT `id`, `name`, `title`, `content`, `userId` FROM `MemoModel` AS `Memo` WHERE `Memo`.`id` = 249;
2023-11-24T03:34:24.028+0900 SQL ecc07a70-8a2e-11ee-9fcf-958c86d5de8b [] Executing (default): SELECT `id`, `email`, `password`, `name` FROM `UserModel` AS `User` WHERE `User`.`id` = 382;
2023-11-24T03:34:24.030+0900 SQL ecc07a70-8a2e-11ee-9fcf-958c86d5de8b [] Executing (default): SELECT `id`, `name`, `title`, `content`, `userId` FROM `MemoModel` AS `Memo` WHERE `Memo`.`id` = 247;
2023-11-24T03:34:28.340+0900 SQL ef52be10-8a2e-11ee-9fcf-958c86d5de8b [] Executing (default): SELECT `id`, `email`, `password`, `name` FROM `UserModel` AS `User` WHERE `User`.`id` = 382;
2023-11-24T03:34:28.342+0900 SQL ef52be10-8a2e-11ee-9fcf-958c86d5de8b [] Executing (default): SELECT `id`, `name`, `title`, `content`, `userId` FROM `MemoModel` AS `Memo` WHERE `Memo`.`id` = 246;
2023-11-24T03:34:28.353+0900 SQL ef52be10-8a2e-11ee-9fcf-958c86d5de8b [] Executing (default): DELETE FROM `MemoModel` WHERE `id` = 246
2023-11-24T03:35:04.092+0900 SQL 04a03bd0-8a2f-11ee-987c-69eee9838f7c [] Executing (default): SELECT `id`, `email`, `password`, `name` FROM `UserModel` AS `User` WHERE `User`.`id` = 382;
2023-11-24T03:35:04.103+0900 SQL 04a03bd0-8a2f-11ee-987c-69eee9838f7c [] Executing (default): SELECT `id`, `name`, `title`, `content`, `userId` FROM `MemoModel` AS `Memo` WHERE `Memo`.`id` = 246;
2023-11-24T03:35:07.823+0900 SQL 06db37b0-8a2f-11ee-987c-69eee9838f7c [] Executing (default): SELECT `id`, `email`, `password`, `name` FROM `UserModel` AS `User` WHERE `User`.`id` = 382;
2023-11-24T03:35:07.826+0900 SQL 06db37b0-8a2f-11ee-987c-69eee9838f7c [] Executing (default): SELECT `id`, `name`, `title`, `content`, `userId` FROM `MemoModel` AS `Memo` WHERE `Memo`.`id` = 248;
2023-11-24T03:35:26.951+0900 SQL 1240b2b0-8a2f-11ee-a2a8-cba766e1c103 [] Executing (default): SELECT `id`, `email`, `password`, `name` FROM `UserModel` AS `User` WHERE `User`.`id` = 382;
2023-11-24T03:35:26.984+0900 SQL 1240b2b0-8a2f-11ee-a2a8-cba766e1c103 [] Executing (default): INSERT INTO `MemoModel` (`id`,`name`,`title`,`content`,`userId`) VALUES (DEFAULT,?,?,?,?);
2023-11-24T03:35:32.960+0900 SQL 15d6d1c0-8a2f-11ee-a2a8-cba766e1c103 [] Executing (default): SELECT `id`, `email`, `password`, `name` FROM `UserModel` AS `User` WHERE `User`.`id` = 382;
2023-11-24T03:35:32.963+0900 SQL 15d6d1c0-8a2f-11ee-a2a8-cba766e1c103 [] Executing (default): SELECT `id`, `name`, `title`, `content`, `userId` FROM `MemoModel` AS `Memo` WHERE `Memo`.`id` = 249;
2023-11-24T03:35:32.966+0900 SQL 15d6d1c0-8a2f-11ee-a2a8-cba766e1c103 [] Executing (default): DELETE FROM `MemoModel` WHERE `id` = 249
2023-11-24T04:02:49.822+0900 SQL e56d2f80-8a32-11ee-a2a8-cba766e1c103 [] Executing (default): SELECT `id`, `email`, `password`, `name` FROM `UserModel` AS `User` WHERE `User`.`id` = 382;
2023-11-24T04:02:49.910+0900 SQL e56d2f80-8a32-11ee-a2a8-cba766e1c103 [] Executing (default): SELECT `Memo`.`id`, `Memo`.`name`, `Memo`.`title`, `Memo`.`content`, `Memo`.`userId`, `comments`.`id` AS `comments.id`, `comments`.`content` AS `comments.content` FROM `MemoModel` AS `Memo` LEFT OUTER JOIN `CommentModel` AS `comments` ON `Memo`.`id` = `comments`.`memoId` WHERE `Memo`.`userId` = 382;
2023-11-24T04:04:01.753+0900 SQL 104e34b0-8a33-11ee-a2a8-cba766e1c103 [] Executing (default): INSERT INTO `UserModel` (`id`,`email`,`password`,`name`) VALUES (DEFAULT,?,?,?);
2023-11-24T04:04:04.677+0900 SQL 121734e0-8a33-11ee-a2a8-cba766e1c103 [] Executing (default): SELECT `id`, `email`, `password`, `name` FROM `UserModel` AS `User` WHERE `User`.`email` = 'test@test.com' LIMIT 1;
2023-11-24T04:04:07.405+0900 SQL 13ba5d90-8a33-11ee-a2a8-cba766e1c103 [] Executing (default): SELECT `id`, `email`, `password`, `name` FROM `UserModel` AS `User` WHERE `User`.`id` = 382;
2023-11-24T04:04:07.410+0900 SQL 13ba5d90-8a33-11ee-a2a8-cba766e1c103 [] Executing (default): INSERT INTO `MemoModel` (`id`,`name`,`title`,`content`,`userId`) VALUES (DEFAULT,?,?,?,?);
2023-11-24T04:04:08.084+0900 SQL 14222010-8a33-11ee-a2a8-cba766e1c103 [] Executing (default): SELECT `id`, `email`, `password`, `name` FROM `UserModel` AS `User` WHERE `User`.`id` = 382;
2023-11-24T04:04:08.086+0900 SQL 14222010-8a33-11ee-a2a8-cba766e1c103 [] Executing (default): INSERT INTO `MemoModel` (`id`,`name`,`title`,`content`,`userId`) VALUES (DEFAULT,?,?,?,?);
2023-11-24T04:04:10.269+0900 SQL 156f87a0-8a33-11ee-a2a8-cba766e1c103 [] Executing (default): SELECT `id`, `email`, `password`, `name` FROM `UserModel` AS `User` WHERE `User`.`id` = 382;
2023-11-24T04:04:10.271+0900 SQL 156f87a0-8a33-11ee-a2a8-cba766e1c103 [] Executing (default): INSERT INTO `MemoModel` (`id`,`name`,`title`,`content`,`userId`) VALUES (DEFAULT,?,?,?,?);
2023-11-24T04:04:13.901+0900 SQL 1799e1b0-8a33-11ee-a2a8-cba766e1c103 [] Executing (default): SELECT `id`, `email`, `password`, `name` FROM `UserModel` AS `User` WHERE `User`.`id` = 382;
2023-11-24T04:04:13.904+0900 SQL 1799e1b0-8a33-11ee-a2a8-cba766e1c103 [] Executing (default): SELECT `Memo`.`id`, `Memo`.`name`, `Memo`.`title`, `Memo`.`content`, `Memo`.`userId`, `comments`.`id` AS `comments.id`, `comments`.`content` AS `comments.content` FROM `MemoModel` AS `Memo` LEFT OUTER JOIN `CommentModel` AS `comments` ON `Memo`.`id` = `comments`.`memoId` WHERE `Memo`.`userId` = 382;
2023-11-24T04:04:16.407+0900 SQL 1917f630-8a33-11ee-a2a8-cba766e1c103 [] Executing (default): SELECT `id`, `email`, `password`, `name` FROM `UserModel` AS `User` WHERE `User`.`id` = 382;
2023-11-24T04:04:16.412+0900 SQL 1917f630-8a33-11ee-a2a8-cba766e1c103 [] Executing (default): INSERT INTO `CommentModel` (`id`,`memoId`,`content`,`userId`) VALUES (DEFAULT,?,?,?);
2023-11-24T04:04:43.057+0900 SQL 28f90e40-8a33-11ee-a2a8-cba766e1c103 [] Executing (default): SELECT `id`, `email`, `password`, `name` FROM `UserModel` AS `User` WHERE `User`.`id` = 382;
2023-11-24T04:04:43.066+0900 SQL 28f90e40-8a33-11ee-a2a8-cba766e1c103 [] Executing (default): INSERT INTO `CommentModel` (`id`,`memoId`,`content`,`userId`) VALUES (DEFAULT,?,?,?);
2023-11-24T04:04:51.250+0900 SQL 2ddcbbf0-8a33-11ee-a2a8-cba766e1c103 [] Executing (default): SELECT `id`, `email`, `password`, `name` FROM `UserModel` AS `User` WHERE `User`.`id` = 382;
2023-11-24T04:04:51.253+0900 SQL 2ddcbbf0-8a33-11ee-a2a8-cba766e1c103 [] Executing (default): INSERT INTO `CommentModel` (`id`,`memoId`,`content`,`userId`) VALUES (DEFAULT,?,?,?);
2023-11-24T04:04:55.612+0900 SQL 30765290-8a33-11ee-a2a8-cba766e1c103 [] Executing (default): SELECT `id`, `email`, `password`, `name` FROM `UserModel` AS `User` WHERE `User`.`id` = 382;
2023-11-24T04:04:55.614+0900 SQL 30765290-8a33-11ee-a2a8-cba766e1c103 [] Executing (default): SELECT `Memo`.`id`, `Memo`.`name`, `Memo`.`title`, `Memo`.`content`, `Memo`.`userId`, `comments`.`id` AS `comments.id`, `comments`.`content` AS `comments.content` FROM `MemoModel` AS `Memo` LEFT OUTER JOIN `CommentModel` AS `comments` ON `Memo`.`id` = `comments`.`memoId` WHERE `Memo`.`userId` = 382;
2023-11-24T10:40:05.945+0900 SQL 64debef0-8a6a-11ee-ad9f-c3ea3fd919e6 [] Executing (default): INSERT INTO `UserModel` (`id`,`email`,`password`,`name`) VALUES (DEFAULT,?,?,?);
2023-11-24T10:40:11.753+0900 SQL 68606ba0-8a6a-11ee-ad9f-c3ea3fd919e6 [] Executing (default): SELECT `id`, `email`, `password`, `name` FROM `UserModel` AS `User` WHERE `User`.`email` = 'test@test.com' LIMIT 1;
2023-11-24T10:40:30.592+0900 SQL 739c65a0-8a6a-11ee-ad9f-c3ea3fd919e6 [] Executing (default): SELECT `id`, `email`, `password`, `name` FROM `UserModel` AS `User` WHERE `User`.`id` = 382;
2023-11-24T10:40:30.602+0900 SQL 739c65a0-8a6a-11ee-ad9f-c3ea3fd919e6 [] Executing (default): INSERT INTO `MemoModel` (`id`,`name`,`title`,`content`,`userId`) VALUES (DEFAULT,?,?,?,?);
2023-11-24T10:40:35.451+0900 SQL 7681f960-8a6a-11ee-ad9f-c3ea3fd919e6 [] Executing (default): SELECT `id`, `email`, `password`, `name` FROM `UserModel` AS `User` WHERE `User`.`id` = 382;
2023-11-24T10:40:35.462+0900 SQL 7681f960-8a6a-11ee-ad9f-c3ea3fd919e6 [] Executing (default): SELECT `Memo`.`id`, `Memo`.`name`, `Memo`.`title`, `Memo`.`content`, `Memo`.`userId`, `comments`.`id` AS `comments.id`, `comments`.`content` AS `comments.content` FROM `MemoModel` AS `Memo` LEFT OUTER JOIN `CommentModel` AS `comments` ON `Memo`.`id` = `comments`.`memoId` WHERE `Memo`.`userId` = 382;
