2023-07-19T10:14:59.426+0900 SQL ae1701c0-25d1-11ee-8469-d9d2c0f60e37 [] Executing (default): SELECT `id`, `name`, `title`, `content` FROM `MemoModel` AS `Memo`;
2023-07-19T10:15:50.484+0900 SQL cc849e60-25d1-11ee-bf65-f7f01e391916 [] Executing (default): SELECT `id`, `name`, `title`, `content` FROM `MemoModel` AS `Memo`;
2023-07-19T10:23:25.623+0900 SQL dbce8a10-25d2-11ee-b3e0-81ac13192140 [] Executing (default): SELECT `id`, `name`, `title`, `content` FROM `MemoModel` AS `Memo`;
2023-07-19T10:29:16.018+0900 SQL aca892c0-25d3-11ee-bb5f-41953e964dcc [] Executing (default): SELECT `id`, `name`, `title`, `content` FROM `MemoModel` AS `Memo`;
2023-07-19T10:55:44.207+0900 SQL 5f49ea20-25d7-11ee-a93b-abaa974129f6 [] Executing (default): INSERT INTO `MemoModel` (`id`,`name`,`title`,`content`) VALUES (DEFAULT,?,?,?);
2023-07-19T10:56:03.399+0900 SQL 6ab77b70-25d7-11ee-a93b-abaa974129f6 [] Executing (default): SELECT `id`, `name`, `title`, `content` FROM `MemoModel` AS `Memo`;
2023-07-19T11:12:50.374+0900 SQL c2ee9290-25d9-11ee-be8f-599b3893f886 [] Executing (default): INSERT INTO `MemoModel` (`id`,`name`,`title`,`content`) VALUES (DEFAULT,?,?,?);
2023-07-19T11:13:05.436+0900 SQL cbe6de20-25d9-11ee-be8f-599b3893f886 [] Executing (default): SELECT `id`, `name`, `title`, `content` FROM `MemoModel` AS `Memo`;
2023-07-19T13:59:51.995+0900 SQL 184a1b80-25f1-11ee-b7cb-398098efea1e [] Executing (default): SELECT `id`, `name`, `title`, `content` FROM `MemoModel` AS `Memo`;
2023-07-19T14:00:10.118+0900 SQL 2314b610-25f1-11ee-b7cb-398098efea1e [] Executing (default): INSERT INTO `MemoModel` (`id`,`name`,`title`,`content`) VALUES (DEFAULT,?,?,?);
2023-07-19T14:00:12.432+0900 SQL 247816a0-25f1-11ee-b7cb-398098efea1e [] Executing (default): SELECT `id`, `name`, `title`, `content` FROM `MemoModel` AS `Memo`;
2023-07-19T14:00:16.667+0900 SQL 26fee890-25f1-11ee-b7cb-398098efea1e [] Executing (default): INSERT INTO `MemoModel` (`id`,`name`,`title`,`content`) VALUES (DEFAULT,?,?,?);
2023-07-19T14:00:18.152+0900 SQL 27e1a770-25f1-11ee-b7cb-398098efea1e [] Executing (default): SELECT `id`, `name`, `title`, `content` FROM `MemoModel` AS `Memo`;
2023-07-19T14:00:54.011+0900 SQL 3d3b5a30-25f1-11ee-b7cb-398098efea1e [] Executing (default): SELECT `id`, `name`, `title`, `content` FROM `MemoModel` AS `Memo` WHERE `Memo`.`id` = '[object Object]' LIMIT 1;
2023-07-19T14:01:11.494+0900 SQL 47abede0-25f1-11ee-b7cb-398098efea1e [] Executing (default): SELECT `id`, `name`, `title`, `content` FROM `MemoModel` AS `Memo`;
2023-07-19T14:02:06.620+0900 SQL 6885cf90-25f1-11ee-b7cb-398098efea1e [] Executing (default): SELECT `id`, `name`, `title`, `content` FROM `MemoModel` AS `Memo` WHERE `Memo`.`id` = '[object Object]' LIMIT 1;
2023-07-19T14:02:10.553+0900 SQL 6ae08870-25f1-11ee-b7cb-398098efea1e [] Executing (default): SELECT `id`, `name`, `title`, `content` FROM `MemoModel` AS `Memo`;
2023-07-19T14:02:12.456+0900 SQL 6c02e860-25f1-11ee-b7cb-398098efea1e [] Executing (default): SELECT `id`, `name`, `title`, `content` FROM `MemoModel` AS `Memo`;
2023-07-19T14:02:40.494+0900 SQL 7cb75600-25f1-11ee-b7cb-398098efea1e [] Executing (default): SELECT `id`, `name`, `title`, `content` FROM `MemoModel` AS `Memo` WHERE `Memo`.`id` = '[object Object]' LIMIT 1;
2023-07-19T14:02:49.987+0900 SQL 826160f0-25f1-11ee-b7cb-398098efea1e [] Executing (default): SELECT `id`, `name`, `title`, `content` FROM `MemoModel` AS `Memo` WHERE `Memo`.`id` = '[object Object]' LIMIT 1;
2023-07-19T14:07:45.847+0900 SQL 32b79730-25f2-11ee-aea8-e58fd3710b1f [] Executing (default): SELECT `id`, `name`, `title`, `content` FROM `MemoModel` AS `Memo`;
2023-07-19T14:09:24.368+0900 SQL 6d6f7b40-25f2-11ee-aea8-e58fd3710b1f [] Executing (default): SELECT `id`, `name`, `title`, `content` FROM `MemoModel` AS `Memo` WHERE `Memo`.`id` = '[object Object]' LIMIT 1;
2023-07-19T14:09:32.482+0900 SQL 72498c00-25f2-11ee-aea8-e58fd3710b1f [] Executing (default): SELECT `id`, `name`, `title`, `content` FROM `MemoModel` AS `Memo`;
2023-07-19T14:09:33.339+0900 SQL 72cc77a0-25f2-11ee-aea8-e58fd3710b1f [] Executing (default): SELECT `id`, `name`, `title`, `content` FROM `MemoModel` AS `Memo`;
2023-07-19T14:09:34.056+0900 SQL 7339df70-25f2-11ee-aea8-e58fd3710b1f [] Executing (default): SELECT `id`, `name`, `title`, `content` FROM `MemoModel` AS `Memo`;
2023-07-19T14:09:45.981+0900 SQL 7a5358e0-25f2-11ee-aea8-e58fd3710b1f [] Executing (default): SELECT `id`, `name`, `title`, `content` FROM `MemoModel` AS `Memo` WHERE `Memo`.`id` = '[object Object]' LIMIT 1;
2023-07-19T14:09:49.482+0900 SQL 7c6b8a80-25f2-11ee-aea8-e58fd3710b1f [] Executing (default): SELECT `id`, `name`, `title`, `content` FROM `MemoModel` AS `Memo` WHERE `Memo`.`id` = '[object Object]' LIMIT 1;
2023-07-19T14:10:55.221+0900 SQL a3981330-25f2-11ee-aea8-e58fd3710b1f [] Executing (default): SELECT `id`, `name`, `title`, `content` FROM `MemoModel` AS `Memo` WHERE `Memo`.`id` = 146;
2023-07-19T14:11:05.536+0900 SQL a9bf1650-25f2-11ee-aea8-e58fd3710b1f [] Executing (default): SELECT `id`, `name`, `title`, `content` FROM `MemoModel` AS `Memo` WHERE `Memo`.`id` = '[object Object]' LIMIT 1;
2023-07-19T14:11:08.448+0900 SQL ab7ccbe0-25f2-11ee-aea8-e58fd3710b1f [] Executing (default): SELECT `id`, `name`, `title`, `content` FROM `MemoModel` AS `Memo` WHERE `Memo`.`id` = 146;
2023-07-19T14:14:15.211+0900 SQL 1acb3630-25f3-11ee-a638-63d4a93283db [] Executing (default): SELECT `id`, `name`, `title`, `content` FROM `MemoModel` AS `Memo` WHERE `Memo`.`id` = 146;
2023-07-19T14:14:25.484+0900 SQL 20ed3040-25f3-11ee-a638-63d4a93283db [] Executing (default): SELECT `id`, `name`, `title`, `content` FROM `MemoModel` AS `Memo` WHERE `Memo`.`id` = '[object Object]' LIMIT 1;
2023-07-19T14:14:28.933+0900 SQL 22fc6130-25f3-11ee-a638-63d4a93283db [] Executing (default): SELECT `id`, `name`, `title`, `content` FROM `MemoModel` AS `Memo` WHERE `Memo`.`id` = 146;
2023-07-19T14:18:14.081+0900 SQL a92b6c60-25f3-11ee-912b-21ea6c3de331 [] Executing (default): SELECT `id`, `name`, `title`, `content` FROM `MemoModel` AS `Memo` WHERE `Memo`.`id` = 146;
2023-07-19T14:18:25.131+0900 SQL afc49240-25f3-11ee-912b-21ea6c3de331 [] Executing (default): SELECT `id`, `name`, `title`, `content` FROM `MemoModel` AS `Memo` WHERE `Memo`.`id` = '[object Object]' LIMIT 1;
2023-07-19T14:18:59.346+0900 SQL c4253f00-25f3-11ee-912b-21ea6c3de331 [] Executing (default): SELECT `id`, `name`, `title`, `content` FROM `MemoModel` AS `Memo` WHERE `Memo`.`id` = 146;
2023-07-19T14:19:04.628+0900 SQL c7504030-25f3-11ee-912b-21ea6c3de331 [] Executing (default): SELECT `id`, `name`, `title`, `content` FROM `MemoModel` AS `Memo` WHERE `Memo`.`id` = 146;
2023-07-19T14:21:53.607+0900 SQL 2c072de0-25f4-11ee-97ee-f9ff1aeafd12 [] Executing (default): SELECT `id`, `name`, `title`, `content` FROM `MemoModel` AS `Memo` WHERE `Memo`.`id` = 146;
2023-07-19T14:31:40.170+0900 SQL 89a485a0-25f5-11ee-9806-a7001d77df53 [] Executing (default): SELECT `id`, `name`, `title`, `content` FROM `MemoModel` AS `Memo` WHERE `Memo`.`id` = 146;
2023-07-19T14:31:41.559+0900 SQL 8a7a7340-25f5-11ee-9806-a7001d77df53 [] Executing (default): SELECT `id`, `name`, `title`, `content` FROM `MemoModel` AS `Memo` WHERE `Memo`.`id` = 146;
2023-07-19T14:31:42.206+0900 SQL 8add2cb0-25f5-11ee-9806-a7001d77df53 [] Executing (default): SELECT `id`, `name`, `title`, `content` FROM `MemoModel` AS `Memo` WHERE `Memo`.`id` = 146;
2023-07-19T14:31:42.832+0900 SQL 8b3cd8e0-25f5-11ee-9806-a7001d77df53 [] Executing (default): SELECT `id`, `name`, `title`, `content` FROM `MemoModel` AS `Memo` WHERE `Memo`.`id` = 146;
2023-07-19T14:31:46.448+0900 SQL 8d649ae0-25f5-11ee-9806-a7001d77df53 [] Executing (default): SELECT `id`, `name`, `title`, `content` FROM `MemoModel` AS `Memo`;
2023-07-19T14:31:52.106+0900 SQL 90c3f280-25f5-11ee-9806-a7001d77df53 [] Executing (default): SELECT `id`, `name`, `title`, `content` FROM `MemoModel` AS `Memo` WHERE `Memo`.`id` = 146;
2023-07-19T14:37:16.902+0900 SQL 525b6d10-25f6-11ee-95d6-9f8dcfe9fecb [] Executing (default): SELECT `id`, `name`, `title`, `content` FROM `MemoModel` AS `Memo` WHERE `Memo`.`id` = 146;
2023-07-19T15:28:49.752+0900 SQL 85d582a0-25fd-11ee-844f-8577fbfa3db6 [] Executing (default): SELECT `id`, `name`, `title`, `content` FROM `MemoModel` AS `Memo` WHERE `Memo`.`id` = 146;
2023-07-19T15:29:07.374+0900 SQL 90572d50-25fd-11ee-844f-8577fbfa3db6 [] Executing (default): SELECT `id`, `name`, `title`, `content` FROM `MemoModel` AS `Memo` WHERE `Memo`.`id` = 144;
2023-07-19T15:29:07.391+0900 SQL 90572d50-25fd-11ee-844f-8577fbfa3db6 [] Executing (default): UPDATE `MemoModel` SET `title`=?,`content`=? WHERE `id` = ?
2023-07-19T15:29:12.989+0900 SQL 93b0b890-25fd-11ee-844f-8577fbfa3db6 [] Executing (default): SELECT `id`, `name`, `title`, `content` FROM `MemoModel` AS `Memo` WHERE `Memo`.`id` = 146;
2023-07-19T15:29:14.258+0900 SQL 9472a900-25fd-11ee-844f-8577fbfa3db6 [] Executing (default): SELECT `id`, `name`, `title`, `content` FROM `MemoModel` AS `Memo` WHERE `Memo`.`id` = 146;
2023-07-19T15:29:16.861+0900 SQL 95ffd8b0-25fd-11ee-844f-8577fbfa3db6 [] Executing (default): SELECT `id`, `name`, `title`, `content` FROM `MemoModel` AS `Memo` WHERE `Memo`.`id` = 143;
2023-07-19T15:29:30.840+0900 SQL 9e53cdf0-25fd-11ee-9297-cd78d9e7583d [] Executing (default): SELECT `id`, `name`, `title`, `content` FROM `MemoModel` AS `Memo` WHERE `Memo`.`id` = 144;
2023-07-19T15:36:20.639+0900 SQL 9294f2e0-25fe-11ee-9112-872af0e76898 [] Executing (default): SELECT `id`, `name`, `title`, `content` FROM `MemoModel` AS `Memo`;
2023-07-19T15:38:17.151+0900 SQL d8057020-25fe-11ee-9112-872af0e76898 [] Executing (default): SELECT `id`, `name`, `title`, `content` FROM `MemoModel` AS `Memo` WHERE `Memo`.`id` = 146;
2023-07-19T15:38:17.165+0900 SQL d8057020-25fe-11ee-9112-872af0e76898 [] Executing (default): DELETE FROM `MemoModel` WHERE `id` = 146
2023-07-19T15:38:26.961+0900 SQL dde24ae0-25fe-11ee-9112-872af0e76898 [] Executing (default): SELECT `id`, `name`, `title`, `content` FROM `MemoModel` AS `Memo`;
2023-07-19T15:38:56.447+0900 SQL ef7112f0-25fe-11ee-9112-872af0e76898 [] Executing (default): SELECT `id`, `name`, `title`, `content` FROM `MemoModel` AS `Memo` WHERE `Memo`.`id` = 146;
2023-07-19T15:38:58.753+0900 SQL f0d584f0-25fe-11ee-9112-872af0e76898 [] Executing (default): SELECT `id`, `name`, `title`, `content` FROM `MemoModel` AS `Memo`;
2023-07-19T15:39:04.992+0900 SQL f48d5cd0-25fe-11ee-9112-872af0e76898 [] Executing (default): SELECT `id`, `name`, `title`, `content` FROM `MemoModel` AS `Memo` WHERE `Memo`.`id` = 146;
2023-07-19T15:40:52.127+0900 SQL 34655b50-25ff-11ee-bd3c-2b5ab91f6216 [] Executing (default): SELECT `id`, `name`, `title`, `content` FROM `MemoModel` AS `Memo`;
2023-07-19T16:42:27.717+0900 SQL cf255160-2607-11ee-9b2a-61a8d54b8d8f [] Executing (default): SELECT `id`, `name`, `title`, `content` FROM `MemoModel` AS `Memo`;
2023-07-19T16:59:21.242+0900 SQL 2b420720-260a-11ee-ba16-63905e348f80 [] Executing (default): INSERT INTO `MemoModel` (`id`,`name`,`title`,`content`) VALUES (DEFAULT,?,?,?);
2023-07-19T16:59:24.840+0900 SQL 2d67f460-260a-11ee-ba16-63905e348f80 [] Executing (default): INSERT INTO `MemoModel` (`id`,`name`,`title`,`content`) VALUES (DEFAULT,?,?,?);
2023-07-19T16:59:25.164+0900 SQL 2d98ef70-260a-11ee-ba16-63905e348f80 [] Executing (default): INSERT INTO `MemoModel` (`id`,`name`,`title`,`content`) VALUES (DEFAULT,?,?,?);
2023-07-19T16:59:25.516+0900 SQL 2dcf41b0-260a-11ee-ba16-63905e348f80 [] Executing (default): INSERT INTO `MemoModel` (`id`,`name`,`title`,`content`) VALUES (DEFAULT,?,?,?);
2023-07-19T16:59:25.843+0900 SQL 2e00d900-260a-11ee-ba16-63905e348f80 [] Executing (default): INSERT INTO `MemoModel` (`id`,`name`,`title`,`content`) VALUES (DEFAULT,?,?,?);
2023-07-19T16:59:26.193+0900 SQL 2e3667f0-260a-11ee-ba16-63905e348f80 [] Executing (default): INSERT INTO `MemoModel` (`id`,`name`,`title`,`content`) VALUES (DEFAULT,?,?,?);
2023-07-19T16:59:43.456+0900 SQL 387f2850-260a-11ee-ba16-63905e348f80 [] Executing (default): SELECT `id`, `name`, `title`, `content` FROM `MemoModel` AS `Memo`;
2023-07-19T16:59:50.911+0900 SQL 3cedf420-260a-11ee-ba16-63905e348f80 [] Executing (default): INSERT INTO `MemoModel` (`id`,`name`,`title`,`content`) VALUES (DEFAULT,?,?,?);
2023-07-19T16:59:51.742+0900 SQL 3d70b8b0-260a-11ee-ba16-63905e348f80 [] Executing (default): INSERT INTO `MemoModel` (`id`,`name`,`title`,`content`) VALUES (DEFAULT,?,?,?);
2023-07-19T16:59:51.966+0900 SQL 3d92bfa0-260a-11ee-ba16-63905e348f80 [] Executing (default): INSERT INTO `MemoModel` (`id`,`name`,`title`,`content`) VALUES (DEFAULT,?,?,?);
2023-07-19T16:59:52.169+0900 SQL 3db1b950-260a-11ee-ba16-63905e348f80 [] Executing (default): INSERT INTO `MemoModel` (`id`,`name`,`title`,`content`) VALUES (DEFAULT,?,?,?);
2023-07-19T16:59:52.382+0900 SQL 3dd260b0-260a-11ee-ba16-63905e348f80 [] Executing (default): INSERT INTO `MemoModel` (`id`,`name`,`title`,`content`) VALUES (DEFAULT,?,?,?);
2023-07-19T16:59:52.579+0900 SQL 3df048f0-260a-11ee-ba16-63905e348f80 [] Executing (default): INSERT INTO `MemoModel` (`id`,`name`,`title`,`content`) VALUES (DEFAULT,?,?,?);
2023-07-19T16:59:52.781+0900 SQL 3e0f69b0-260a-11ee-ba16-63905e348f80 [] Executing (default): INSERT INTO `MemoModel` (`id`,`name`,`title`,`content`) VALUES (DEFAULT,?,?,?);
2023-07-19T16:59:52.959+0900 SQL 3e2a92d0-260a-11ee-ba16-63905e348f80 [] Executing (default): INSERT INTO `MemoModel` (`id`,`name`,`title`,`content`) VALUES (DEFAULT,?,?,?);
2023-07-19T16:59:53.145+0900 SQL 3e471b80-260a-11ee-ba16-63905e348f80 [] Executing (default): INSERT INTO `MemoModel` (`id`,`name`,`title`,`content`) VALUES (DEFAULT,?,?,?);
2023-07-19T16:59:53.325+0900 SQL 3e6244a0-260a-11ee-ba16-63905e348f80 [] Executing (default): INSERT INTO `MemoModel` (`id`,`name`,`title`,`content`) VALUES (DEFAULT,?,?,?);
2023-07-19T16:59:53.507+0900 SQL 3e7e5820-260a-11ee-ba16-63905e348f80 [] Executing (default): INSERT INTO `MemoModel` (`id`,`name`,`title`,`content`) VALUES (DEFAULT,?,?,?);
2023-07-19T16:59:53.711+0900 SQL 3e9d2ac0-260a-11ee-ba16-63905e348f80 [] Executing (default): INSERT INTO `MemoModel` (`id`,`name`,`title`,`content`) VALUES (DEFAULT,?,?,?);
2023-07-19T16:59:53.893+0900 SQL 3eb93e40-260a-11ee-ba16-63905e348f80 [] Executing (default): INSERT INTO `MemoModel` (`id`,`name`,`title`,`content`) VALUES (DEFAULT,?,?,?);
2023-07-19T16:59:54.065+0900 SQL 3ed32ee0-260a-11ee-ba16-63905e348f80 [] Executing (default): INSERT INTO `MemoModel` (`id`,`name`,`title`,`content`) VALUES (DEFAULT,?,?,?);
2023-07-19T16:59:56.436+0900 SQL 403ca9f0-260a-11ee-ba16-63905e348f80 [] Executing (default): SELECT `id`, `name`, `title`, `content` FROM `MemoModel` AS `Memo`;
2023-07-19T17:00:05.766+0900 SQL 45cc00f0-260a-11ee-ba16-63905e348f80 [] Executing (default): INSERT INTO `MemoModel` (`id`,`name`,`title`,`content`) VALUES (DEFAULT,?,?,?);
2023-07-19T17:00:06.352+0900 SQL 46262ee0-260a-11ee-ba16-63905e348f80 [] Executing (default): INSERT INTO `MemoModel` (`id`,`name`,`title`,`content`) VALUES (DEFAULT,?,?,?);
2023-07-19T17:00:06.693+0900 SQL 465a5e40-260a-11ee-ba16-63905e348f80 [] Executing (default): INSERT INTO `MemoModel` (`id`,`name`,`title`,`content`) VALUES (DEFAULT,?,?,?);
2023-07-19T17:00:06.978+0900 SQL 4685b400-260a-11ee-ba16-63905e348f80 [] Executing (default): INSERT INTO `MemoModel` (`id`,`name`,`title`,`content`) VALUES (DEFAULT,?,?,?);
2023-07-19T17:00:07.260+0900 SQL 46b0bba0-260a-11ee-ba16-63905e348f80 [] Executing (default): INSERT INTO `MemoModel` (`id`,`name`,`title`,`content`) VALUES (DEFAULT,?,?,?);
2023-07-19T17:00:07.529+0900 SQL 46d9a060-260a-11ee-ba16-63905e348f80 [] Executing (default): INSERT INTO `MemoModel` (`id`,`name`,`title`,`content`) VALUES (DEFAULT,?,?,?);
2023-07-19T17:00:07.933+0900 SQL 47176cb0-260a-11ee-ba16-63905e348f80 [] Executing (default): INSERT INTO `MemoModel` (`id`,`name`,`title`,`content`) VALUES (DEFAULT,?,?,?);
2023-07-19T17:00:12.369+0900 SQL 49bc26e0-260a-11ee-ba16-63905e348f80 [] Executing (default): SELECT `id`, `name`, `title`, `content` FROM `MemoModel` AS `Memo`;
2023-07-19T17:00:31.289+0900 SQL 55016fb0-260a-11ee-ba16-63905e348f80 [] Executing (default): SELECT `id`, `name`, `title`, `content` FROM `MemoModel` AS `Memo` WHERE `Memo`.`id` = NaN;
2023-07-19T17:01:09.559+0900 SQL 6bd195d0-260a-11ee-be30-49dab7f44e99 [] Executing (default): SELECT `id`, `name`, `title`, `content` FROM `MemoModel` AS `Memo` WHERE `Memo`.`id` = 148;
2023-07-19T17:01:09.580+0900 SQL 6bd195d0-260a-11ee-be30-49dab7f44e99 [] Executing (default): UPDATE `MemoModel` SET `name`=?,`title`=?,`content`=? WHERE `id` = ?
2023-07-19T17:01:32.338+0900 SQL 7963dbe0-260a-11ee-be30-49dab7f44e99 [] Executing (default): SELECT `id`, `name`, `title`, `content` FROM `MemoModel` AS `Memo`;
2023-07-19T17:08:14.604+0900 SQL 692915a0-260b-11ee-be30-49dab7f44e99 [] Executing (default): SELECT `id`, `name`, `title`, `content` FROM `MemoModel` AS `Memo`;
2023-07-19T17:08:17.456+0900 SQL 6ade66c0-260b-11ee-be30-49dab7f44e99 [] Executing (default): SELECT `id`, `name`, `title`, `content` FROM `MemoModel` AS `Memo` WHERE `Memo`.`id` = 1;
2023-07-19T17:10:08.623+0900 SQL ad1ae220-260b-11ee-ba5d-014b9775eeab [] Executing (default): SELECT `id`, `name`, `title`, `content` FROM `MemoModel` AS `Memo`;
2023-07-19T17:10:12.386+0900 SQL af5f7af0-260b-11ee-ba5d-014b9775eeab [] Executing (default): SELECT `id`, `name`, `title`, `content` FROM `MemoModel` AS `Memo`;
2023-07-19T17:10:19.663+0900 SQL b3b58ea0-260b-11ee-ba5d-014b9775eeab [] Executing (default): SELECT `id`, `name`, `title`, `content` FROM `MemoModel` AS `Memo` WHERE `Memo`.`id` = 174;
2023-07-19T17:10:24.139+0900 SQL b660ff90-260b-11ee-ba5d-014b9775eeab [] Executing (default): SELECT `id`, `name`, `title`, `content` FROM `MemoModel` AS `Memo`;
