2023-07-27T08:57:20.242+0900 SQL 2841bdc0-2c10-11ee-8539-298235886d7e [] Executing (default): INSERT INTO `UserModel` (`id`,`email`,`password`,`name`) VALUES (DEFAULT,?,?,?);
2023-07-27T08:57:20.342+0900 SQL 28551eb0-2c10-11ee-8539-298235886d7e [] Executing (default): INSERT INTO `UserModel` (`id`,`email`,`password`,`name`) VALUES (DEFAULT,?,?,?);
2023-07-27T08:57:20.347+0900 SQL 285e9490-2c10-11ee-8539-298235886d7e [] Executing (default): SELECT `id`, `email`, `password`, `name` FROM `UserModel` AS `User` WHERE `User`.`email` = 'test@example.com' LIMIT 1;
2023-07-27T08:57:20.415+0900 SQL 28691be0-2c10-11ee-8539-298235886d7e [] Executing (default): SELECT `id`, `email`, `password`, `name` FROM `UserModel` AS `User` WHERE `User`.`email` = 'raraaa' LIMIT 1;
2023-07-27T08:57:20.476+0900 SQL 287243a0-2c10-11ee-8539-298235886d7e [] Executing (default): SELECT `id`, `email`, `password`, `name` FROM `UserModel` AS `User` WHERE `User`.`id` = 168;
2023-07-27T08:57:20.478+0900 SQL 287243a0-2c10-11ee-8539-298235886d7e [] Executing (default): INSERT INTO `MemoModel` (`id`,`name`,`title`,`content`,`userId`) VALUES (DEFAULT,?,?,?,?);
2023-07-27T08:57:20.486+0900 SQL 28741860-2c10-11ee-8539-298235886d7e [] Executing (default): SELECT `id`, `email`, `password`, `name` FROM `UserModel` AS `User` WHERE `User`.`email` = 'raraaa' LIMIT 1;
2023-07-27T08:57:20.546+0900 SQL 00000000-0000-0000-0000-000000000000 [] Executing (default): INSERT INTO `MemoModel` (`id`,`name`,`title`,`content`,`userId`) VALUES (NULL,'Memo1','Test Memo 1','This is a test memo 1',168);
2023-07-27T08:57:20.549+0900 SQL 287d8e40-2c10-11ee-8539-298235886d7e [] Executing (default): SELECT `id`, `email`, `password`, `name` FROM `UserModel` AS `User` WHERE `User`.`id` = 168;
2023-07-27T08:57:20.550+0900 SQL 287d8e40-2c10-11ee-8539-298235886d7e [] Executing (default): SELECT `id`, `name`, `title`, `content`, `userId` FROM `MemoModel` AS `Memo` WHERE `Memo`.`userId` = 168;
2023-07-27T08:57:49.754+0900 SQL 39dc45a0-2c10-11ee-b2dd-639aa7934fda [] Executing (default): INSERT INTO `UserModel` (`id`,`email`,`password`,`name`) VALUES (DEFAULT,?,?,?);
2023-07-27T08:57:49.825+0900 SQL 39e80570-2c10-11ee-b2dd-639aa7934fda [] Executing (default): INSERT INTO `UserModel` (`id`,`email`,`password`,`name`) VALUES (DEFAULT,?,?,?);
2023-07-27T08:57:49.830+0900 SQL 39f15440-2c10-11ee-b2dd-639aa7934fda [] Executing (default): SELECT `id`, `email`, `password`, `name` FROM `UserModel` AS `User` WHERE `User`.`email` = 'test@example.com' LIMIT 1;
2023-07-27T08:57:49.892+0900 SQL 39faf130-2c10-11ee-b2dd-639aa7934fda [] Executing (default): SELECT `id`, `email`, `password`, `name` FROM `UserModel` AS `User` WHERE `User`.`email` = 'raraaa' LIMIT 1;
2023-07-27T08:57:49.952+0900 SQL 3a0418f0-2c10-11ee-b2dd-639aa7934fda [] Executing (default): SELECT `id`, `email`, `password`, `name` FROM `UserModel` AS `User` WHERE `User`.`id` = 168;
2023-07-27T08:57:49.954+0900 SQL 3a0418f0-2c10-11ee-b2dd-639aa7934fda [] Executing (default): INSERT INTO `MemoModel` (`id`,`name`,`title`,`content`,`userId`) VALUES (DEFAULT,?,?,?,?);
2023-07-27T08:57:49.962+0900 SQL 3a059f90-2c10-11ee-b2dd-639aa7934fda [] Executing (default): SELECT `id`, `email`, `password`, `name` FROM `UserModel` AS `User` WHERE `User`.`email` = 'raraaa' LIMIT 1;
2023-07-27T08:57:50.021+0900 SQL 00000000-0000-0000-0000-000000000000 [] Executing (default): INSERT INTO `MemoModel` (`id`,`name`,`title`,`content`,`userId`) VALUES (NULL,'Memo1','Test Memo 1','This is a test memo 1',168);
2023-07-27T08:57:50.025+0900 SQL 3a0f3c80-2c10-11ee-b2dd-639aa7934fda [] Executing (default): SELECT `id`, `email`, `password`, `name` FROM `UserModel` AS `User` WHERE `User`.`id` = 168;
2023-07-27T08:57:50.026+0900 SQL 3a0f3c80-2c10-11ee-b2dd-639aa7934fda [] Executing (default): SELECT `id`, `name`, `title`, `content`, `userId` FROM `MemoModel` AS `Memo` WHERE `Memo`.`userId` = 168;
2023-07-27T08:58:12.040+0900 SQL 4724b170-2c10-11ee-8403-b91d3387326f [] Executing (default): INSERT INTO `UserModel` (`id`,`email`,`password`,`name`) VALUES (DEFAULT,?,?,?);
2023-07-27T08:58:12.108+0900 SQL 47304a30-2c10-11ee-8403-b91d3387326f [] Executing (default): INSERT INTO `UserModel` (`id`,`email`,`password`,`name`) VALUES (DEFAULT,?,?,?);
2023-07-27T08:58:12.113+0900 SQL 473971f0-2c10-11ee-8403-b91d3387326f [] Executing (default): SELECT `id`, `email`, `password`, `name` FROM `UserModel` AS `User` WHERE `User`.`email` = 'test@example.com' LIMIT 1;
2023-07-27T08:58:12.174+0900 SQL 4742e7d0-2c10-11ee-8403-b91d3387326f [] Executing (default): SELECT `id`, `email`, `password`, `name` FROM `UserModel` AS `User` WHERE `User`.`email` = 'raraaa' LIMIT 1;
2023-07-27T08:58:12.234+0900 SQL 474c0f90-2c10-11ee-8403-b91d3387326f [] Executing (default): SELECT `id`, `email`, `password`, `name` FROM `UserModel` AS `User` WHERE `User`.`id` = 168;
2023-07-27T08:58:12.236+0900 SQL 474c0f90-2c10-11ee-8403-b91d3387326f [] Executing (default): INSERT INTO `MemoModel` (`id`,`name`,`title`,`content`,`userId`) VALUES (DEFAULT,?,?,?,?);
2023-07-27T08:58:12.244+0900 SQL 474dbd40-2c10-11ee-8403-b91d3387326f [] Executing (default): SELECT `id`, `email`, `password`, `name` FROM `UserModel` AS `User` WHERE `User`.`email` = 'raraaa' LIMIT 1;
2023-07-27T08:58:12.303+0900 SQL 00000000-0000-0000-0000-000000000000 [] Executing (default): INSERT INTO `MemoModel` (`id`,`name`,`title`,`content`,`userId`) VALUES (NULL,'Memo1','Test Memo 1','This is a test memo 1',168);
2023-07-27T08:58:12.306+0900 SQL 47570c10-2c10-11ee-8403-b91d3387326f [] Executing (default): SELECT `id`, `email`, `password`, `name` FROM `UserModel` AS `User` WHERE `User`.`id` = 168;
2023-07-27T08:58:12.307+0900 SQL 47570c10-2c10-11ee-8403-b91d3387326f [] Executing (default): SELECT `id`, `name`, `title`, `content`, `userId` FROM `MemoModel` AS `Memo` WHERE `Memo`.`userId` = 168;
2023-07-27T08:58:21.563+0900 SQL 4cd23ed0-2c10-11ee-bda8-ed6606af3b29 [] Executing (default): INSERT INTO `UserModel` (`id`,`email`,`password`,`name`) VALUES (DEFAULT,?,?,?);
2023-07-27T08:58:21.631+0900 SQL 4cdd6260-2c10-11ee-bda8-ed6606af3b29 [] Executing (default): INSERT INTO `UserModel` (`id`,`email`,`password`,`name`) VALUES (DEFAULT,?,?,?);
2023-07-27T08:58:21.636+0900 SQL 4ce68a20-2c10-11ee-bda8-ed6606af3b29 [] Executing (default): SELECT `id`, `email`, `password`, `name` FROM `UserModel` AS `User` WHERE `User`.`email` = 'test@example.com' LIMIT 1;
2023-07-27T08:58:21.696+0900 SQL 4cf00000-2c10-11ee-bda8-ed6606af3b29 [] Executing (default): SELECT `id`, `email`, `password`, `name` FROM `UserModel` AS `User` WHERE `User`.`email` = 'raraaa' LIMIT 1;
2023-07-27T08:58:21.757+0900 SQL 4cf900b0-2c10-11ee-bda8-ed6606af3b29 [] Executing (default): SELECT `id`, `email`, `password`, `name` FROM `UserModel` AS `User` WHERE `User`.`id` = 168;
2023-07-27T08:58:21.758+0900 SQL 4cf900b0-2c10-11ee-bda8-ed6606af3b29 [] Executing (default): INSERT INTO `MemoModel` (`id`,`name`,`title`,`content`,`userId`) VALUES (DEFAULT,?,?,?,?);
2023-07-27T08:58:21.765+0900 SQL 4cfa8750-2c10-11ee-bda8-ed6606af3b29 [] Executing (default): SELECT `id`, `email`, `password`, `name` FROM `UserModel` AS `User` WHERE `User`.`email` = 'raraaa' LIMIT 1;
2023-07-27T08:58:21.825+0900 SQL 00000000-0000-0000-0000-000000000000 [] Executing (default): INSERT INTO `MemoModel` (`id`,`name`,`title`,`content`,`userId`) VALUES (NULL,'Memo1','Test Memo 1','This is a test memo 1',168);
2023-07-27T08:58:21.827+0900 SQL 4d03fd30-2c10-11ee-bda8-ed6606af3b29 [] Executing (default): SELECT `id`, `email`, `password`, `name` FROM `UserModel` AS `User` WHERE `User`.`id` = 168;
2023-07-27T08:58:21.828+0900 SQL 4d03fd30-2c10-11ee-bda8-ed6606af3b29 [] Executing (default): SELECT `id`, `name`, `title`, `content`, `userId` FROM `MemoModel` AS `Memo` WHERE `Memo`.`userId` = 168;
2023-07-27T10:03:45.597+0900 SQL 6fb85520-2c19-11ee-84fe-9bd72193c466 [] Executing (default): INSERT INTO `UserModel` (`id`,`email`,`password`,`name`) VALUES (DEFAULT,?,?,?);
2023-07-27T10:03:45.688+0900 SQL 6fc8a8d0-2c19-11ee-84fe-9bd72193c466 [] Executing (default): INSERT INTO `UserModel` (`id`,`email`,`password`,`name`) VALUES (DEFAULT,?,?,?);
2023-07-27T10:03:45.693+0900 SQL 6fd21eb0-2c19-11ee-84fe-9bd72193c466 [] Executing (default): SELECT `id`, `email`, `password`, `name` FROM `UserModel` AS `User` WHERE `User`.`email` = 'test@example.com' LIMIT 1;
2023-07-27T10:03:45.761+0900 SQL 6fdccd10-2c19-11ee-84fe-9bd72193c466 [] Executing (default): SELECT `id`, `email`, `password`, `name` FROM `UserModel` AS `User` WHERE `User`.`email` = 'raraaa' LIMIT 1;
2023-07-27T10:03:45.822+0900 SQL 6fe5f4d0-2c19-11ee-84fe-9bd72193c466 [] Executing (default): SELECT `id`, `email`, `password`, `name` FROM `UserModel` AS `User` WHERE `User`.`id` = 168;
2023-07-27T10:03:45.825+0900 SQL 6fe5f4d0-2c19-11ee-84fe-9bd72193c466 [] Executing (default): INSERT INTO `MemoModel` (`id`,`name`,`title`,`content`,`userId`) VALUES (DEFAULT,?,?,?,?);
2023-07-27T10:03:45.833+0900 SQL 6fe7c990-2c19-11ee-84fe-9bd72193c466 [] Executing (default): SELECT `id`, `email`, `password`, `name` FROM `UserModel` AS `User` WHERE `User`.`email` = 'raraaa' LIMIT 1;
2023-07-27T10:03:45.893+0900 SQL 00000000-0000-0000-0000-000000000000 [] Executing (default): INSERT INTO `MemoModel` (`id`,`name`,`title`,`content`,`userId`) VALUES (NULL,'Memo1','Test Memo 1','This is a test memo 1',168);
2023-07-27T10:03:45.895+0900 SQL 6ff13f70-2c19-11ee-84fe-9bd72193c466 [] Executing (default): SELECT `id`, `email`, `password`, `name` FROM `UserModel` AS `User` WHERE `User`.`id` = 168;
2023-07-27T10:03:45.897+0900 SQL 6ff13f70-2c19-11ee-84fe-9bd72193c466 [] Executing (default): SELECT `id`, `name`, `title`, `content`, `userId` FROM `MemoModel` AS `Memo` WHERE `Memo`.`userId` = 168;
2023-07-27T10:30:56.548+0900 SQL 3bd45930-2c1d-11ee-a140-9fd0d79acb4e [] Executing (default): INSERT INTO `UserModel` (`id`,`email`,`password`,`name`) VALUES (DEFAULT,?,?,?);
2023-07-27T10:34:03.891+0900 SQL ab7e02e0-2c1d-11ee-a140-9fd0d79acb4e [] Executing (default): INSERT INTO `UserModel` (`id`,`email`,`password`,`name`) VALUES (DEFAULT,?,?,?);
2023-07-27T10:35:55.230+0900 SQL ede67040-2c1d-11ee-a140-9fd0d79acb4e [] Executing (default): SELECT `id`, `email`, `password`, `name` FROM `UserModel` AS `User` WHERE `User`.`email` = 'raraaasa' LIMIT 1;
2023-07-27T10:36:22.397+0900 SQL fe0cf5c0-2c1d-11ee-a140-9fd0d79acb4e [] Executing (default): INSERT INTO `UserModel` (`id`,`email`,`password`,`name`) VALUES (DEFAULT,?,?,?);
2023-07-27T10:36:33.915+0900 SQL 04f61060-2c1e-11ee-a140-9fd0d79acb4e [] Executing (default): SELECT `id`, `email`, `password`, `name` FROM `UserModel` AS `User` WHERE `User`.`email` = 'rarahojae' LIMIT 1;
2023-07-27T10:36:47.693+0900 SQL 0d2eb570-2c1e-11ee-a140-9fd0d79acb4e [] Executing (default): SELECT `id`, `email`, `password`, `name` FROM `UserModel` AS `User` WHERE `User`.`email` = 'rarahojae' LIMIT 1;
2023-07-27T10:36:53.715+0900 SQL 10b9d800-2c1e-11ee-a140-9fd0d79acb4e [] Executing (default): INSERT INTO `UserModel` (`id`,`email`,`password`,`name`) VALUES (DEFAULT,?,?,?);
2023-07-27T10:36:58.237+0900 SQL 13757590-2c1e-11ee-a140-9fd0d79acb4e [] Executing (default): SELECT `id`, `email`, `password`, `name` FROM `UserModel` AS `User` WHERE `User`.`email` = 'rarahojae' LIMIT 1;
2023-07-27T10:36:59.178+0900 SQL 1407ca80-2c1e-11ee-a140-9fd0d79acb4e [] Executing (default): SELECT `id`, `email`, `password`, `name` FROM `UserModel` AS `User` WHERE `User`.`email` = 'rarahojae' LIMIT 1;
2023-07-27T10:37:00.217+0900 SQL 14a65470-2c1e-11ee-a140-9fd0d79acb4e [] Executing (default): SELECT `id`, `email`, `password`, `name` FROM `UserModel` AS `User` WHERE `User`.`email` = 'rarahojae' LIMIT 1;
2023-07-27T10:37:38.714+0900 SQL 2b979720-2c1e-11ee-a140-9fd0d79acb4e [] Executing (default): SELECT `id`, `email`, `password`, `name` FROM `UserModel` AS `User` WHERE `User`.`email` = 'rarahojae' LIMIT 1;
2023-07-27T10:37:47.353+0900 SQL 30b2a880-2c1e-11ee-a140-9fd0d79acb4e [] Executing (default): INSERT INTO `UserModel` (`id`,`email`,`password`,`name`) VALUES (DEFAULT,?,?,?);
2023-07-27T10:37:53.029+0900 SQL 34147120-2c1e-11ee-a140-9fd0d79acb4e [] Executing (default): INSERT INTO `UserModel` (`id`,`email`,`password`,`name`) VALUES (DEFAULT,?,?,?);
2023-07-27T10:39:48.711+0900 SQL 79031430-2c1e-11ee-a140-9fd0d79acb4e [] Executing (default): INSERT INTO `UserModel` (`id`,`email`,`password`,`name`) VALUES (DEFAULT,?,?,?);
2023-07-27T10:39:51.542+0900 SQL 7ac13ef0-2c1e-11ee-a140-9fd0d79acb4e [] Executing (default): SELECT `id`, `email`, `password`, `name` FROM `UserModel` AS `User` WHERE `User`.`email` = 'rarahojae' LIMIT 1;
2023-07-27T10:40:41.343+0900 SQL 986f8330-2c1e-11ee-a140-9fd0d79acb4e [] Executing (default): SELECT `id`, `email`, `password`, `name` FROM `UserModel` AS `User` WHERE `User`.`email` = 'rarahojae' LIMIT 1;
2023-07-27T10:41:00.266+0900 SQL a3ae6360-2c1e-11ee-a140-9fd0d79acb4e [] Executing (default): INSERT INTO `UserModel` (`id`,`email`,`password`,`name`) VALUES (DEFAULT,?,?,?);
2023-07-27T10:41:06.296+0900 SQL a752b340-2c1e-11ee-a140-9fd0d79acb4e [] Executing (default): SELECT `id`, `email`, `password`, `name` FROM `UserModel` AS `User` WHERE `User`.`email` = 'rarahojae20' LIMIT 1;
2023-07-27T10:45:53.460+0900 SQL 5274d1e0-2c1f-11ee-a140-9fd0d79acb4e [] Executing (default): SELECT `id`, `email`, `password`, `name` FROM `UserModel` AS `User` WHERE `User`.`id` = 377;
2023-07-27T10:45:53.467+0900 SQL 5274d1e0-2c1f-11ee-a140-9fd0d79acb4e [] Executing (default): SELECT `id`, `name`, `title`, `content`, `userId` FROM `MemoModel` AS `Memo` WHERE `Memo`.`userId` = 377;
2023-07-27T10:48:47.183+0900 SQL ba059380-2c1f-11ee-a140-9fd0d79acb4e [] Executing (default): SELECT `id`, `email`, `password`, `name` FROM `UserModel` AS `User` WHERE `User`.`id` = 377;
2023-07-27T10:49:20.538+0900 SQL cde836a0-2c1f-11ee-a140-9fd0d79acb4e [] Executing (default): SELECT `id`, `email`, `password`, `name` FROM `UserModel` AS `User` WHERE `User`.`id` = 377;
2023-07-27T10:49:20.558+0900 SQL cde836a0-2c1f-11ee-a140-9fd0d79acb4e [] Executing (default): INSERT INTO `MemoModel` (`id`,`name`,`title`,`content`,`userId`) VALUES (DEFAULT,?,?,?,?);
2023-07-27T10:49:25.425+0900 SQL d0d3e4e0-2c1f-11ee-a140-9fd0d79acb4e [] Executing (default): SELECT `id`, `email`, `password`, `name` FROM `UserModel` AS `User` WHERE `User`.`id` = 377;
2023-07-27T10:49:25.428+0900 SQL d0d3e4e0-2c1f-11ee-a140-9fd0d79acb4e [] Executing (default): SELECT `id`, `name`, `title`, `content`, `userId` FROM `MemoModel` AS `Memo` WHERE `Memo`.`userId` = 377;
2023-07-27T10:51:24.695+0900 SQL 17e67960-2c20-11ee-a140-9fd0d79acb4e [] Executing (default): SELECT `id`, `email`, `password`, `name` FROM `UserModel` AS `User` WHERE `User`.`id` = 377;
2023-07-27T10:51:24.699+0900 SQL 17e67960-2c20-11ee-a140-9fd0d79acb4e [] Executing (default): SELECT `id`, `name`, `title`, `content`, `userId` FROM `MemoModel` AS `Memo` WHERE `Memo`.`id` = 220;
2023-07-27T10:51:24.718+0900 SQL 17e67960-2c20-11ee-a140-9fd0d79acb4e [] Executing (default): UPDATE `MemoModel` SET `title`=?,`content`=?,`userId`=? WHERE `id` = ?
2023-07-27T10:51:28.403+0900 SQL 1a2015b0-2c20-11ee-a140-9fd0d79acb4e [] Executing (default): SELECT `id`, `email`, `password`, `name` FROM `UserModel` AS `User` WHERE `User`.`id` = 377;
2023-07-27T10:51:28.409+0900 SQL 1a2015b0-2c20-11ee-a140-9fd0d79acb4e [] Executing (default): SELECT `id`, `name`, `title`, `content`, `userId` FROM `MemoModel` AS `Memo` WHERE `Memo`.`id` = 220;
2023-07-27T10:51:29.403+0900 SQL 1ab96f80-2c20-11ee-a140-9fd0d79acb4e [] Executing (default): SELECT `id`, `email`, `password`, `name` FROM `UserModel` AS `User` WHERE `User`.`id` = 377;
2023-07-27T10:51:29.404+0900 SQL 1ab96f80-2c20-11ee-a140-9fd0d79acb4e [] Executing (default): SELECT `id`, `name`, `title`, `content`, `userId` FROM `MemoModel` AS `Memo` WHERE `Memo`.`id` = 220;
2023-07-27T10:51:30.031+0900 SQL 1b191bb0-2c20-11ee-a140-9fd0d79acb4e [] Executing (default): SELECT `id`, `email`, `password`, `name` FROM `UserModel` AS `User` WHERE `User`.`id` = 377;
2023-07-27T10:51:30.034+0900 SQL 1b191bb0-2c20-11ee-a140-9fd0d79acb4e [] Executing (default): SELECT `id`, `name`, `title`, `content`, `userId` FROM `MemoModel` AS `Memo` WHERE `Memo`.`id` = 220;
2023-07-27T10:52:23.428+0900 SQL 3aea3ff0-2c20-11ee-a140-9fd0d79acb4e [] Executing (default): SELECT `id`, `email`, `password`, `name` FROM `UserModel` AS `User` WHERE `User`.`id` = 377;
2023-07-27T10:52:23.433+0900 SQL 3aea3ff0-2c20-11ee-a140-9fd0d79acb4e [] Executing (default): SELECT `id`, `name`, `title`, `content`, `userId` FROM `MemoModel` AS `Memo` WHERE `Memo`.`id` = 220;
2023-07-27T10:52:23.440+0900 SQL 3aea3ff0-2c20-11ee-a140-9fd0d79acb4e [] Executing (default): DELETE FROM `MemoModel` WHERE `id` = 220
2023-07-27T10:56:03.487+0900 SQL be1559f0-2c20-11ee-983f-2d355f691eed [] Executing (default): SELECT `id`, `email`, `password`, `name` FROM `UserModel` AS `User` WHERE `User`.`id` = 377;
2023-07-27T10:56:03.515+0900 SQL be1559f0-2c20-11ee-983f-2d355f691eed [] Executing (default): SELECT `id`, `name`, `title`, `content`, `userId` FROM `MemoModel` AS `Memo` WHERE `Memo`.`userId` = 377;
2023-07-27T12:37:10.034+0900 SQL de06a800-2c2e-11ee-b417-4be395b2d329 [] Executing (default): SELECT `id`, `email`, `password`, `name` FROM `UserModel` AS `User` WHERE `User`.`email` = 'rarahojae20' LIMIT 1;
2023-07-27T12:37:22.484+0900 SQL e573bfb0-2c2e-11ee-b417-4be395b2d329 [] Executing (default): SELECT `id`, `email`, `password`, `name` FROM `UserModel` AS `User` WHERE `User`.`id` = 377;
2023-07-27T12:37:22.492+0900 SQL e573bfb0-2c2e-11ee-b417-4be395b2d329 [] Executing (default): SELECT `id`, `name`, `title`, `content`, `userId` FROM `MemoModel` AS `Memo` WHERE `Memo`.`userId` = 377;
2023-07-27T13:34:37.788+0900 SQL e501f170-2c36-11ee-9e0b-57907b8d9af8 [] Executing (default): SELECT `id`, `email`, `password`, `name` FROM `UserModel` AS `User` WHERE `User`.`email` = 'rarahojae20' LIMIT 1;
2023-07-27T13:34:54.975+0900 SQL ef4b7520-2c36-11ee-9e0b-57907b8d9af8 [] Executing (default): SELECT `id`, `email`, `password`, `name` FROM `UserModel` AS `User` WHERE `User`.`id` = 377;
2023-07-27T13:37:22.673+0900 SQL 4754fe80-2c37-11ee-8a1c-6b559bff4487 [] Executing (default): SELECT `id`, `email`, `password`, `name` FROM `UserModel` AS `User` WHERE `User`.`id` = 377;
2023-07-27T13:40:46.029+0900 SQL c08af660-2c37-11ee-b012-a159dc4ef135 [] Executing (default): SELECT `id`, `email`, `password`, `name` FROM `UserModel` AS `User` WHERE `User`.`id` = 377;
2023-07-27T13:41:46.728+0900 SQL e4b73760-2c37-11ee-b1eb-e1a79ad611e5 [] Executing (default): SELECT `id`, `email`, `password`, `name` FROM `UserModel` AS `User` WHERE `User`.`id` = 377;
2023-07-27T13:47:25.031+0900 SQL ae5a0570-2c38-11ee-b16e-5bb471fbb746 [] Executing (default): SELECT `id`, `email`, `password`, `name` FROM `UserModel` AS `User` WHERE `User`.`id` = 377;
2023-07-27T13:53:24.411+0900 SQL 849158a0-2c39-11ee-8f69-dd750db77a4d [] Executing (default): SELECT `id`, `email`, `password`, `name` FROM `UserModel` AS `User` WHERE `User`.`id` = 377;
2023-07-27T13:57:54.164+0900 SQL 255b74a0-2c3a-11ee-9eef-8dde790bcd36 [] Executing (default): SELECT `id`, `email`, `password`, `name` FROM `UserModel` AS `User` WHERE `User`.`id` = 377;
2023-07-27T14:00:48.414+0900 SQL 8d383360-2c3a-11ee-b7e0-9fa9f73e9d72 [] Executing (default): SELECT `id`, `email`, `password`, `name` FROM `UserModel` AS `User` WHERE `User`.`id` = 377;
2023-07-27T14:01:07.392+0900 SQL 9887b560-2c3a-11ee-8cb5-274cffffac50 [] Executing (default): SELECT `id`, `email`, `password`, `name` FROM `UserModel` AS `User` WHERE `User`.`id` = 377;
2023-07-27T14:01:55.432+0900 SQL b529b9c0-2c3a-11ee-ad09-fde46ba7cbac [] Executing (default): SELECT `id`, `email`, `password`, `name` FROM `UserModel` AS `User` WHERE `User`.`id` = 377;
2023-07-27T14:02:13.647+0900 SQL c0060790-2c3a-11ee-8b72-ff125ad2b206 [] Executing (default): SELECT `id`, `email`, `password`, `name` FROM `UserModel` AS `User` WHERE `User`.`id` = 377;
2023-07-27T14:04:11.605+0900 SQL 06539e60-2c3b-11ee-9ed4-d3dd5f0d3b3f [] Executing (default): SELECT `id`, `email`, `password`, `name` FROM `UserModel` AS `User` WHERE `User`.`id` = 377;
2023-07-27T14:05:26.705+0900 SQL 33171f30-2c3b-11ee-8c0b-87e3971a0695 [] Executing (default): SELECT `id`, `email`, `password`, `name` FROM `UserModel` AS `User` WHERE `User`.`id` = 377;
2023-07-27T14:06:43.570+0900 SQL 60e86680-2c3b-11ee-be37-136ab41f65c1 [] Executing (default): SELECT `id`, `email`, `password`, `name` FROM `UserModel` AS `User` WHERE `User`.`id` = 377;
2023-07-27T14:08:34.494+0900 SQL a305c120-2c3b-11ee-99d9-8db68597b1b7 [] Executing (default): SELECT `id`, `email`, `password`, `name` FROM `UserModel` AS `User` WHERE `User`.`id` = 377;
2023-07-27T14:10:10.609+0900 SQL dc4fbd50-2c3b-11ee-b981-7bcfe1a0d6d2 [] Executing (default): SELECT `id`, `email`, `password`, `name` FROM `UserModel` AS `User` WHERE `User`.`id` = 377;
2023-07-27T14:10:10.624+0900 SQL dc4fbd50-2c3b-11ee-b981-7bcfe1a0d6d2 [] Executing (default): INSERT INTO `MemoModel` (`id`,`name`,`title`,`content`,`userId`) VALUES (DEFAULT,?,?,?,?);
2023-07-27T14:10:19.129+0900 SQL e1650250-2c3b-11ee-b981-7bcfe1a0d6d2 [] Executing (default): SELECT `id`, `email`, `password`, `name` FROM `UserModel` AS `User` WHERE `User`.`id` = 377;
2023-07-27T14:10:19.133+0900 SQL e1650250-2c3b-11ee-b981-7bcfe1a0d6d2 [] Executing (default): INSERT INTO `MemoModel` (`id`,`name`,`title`,`content`,`userId`) VALUES (DEFAULT,?,?,?,?);
2023-07-27T14:10:26.300+0900 SQL e5aae960-2c3b-11ee-b981-7bcfe1a0d6d2 [] Executing (default): SELECT `id`, `email`, `password`, `name` FROM `UserModel` AS `User` WHERE `User`.`id` = 377;
2023-07-27T14:10:44.892+0900 SQL f0be9ae0-2c3b-11ee-86e7-89528c809723 [] Executing (default): SELECT `id`, `email`, `password`, `name` FROM `UserModel` AS `User` WHERE `User`.`id` = 377;
2023-07-27T14:11:03.121+0900 SQL fb9c6f50-2c3b-11ee-a4be-b9802efaf6dd [] Executing (default): SELECT `id`, `email`, `password`, `name` FROM `UserModel` AS `User` WHERE `User`.`id` = 377;
2023-07-27T14:22:55.188+0900 SQL a4067d60-2c3d-11ee-9522-fd9d2766b0d7 [] Executing (default): SELECT `id`, `email`, `password`, `name` FROM `UserModel` AS `User` WHERE `User`.`id` = 377;
2023-07-27T14:23:34.992+0900 SQL bbc2ff50-2c3d-11ee-bedf-7b67d4143ad5 [] Executing (default): SELECT `id`, `email`, `password`, `name` FROM `UserModel` AS `User` WHERE `User`.`id` = 377;
2023-07-27T14:26:42.297+0900 SQL 2b672ac0-2c3e-11ee-bbd1-e75ae9c231ce [] Executing (default): SELECT `id`, `email`, `password`, `name` FROM `UserModel` AS `User` WHERE `User`.`id` = 377;
2023-07-27T14:27:08.300+0900 SQL 3ae78530-2c3e-11ee-b8f3-d9e730ae9116 [] Executing (default): SELECT `id`, `email`, `password`, `name` FROM `UserModel` AS `User` WHERE `User`.`id` = 377;
2023-07-27T14:29:20.877+0900 SQL 89ed7860-2c3e-11ee-ac43-91eceef0290a [] Executing (default): SELECT `id`, `email`, `password`, `name` FROM `UserModel` AS `User` WHERE `User`.`id` = 377;
2023-07-27T14:29:20.893+0900 SQL 89ed7860-2c3e-11ee-ac43-91eceef0290a [] Executing (default): INSERT INTO `CommentModel` (`id`,`memoId`,`content`) VALUES (DEFAULT,?,?);
2023-07-27T14:29:26.466+0900 SQL 8d4296d0-2c3e-11ee-ac43-91eceef0290a [] Executing (default): SELECT `id`, `email`, `password`, `name` FROM `UserModel` AS `User` WHERE `User`.`id` = 377;
2023-07-27T14:29:26.470+0900 SQL 8d4296d0-2c3e-11ee-ac43-91eceef0290a [] Executing (default): INSERT INTO `CommentModel` (`id`,`memoId`,`content`) VALUES (DEFAULT,?,?);
2023-07-27T14:30:09.656+0900 SQL a6fff1d0-2c3e-11ee-b76c-911de6366d68 [] Executing (default): SELECT `id`, `email`, `password`, `name` FROM `UserModel` AS `User` WHERE `User`.`id` = 377;
2023-07-27T14:30:09.669+0900 SQL a6fff1d0-2c3e-11ee-b76c-911de6366d68 [] Executing (default): INSERT INTO `CommentModel` (`id`,`memoId`,`content`) VALUES (DEFAULT,?,?);
2023-07-27T14:31:36.798+0900 SQL daf0e940-2c3e-11ee-b785-4bf7ad6efe9d [] Executing (default): SELECT `id`, `email`, `password`, `name` FROM `UserModel` AS `User` WHERE `User`.`id` = 377;
2023-07-27T14:31:36.823+0900 SQL daf0e940-2c3e-11ee-b785-4bf7ad6efe9d [] Executing (default): INSERT INTO `CommentModel` (`id`,`memoId`,`content`) VALUES (DEFAULT,?,?);
2023-07-27T14:32:20.036+0900 SQL f4b681a0-2c3e-11ee-988f-a73ed7f26498 [] Executing (default): SELECT `id`, `email`, `password`, `name` FROM `UserModel` AS `User` WHERE `User`.`id` = 377;
2023-07-27T14:32:20.060+0900 SQL f4b681a0-2c3e-11ee-988f-a73ed7f26498 [] Executing (default): INSERT INTO `CommentModel` (`id`,`memoId`,`content`) VALUES (DEFAULT,?,?);
2023-07-27T14:33:11.877+0900 SQL 139d1ed0-2c3f-11ee-9961-c9901aef705a [] Executing (default): SELECT `id`, `email`, `password`, `name` FROM `UserModel` AS `User` WHERE `User`.`id` = 377;
2023-07-27T14:33:11.918+0900 SQL 139d1ed0-2c3f-11ee-9961-c9901aef705a [] Executing (default): INSERT INTO `CommentModel` (`id`,`memoId`,`content`) VALUES (DEFAULT,?,?);
2023-07-27T14:36:44.949+0900 SQL 929cb790-2c3f-11ee-8c12-dbe76f823c58 [] Executing (default): SELECT `id`, `email`, `password`, `name` FROM `UserModel` AS `User` WHERE `User`.`email` = 'rarahojae20' LIMIT 1;
2023-07-27T14:37:00.009+0900 SQL 9b9418c0-2c3f-11ee-8c12-dbe76f823c58 [] Executing (default): SELECT `id`, `email`, `password`, `name` FROM `UserModel` AS `User` WHERE `User`.`id` = 377;
2023-07-27T14:37:00.025+0900 SQL 9b9418c0-2c3f-11ee-8c12-dbe76f823c58 [] Executing (default): INSERT INTO `CommentModel` (`id`,`memoId`,`content`) VALUES (DEFAULT,?,?);
2023-07-27T14:37:55.858+0900 SQL bcde2160-2c3f-11ee-8c12-dbe76f823c58 [] Executing (default): SELECT `id`, `email`, `password`, `name` FROM `UserModel` AS `User` WHERE `User`.`id` = 377;
2023-07-27T14:37:55.865+0900 SQL bcde2160-2c3f-11ee-8c12-dbe76f823c58 [] Executing (default): INSERT INTO `CommentModel` (`id`,`memoId`,`content`) VALUES (DEFAULT,?,?);
2023-07-27T14:47:01.521+0900 SQL 021cc3c0-2c41-11ee-92fa-7b0c97ac3076 [] Executing (default): SELECT `id`, `email`, `password`, `name` FROM `UserModel` AS `User` WHERE `User`.`id` = 377;
2023-07-27T15:01:38.103+0900 SQL 0c96bb60-2c43-11ee-9a8c-19ea81a23abe [] Executing (default): SELECT `id`, `email`, `password`, `name` FROM `UserModel` AS `User` WHERE `User`.`id` = 377;
2023-07-27T15:01:38.193+0900 SQL 0c96bb60-2c43-11ee-9a8c-19ea81a23abe [] Executing (default): INSERT INTO `CommentModel` (`id`,`memoId`,`content`) VALUES (DEFAULT,?,?);
2023-07-27T15:03:14.680+0900 SQL 462820d0-2c43-11ee-9a8c-19ea81a23abe [] Executing (default): SELECT `id`, `email`, `password`, `name` FROM `UserModel` AS `User` WHERE `User`.`email` = 'rarahojae20' LIMIT 1;
2023-07-27T15:03:27.647+0900 SQL 4de24710-2c43-11ee-9a8c-19ea81a23abe [] Executing (default): SELECT `id`, `email`, `password`, `name` FROM `UserModel` AS `User` WHERE `User`.`id` = 377;
2023-07-27T15:03:27.656+0900 SQL 4de24710-2c43-11ee-9a8c-19ea81a23abe [] Executing (default): INSERT INTO `MemoModel` (`id`,`name`,`title`,`content`,`userId`) VALUES (DEFAULT,?,?,?,?);
2023-07-27T15:03:53.003+0900 SQL 5cff72e0-2c43-11ee-9a8c-19ea81a23abe [] Executing (default): SELECT `id`, `email`, `password`, `name` FROM `UserModel` AS `User` WHERE `User`.`id` = 377;
2023-07-27T15:03:53.014+0900 SQL 5cff72e0-2c43-11ee-9a8c-19ea81a23abe [] Executing (default): INSERT INTO `CommentModel` (`id`,`memoId`,`content`) VALUES (DEFAULT,?,?);
2023-07-27T15:03:59.674+0900 SQL 60fcb830-2c43-11ee-9a8c-19ea81a23abe [] Executing (default): SELECT `id`, `email`, `password`, `name` FROM `UserModel` AS `User` WHERE `User`.`id` = 377;
2023-07-27T15:03:59.709+0900 SQL 60fcb830-2c43-11ee-9a8c-19ea81a23abe [] Executing (default): INSERT INTO `CommentModel` (`id`,`memoId`,`content`) VALUES (DEFAULT,?,?);
2023-07-27T15:04:10.172+0900 SQL 673e2120-2c43-11ee-9a8c-19ea81a23abe [] Executing (default): SELECT `id`, `email`, `password`, `name` FROM `UserModel` AS `User` WHERE `User`.`id` = 377;
2023-07-27T15:04:10.190+0900 SQL 673e2120-2c43-11ee-9a8c-19ea81a23abe [] Executing (default): INSERT INTO `CommentModel` (`id`,`memoId`,`content`) VALUES (DEFAULT,?,?);
2023-07-27T15:09:29.796+0900 SQL 25bac720-2c44-11ee-bf23-f9ab81f9b0d8 [] Executing (default): SELECT `id`, `email`, `password`, `name` FROM `UserModel` AS `User` WHERE `User`.`id` = 377;
2023-07-27T15:09:29.838+0900 SQL 25bac720-2c44-11ee-bf23-f9ab81f9b0d8 [] Executing (default): INSERT INTO `CommentModel` (`id`,`memoId`,`content`) VALUES (DEFAULT,?,?);
2023-07-27T15:12:05.841+0900 SQL 82c30040-2c44-11ee-9cc9-13a17ef535f2 [] Executing (default): SELECT `id`, `email`, `password`, `name` FROM `UserModel` AS `User` WHERE `User`.`id` = 377;
2023-07-27T15:12:05.874+0900 SQL 82c30040-2c44-11ee-9cc9-13a17ef535f2 [] Executing (default): INSERT INTO `CommentModel` (`id`,`memoId`,`content`) VALUES (DEFAULT,?,?);
2023-07-27T15:12:50.340+0900 SQL 9d486630-2c44-11ee-b760-6f8ce48aaf9a [] Executing (default): SELECT `id`, `email`, `password`, `name` FROM `UserModel` AS `User` WHERE `User`.`id` = 377;
2023-07-27T15:12:50.372+0900 SQL 9d486630-2c44-11ee-b760-6f8ce48aaf9a [] Executing (default): INSERT INTO `CommentModel` (`id`,`memoId`,`content`) VALUES (DEFAULT,?,?);
2023-07-27T15:15:40.439+0900 SQL 02ad2010-2c45-11ee-9b88-8fded2977e28 [] Executing (default): SELECT `id`, `email`, `password`, `name` FROM `UserModel` AS `User` WHERE `User`.`id` = 377;
2023-07-27T15:15:40.465+0900 SQL 02ad2010-2c45-11ee-9b88-8fded2977e28 [] Executing (default): INSERT INTO `CommentModel` (`id`,`memoId`,`content`) VALUES (DEFAULT,?,?);
2023-07-27T15:20:39.248+0900 SQL b4c48e50-2c45-11ee-a428-9fe385ef9a68 [] Executing (default): SELECT `id`, `email`, `password`, `name` FROM `UserModel` AS `User` WHERE `User`.`id` = 377;
2023-07-27T15:20:39.283+0900 SQL b4c48e50-2c45-11ee-a428-9fe385ef9a68 [] Executing (default): INSERT INTO `CommentModel` (`id`,`memoId`,`content`) VALUES (DEFAULT,?,?);
2023-07-27T15:20:46.378+0900 SQL b9080460-2c45-11ee-a428-9fe385ef9a68 [] Executing (default): SELECT `id`, `email`, `password`, `name` FROM `UserModel` AS `User` WHERE `User`.`id` = 377;
2023-07-27T15:20:46.382+0900 SQL b9080460-2c45-11ee-a428-9fe385ef9a68 [] Executing (default): SELECT `id`, `memoId`, `content` FROM `CommentModel` AS `Comment` WHERE `Comment`.`id` = NaN;
2023-07-27T15:21:17.568+0900 SQL cb9ec690-2c45-11ee-864c-f35783268db1 [] Executing (default): SELECT `id`, `email`, `password`, `name` FROM `UserModel` AS `User` WHERE `User`.`id` = 377;
2023-07-27T15:21:17.577+0900 SQL cb9ec690-2c45-11ee-864c-f35783268db1 [] Executing (default): SELECT `id`, `memoId`, `content` FROM `CommentModel` AS `Comment` WHERE `Comment`.`id` = NaN;
2023-07-27T15:21:40.247+0900 SQL d9237810-2c45-11ee-8e94-fb59ef0174cd [] Executing (default): SELECT `id`, `email`, `password`, `name` FROM `UserModel` AS `User` WHERE `User`.`id` = 377;
2023-07-27T15:21:40.255+0900 SQL d9237810-2c45-11ee-8e94-fb59ef0174cd [] Executing (default): SELECT `id`, `memoId`, `content` FROM `CommentModel` AS `Comment` WHERE `Comment`.`id` = NaN;
2023-07-27T15:21:41.230+0900 SQL d9b99d90-2c45-11ee-8e94-fb59ef0174cd [] Executing (default): SELECT `id`, `email`, `password`, `name` FROM `UserModel` AS `User` WHERE `User`.`id` = 377;
2023-07-27T15:21:41.234+0900 SQL d9b99d90-2c45-11ee-8e94-fb59ef0174cd [] Executing (default): SELECT `id`, `memoId`, `content` FROM `CommentModel` AS `Comment` WHERE `Comment`.`id` = NaN;
2023-07-27T15:24:01.204+0900 SQL 2d25d110-2c46-11ee-a658-71578b73a2ab [] Executing (default): SELECT `id`, `email`, `password`, `name` FROM `UserModel` AS `User` WHERE `User`.`id` = 377;
2023-07-27T15:24:01.219+0900 SQL 2d25d110-2c46-11ee-a658-71578b73a2ab [] Executing (default): SELECT `id`, `memoId`, `content` FROM `CommentModel` AS `Comment` WHERE `Comment`.`id` = 160;
2023-07-27T15:24:01.222+0900 SQL 2d25d110-2c46-11ee-a658-71578b73a2ab [] Executing (default): DELETE FROM `CommentModel` WHERE `id` = 160
2023-07-27T15:27:49.115+0900 SQL b4fe6d90-2c46-11ee-b4f5-09169bf3ea6b [] Executing (default): SELECT `id`, `email`, `password`, `name` FROM `UserModel` AS `User` WHERE `User`.`id` = 377;
2023-07-27T15:27:49.128+0900 SQL b4fe6d90-2c46-11ee-b4f5-09169bf3ea6b [] Executing (default): SELECT `id`, `memoId`, `content` FROM `CommentModel` AS `Comment` WHERE `Comment`.`id` = 160;
2023-07-27T15:35:48.184+0900 SQL d2878120-2c47-11ee-9cc9-1788dd6dee34 [] Executing (default): SELECT `id`, `email`, `password`, `name` FROM `UserModel` AS `User` WHERE `User`.`id` = 377;
2023-07-27T15:35:51.940+0900 SQL d4c9d000-2c47-11ee-9cc9-1788dd6dee34 [] Executing (default): SELECT `id`, `email`, `password`, `name` FROM `UserModel` AS `User` WHERE `User`.`id` = 377;
2023-07-27T15:38:49.448+0900 SQL 3e976240-2c48-11ee-accb-e55e4a766161 [] Executing (default): SELECT `id`, `email`, `password`, `name` FROM `UserModel` AS `User` WHERE `User`.`email` = 'rarahojae20' LIMIT 1;
2023-07-27T15:38:59.690+0900 SQL 44adc390-2c48-11ee-accb-e55e4a766161 [] Executing (default): SELECT `id`, `email`, `password`, `name` FROM `UserModel` AS `User` WHERE `User`.`id` = 377;
2023-07-27T15:39:47.885+0900 SQL 61691c50-2c48-11ee-accb-e55e4a766161 [] Executing (default): SELECT `id`, `email`, `password`, `name` FROM `UserModel` AS `User` WHERE `User`.`id` = 377;
2023-07-27T15:39:47.920+0900 SQL 61691c50-2c48-11ee-accb-e55e4a766161 [] Executing (default): INSERT INTO `CommentModel` (`id`,`memoId`,`content`) VALUES (DEFAULT,?,?);
2023-07-27T15:39:53.992+0900 SQL 65102b50-2c48-11ee-accb-e55e4a766161 [] Executing (default): SELECT `id`, `email`, `password`, `name` FROM `UserModel` AS `User` WHERE `User`.`id` = 377;
2023-07-27T15:39:54.006+0900 SQL 65102b50-2c48-11ee-accb-e55e4a766161 [] Executing (default): SELECT `id`, `memoId`, `content` FROM `CommentModel` AS `Comment` WHERE `Comment`.`id` = 160;
2023-07-27T15:43:57.989+0900 SQL f67ba5b0-2c48-11ee-86ca-75b5449e1d99 [] Executing (default): SELECT `id`, `email`, `password`, `name` FROM `UserModel` AS `User` WHERE `User`.`id` = 377;
2023-07-27T15:43:58.045+0900 SQL f67ba5b0-2c48-11ee-86ca-75b5449e1d99 [] Executing (default): SELECT `id`, `memoId`, `content` FROM `CommentModel` AS `Comment` WHERE `Comment`.`id` = 160;
2023-07-27T15:44:16.265+0900 SQL 016253c0-2c49-11ee-86ca-75b5449e1d99 [] Executing (default): SELECT `id`, `email`, `password`, `name` FROM `UserModel` AS `User` WHERE `User`.`id` = 377;
2023-07-27T15:44:16.279+0900 SQL 016253c0-2c49-11ee-86ca-75b5449e1d99 [] Executing (default): INSERT INTO `MemoModel` (`id`,`name`,`title`,`content`,`userId`) VALUES (DEFAULT,?,?,?,?);
2023-07-27T15:44:21.112+0900 SQL 04474b40-2c49-11ee-86ca-75b5449e1d99 [] Executing (default): SELECT `id`, `email`, `password`, `name` FROM `UserModel` AS `User` WHERE `User`.`id` = 377;
2023-07-27T15:44:25.181+0900 SQL 06b40580-2c49-11ee-86ca-75b5449e1d99 [] Executing (default): SELECT `id`, `email`, `password`, `name` FROM `UserModel` AS `User` WHERE `User`.`id` = 377;
2023-07-27T15:45:16.697+0900 SQL 25662530-2c49-11ee-9af0-f33c6e9783ac [] Executing (default): SELECT `id`, `email`, `password`, `name` FROM `UserModel` AS `User` WHERE `User`.`id` = 377;
2023-07-27T15:45:19.188+0900 SQL 26e4aee0-2c49-11ee-9af0-f33c6e9783ac [] Executing (default): SELECT `id`, `email`, `password`, `name` FROM `UserModel` AS `User` WHERE `User`.`id` = 377;
2023-07-27T15:45:19.201+0900 SQL 26e4aee0-2c49-11ee-9af0-f33c6e9783ac [] Executing (default): INSERT INTO `MemoModel` (`id`,`name`,`title`,`content`,`userId`) VALUES (DEFAULT,?,?,?,?);
2023-07-27T15:54:19.843+0900 SQL 69249030-2c4a-11ee-8a9f-b7e5bf1fb51f [] Executing (default): SELECT `id`, `email`, `password`, `name` FROM `UserModel` AS `User` WHERE `User`.`id` = 377;
2023-07-27T15:54:19.885+0900 SQL 69249030-2c4a-11ee-8a9f-b7e5bf1fb51f [] Executing (default): INSERT INTO `MemoModel` (`id`,`name`,`title`,`content`,`userId`) VALUES (DEFAULT,?,?,?,?);
2023-07-27T15:54:23.543+0900 SQL 6b5b4650-2c4a-11ee-8a9f-b7e5bf1fb51f [] Executing (default): SELECT `id`, `email`, `password`, `name` FROM `UserModel` AS `User` WHERE `User`.`id` = 377;
2023-07-27T15:56:37.875+0900 SQL bb682230-2c4a-11ee-97c9-3b5af893359f [] Executing (default): SELECT `id`, `email`, `password`, `name` FROM `UserModel` AS `User` WHERE `User`.`id` = 377;
2023-07-27T15:57:10.354+0900 SQL cec6ef50-2c4a-11ee-97c9-3b5af893359f [] Executing (default): SELECT `id`, `email`, `password`, `name` FROM `UserModel` AS `User` WHERE `User`.`id` = 377;
2023-07-27T16:00:19.209+0900 SQL 3f579da0-2c4b-11ee-bdaf-1b7e07ddc175 [] Executing (default): SELECT `id`, `email`, `password`, `name` FROM `UserModel` AS `User` WHERE `User`.`id` = 377;
2023-07-27T16:24:09.960+0900 SQL 9417e810-2c4e-11ee-a92d-dd8cf93346d2 [] Executing (default): SELECT `id`, `email`, `password`, `name` FROM `UserModel` AS `User` WHERE `User`.`id` = 377;
2023-07-27T16:28:34.993+0900 SQL 321b42f0-2c4f-11ee-aedc-4dc7ff1c8f17 [] Executing (default): SELECT `id`, `email`, `password`, `name` FROM `UserModel` AS `User` WHERE `User`.`id` = 377;
2023-07-27T16:42:36.315+0900 SQL 2794cb60-2c51-11ee-a664-4d2acc416a40 [] Executing (default): SELECT `id`, `email`, `password`, `name` FROM `UserModel` AS `User` WHERE `User`.`email` = 'rarahojae20' LIMIT 1;
2023-07-27T16:42:49.815+0900 SQL 2f9fd0c0-2c51-11ee-a664-4d2acc416a40 [] Executing (default): SELECT `id`, `email`, `password`, `name` FROM `UserModel` AS `User` WHERE `User`.`id` = 377;
2023-07-27T16:42:56.416+0900 SQL 33901dc0-2c51-11ee-a664-4d2acc416a40 [] Executing (default): SELECT `id`, `email`, `password`, `name` FROM `UserModel` AS `User` WHERE `User`.`id` = 377;
2023-07-27T16:42:56.432+0900 SQL 33901dc0-2c51-11ee-a664-4d2acc416a40 [] Executing (default): INSERT INTO `MemoModel` (`id`,`name`,`title`,`content`,`userId`) VALUES (DEFAULT,?,?,?,?);
2023-07-27T16:43:37.760+0900 SQL 4c32b9f0-2c51-11ee-96d6-2debc68024c7 [] Executing (default): SELECT `id`, `email`, `password`, `name` FROM `UserModel` AS `User` WHERE `User`.`id` = 377;
2023-07-27T16:45:13.842+0900 SQL 8577ad10-2c51-11ee-9705-5335b0631db9 [] Executing (default): SELECT `id`, `email`, `password`, `name` FROM `UserModel` AS `User` WHERE `User`.`id` = 377;
2023-07-27T16:46:03.270+0900 SQL a2ee3f80-2c51-11ee-9705-5335b0631db9 [] Executing (default): SELECT `id`, `email`, `password`, `name` FROM `UserModel` AS `User` WHERE `User`.`id` = 377;
2023-07-27T16:46:28.399+0900 SQL b1e67e30-2c51-11ee-9705-5335b0631db9 [] Executing (default): SELECT `id`, `email`, `password`, `name` FROM `UserModel` AS `User` WHERE `User`.`id` = 377;
2023-07-27T16:46:28.405+0900 SQL b1e67e30-2c51-11ee-9705-5335b0631db9 [] Executing (default): SELECT `id`, `memoId`, `content`, `userId` FROM `CommentModel` AS `Comment` WHERE `Comment`.`id` = 160;
2023-07-27T16:46:39.665+0900 SQL b89ec4d0-2c51-11ee-9705-5335b0631db9 [] Executing (default): SELECT `id`, `email`, `password`, `name` FROM `UserModel` AS `User` WHERE `User`.`id` = 377;
2023-07-27T16:46:45.220+0900 SQL bbf12420-2c51-11ee-9705-5335b0631db9 [] Executing (default): SELECT `id`, `email`, `password`, `name` FROM `UserModel` AS `User` WHERE `User`.`id` = 377;
2023-07-27T16:46:51.341+0900 SQL bf9721b0-2c51-11ee-9705-5335b0631db9 [] Executing (default): SELECT `id`, `email`, `password`, `name` FROM `UserModel` AS `User` WHERE `User`.`id` = 377;
2023-07-27T16:46:53.581+0900 SQL c0ecc6a0-2c51-11ee-9705-5335b0631db9 [] Executing (default): SELECT `id`, `email`, `password`, `name` FROM `UserModel` AS `User` WHERE `User`.`id` = 377;
2023-07-27T16:50:56.636+0900 SQL 51c9bca0-2c52-11ee-8492-d93c558fe7df [] Executing (default): SELECT `id`, `email`, `password`, `name` FROM `UserModel` AS `User` WHERE `User`.`id` = 377;
2023-07-27T16:50:56.695+0900 SQL 51c9bca0-2c52-11ee-8492-d93c558fe7df [] Executing (default): INSERT INTO `CommentModel` (`id`,`memoId`,`content`) VALUES (DEFAULT,?,?);
2023-07-27T16:51:20.957+0900 SQL 60499700-2c52-11ee-8492-d93c558fe7df [] Executing (default): SELECT `id`, `email`, `password`, `name` FROM `UserModel` AS `User` WHERE `User`.`id` = 377;
2023-07-27T16:52:26.353+0900 SQL 87415410-2c52-11ee-8492-d93c558fe7df [] Executing (default): SELECT `id`, `email`, `password`, `name` FROM `UserModel` AS `User` WHERE `User`.`id` = 377;
2023-07-27T16:52:26.359+0900 SQL 87415410-2c52-11ee-8492-d93c558fe7df [] Executing (default): SELECT `id`, `memoId`, `content` FROM `CommentModel` AS `Comment` WHERE `Comment`.`id` = 144;
2023-07-27T16:52:26.369+0900 SQL 87415410-2c52-11ee-8492-d93c558fe7df [] Executing (default): DELETE FROM `CommentModel` WHERE `id` = 144
2023-07-27T16:52:47.415+0900 SQL 93d31a10-2c52-11ee-8492-d93c558fe7df [] Executing (default): SELECT `id`, `email`, `password`, `name` FROM `UserModel` AS `User` WHERE `User`.`id` = 377;
2023-07-27T16:52:47.418+0900 SQL 93d31a10-2c52-11ee-8492-d93c558fe7df [] Executing (default): SELECT `id`, `memoId`, `content` FROM `CommentModel` AS `Comment` WHERE `Comment`.`id` = 144;
2023-07-27T17:36:07.476+0900 SQL a193db70-2c58-11ee-bcc6-73eab7a1a57c [] Executing (default): SELECT `id`, `email`, `password`, `name` FROM `UserModel` AS `User` WHERE `User`.`id` = 377;
2023-07-27T20:50:49.463+0900 SQL d494d950-2c73-11ee-9d2f-b32286063ea2 [] Executing (default): SELECT `id`, `email`, `password`, `name` FROM `UserModel` AS `User` WHERE `User`.`email` = 'rarahojae20' LIMIT 1;
2023-07-27T20:51:03.399+0900 SQL dce43ab0-2c73-11ee-9d2f-b32286063ea2 [] Executing (default): SELECT `id`, `email`, `password`, `name` FROM `UserModel` AS `User` WHERE `User`.`id` = 377;
2023-07-27T20:53:34.940+0900 SQL 3736c9b0-2c74-11ee-a99f-bd17b9a17a59 [] Executing (default): SELECT `id`, `email`, `password`, `name` FROM `UserModel` AS `User` WHERE `User`.`id` = 377;
2023-07-27T20:53:34.967+0900 SQL 3736c9b0-2c74-11ee-a99f-bd17b9a17a59 [] Executing (default): INSERT INTO `MemoModel` (`id`,`name`,`title`,`content`,`userId`) VALUES (DEFAULT,?,?,?,?);
2023-07-27T20:55:07.123+0900 SQL 6e29dd90-2c74-11ee-aad1-37a246195eec [] Executing (default): SELECT `id`, `email`, `password`, `name` FROM `UserModel` AS `User` WHERE `User`.`id` = 377;
2023-07-27T20:55:07.139+0900 SQL 6e29dd90-2c74-11ee-aad1-37a246195eec [] Executing (default): INSERT INTO `MemoModel` (`id`,`name`,`title`,`content`,`userId`) VALUES (DEFAULT,?,?,?,?);
2023-07-27T20:55:12.058+0900 SQL 711b5830-2c74-11ee-aad1-37a246195eec [] Executing (default): SELECT `id`, `email`, `password`, `name` FROM `UserModel` AS `User` WHERE `User`.`id` = 377;
2023-07-27T20:55:12.062+0900 SQL 711b5830-2c74-11ee-aad1-37a246195eec [] Executing (default): INSERT INTO `MemoModel` (`id`,`name`,`title`,`content`,`userId`) VALUES (DEFAULT,?,?,?,?);
2023-07-27T20:55:26.266+0900 SQL 7992db00-2c74-11ee-b41e-71ee293cf94f [] Executing (default): SELECT `id`, `email`, `password`, `name` FROM `UserModel` AS `User` WHERE `User`.`id` = 377;
2023-07-27T20:55:26.281+0900 SQL 7992db00-2c74-11ee-b41e-71ee293cf94f [] Executing (default): INSERT INTO `MemoModel` (`id`,`name`,`title`,`content`,`userId`) VALUES (DEFAULT,?,?,?,?);
2023-07-27T20:55:29.856+0900 SQL 7bb768b0-2c74-11ee-b41e-71ee293cf94f [] Executing (default): SELECT `id`, `email`, `password`, `name` FROM `UserModel` AS `User` WHERE `User`.`id` = 377;
2023-07-27T20:55:29.860+0900 SQL 7bb768b0-2c74-11ee-b41e-71ee293cf94f [] Executing (default): INSERT INTO `MemoModel` (`id`,`name`,`title`,`content`,`userId`) VALUES (DEFAULT,?,?,?,?);
2023-07-27T21:07:40.637+0900 SQL 2f470290-2c76-11ee-83f6-a3207f3fe1f0 [] Executing (default): SELECT `id`, `email`, `password`, `name` FROM `UserModel` AS `User` WHERE `User`.`id` = 377;
2023-07-27T21:09:05.698+0900 SQL 61fd5720-2c76-11ee-b772-f304007409dd [] Executing (default): SELECT `id`, `email`, `password`, `name` FROM `UserModel` AS `User` WHERE `User`.`id` = 377;
2023-07-27T21:09:05.734+0900 SQL 61fd5720-2c76-11ee-b772-f304007409dd [] Executing (default): INSERT INTO `CommentModel` (`id`,`memoId`,`content`,`userId`) VALUES (DEFAULT,?,?,?);
2023-07-27T21:12:53.947+0900 SQL ea09fbf0-2c76-11ee-9dd4-69f884fa9c1b [] Executing (default): SELECT `id`, `email`, `password`, `name` FROM `UserModel` AS `User` WHERE `User`.`id` = 377;
2023-07-27T21:12:53.963+0900 SQL ea09fbf0-2c76-11ee-9dd4-69f884fa9c1b [] Executing (default): INSERT INTO `CommentModel` (`id`,`memoId`,`content`,`userId`) VALUES (DEFAULT,?,?,?);
2023-07-27T21:13:11.425+0900 SQL f475ada0-2c76-11ee-8e52-1da0665ea6e3 [] Executing (default): SELECT `id`, `email`, `password`, `name` FROM `UserModel` AS `User` WHERE `User`.`id` = 377;
2023-07-27T21:13:11.453+0900 SQL f475ada0-2c76-11ee-8e52-1da0665ea6e3 [] Executing (default): INSERT INTO `CommentModel` (`id`,`memoId`,`content`,`userId`) VALUES (DEFAULT,?,?,?);
2023-07-27T21:18:53.200+0900 SQL c02b0800-2c77-11ee-8e52-1da0665ea6e3 [] Executing (default): SELECT `id`, `email`, `password`, `name` FROM `UserModel` AS `User` WHERE `User`.`id` = 377;
2023-07-27T21:30:22.007+0900 SQL 5abaf190-2c79-11ee-9e4c-3ff95be1e812 [] Executing (default): SELECT `id`, `email`, `password`, `name` FROM `UserModel` AS `User` WHERE `User`.`id` = 377;
2023-07-27T21:31:00.977+0900 SQL 71f4fd10-2c79-11ee-a2cd-279d3f42d710 [] Executing (default): SELECT `id`, `email`, `password`, `name` FROM `UserModel` AS `User` WHERE `User`.`id` = 377;
2023-07-27T21:31:34.722+0900 SQL 8610d8a0-2c79-11ee-a2cd-279d3f42d710 [] Executing (default): SELECT `id`, `email`, `password`, `name` FROM `UserModel` AS `User` WHERE `User`.`id` = 377;
2023-07-27T21:31:34.733+0900 SQL 8610d8a0-2c79-11ee-a2cd-279d3f42d710 [] Executing (default): INSERT INTO `MemoModel` (`id`,`name`,`title`,`content`,`userId`) VALUES (DEFAULT,?,?,?,?);
2023-07-27T21:32:35.786+0900 SQL aa758ec0-2c79-11ee-a2cd-279d3f42d710 [] Executing (default): SELECT `id`, `email`, `password`, `name` FROM `UserModel` AS `User` WHERE `User`.`id` = 377;
2023-07-27T21:35:18.837+0900 SQL 0ba8fb00-2c7a-11ee-9855-a78694379a7c [] Executing (default): SELECT `id`, `email`, `password`, `name` FROM `UserModel` AS `User` WHERE `User`.`id` = 377;
2023-07-27T21:35:20.940+0900 SQL 0ce99150-2c7a-11ee-9855-a78694379a7c [] Executing (default): SELECT `id`, `email`, `password`, `name` FROM `UserModel` AS `User` WHERE `User`.`id` = 377;
2023-07-27T21:36:51.074+0900 SQL 42a13f00-2c7a-11ee-a1df-b54049ce4a84 [] Executing (default): SELECT `id`, `email`, `password`, `name` FROM `UserModel` AS `User` WHERE `User`.`id` = 377;
2023-07-27T21:40:32.913+0900 SQL c6db30f0-2c7a-11ee-8ef5-a33023b0f33f [] Executing (default): SELECT `id`, `email`, `password`, `name` FROM `UserModel` AS `User` WHERE `User`.`id` = 377;
2023-07-27T21:40:34.929+0900 SQL c810f1d0-2c7a-11ee-8ef5-a33023b0f33f [] Executing (default): SELECT `id`, `email`, `password`, `name` FROM `UserModel` AS `User` WHERE `User`.`id` = 377;
2023-07-27T21:40:34.943+0900 SQL c810f1d0-2c7a-11ee-8ef5-a33023b0f33f [] Executing (default): INSERT INTO `MemoModel` (`id`,`name`,`title`,`content`,`userId`) VALUES (DEFAULT,?,?,?,?);
2023-07-27T21:40:56.586+0900 SQL d4f8ee20-2c7a-11ee-8ef5-a33023b0f33f [] Executing (default): SELECT `id`, `email`, `password`, `name` FROM `UserModel` AS `User` WHERE `User`.`id` = 377;
2023-07-27T21:40:56.596+0900 SQL d4f8ee20-2c7a-11ee-8ef5-a33023b0f33f [] Executing (default): INSERT INTO `CommentModel` (`id`,`memoId`,`content`,`userId`) VALUES (DEFAULT,?,?,?);
2023-07-27T21:43:17.892+0900 SQL 29317250-2c7b-11ee-848a-ef8866f80306 [] Executing (default): SELECT `id`, `email`, `password`, `name` FROM `UserModel` AS `User` WHERE `User`.`id` = 377;
2023-07-27T21:43:31.542+0900 SQL 31549390-2c7b-11ee-b1b5-abbb0e90de9c [] Executing (default): SELECT `id`, `email`, `password`, `name` FROM `UserModel` AS `User` WHERE `User`.`id` = 377;
2023-07-27T21:46:24.340+0900 SQL 9852d930-2c7b-11ee-ab3c-1dba6011d41f [] Executing (default): SELECT `id`, `email`, `password`, `name` FROM `UserModel` AS `User` WHERE `User`.`id` = 377;
2023-07-27T21:46:31.905+0900 SQL 9cd5c940-2c7b-11ee-9f39-b7026ef1f70b [] Executing (default): SELECT `id`, `email`, `password`, `name` FROM `UserModel` AS `User` WHERE `User`.`id` = 377;
2023-07-27T21:46:42.671+0900 SQL a33fa1c0-2c7b-11ee-b2cc-7de6aefb2d17 [] Executing (default): SELECT `id`, `email`, `password`, `name` FROM `UserModel` AS `User` WHERE `User`.`id` = 377;
2023-07-27T21:49:05.438+0900 SQL f85873d0-2c7b-11ee-a7e2-eba9cd422c5a [] Executing (default): SELECT `id`, `email`, `password`, `name` FROM `UserModel` AS `User` WHERE `User`.`id` = 377;
2023-07-27T21:49:06.251+0900 SQL f8d62f50-2c7b-11ee-a7e2-eba9cd422c5a [] Executing (default): SELECT `id`, `email`, `password`, `name` FROM `UserModel` AS `User` WHERE `User`.`id` = 377;
2023-07-27T21:50:31.207+0900 SQL 2b779c50-2c7c-11ee-8027-cd4832b667f2 [] Executing (default): SELECT `id`, `email`, `password`, `name` FROM `UserModel` AS `User` WHERE `User`.`id` = 377;
2023-07-27T21:54:00.279+0900 SQL a816d6e0-2c7c-11ee-98da-4dad2a6db1d5 [] Executing (default): SELECT `id`, `email`, `password`, `name` FROM `UserModel` AS `User` WHERE `User`.`email` = 'rarahojae20' LIMIT 1;
2023-07-27T21:54:12.018+0900 SQL af152730-2c7c-11ee-98da-4dad2a6db1d5 [] Executing (default): SELECT `id`, `email`, `password`, `name` FROM `UserModel` AS `User` WHERE `User`.`id` = 377;
2023-07-27T21:55:32.923+0900 SQL df4f3120-2c7c-11ee-b5ee-f717843279cd [] Executing (default): SELECT `id`, `email`, `password`, `name` FROM `UserModel` AS `User` WHERE `User`.`id` = 377;
2023-07-27T21:55:32.948+0900 SQL df4f3120-2c7c-11ee-b5ee-f717843279cd [] Executing (default): SELECT `id`, `name`, `title`, `content`, `userId` FROM `MemoModel` AS `Memo` WHERE `Memo`.`userId` = 377;
2023-07-27T22:16:20.728+0900 SQL c70de770-2c7f-11ee-b998-f9bfc28284ea [] Executing (default): SELECT `id`, `email`, `password`, `name` FROM `UserModel` AS `User` WHERE `User`.`id` = 377;
2023-07-27T22:31:15.291+0900 SQL dc3a84d0-2c81-11ee-b691-074114299cb7 [] Executing (default): SELECT `id`, `email`, `password`, `name` FROM `UserModel` AS `User` WHERE `User`.`email` = 'rarahojae20' LIMIT 1;
2023-07-27T22:31:25.218+0900 SQL e22df4d0-2c81-11ee-b691-074114299cb7 [] Executing (default): SELECT `id`, `email`, `password`, `name` FROM `UserModel` AS `User` WHERE `User`.`id` = 377;
2023-07-27T22:31:25.241+0900 SQL e22df4d0-2c81-11ee-b691-074114299cb7 [] Executing (default): INSERT INTO `CommentModel` (`id`,`memoId`,`content`,`userId`) VALUES (DEFAULT,?,?,?);
2023-07-27T22:31:46.397+0900 SQL eeccb320-2c81-11ee-a809-652ada44bd4e [] Executing (default): SELECT `id`, `email`, `password`, `name` FROM `UserModel` AS `User` WHERE `User`.`id` = 377;
2023-07-27T22:31:46.412+0900 SQL eeccb320-2c81-11ee-a809-652ada44bd4e [] Executing (default): INSERT INTO `CommentModel` (`id`,`memoId`,`content`,`userId`) VALUES (DEFAULT,?,?,?);
2023-07-27T22:31:51.568+0900 SQL f1e2a5b0-2c81-11ee-a809-652ada44bd4e [] Executing (default): SELECT `id`, `email`, `password`, `name` FROM `UserModel` AS `User` WHERE `User`.`id` = 377;
2023-07-27T22:31:51.571+0900 SQL f1e2a5b0-2c81-11ee-a809-652ada44bd4e [] Executing (default): INSERT INTO `CommentModel` (`id`,`memoId`,`content`,`userId`) VALUES (DEFAULT,?,?,?);
2023-07-27T22:32:55.815+0900 SQL 182cbda0-2c82-11ee-a405-03c9a28999d9 [] Executing (default): SELECT `id`, `email`, `password`, `name` FROM `UserModel` AS `User` WHERE `User`.`id` = 377;
2023-07-27T22:32:55.844+0900 SQL 182cbda0-2c82-11ee-a405-03c9a28999d9 [] Executing (default): INSERT INTO `CommentModel` (`id`,`memoId`,`content`,`userId`) VALUES (DEFAULT,?,?,?);
2023-07-27T22:32:56.731+0900 SQL 18b99450-2c82-11ee-a405-03c9a28999d9 [] Executing (default): SELECT `id`, `email`, `password`, `name` FROM `UserModel` AS `User` WHERE `User`.`id` = 377;
2023-07-27T22:32:56.736+0900 SQL 18b99450-2c82-11ee-a405-03c9a28999d9 [] Executing (default): INSERT INTO `CommentModel` (`id`,`memoId`,`content`,`userId`) VALUES (DEFAULT,?,?,?);
2023-07-27T22:38:08.789+0900 SQL d2b80530-2c82-11ee-ba10-8d7715cd969c [] Executing (default): SELECT `id`, `email`, `password`, `name` FROM `UserModel` AS `User` WHERE `User`.`id` = 377;
2023-07-27T22:38:26.482+0900 SQL dd452190-2c82-11ee-ba10-8d7715cd969c [] Executing (default): SELECT `id`, `email`, `password`, `name` FROM `UserModel` AS `User` WHERE `User`.`id` = 377;
2023-07-27T22:39:20.694+0900 SQL fd940150-2c82-11ee-83ec-e57e8847f5f3 [] Executing (default): SELECT `id`, `email`, `password`, `name` FROM `UserModel` AS `User` WHERE `User`.`id` = 377;
2023-07-27T22:39:21.386+0900 SQL fdffbb70-2c82-11ee-83ec-e57e8847f5f3 [] Executing (default): SELECT `id`, `email`, `password`, `name` FROM `UserModel` AS `User` WHERE `User`.`id` = 377;
2023-07-27T22:39:21.805+0900 SQL fe3faaa0-2c82-11ee-83ec-e57e8847f5f3 [] Executing (default): SELECT `id`, `email`, `password`, `name` FROM `UserModel` AS `User` WHERE `User`.`id` = 377;
2023-07-27T22:39:22.184+0900 SQL fe79a660-2c82-11ee-83ec-e57e8847f5f3 [] Executing (default): SELECT `id`, `email`, `password`, `name` FROM `UserModel` AS `User` WHERE `User`.`id` = 377;
2023-07-27T22:39:22.656+0900 SQL fec184d0-2c82-11ee-83ec-e57e8847f5f3 [] Executing (default): SELECT `id`, `email`, `password`, `name` FROM `UserModel` AS `User` WHERE `User`.`id` = 377;
2023-07-27T22:39:23.056+0900 SQL fefedbf0-2c82-11ee-83ec-e57e8847f5f3 [] Executing (default): SELECT `id`, `email`, `password`, `name` FROM `UserModel` AS `User` WHERE `User`.`id` = 377;
2023-07-27T23:10:55.411+0900 SQL 66eb2e40-2c87-11ee-98c9-9fad52aa4711 [] Executing (default): SELECT `id`, `email`, `password`, `name` FROM `UserModel` AS `User` WHERE `User`.`id` = 377;
2023-07-27T23:13:12.518+0900 SQL b8a3e560-2c87-11ee-aa25-b1f458d3d553 [] Executing (default): SELECT `id`, `email`, `password`, `name` FROM `UserModel` AS `User` WHERE `User`.`id` = 377;
2023-07-27T23:14:15.203+0900 SQL de010540-2c87-11ee-9bf5-f7e8b9acf454 [] Executing (default): SELECT `id`, `email`, `password`, `name` FROM `UserModel` AS `User` WHERE `User`.`id` = 377;
2023-07-27T23:14:56.518+0900 SQL f6a06d20-2c87-11ee-994c-05a801971e11 [] Executing (default): SELECT `id`, `email`, `password`, `name` FROM `UserModel` AS `User` WHERE `User`.`id` = 377;
2023-07-27T23:16:03.141+0900 SQL 1e573470-2c88-11ee-85eb-6fe530ef6b63 [] Executing (default): SELECT `id`, `email`, `password`, `name` FROM `UserModel` AS `User` WHERE `User`.`id` = 377;
2023-07-27T23:16:04.081+0900 SQL 1ee829d0-2c88-11ee-85eb-6fe530ef6b63 [] Executing (default): SELECT `id`, `email`, `password`, `name` FROM `UserModel` AS `User` WHERE `User`.`id` = 377;
2023-07-27T23:17:19.991+0900 SQL 4c252060-2c88-11ee-8055-37c70f7181d3 [] Executing (default): SELECT `id`, `email`, `password`, `name` FROM `UserModel` AS `User` WHERE `User`.`id` = 377;
2023-07-27T23:17:20.016+0900 SQL 4c252060-2c88-11ee-8055-37c70f7181d3 [] Executing (default): SELECT `Memo`.`id`, `Memo`.`name`, `Memo`.`title`, `Memo`.`content`, `Memo`.`userId`, `comments`.`id` AS `comments.id`, `comments`.`content` AS `comments.content`, `comments`.`memoId` AS `comments.memoId`, `comments`.`userId` AS `comments.userId` FROM `MemoModel` AS `Memo` LEFT OUTER JOIN `CommentModel` AS `comments` ON `Memo`.`id` = `comments`.`memoId` WHERE `Memo`.`userId` = 377;
